<?xml version="1.0" encoding="UTF-8"?>
<testsuite xmlns:xsi="http://www.w3.org/2001/XMLSchema-instance" xsi:noNamespaceSchemaLocation="https://maven.apache.org/surefire/maven-surefire-plugin/xsd/surefire-test-report-3.0.xsd" version="3.0" name="com.quark.admin.AdminApplicationTest" time="5.805" tests="3" errors="0" skipped="0" failures="0">
  <properties>
    <property name="java.specification.version" value="22"/>
    <property name="sun.cpu.isalist" value="amd64"/>
    <property name="sun.jnu.encoding" value="GBK"/>
    <property name="java.class.path" value="C:\Users\xingqiu\Desktop\软工课设\software-bbs-master\quark-admin\target\test-classes;C:\Users\xingqiu\Desktop\软工课设\software-bbs-master\quark-admin\target\classes;C:\Users\xingqiu\Desktop\软工课设\software-bbs-master\quark-common\target\quark-common.jar;C:\Users\xingqiu\.m2\repository\org\springframework\boot\spring-boot-starter-data-jpa\1.5.6.RELEASE\spring-boot-starter-data-jpa-1.5.6.RELEASE.jar;C:\Users\xingqiu\.m2\repository\org\springframework\boot\spring-boot-starter-aop\1.5.6.RELEASE\spring-boot-starter-aop-1.5.6.RELEASE.jar;C:\Users\xingqiu\.m2\repository\org\aspectj\aspectjweaver\1.9.19\aspectjweaver-1.9.19.jar;C:\Users\xingqiu\.m2\repository\org\springframework\boot\spring-boot-starter-jdbc\1.5.6.RELEASE\spring-boot-starter-jdbc-1.5.6.RELEASE.jar;C:\Users\xingqiu\.m2\repository\org\apache\tomcat\tomcat-jdbc\8.5.16\tomcat-jdbc-8.5.16.jar;C:\Users\xingqiu\.m2\repository\org\apache\tomcat\tomcat-juli\8.5.16\tomcat-juli-8.5.16.jar;C:\Users\xingqiu\.m2\repository\org\springframework\spring-jdbc\4.3.10.RELEASE\spring-jdbc-4.3.10.RELEASE.jar;C:\Users\xingqiu\.m2\repository\org\hibernate\hibernate-core\5.0.12.Final\hibernate-core-5.0.12.Final.jar;C:\Users\xingqiu\.m2\repository\org\hibernate\javax\persistence\hibernate-jpa-2.1-api\1.0.0.Final\hibernate-jpa-2.1-api-1.0.0.Final.jar;C:\Users\xingqiu\.m2\repository\org\javassist\javassist\3.21.0-GA\javassist-3.21.0-GA.jar;C:\Users\xingqiu\.m2\repository\antlr\antlr\2.7.7\antlr-2.7.7.jar;C:\Users\xingqiu\.m2\repository\org\jboss\jandex\2.0.0.Final\jandex-2.0.0.Final.jar;C:\Users\xingqiu\.m2\repository\dom4j\dom4j\1.6.1\dom4j-1.6.1.jar;C:\Users\xingqiu\.m2\repository\org\hibernate\common\hibernate-commons-annotations\5.0.1.Final\hibernate-commons-annotations-5.0.1.Final.jar;C:\Users\xingqiu\.m2\repository\org\hibernate\hibernate-entitymanager\5.0.12.Final\hibernate-entitymanager-5.0.12.Final.jar;C:\Users\xingqiu\.m2\repository\javax\transaction\javax.transaction-api\1.2\javax.transaction-api-1.2.jar;C:\Users\xingqiu\.m2\repository\org\springframework\data\spring-data-jpa\1.11.6.RELEASE\spring-data-jpa-1.11.6.RELEASE.jar;C:\Users\xingqiu\.m2\repository\org\springframework\data\spring-data-commons\1.13.6.RELEASE\spring-data-commons-1.13.6.RELEASE.jar;C:\Users\xingqiu\.m2\repository\org\springframework\spring-orm\4.3.10.RELEASE\spring-orm-4.3.10.RELEASE.jar;C:\Users\xingqiu\.m2\repository\org\springframework\spring-tx\4.3.10.RELEASE\spring-tx-4.3.10.RELEASE.jar;C:\Users\xingqiu\.m2\repository\org\springframework\spring-aspects\4.3.10.RELEASE\spring-aspects-4.3.10.RELEASE.jar;C:\Users\xingqiu\.m2\repository\org\springframework\boot\spring-boot-starter-cache\1.5.6.RELEASE\spring-boot-starter-cache-1.5.6.RELEASE.jar;C:\Users\xingqiu\.m2\repository\org\springframework\spring-context\4.3.10.RELEASE\spring-context-4.3.10.RELEASE.jar;C:\Users\xingqiu\.m2\repository\org\springframework\spring-context-support\4.3.10.RELEASE\spring-context-support-4.3.10.RELEASE.jar;C:\Users\xingqiu\.m2\repository\net\sf\ehcache\ehcache\2.10.4\ehcache-2.10.4.jar;C:\Users\xingqiu\.m2\repository\mysql\mysql-connector-java\5.1.43\mysql-connector-java-5.1.43.jar;C:\Users\xingqiu\.m2\repository\com\alibaba\druid\1.0.29\druid-1.0.29.jar;C:\Users\xingqiu\.m2\repository\net\sourceforge\nekohtml\nekohtml\1.9.22\nekohtml-1.9.22.jar;C:\Users\xingqiu\.m2\repository\xerces\xercesImpl\2.11.0\xercesImpl-2.11.0.jar;C:\Users\xingqiu\.m2\repository\xml-apis\xml-apis\1.4.01\xml-apis-1.4.01.jar;C:\Users\xingqiu\.m2\repository\com\alibaba\fastjson\1.2.16\fastjson-1.2.16.jar;C:\Users\xingqiu\.m2\repository\com\google\guava\guava\19.0\guava-19.0.jar;C:\Users\xingqiu\.m2\repository\com\fasterxml\jackson\core\jackson-annotations\2.8.0\jackson-annotations-2.8.0.jar;C:\Users\xingqiu\.m2\repository\org\springframework\boot\spring-boot-starter\1.5.6.RELEASE\spring-boot-starter-1.5.6.RELEASE.jar;C:\Users\xingqiu\.m2\repository\org\springframework\boot\spring-boot\1.5.6.RELEASE\spring-boot-1.5.6.RELEASE.jar;C:\Users\xingqiu\.m2\repository\org\springframework\boot\spring-boot-autoconfigure\1.5.6.RELEASE\spring-boot-autoconfigure-1.5.6.RELEASE.jar;C:\Users\xingqiu\.m2\repository\org\springframework\boot\spring-boot-starter-logging\1.5.6.RELEASE\spring-boot-starter-logging-1.5.6.RELEASE.jar;C:\Users\xingqiu\.m2\repository\ch\qos\logback\logback-classic\1.1.11\logback-classic-1.1.11.jar;C:\Users\xingqiu\.m2\repository\ch\qos\logback\logback-core\1.1.11\logback-core-1.1.11.jar;C:\Users\xingqiu\.m2\repository\org\slf4j\jcl-over-slf4j\1.7.25\jcl-over-slf4j-1.7.25.jar;C:\Users\xingqiu\.m2\repository\org\slf4j\jul-to-slf4j\1.7.25\jul-to-slf4j-1.7.25.jar;C:\Users\xingqiu\.m2\repository\org\slf4j\log4j-over-slf4j\1.7.25\log4j-over-slf4j-1.7.25.jar;C:\Users\xingqiu\.m2\repository\org\springframework\spring-core\4.3.10.RELEASE\spring-core-4.3.10.RELEASE.jar;C:\Users\xingqiu\.m2\repository\org\yaml\snakeyaml\1.17\snakeyaml-1.17.jar;C:\Users\xingqiu\.m2\repository\org\springframework\boot\spring-boot-starter-web\1.5.6.RELEASE\spring-boot-starter-web-1.5.6.RELEASE.jar;C:\Users\xingqiu\.m2\repository\org\springframework\boot\spring-boot-starter-tomcat\1.5.6.RELEASE\spring-boot-starter-tomcat-1.5.6.RELEASE.jar;C:\Users\xingqiu\.m2\repository\org\apache\tomcat\embed\tomcat-embed-core\8.5.16\tomcat-embed-core-8.5.16.jar;C:\Users\xingqiu\.m2\repository\org\apache\tomcat\embed\tomcat-embed-el\8.5.16\tomcat-embed-el-8.5.16.jar;C:\Users\xingqiu\.m2\repository\org\apache\tomcat\embed\tomcat-embed-websocket\8.5.16\tomcat-embed-websocket-8.5.16.jar;C:\Users\xingqiu\.m2\repository\org\hibernate\hibernate-validator\5.3.5.Final\hibernate-validator-5.3.5.Final.jar;C:\Users\xingqiu\.m2\repository\javax\validation\validation-api\1.1.0.Final\validation-api-1.1.0.Final.jar;C:\Users\xingqiu\.m2\repository\org\jboss\logging\jboss-logging\3.3.1.Final\jboss-logging-3.3.1.Final.jar;C:\Users\xingqiu\.m2\repository\com\fasterxml\classmate\1.3.3\classmate-1.3.3.jar;C:\Users\xingqiu\.m2\repository\com\fasterxml\jackson\core\jackson-databind\2.8.9\jackson-databind-2.8.9.jar;C:\Users\xingqiu\.m2\repository\com\fasterxml\jackson\core\jackson-core\2.8.9\jackson-core-2.8.9.jar;C:\Users\xingqiu\.m2\repository\org\springframework\spring-web\4.3.10.RELEASE\spring-web-4.3.10.RELEASE.jar;C:\Users\xingqiu\.m2\repository\org\springframework\spring-aop\4.3.10.RELEASE\spring-aop-4.3.10.RELEASE.jar;C:\Users\xingqiu\.m2\repository\org\springframework\spring-beans\4.3.10.RELEASE\spring-beans-4.3.10.RELEASE.jar;C:\Users\xingqiu\.m2\repository\org\springframework\spring-webmvc\4.3.10.RELEASE\spring-webmvc-4.3.10.RELEASE.jar;C:\Users\xingqiu\.m2\repository\org\springframework\spring-expression\4.3.10.RELEASE\spring-expression-4.3.10.RELEASE.jar;C:\Users\xingqiu\.m2\repository\org\springframework\boot\spring-boot-starter-thymeleaf\1.5.6.RELEASE\spring-boot-starter-thymeleaf-1.5.6.RELEASE.jar;C:\Users\xingqiu\.m2\repository\org\thymeleaf\thymeleaf-spring4\2.1.5.RELEASE\thymeleaf-spring4-2.1.5.RELEASE.jar;C:\Users\xingqiu\.m2\repository\org\thymeleaf\thymeleaf\2.1.5.RELEASE\thymeleaf-2.1.5.RELEASE.jar;C:\Users\xingqiu\.m2\repository\ognl\ognl\3.0.8\ognl-3.0.8.jar;C:\Users\xingqiu\.m2\repository\org\unbescape\unbescape\1.1.0.RELEASE\unbescape-1.1.0.RELEASE.jar;C:\Users\xingqiu\.m2\repository\nz\net\ultraq\thymeleaf\thymeleaf-layout-dialect\1.4.0\thymeleaf-layout-dialect-1.4.0.jar;C:\Users\xingqiu\.m2\repository\org\codehaus\groovy\groovy\2.4.12\groovy-2.4.12.jar;C:\Users\xingqiu\.m2\repository\org\springframework\boot\spring-boot-starter-test\1.5.6.RELEASE\spring-boot-starter-test-1.5.6.RELEASE.jar;C:\Users\xingqiu\.m2\repository\org\springframework\boot\spring-boot-test\1.5.6.RELEASE\spring-boot-test-1.5.6.RELEASE.jar;C:\Users\xingqiu\.m2\repository\org\springframework\boot\spring-boot-test-autoconfigure\1.5.6.RELEASE\spring-boot-test-autoconfigure-1.5.6.RELEASE.jar;C:\Users\xingqiu\.m2\repository\com\jayway\jsonpath\json-path\2.2.0\json-path-2.2.0.jar;C:\Users\xingqiu\.m2\repository\net\minidev\json-smart\2.2.1\json-smart-2.2.1.jar;C:\Users\xingqiu\.m2\repository\net\minidev\accessors-smart\1.1\accessors-smart-1.1.jar;C:\Users\xingqiu\.m2\repository\org\ow2\asm\asm\5.0.3\asm-5.0.3.jar;C:\Users\xingqiu\.m2\repository\junit\junit\4.12\junit-4.12.jar;C:\Users\xingqiu\.m2\repository\org\assertj\assertj-core\2.6.0\assertj-core-2.6.0.jar;C:\Users\xingqiu\.m2\repository\org\mockito\mockito-core\1.10.19\mockito-core-1.10.19.jar;C:\Users\xingqiu\.m2\repository\org\objenesis\objenesis\2.1\objenesis-2.1.jar;C:\Users\xingqiu\.m2\repository\org\hamcrest\hamcrest-core\1.3\hamcrest-core-1.3.jar;C:\Users\xingqiu\.m2\repository\org\hamcrest\hamcrest-library\1.3\hamcrest-library-1.3.jar;C:\Users\xingqiu\.m2\repository\org\skyscreamer\jsonassert\1.4.0\jsonassert-1.4.0.jar;C:\Users\xingqiu\.m2\repository\com\vaadin\external\google\android-json\0.0.20131108.vaadin1\android-json-0.0.20131108.vaadin1.jar;C:\Users\xingqiu\.m2\repository\org\springframework\spring-test\4.3.10.RELEASE\spring-test-4.3.10.RELEASE.jar;C:\Users\xingqiu\.m2\repository\org\apache\shiro\shiro-spring\1.3.2\shiro-spring-1.3.2.jar;C:\Users\xingqiu\.m2\repository\org\apache\shiro\shiro-core\1.3.2\shiro-core-1.3.2.jar;C:\Users\xingqiu\.m2\repository\commons-beanutils\commons-beanutils\1.9.3\commons-beanutils-1.9.3.jar;C:\Users\xingqiu\.m2\repository\commons-collections\commons-collections\3.2.2\commons-collections-3.2.2.jar;C:\Users\xingqiu\.m2\repository\org\apache\shiro\shiro-web\1.3.2\shiro-web-1.3.2.jar;C:\Users\xingqiu\.m2\repository\org\apache\shiro\shiro-ehcache\1.2.1\shiro-ehcache-1.2.1.jar;C:\Users\xingqiu\.m2\repository\net\sf\ehcache\ehcache-core\2.5.0\ehcache-core-2.5.0.jar;C:\Users\xingqiu\.m2\repository\com\github\theborakompanioni\thymeleaf-extras-shiro\1.2.1\thymeleaf-extras-shiro-1.2.1.jar;C:\Users\xingqiu\.m2\repository\org\crazycake\shiro-redis\2.4.2.1-RELEASE\shiro-redis-2.4.2.1-RELEASE.jar;C:\Users\xingqiu\.m2\repository\redis\clients\jedis\2.9.0\jedis-2.9.0.jar;C:\Users\xingqiu\.m2\repository\org\apache\commons\commons-pool2\2.4.2\commons-pool2-2.4.2.jar;C:\Users\xingqiu\.m2\repository\org\slf4j\slf4j-api\1.7.25\slf4j-api-1.7.25.jar;C:\Users\xingqiu\.m2\repository\javax\xml\bind\jaxb-api\2.3.1\jaxb-api-2.3.1.jar;C:\Users\xingqiu\.m2\repository\javax\activation\javax.activation-api\1.2.0\javax.activation-api-1.2.0.jar;C:\Users\xingqiu\.m2\repository\javax\annotation\javax.annotation-api\1.3.2\javax.annotation-api-1.3.2.jar;C:\Users\xingqiu\.m2\repository\org\glassfish\jaxb\jaxb-runtime\2.3.1\jaxb-runtime-2.3.1.jar;C:\Users\xingqiu\.m2\repository\org\glassfish\jaxb\txw2\2.3.1\txw2-2.3.1.jar;C:\Users\xingqiu\.m2\repository\com\sun\istack\istack-commons-runtime\3.0.7\istack-commons-runtime-3.0.7.jar;C:\Users\xingqiu\.m2\repository\org\jvnet\staxex\stax-ex\1.8\stax-ex-1.8.jar;C:\Users\xingqiu\.m2\repository\com\sun\xml\fastinfoset\FastInfoset\1.2.15\FastInfoset-1.2.15.jar;C:\Users\xingqiu\.m2\repository\com\h2database\h2\2.1.214\h2-2.1.214.jar;"/>
    <property name="java.vm.vendor" value="Oracle Corporation"/>
    <property name="sun.arch.data.model" value="64"/>
    <property name="user.variant" value=""/>
    <property name="java.vendor.url" value="https://java.oracle.com/"/>
    <property name="user.timezone" value="Asia/Shanghai"/>
    <property name="os.name" value="Windows 11"/>
    <property name="java.vm.specification.version" value="22"/>
    <property name="sun.java.launcher" value="SUN_STANDARD"/>
    <property name="user.country" value="CN"/>
    <property name="sun.boot.library.path" value="C:\Program Files\Java\jdk-22\bin"/>
    <property name="sun.java.command" value="C:\Users\xingqiu\AppData\Local\Temp\surefire16489926813983727112\surefirebooter-20250704085535702_7.jar C:\Users\xingqiu\AppData\Local\Temp\surefire16489926813983727112 2025-07-04T08-55-28_695-jvmRun1 surefire-20250704085535702_5tmp surefire_1-20250704085535702_6tmp"/>
    <property name="jdk.debug" value="release"/>
    <property name="surefire.test.class.path" value="C:\Users\xingqiu\Desktop\软工课设\software-bbs-master\quark-admin\target\test-classes;C:\Users\xingqiu\Desktop\软工课设\software-bbs-master\quark-admin\target\classes;C:\Users\xingqiu\Desktop\软工课设\software-bbs-master\quark-common\target\quark-common.jar;C:\Users\xingqiu\.m2\repository\org\springframework\boot\spring-boot-starter-data-jpa\1.5.6.RELEASE\spring-boot-starter-data-jpa-1.5.6.RELEASE.jar;C:\Users\xingqiu\.m2\repository\org\springframework\boot\spring-boot-starter-aop\1.5.6.RELEASE\spring-boot-starter-aop-1.5.6.RELEASE.jar;C:\Users\xingqiu\.m2\repository\org\aspectj\aspectjweaver\1.9.19\aspectjweaver-1.9.19.jar;C:\Users\xingqiu\.m2\repository\org\springframework\boot\spring-boot-starter-jdbc\1.5.6.RELEASE\spring-boot-starter-jdbc-1.5.6.RELEASE.jar;C:\Users\xingqiu\.m2\repository\org\apache\tomcat\tomcat-jdbc\8.5.16\tomcat-jdbc-8.5.16.jar;C:\Users\xingqiu\.m2\repository\org\apache\tomcat\tomcat-juli\8.5.16\tomcat-juli-8.5.16.jar;C:\Users\xingqiu\.m2\repository\org\springframework\spring-jdbc\4.3.10.RELEASE\spring-jdbc-4.3.10.RELEASE.jar;C:\Users\xingqiu\.m2\repository\org\hibernate\hibernate-core\5.0.12.Final\hibernate-core-5.0.12.Final.jar;C:\Users\xingqiu\.m2\repository\org\hibernate\javax\persistence\hibernate-jpa-2.1-api\1.0.0.Final\hibernate-jpa-2.1-api-1.0.0.Final.jar;C:\Users\xingqiu\.m2\repository\org\javassist\javassist\3.21.0-GA\javassist-3.21.0-GA.jar;C:\Users\xingqiu\.m2\repository\antlr\antlr\2.7.7\antlr-2.7.7.jar;C:\Users\xingqiu\.m2\repository\org\jboss\jandex\2.0.0.Final\jandex-2.0.0.Final.jar;C:\Users\xingqiu\.m2\repository\dom4j\dom4j\1.6.1\dom4j-1.6.1.jar;C:\Users\xingqiu\.m2\repository\org\hibernate\common\hibernate-commons-annotations\5.0.1.Final\hibernate-commons-annotations-5.0.1.Final.jar;C:\Users\xingqiu\.m2\repository\org\hibernate\hibernate-entitymanager\5.0.12.Final\hibernate-entitymanager-5.0.12.Final.jar;C:\Users\xingqiu\.m2\repository\javax\transaction\javax.transaction-api\1.2\javax.transaction-api-1.2.jar;C:\Users\xingqiu\.m2\repository\org\springframework\data\spring-data-jpa\1.11.6.RELEASE\spring-data-jpa-1.11.6.RELEASE.jar;C:\Users\xingqiu\.m2\repository\org\springframework\data\spring-data-commons\1.13.6.RELEASE\spring-data-commons-1.13.6.RELEASE.jar;C:\Users\xingqiu\.m2\repository\org\springframework\spring-orm\4.3.10.RELEASE\spring-orm-4.3.10.RELEASE.jar;C:\Users\xingqiu\.m2\repository\org\springframework\spring-tx\4.3.10.RELEASE\spring-tx-4.3.10.RELEASE.jar;C:\Users\xingqiu\.m2\repository\org\springframework\spring-aspects\4.3.10.RELEASE\spring-aspects-4.3.10.RELEASE.jar;C:\Users\xingqiu\.m2\repository\org\springframework\boot\spring-boot-starter-cache\1.5.6.RELEASE\spring-boot-starter-cache-1.5.6.RELEASE.jar;C:\Users\xingqiu\.m2\repository\org\springframework\spring-context\4.3.10.RELEASE\spring-context-4.3.10.RELEASE.jar;C:\Users\xingqiu\.m2\repository\org\springframework\spring-context-support\4.3.10.RELEASE\spring-context-support-4.3.10.RELEASE.jar;C:\Users\xingqiu\.m2\repository\net\sf\ehcache\ehcache\2.10.4\ehcache-2.10.4.jar;C:\Users\xingqiu\.m2\repository\mysql\mysql-connector-java\5.1.43\mysql-connector-java-5.1.43.jar;C:\Users\xingqiu\.m2\repository\com\alibaba\druid\1.0.29\druid-1.0.29.jar;C:\Users\xingqiu\.m2\repository\net\sourceforge\nekohtml\nekohtml\1.9.22\nekohtml-1.9.22.jar;C:\Users\xingqiu\.m2\repository\xerces\xercesImpl\2.11.0\xercesImpl-2.11.0.jar;C:\Users\xingqiu\.m2\repository\xml-apis\xml-apis\1.4.01\xml-apis-1.4.01.jar;C:\Users\xingqiu\.m2\repository\com\alibaba\fastjson\1.2.16\fastjson-1.2.16.jar;C:\Users\xingqiu\.m2\repository\com\google\guava\guava\19.0\guava-19.0.jar;C:\Users\xingqiu\.m2\repository\com\fasterxml\jackson\core\jackson-annotations\2.8.0\jackson-annotations-2.8.0.jar;C:\Users\xingqiu\.m2\repository\org\springframework\boot\spring-boot-starter\1.5.6.RELEASE\spring-boot-starter-1.5.6.RELEASE.jar;C:\Users\xingqiu\.m2\repository\org\springframework\boot\spring-boot\1.5.6.RELEASE\spring-boot-1.5.6.RELEASE.jar;C:\Users\xingqiu\.m2\repository\org\springframework\boot\spring-boot-autoconfigure\1.5.6.RELEASE\spring-boot-autoconfigure-1.5.6.RELEASE.jar;C:\Users\xingqiu\.m2\repository\org\springframework\boot\spring-boot-starter-logging\1.5.6.RELEASE\spring-boot-starter-logging-1.5.6.RELEASE.jar;C:\Users\xingqiu\.m2\repository\ch\qos\logback\logback-classic\1.1.11\logback-classic-1.1.11.jar;C:\Users\xingqiu\.m2\repository\ch\qos\logback\logback-core\1.1.11\logback-core-1.1.11.jar;C:\Users\xingqiu\.m2\repository\org\slf4j\jcl-over-slf4j\1.7.25\jcl-over-slf4j-1.7.25.jar;C:\Users\xingqiu\.m2\repository\org\slf4j\jul-to-slf4j\1.7.25\jul-to-slf4j-1.7.25.jar;C:\Users\xingqiu\.m2\repository\org\slf4j\log4j-over-slf4j\1.7.25\log4j-over-slf4j-1.7.25.jar;C:\Users\xingqiu\.m2\repository\org\springframework\spring-core\4.3.10.RELEASE\spring-core-4.3.10.RELEASE.jar;C:\Users\xingqiu\.m2\repository\org\yaml\snakeyaml\1.17\snakeyaml-1.17.jar;C:\Users\xingqiu\.m2\repository\org\springframework\boot\spring-boot-starter-web\1.5.6.RELEASE\spring-boot-starter-web-1.5.6.RELEASE.jar;C:\Users\xingqiu\.m2\repository\org\springframework\boot\spring-boot-starter-tomcat\1.5.6.RELEASE\spring-boot-starter-tomcat-1.5.6.RELEASE.jar;C:\Users\xingqiu\.m2\repository\org\apache\tomcat\embed\tomcat-embed-core\8.5.16\tomcat-embed-core-8.5.16.jar;C:\Users\xingqiu\.m2\repository\org\apache\tomcat\embed\tomcat-embed-el\8.5.16\tomcat-embed-el-8.5.16.jar;C:\Users\xingqiu\.m2\repository\org\apache\tomcat\embed\tomcat-embed-websocket\8.5.16\tomcat-embed-websocket-8.5.16.jar;C:\Users\xingqiu\.m2\repository\org\hibernate\hibernate-validator\5.3.5.Final\hibernate-validator-5.3.5.Final.jar;C:\Users\xingqiu\.m2\repository\javax\validation\validation-api\1.1.0.Final\validation-api-1.1.0.Final.jar;C:\Users\xingqiu\.m2\repository\org\jboss\logging\jboss-logging\3.3.1.Final\jboss-logging-3.3.1.Final.jar;C:\Users\xingqiu\.m2\repository\com\fasterxml\classmate\1.3.3\classmate-1.3.3.jar;C:\Users\xingqiu\.m2\repository\com\fasterxml\jackson\core\jackson-databind\2.8.9\jackson-databind-2.8.9.jar;C:\Users\xingqiu\.m2\repository\com\fasterxml\jackson\core\jackson-core\2.8.9\jackson-core-2.8.9.jar;C:\Users\xingqiu\.m2\repository\org\springframework\spring-web\4.3.10.RELEASE\spring-web-4.3.10.RELEASE.jar;C:\Users\xingqiu\.m2\repository\org\springframework\spring-aop\4.3.10.RELEASE\spring-aop-4.3.10.RELEASE.jar;C:\Users\xingqiu\.m2\repository\org\springframework\spring-beans\4.3.10.RELEASE\spring-beans-4.3.10.RELEASE.jar;C:\Users\xingqiu\.m2\repository\org\springframework\spring-webmvc\4.3.10.RELEASE\spring-webmvc-4.3.10.RELEASE.jar;C:\Users\xingqiu\.m2\repository\org\springframework\spring-expression\4.3.10.RELEASE\spring-expression-4.3.10.RELEASE.jar;C:\Users\xingqiu\.m2\repository\org\springframework\boot\spring-boot-starter-thymeleaf\1.5.6.RELEASE\spring-boot-starter-thymeleaf-1.5.6.RELEASE.jar;C:\Users\xingqiu\.m2\repository\org\thymeleaf\thymeleaf-spring4\2.1.5.RELEASE\thymeleaf-spring4-2.1.5.RELEASE.jar;C:\Users\xingqiu\.m2\repository\org\thymeleaf\thymeleaf\2.1.5.RELEASE\thymeleaf-2.1.5.RELEASE.jar;C:\Users\xingqiu\.m2\repository\ognl\ognl\3.0.8\ognl-3.0.8.jar;C:\Users\xingqiu\.m2\repository\org\unbescape\unbescape\1.1.0.RELEASE\unbescape-1.1.0.RELEASE.jar;C:\Users\xingqiu\.m2\repository\nz\net\ultraq\thymeleaf\thymeleaf-layout-dialect\1.4.0\thymeleaf-layout-dialect-1.4.0.jar;C:\Users\xingqiu\.m2\repository\org\codehaus\groovy\groovy\2.4.12\groovy-2.4.12.jar;C:\Users\xingqiu\.m2\repository\org\springframework\boot\spring-boot-starter-test\1.5.6.RELEASE\spring-boot-starter-test-1.5.6.RELEASE.jar;C:\Users\xingqiu\.m2\repository\org\springframework\boot\spring-boot-test\1.5.6.RELEASE\spring-boot-test-1.5.6.RELEASE.jar;C:\Users\xingqiu\.m2\repository\org\springframework\boot\spring-boot-test-autoconfigure\1.5.6.RELEASE\spring-boot-test-autoconfigure-1.5.6.RELEASE.jar;C:\Users\xingqiu\.m2\repository\com\jayway\jsonpath\json-path\2.2.0\json-path-2.2.0.jar;C:\Users\xingqiu\.m2\repository\net\minidev\json-smart\2.2.1\json-smart-2.2.1.jar;C:\Users\xingqiu\.m2\repository\net\minidev\accessors-smart\1.1\accessors-smart-1.1.jar;C:\Users\xingqiu\.m2\repository\org\ow2\asm\asm\5.0.3\asm-5.0.3.jar;C:\Users\xingqiu\.m2\repository\junit\junit\4.12\junit-4.12.jar;C:\Users\xingqiu\.m2\repository\org\assertj\assertj-core\2.6.0\assertj-core-2.6.0.jar;C:\Users\xingqiu\.m2\repository\org\mockito\mockito-core\1.10.19\mockito-core-1.10.19.jar;C:\Users\xingqiu\.m2\repository\org\objenesis\objenesis\2.1\objenesis-2.1.jar;C:\Users\xingqiu\.m2\repository\org\hamcrest\hamcrest-core\1.3\hamcrest-core-1.3.jar;C:\Users\xingqiu\.m2\repository\org\hamcrest\hamcrest-library\1.3\hamcrest-library-1.3.jar;C:\Users\xingqiu\.m2\repository\org\skyscreamer\jsonassert\1.4.0\jsonassert-1.4.0.jar;C:\Users\xingqiu\.m2\repository\com\vaadin\external\google\android-json\0.0.20131108.vaadin1\android-json-0.0.20131108.vaadin1.jar;C:\Users\xingqiu\.m2\repository\org\springframework\spring-test\4.3.10.RELEASE\spring-test-4.3.10.RELEASE.jar;C:\Users\xingqiu\.m2\repository\org\apache\shiro\shiro-spring\1.3.2\shiro-spring-1.3.2.jar;C:\Users\xingqiu\.m2\repository\org\apache\shiro\shiro-core\1.3.2\shiro-core-1.3.2.jar;C:\Users\xingqiu\.m2\repository\commons-beanutils\commons-beanutils\1.9.3\commons-beanutils-1.9.3.jar;C:\Users\xingqiu\.m2\repository\commons-collections\commons-collections\3.2.2\commons-collections-3.2.2.jar;C:\Users\xingqiu\.m2\repository\org\apache\shiro\shiro-web\1.3.2\shiro-web-1.3.2.jar;C:\Users\xingqiu\.m2\repository\org\apache\shiro\shiro-ehcache\1.2.1\shiro-ehcache-1.2.1.jar;C:\Users\xingqiu\.m2\repository\net\sf\ehcache\ehcache-core\2.5.0\ehcache-core-2.5.0.jar;C:\Users\xingqiu\.m2\repository\com\github\theborakompanioni\thymeleaf-extras-shiro\1.2.1\thymeleaf-extras-shiro-1.2.1.jar;C:\Users\xingqiu\.m2\repository\org\crazycake\shiro-redis\2.4.2.1-RELEASE\shiro-redis-2.4.2.1-RELEASE.jar;C:\Users\xingqiu\.m2\repository\redis\clients\jedis\2.9.0\jedis-2.9.0.jar;C:\Users\xingqiu\.m2\repository\org\apache\commons\commons-pool2\2.4.2\commons-pool2-2.4.2.jar;C:\Users\xingqiu\.m2\repository\org\slf4j\slf4j-api\1.7.25\slf4j-api-1.7.25.jar;C:\Users\xingqiu\.m2\repository\javax\xml\bind\jaxb-api\2.3.1\jaxb-api-2.3.1.jar;C:\Users\xingqiu\.m2\repository\javax\activation\javax.activation-api\1.2.0\javax.activation-api-1.2.0.jar;C:\Users\xingqiu\.m2\repository\javax\annotation\javax.annotation-api\1.3.2\javax.annotation-api-1.3.2.jar;C:\Users\xingqiu\.m2\repository\org\glassfish\jaxb\jaxb-runtime\2.3.1\jaxb-runtime-2.3.1.jar;C:\Users\xingqiu\.m2\repository\org\glassfish\jaxb\txw2\2.3.1\txw2-2.3.1.jar;C:\Users\xingqiu\.m2\repository\com\sun\istack\istack-commons-runtime\3.0.7\istack-commons-runtime-3.0.7.jar;C:\Users\xingqiu\.m2\repository\org\jvnet\staxex\stax-ex\1.8\stax-ex-1.8.jar;C:\Users\xingqiu\.m2\repository\com\sun\xml\fastinfoset\FastInfoset\1.2.15\FastInfoset-1.2.15.jar;C:\Users\xingqiu\.m2\repository\com\h2database\h2\2.1.214\h2-2.1.214.jar;"/>
    <property name="sun.cpu.endian" value="little"/>
    <property name="user.home" value="C:\Users\xingqiu"/>
    <property name="user.language" value="zh"/>
    <property name="java.specification.vendor" value="Oracle Corporation"/>
    <property name="java.version.date" value="2024-04-16"/>
    <property name="java.home" value="C:\Program Files\Java\jdk-22"/>
    <property name="spring.profiles.active" value="test"/>
    <property name="file.separator" value="\"/>
    <property name="basedir" value="C:\Users\xingqiu\Desktop\软工课设\software-bbs-master\quark-admin"/>
    <property name="java.vm.compressedOopsMode" value="Zero based"/>
    <property name="line.separator" value="&#10;"/>
    <property name="java.vm.specification.vendor" value="Oracle Corporation"/>
    <property name="java.specification.name" value="Java Platform API Specification"/>
    <property name="surefire.real.class.path" value="C:\Users\xingqiu\AppData\Local\Temp\surefire16489926813983727112\surefirebooter-20250704085535702_7.jar"/>
    <property name="user.script" value=""/>
    <property name="sun.management.compiler" value="HotSpot 64-Bit Tiered Compilers"/>
    <property name="java.runtime.version" value="22.0.1+8-16"/>
    <property name="user.name" value="王思博"/>
    <property name="stdout.encoding" value="GBK"/>
    <property name="path.separator" value=";"/>
    <property name="os.version" value="10.0"/>
    <property name="java.runtime.name" value="Java(TM) SE Runtime Environment"/>
    <property name="file.encoding" value="UTF-8"/>
    <property name="java.vm.name" value="Java HotSpot(TM) 64-Bit Server VM"/>
    <property name="localRepository" value="C:\Users\xingqiu\.m2\repository"/>
    <property name="java.vendor.url.bug" value="https://bugreport.java.com/bugreport/"/>
    <property name="java.io.tmpdir" value="C:\Users\xingqiu\AppData\Local\Temp\"/>
    <property name="java.version" value="22.0.1"/>
    <property name="user.dir" value="C:\Users\xingqiu\Desktop\软工课设\software-bbs-master\quark-admin"/>
    <property name="os.arch" value="amd64"/>
    <property name="java.vm.specification.name" value="Java Virtual Machine Specification"/>
    <property name="sun.os.patch.level" value=""/>
    <property name="native.encoding" value="GBK"/>
    <property name="java.library.path" value="C:\Program Files\Java\jdk-22\bin;C:\WINDOWS\Sun\Java\bin;C:\WINDOWS\system32;C:\WINDOWS;D:\SoftWare\anaconda3;D:\SoftWare\anaconda3\Library\mingw-w64\bin;D:\SoftWare\anaconda3\Library\usr\bin;D:\SoftWare\anaconda3\Library\bin;D:\SoftWare\anaconda3\Scripts;D:\SoftWare\anaconda3\bin;D:\SoftWare\anaconda3\condabin;C:\Program Files\NVIDIA GPU Computing Toolkit\CUDA\v11.8\bin;C:\Program Files\NVIDIA GPU Computing Toolkit\CUDA\v11.8\libnvvp;C:\Program Files\NVIDIA GPU Computing Toolkit\CUDA\v12.8\bin;C:\Program Files\NVIDIA GPU Computing Toolkit\CUDA\v12.8\libnvvp;D:\VMware Workstation\bin;C:\Program Files\Common Files\Oracle\Java\javapath;C:\Program Files\Microsoft\jdk-11.0.16.101-hotspot\bin;C:\Windows\system32;C:\Windows;C:\Windows\System32\Wbem;C:\Windows\System32\WindowsPowerShell\v1.0;C:\Windows\System32\OpenSSH;C:\Program Files (x86)\NVIDIA Corporation\PhysX\Common;C:\Program Files (x86)\GtkSharp\2.12\bin;C:\Program Files\dotnet;C:\Program Files\MATLAB\R2023a\bin;C:\Program Files (x86)\Microsoft SQL Server\160\Tools\Binn;C:\Program Files\Microsoft SQL Server\160\Tools\Binn;C:\Program Files\Microsoft SQL Server\Client SDK\ODBC\170\Tools\Binn;C:\Program Files\Microsoft SQL Server\160\DTS\Binn;C:\Program Files\Microsoft SQL Server\150\Tools\Binn;C:\Program Files (x86)\Windows Kits\10\Windows Performance Toolkit;D:\AndroidEnvironment\SDK\tools;D:\AndroidEnvironment\SDK\platform-tools;C:\WINDOWS\system32;C:\WINDOWS;C:\WINDOWS\System32\Wbem;C:\WINDOWS\System32\WindowsPowerShell\v1.0;C:\WINDOWS\System32\OpenSSH;C:\Program Files\NVIDIA Corporation\NVIDIA app\NvDLISR;C:\Program Files\NVIDIA Corporation\Nsight Compute 2022.3.0;D:\SoftWare\Git\cmd;C:\Program Files\PuTTY;C:\Program Files\Bandizip;C:\Program Files\MySQL\MySQL Shell 8.0\bin;C:\Users\xingqiu\scoop\apps\maven\current\bin;C:\Users\xingqiu\scoop\shims;C:\Ruby32-x64\bin;C:\Users\xingqiu\AppData\Local\Programs\Python\Python312\Scripts;C:\Users\xingqiu\AppData\Local\Programs\Python\Python312\python.exe;C:\Users\xingqiu\AppData\Local\Programs\Python\Launcher;C:\Users\xingqiu\AppData\Local\Microsoft\WindowsApps;C:\altera\13.0sp1\modelsim_ae\win32aloem;C:\iverilog\bin;D:\QT\6.7.2\mingw_64\bin;D:\SoftWare\Microsoft VS Code\bin;D:\SoftWare\anaconda3;D:\SoftWare\anaconda3\Scripts;D:\SoftWare\anaconda3\Library\bin;D:\SoftWare\JetBrains\PyCharm Community Edition 2023.3.7\bin;.;D:\SoftWare\anaconda3\envs\dspth;C:\Users\xingqiu\AppData\Roaming\XilinxLicense;C:\Program Files\NVIDIA GPU Computing Toolkit\CUDA\v11.8\bin;C:\msys64\mingw64\bin;C:\redis;.;c:\Users\xingqiu\AppData\Roaming\Code\User\globalStorage\github.copilot-chat\debugCommand;."/>
    <property name="java.vm.info" value="mixed mode, sharing"/>
    <property name="stderr.encoding" value="GBK"/>
    <property name="java.vendor" value="Oracle Corporation"/>
    <property name="java.vm.version" value="22.0.1+8-16"/>
    <property name="sun.io.unicode.encoding" value="UnicodeLittle"/>
    <property name="java.class.version" value="66.0"/>
  </properties>
  <testcase name="testPosts" classname="com.quark.admin.AdminApplicationTest" time="0.032">
    <system-out><![CDATA[08:55:36.294 [main] DEBUG org.springframework.test.context.junit4.SpringJUnit4ClassRunner - SpringJUnit4ClassRunner constructor called with [class com.quark.admin.AdminApplicationTest]
08:55:36.298 [main] DEBUG org.springframework.test.context.BootstrapUtils - Instantiating CacheAwareContextLoaderDelegate from class [org.springframework.test.context.cache.DefaultCacheAwareContextLoaderDelegate]
08:55:36.303 [main] DEBUG org.springframework.test.context.BootstrapUtils - Instantiating BootstrapContext using constructor [public org.springframework.test.context.support.DefaultBootstrapContext(java.lang.Class,org.springframework.test.context.CacheAwareContextLoaderDelegate)]
08:55:36.312 [main] DEBUG org.springframework.test.context.BootstrapUtils - Instantiating TestContextBootstrapper for test class [com.quark.admin.AdminApplicationTest] from class [org.springframework.boot.test.context.SpringBootTestContextBootstrapper]
08:55:36.321 [main] INFO org.springframework.boot.test.context.SpringBootTestContextBootstrapper - Neither @ContextConfiguration nor @ContextHierarchy found for test class [com.quark.admin.AdminApplicationTest], using SpringBootContextLoader
08:55:36.323 [main] DEBUG org.springframework.test.context.support.AbstractContextLoader - Did not detect default resource location for test class [com.quark.admin.AdminApplicationTest]: class path resource [com/quark/admin/AdminApplicationTest-context.xml] does not exist
08:55:36.324 [main] DEBUG org.springframework.test.context.support.AbstractContextLoader - Did not detect default resource location for test class [com.quark.admin.AdminApplicationTest]: class path resource [com/quark/admin/AdminApplicationTestContext.groovy] does not exist
08:55:36.324 [main] INFO org.springframework.test.context.support.AbstractContextLoader - Could not detect default resource locations for test class [com.quark.admin.AdminApplicationTest]: no resource found for suffixes {-context.xml, Context.groovy}.
08:55:36.324 [main] INFO org.springframework.test.context.support.AnnotationConfigContextLoaderUtils - Could not detect default configuration classes for test class [com.quark.admin.AdminApplicationTest]: AdminApplicationTest does not declare any static, non-private, non-final, nested classes annotated with @Configuration.
08:55:36.351 [main] DEBUG org.springframework.test.context.support.ActiveProfilesUtils - Could not find an 'annotation declaring class' for annotation type [org.springframework.test.context.ActiveProfiles] and class [com.quark.admin.AdminApplicationTest]
08:55:36.356 [main] DEBUG org.springframework.core.env.StandardEnvironment - Adding [systemProperties] PropertySource with lowest search precedence
08:55:36.357 [main] DEBUG org.springframework.core.env.StandardEnvironment - Adding [systemEnvironment] PropertySource with lowest search precedence
08:55:36.357 [main] DEBUG org.springframework.core.env.StandardEnvironment - Initialized StandardEnvironment with PropertySources [systemProperties,systemEnvironment]
08:55:36.363 [main] DEBUG org.springframework.core.io.support.PathMatchingResourcePatternResolver - Resolved classpath location [com/quark/admin/] to resources [URL [file:/C:/Users/xingqiu/Desktop/%E8%BD%AF%E5%B7%A5%E8%AF%BE%E8%AE%BE/software-bbs-master/quark-admin/target/test-classes/com/quark/admin/], URL [file:/C:/Users/xingqiu/Desktop/%E8%BD%AF%E5%B7%A5%E8%AF%BE%E8%AE%BE/software-bbs-master/quark-admin/target/classes/com/quark/admin/]]
08:55:36.364 [main] DEBUG org.springframework.core.io.support.PathMatchingResourcePatternResolver - Looking for matching resources in directory tree [C:\Users\xingqiu\Desktop\软工课设\software-bbs-master\quark-admin\target\test-classes\com\quark\admin]
08:55:36.364 [main] DEBUG org.springframework.core.io.support.PathMatchingResourcePatternResolver - Searching directory [C:\Users\xingqiu\Desktop\软工课设\software-bbs-master\quark-admin\target\test-classes\com\quark\admin] for files matching pattern [C:/Users/xingqiu/Desktop/软工课设/software-bbs-master/quark-admin/target/test-classes/com/quark/admin/*.class]
08:55:36.366 [main] DEBUG org.springframework.core.io.support.PathMatchingResourcePatternResolver - Looking for matching resources in directory tree [C:\Users\xingqiu\Desktop\软工课设\software-bbs-master\quark-admin\target\classes\com\quark\admin]
08:55:36.366 [main] DEBUG org.springframework.core.io.support.PathMatchingResourcePatternResolver - Searching directory [C:\Users\xingqiu\Desktop\软工课设\software-bbs-master\quark-admin\target\classes\com\quark\admin] for files matching pattern [C:/Users/xingqiu/Desktop/软工课设/software-bbs-master/quark-admin/target/classes/com/quark/admin/*.class]
08:55:36.368 [main] DEBUG org.springframework.core.io.support.PathMatchingResourcePatternResolver - Resolved location pattern [classpath*:com/quark/admin/*.class] to resources [file [C:\Users\xingqiu\Desktop\软工课设\software-bbs-master\quark-admin\target\test-classes\com\quark\admin\AdminApplicationTest.class], file [C:\Users\xingqiu\Desktop\软工课设\software-bbs-master\quark-admin\target\classes\com\quark\admin\AdminApplication.class]]
08:55:36.395 [main] DEBUG org.springframework.context.annotation.ClassPathScanningCandidateComponentProvider - Identified candidate component class: file [C:\Users\xingqiu\Desktop\软工课设\software-bbs-master\quark-admin\target\classes\com\quark\admin\AdminApplication.class]
08:55:36.396 [main] INFO org.springframework.boot.test.context.SpringBootTestContextBootstrapper - Found @SpringBootConfiguration com.quark.admin.AdminApplication for test class com.quark.admin.AdminApplicationTest
08:55:36.399 [main] DEBUG org.springframework.boot.test.context.SpringBootTestContextBootstrapper - @TestExecutionListeners is not present for class [com.quark.admin.AdminApplicationTest]: using defaults.
08:55:36.402 [main] INFO org.springframework.boot.test.context.SpringBootTestContextBootstrapper - Loaded default TestExecutionListener class names from location [META-INF/spring.factories]: [org.springframework.boot.test.mock.mockito.MockitoTestExecutionListener, org.springframework.boot.test.mock.mockito.ResetMocksTestExecutionListener, org.springframework.boot.test.autoconfigure.restdocs.RestDocsTestExecutionListener, org.springframework.boot.test.autoconfigure.web.client.MockRestServiceServerResetTestExecutionListener, org.springframework.boot.test.autoconfigure.web.servlet.MockMvcPrintOnlyOnFailureTestExecutionListener, org.springframework.boot.test.autoconfigure.web.servlet.WebDriverTestExecutionListener, org.springframework.test.context.web.ServletTestExecutionListener, org.springframework.test.context.support.DirtiesContextBeforeModesTestExecutionListener, org.springframework.test.context.support.DependencyInjectionTestExecutionListener, org.springframework.test.context.support.DirtiesContextTestExecutionListener, org.springframework.test.context.transaction.TransactionalTestExecutionListener, org.springframework.test.context.jdbc.SqlScriptsTestExecutionListener]
08:55:36.419 [main] INFO org.springframework.boot.test.context.SpringBootTestContextBootstrapper - Using TestExecutionListeners: [org.springframework.test.context.web.ServletTestExecutionListener@649bec2e, org.springframework.test.context.support.DirtiesContextBeforeModesTestExecutionListener@693fe6c9, org.springframework.boot.test.autoconfigure.SpringBootDependencyInjectionTestExecutionListener@34f5090e, org.springframework.test.context.support.DirtiesContextTestExecutionListener@31e5415e, org.springframework.test.context.transaction.TransactionalTestExecutionListener@a2431d0, org.springframework.test.context.jdbc.SqlScriptsTestExecutionListener@1cbb87f3, org.springframework.boot.test.autoconfigure.web.servlet.WebDriverTestExecutionListener@1a4013, org.springframework.boot.test.autoconfigure.restdocs.RestDocsTestExecutionListener@1b6e1eff, org.springframework.boot.test.autoconfigure.web.servlet.MockMvcPrintOnlyOnFailureTestExecutionListener@306f16f3, org.springframework.boot.test.mock.mockito.ResetMocksTestExecutionListener@702b8b12, org.springframework.boot.test.autoconfigure.web.client.MockRestServiceServerResetTestExecutionListener@22e357dc, org.springframework.boot.test.mock.mockito.MockitoTestExecutionListener@49912c99]
08:55:36.420 [main] DEBUG org.springframework.test.annotation.ProfileValueUtils - Retrieved @ProfileValueSourceConfiguration [null] for test class [com.quark.admin.AdminApplicationTest]
08:55:36.420 [main] DEBUG org.springframework.test.annotation.ProfileValueUtils - Retrieved ProfileValueSource type [class org.springframework.test.annotation.SystemProfileValueSource] for class [com.quark.admin.AdminApplicationTest]
08:55:36.421 [main] DEBUG org.springframework.test.annotation.ProfileValueUtils - Retrieved @ProfileValueSourceConfiguration [null] for test class [com.quark.admin.AdminApplicationTest]
08:55:36.421 [main] DEBUG org.springframework.test.annotation.ProfileValueUtils - Retrieved ProfileValueSource type [class org.springframework.test.annotation.SystemProfileValueSource] for class [com.quark.admin.AdminApplicationTest]
08:55:36.422 [main] DEBUG org.springframework.test.annotation.ProfileValueUtils - Retrieved @ProfileValueSourceConfiguration [null] for test class [com.quark.admin.AdminApplicationTest]
08:55:36.422 [main] DEBUG org.springframework.test.annotation.ProfileValueUtils - Retrieved ProfileValueSource type [class org.springframework.test.annotation.SystemProfileValueSource] for class [com.quark.admin.AdminApplicationTest]
08:55:36.424 [main] DEBUG org.springframework.test.context.support.AbstractDirtiesContextTestExecutionListener - Before test class: context [DefaultTestContext@49c7b90e testClass = AdminApplicationTest, testInstance = [null], testMethod = [null], testException = [null], mergedContextConfiguration = [WebMergedContextConfiguration@10d307f1 testClass = AdminApplicationTest, locations = '{}', classes = '{class com.quark.admin.AdminApplication}', contextInitializerClasses = '[]', activeProfiles = '{}', propertySourceLocations = '{classpath:admin.properties}', propertySourceProperties = '{org.springframework.boot.test.context.SpringBootTestContextBootstrapper=true}', contextCustomizers = set[org.springframework.boot.test.context.SpringBootTestContextCustomizer@7193666c, org.springframework.boot.test.context.filter.ExcludeFilterContextCustomizer@56620197, org.springframework.boot.test.json.DuplicateJsonObjectContextCustomizerFactory$DuplicateJsonObjectContextCustomizer@5f058f00, org.springframework.boot.test.mock.mockito.MockitoContextCustomizer@0, org.springframework.boot.test.autoconfigure.properties.PropertyMappingContextCustomizer@0, org.springframework.boot.test.autoconfigure.web.servlet.WebDriverContextCustomizerFactory$Customizer@a514af7], resourceBasePath = 'src/main/webapp', contextLoader = 'org.springframework.boot.test.context.SpringBootContextLoader', parent = [null]]], class annotated with @DirtiesContext [false] with mode [null].
08:55:36.425 [main] DEBUG org.springframework.test.annotation.ProfileValueUtils - Retrieved @ProfileValueSourceConfiguration [null] for test class [com.quark.admin.AdminApplicationTest]
08:55:36.425 [main] DEBUG org.springframework.test.annotation.ProfileValueUtils - Retrieved ProfileValueSource type [class org.springframework.test.annotation.SystemProfileValueSource] for class [com.quark.admin.AdminApplicationTest]
08:55:36.464 [main] DEBUG org.springframework.core.env.StandardEnvironment - Adding [systemProperties] PropertySource with lowest search precedence
08:55:36.464 [main] DEBUG org.springframework.core.env.StandardEnvironment - Adding [systemEnvironment] PropertySource with lowest search precedence
08:55:36.464 [main] DEBUG org.springframework.core.env.StandardEnvironment - Initialized StandardEnvironment with PropertySources [systemProperties,systemEnvironment]
08:55:36.465 [main] DEBUG org.springframework.core.env.StandardEnvironment - Adding [class path resource [admin.properties]] PropertySource with highest search precedence
08:55:36.466 [main] DEBUG org.springframework.core.env.MutablePropertySources - Adding [inline] PropertySource with highest search precedence
08:55:36.469 [main] DEBUG org.springframework.test.context.support.TestPropertySourceUtils - Adding inlined properties to environment: {spring.jmx.enabled=false, org.springframework.boot.test.context.SpringBootTestContextBootstrapper=true, server.port=-1}
08:55:36.469 [main] DEBUG org.springframework.core.env.StandardEnvironment - Adding [Inlined Test Properties] PropertySource with highest search precedence

  .   ____          _            __ _ _
 /\\ / ___'_ __ _ _(_)_ __  __ _ \ \ \ \
( ( )\___ | '_ | '_| | '_ \/ _` | \ \ \ \
 \\/  ___)| |_)| | | | | || (_| |  ) ) ) )
  '  |____| .__|_| |_|_| |_\__, | / / / /
 =========|_|==============|___/=/_/_/_/
 :: Spring Boot ::        (v1.5.6.RELEASE)

2025-07-04 08:55:36.798  INFO 2832 --- [           main] com.quark.admin.AdminApplicationTest     : Starting AdminApplicationTest on LAPTOP-A13J3GU2 with PID 2832 (started by 王思博 in C:\Users\xingqiu\Desktop\软工课设\software-bbs-master\quark-admin)
2025-07-04 08:55:36.799  INFO 2832 --- [           main] com.quark.admin.AdminApplicationTest     : The following profiles are active: test
2025-07-04 08:55:36.974  INFO 2832 --- [           main] o.s.w.c.s.GenericWebApplicationContext   : Refreshing org.springframework.web.context.support.GenericWebApplicationContext@47f4e407: startup date [Fri Jul 04 08:55:36 CST 2025]; root of context hierarchy
2025-07-04 08:55:36.975 DEBUG 2832 --- [           main] o.s.w.c.s.GenericWebApplicationContext   : Bean factory for org.springframework.web.context.support.GenericWebApplicationContext@47f4e407: org.springframework.beans.factory.support.DefaultListableBeanFactory@51a06cbe: defining beans [org.springframework.boot.test.mock.mockito.MockitoPostProcessor$SpyPostProcessor,org.springframework.boot.test.mock.mockito.MockitoPostProcessor,org.springframework.context.annotation.internalConfigurationAnnotationProcessor,org.springframework.context.annotation.internalAutowiredAnnotationProcessor,org.springframework.context.annotation.internalRequiredAnnotationProcessor,org.springframework.context.annotation.internalCommonAnnotationProcessor,org.springframework.context.annotation.internalPersistenceAnnotationProcessor,org.springframework.context.event.internalEventListenerProcessor,org.springframework.context.event.internalEventListenerFactory,adminApplication]; root of factory hierarchy
2025-07-04 08:55:38.425  INFO 2832 --- [           main] trationDelegate$BeanPostProcessorChecker : Bean 'org.springframework.transaction.annotation.ProxyTransactionManagementConfiguration' of type [org.springframework.transaction.annotation.ProxyTransactionManagementConfiguration$$EnhancerBySpringCGLIB$$a26302e4] is not eligible for getting processed by all BeanPostProcessors (for example: not eligible for auto-proxying)
2025-07-04 08:55:38.464  INFO 2832 --- [           main] trationDelegate$BeanPostProcessorChecker : Bean '(inner bean)#73aeef7d' of type [org.springframework.beans.factory.config.PropertiesFactoryBean] is not eligible for getting processed by all BeanPostProcessors (for example: not eligible for auto-proxying)
2025-07-04 08:55:38.465  INFO 2832 --- [           main] trationDelegate$BeanPostProcessorChecker : Bean '(inner bean)#73aeef7d' of type [java.util.Properties] is not eligible for getting processed by all BeanPostProcessors (for example: not eligible for auto-proxying)
2025-07-04 08:55:38.469  INFO 2832 --- [           main] trationDelegate$BeanPostProcessorChecker : Bean '(inner bean)#1c3259fa' of type [org.springframework.data.repository.core.support.PropertiesBasedNamedQueries] is not eligible for getting processed by all BeanPostProcessors (for example: not eligible for auto-proxying)
2025-07-04 08:55:38.473  INFO 2832 --- [           main] trationDelegate$BeanPostProcessorChecker : Bean '(inner bean)#748a654a' of type [org.springframework.data.repository.query.ExtensionAwareEvaluationContextProvider] is not eligible for getting processed by all BeanPostProcessors (for example: not eligible for auto-proxying)
2025-07-04 08:55:38.475  INFO 2832 --- [           main] trationDelegate$BeanPostProcessorChecker : Bean 'org.springframework.boot.autoconfigure.jdbc.DataSourceConfiguration$Generic' of type [org.springframework.boot.autoconfigure.jdbc.DataSourceConfiguration$Generic] is not eligible for getting processed by all BeanPostProcessors (for example: not eligible for auto-proxying)
2025-07-04 08:55:38.511  INFO 2832 --- [           main] trationDelegate$BeanPostProcessorChecker : Bean 'spring.datasource-org.springframework.boot.autoconfigure.jdbc.DataSourceProperties' of type [org.springframework.boot.autoconfigure.jdbc.DataSourceProperties] is not eligible for getting processed by all BeanPostProcessors (for example: not eligible for auto-proxying)
2025-07-04 08:55:38.568  INFO 2832 --- [           main] trationDelegate$BeanPostProcessorChecker : Bean 'dataSource' of type [com.alibaba.druid.pool.DruidDataSource] is not eligible for getting processed by all BeanPostProcessors (for example: not eligible for auto-proxying)
2025-07-04 08:55:38.578  INFO 2832 --- [           main] trationDelegate$BeanPostProcessorChecker : Bean 'org.springframework.boot.autoconfigure.jdbc.DataSourceAutoConfiguration' of type [org.springframework.boot.autoconfigure.jdbc.DataSourceAutoConfiguration$$EnhancerBySpringCGLIB$$8456a644] is not eligible for getting processed by all BeanPostProcessors (for example: not eligible for auto-proxying)
2025-07-04 08:55:38.590  INFO 2832 --- [           main] trationDelegate$BeanPostProcessorChecker : Bean 'dataSourceInitializer' of type [org.springframework.boot.autoconfigure.jdbc.DataSourceInitializer] is not eligible for getting processed by all BeanPostProcessors (for example: not eligible for auto-proxying)
2025-07-04 08:55:38.601  INFO 2832 --- [           main] trationDelegate$BeanPostProcessorChecker : Bean 'spring.jpa-org.springframework.boot.autoconfigure.orm.jpa.JpaProperties' of type [org.springframework.boot.autoconfigure.orm.jpa.JpaProperties] is not eligible for getting processed by all BeanPostProcessors (for example: not eligible for auto-proxying)
2025-07-04 08:55:38.609  INFO 2832 --- [           main] trationDelegate$BeanPostProcessorChecker : Bean 'org.springframework.boot.autoconfigure.transaction.TransactionAutoConfiguration' of type [org.springframework.boot.autoconfigure.transaction.TransactionAutoConfiguration$$EnhancerBySpringCGLIB$$36d6fdee] is not eligible for getting processed by all BeanPostProcessors (for example: not eligible for auto-proxying)
2025-07-04 08:55:38.619  INFO 2832 --- [           main] trationDelegate$BeanPostProcessorChecker : Bean 'spring.transaction-org.springframework.boot.autoconfigure.transaction.TransactionProperties' of type [org.springframework.boot.autoconfigure.transaction.TransactionProperties] is not eligible for getting processed by all BeanPostProcessors (for example: not eligible for auto-proxying)
2025-07-04 08:55:38.623  INFO 2832 --- [           main] trationDelegate$BeanPostProcessorChecker : Bean 'platformTransactionManagerCustomizers' of type [org.springframework.boot.autoconfigure.transaction.TransactionManagerCustomizers] is not eligible for getting processed by all BeanPostProcessors (for example: not eligible for auto-proxying)
2025-07-04 08:55:38.632  INFO 2832 --- [           main] trationDelegate$BeanPostProcessorChecker : Bean 'org.springframework.boot.autoconfigure.orm.jpa.HibernateJpaAutoConfiguration' of type [org.springframework.boot.autoconfigure.orm.jpa.HibernateJpaAutoConfiguration$$EnhancerBySpringCGLIB$$be96704] is not eligible for getting processed by all BeanPostProcessors (for example: not eligible for auto-proxying)
2025-07-04 08:55:38.662  INFO 2832 --- [           main] trationDelegate$BeanPostProcessorChecker : Bean 'jpaVendorAdapter' of type [org.springframework.orm.jpa.vendor.HibernateJpaVendorAdapter] is not eligible for getting processed by all BeanPostProcessors (for example: not eligible for auto-proxying)
2025-07-04 08:55:38.666  INFO 2832 --- [           main] trationDelegate$BeanPostProcessorChecker : Bean 'entityManagerFactoryBuilder' of type [org.springframework.boot.orm.jpa.EntityManagerFactoryBuilder] is not eligible for getting processed by all BeanPostProcessors (for example: not eligible for auto-proxying)
2025-07-04 08:55:38.739  INFO 2832 --- [           main] j.LocalContainerEntityManagerFactoryBean : Building JPA container EntityManagerFactory for persistence unit 'default'
2025-07-04 08:55:38.755  INFO 2832 --- [           main] o.hibernate.jpa.internal.util.LogHelper  : HHH000204: Processing PersistenceUnitInfo [
	name: default
	...]
2025-07-04 08:55:38.819  INFO 2832 --- [           main] org.hibernate.Version                    : HHH000412: Hibernate Core {5.0.12.Final}
2025-07-04 08:55:38.820  INFO 2832 --- [           main] org.hibernate.cfg.Environment            : HHH000206: hibernate.properties not found
2025-07-04 08:55:38.821  INFO 2832 --- [           main] org.hibernate.cfg.Environment            : HHH000021: Bytecode provider name : javassist
2025-07-04 08:55:38.854  INFO 2832 --- [           main] o.hibernate.annotations.common.Version   : HCANN000001: Hibernate Commons Annotations {5.0.1.Final}
2025-07-04 08:55:38.986 ERROR 2832 --- [           main] com.alibaba.druid.pool.DruidDataSource   : testWhileIdle is true, validationQuery not set
2025-07-04 08:55:38.994  INFO 2832 --- [           main] com.alibaba.druid.pool.DruidDataSource   : {dataSource-1} inited
2025-07-04 08:55:39.180  INFO 2832 --- [           main] org.hibernate.dialect.Dialect            : HHH000400: Using dialect: org.hibernate.dialect.MySQL5Dialect
2025-07-04 08:55:39.600  INFO 2832 --- [           main] org.hibernate.tool.hbm2ddl.SchemaExport  : HHH000227: Running hbm2ddl schema export
Hibernate: alter table collect drop foreign key FKk6s5f6l79b2fxwasmo1x20u2y
2025-07-04 08:55:39.605 ERROR 2832 --- [           main] org.hibernate.tool.hbm2ddl.SchemaExport  : HHH000389: Unsuccessful: alter table collect drop foreign key FKk6s5f6l79b2fxwasmo1x20u2y
2025-07-04 08:55:39.606 ERROR 2832 --- [           main] org.hibernate.tool.hbm2ddl.SchemaExport  : Table "COLLECT" not found (this database is empty); SQL statement:
alter table collect drop foreign key FKk6s5f6l79b2fxwasmo1x20u2y [42104-214]
Hibernate: alter table collect drop foreign key FKe2lyp0xuocrxaydyqpdnphjqa
2025-07-04 08:55:39.606 ERROR 2832 --- [           main] org.hibernate.tool.hbm2ddl.SchemaExport  : HHH000389: Unsuccessful: alter table collect drop foreign key FKe2lyp0xuocrxaydyqpdnphjqa
2025-07-04 08:55:39.606 ERROR 2832 --- [           main] org.hibernate.tool.hbm2ddl.SchemaExport  : Table "COLLECT" not found (this database is empty); SQL statement:
alter table collect drop foreign key FKe2lyp0xuocrxaydyqpdnphjqa [42104-214]
Hibernate: alter table favorites drop foreign key FKlyg2xt80kjg3x3vs6i9cl8445
2025-07-04 08:55:39.606 ERROR 2832 --- [           main] org.hibernate.tool.hbm2ddl.SchemaExport  : HHH000389: Unsuccessful: alter table favorites drop foreign key FKlyg2xt80kjg3x3vs6i9cl8445
2025-07-04 08:55:39.606 ERROR 2832 --- [           main] org.hibernate.tool.hbm2ddl.SchemaExport  : Table "FAVORITES" not found (this database is empty); SQL statement:
alter table favorites drop foreign key FKlyg2xt80kjg3x3vs6i9cl8445 [42104-214]
Hibernate: alter table favorites drop foreign key FKlpoi1khp6u537q7e0uwg9k6ia
2025-07-04 08:55:39.607 ERROR 2832 --- [           main] org.hibernate.tool.hbm2ddl.SchemaExport  : HHH000389: Unsuccessful: alter table favorites drop foreign key FKlpoi1khp6u537q7e0uwg9k6ia
2025-07-04 08:55:39.607 ERROR 2832 --- [           main] org.hibernate.tool.hbm2ddl.SchemaExport  : Table "FAVORITES" not found (this database is empty); SQL statement:
alter table favorites drop foreign key FKlpoi1khp6u537q7e0uwg9k6ia [42104-214]
Hibernate: alter table quark_adminuser_role drop foreign key FK26lllx1jn0c1k8f8oj2qt4io1
2025-07-04 08:55:39.607 ERROR 2832 --- [           main] org.hibernate.tool.hbm2ddl.SchemaExport  : HHH000389: Unsuccessful: alter table quark_adminuser_role drop foreign key FK26lllx1jn0c1k8f8oj2qt4io1
2025-07-04 08:55:39.607 ERROR 2832 --- [           main] org.hibernate.tool.hbm2ddl.SchemaExport  : Table "QUARK_ADMINUSER_ROLE" not found (this database is empty); SQL statement:
alter table quark_adminuser_role drop foreign key FK26lllx1jn0c1k8f8oj2qt4io1 [42104-214]
Hibernate: alter table quark_adminuser_role drop foreign key FKatv5o94k3fooskwr53rvqfven
2025-07-04 08:55:39.607 ERROR 2832 --- [           main] org.hibernate.tool.hbm2ddl.SchemaExport  : HHH000389: Unsuccessful: alter table quark_adminuser_role drop foreign key FKatv5o94k3fooskwr53rvqfven
2025-07-04 08:55:39.608 ERROR 2832 --- [           main] org.hibernate.tool.hbm2ddl.SchemaExport  : Table "QUARK_ADMINUSER_ROLE" not found (this database is empty); SQL statement:
alter table quark_adminuser_role drop foreign key FKatv5o94k3fooskwr53rvqfven [42104-214]
Hibernate: alter table quark_notification drop foreign key FKac4wjs0b3992ohkf61jy4ilmj
2025-07-04 08:55:39.608 ERROR 2832 --- [           main] org.hibernate.tool.hbm2ddl.SchemaExport  : HHH000389: Unsuccessful: alter table quark_notification drop foreign key FKac4wjs0b3992ohkf61jy4ilmj
2025-07-04 08:55:39.608 ERROR 2832 --- [           main] org.hibernate.tool.hbm2ddl.SchemaExport  : Table "QUARK_NOTIFICATION" not found (this database is empty); SQL statement:
alter table quark_notification drop foreign key FKac4wjs0b3992ohkf61jy4ilmj [42104-214]
Hibernate: alter table quark_notification drop foreign key FKilg05a7ki3vkv7lfjnn57pdw2
2025-07-04 08:55:39.608 ERROR 2832 --- [           main] org.hibernate.tool.hbm2ddl.SchemaExport  : HHH000389: Unsuccessful: alter table quark_notification drop foreign key FKilg05a7ki3vkv7lfjnn57pdw2
2025-07-04 08:55:39.608 ERROR 2832 --- [           main] org.hibernate.tool.hbm2ddl.SchemaExport  : Table "QUARK_NOTIFICATION" not found (this database is empty); SQL statement:
alter table quark_notification drop foreign key FKilg05a7ki3vkv7lfjnn57pdw2 [42104-214]
Hibernate: alter table quark_notification drop foreign key FKquscxmtiqggsch7w833ywubux
2025-07-04 08:55:39.609 ERROR 2832 --- [           main] org.hibernate.tool.hbm2ddl.SchemaExport  : HHH000389: Unsuccessful: alter table quark_notification drop foreign key FKquscxmtiqggsch7w833ywubux
2025-07-04 08:55:39.609 ERROR 2832 --- [           main] org.hibernate.tool.hbm2ddl.SchemaExport  : Table "QUARK_NOTIFICATION" not found (this database is empty); SQL statement:
alter table quark_notification drop foreign key FKquscxmtiqggsch7w833ywubux [42104-214]
Hibernate: alter table quark_posts drop foreign key FKnxd3qh1m3c0o6tc3ojfa8fm6o
2025-07-04 08:55:39.609 ERROR 2832 --- [           main] org.hibernate.tool.hbm2ddl.SchemaExport  : HHH000389: Unsuccessful: alter table quark_posts drop foreign key FKnxd3qh1m3c0o6tc3ojfa8fm6o
2025-07-04 08:55:39.610 ERROR 2832 --- [           main] org.hibernate.tool.hbm2ddl.SchemaExport  : Table "QUARK_POSTS" not found (this database is empty); SQL statement:
alter table quark_posts drop foreign key FKnxd3qh1m3c0o6tc3ojfa8fm6o [42104-214]
Hibernate: alter table quark_posts drop foreign key FK41ebsa5jpn18egdtjo6uiaugn
2025-07-04 08:55:39.610 ERROR 2832 --- [           main] org.hibernate.tool.hbm2ddl.SchemaExport  : HHH000389: Unsuccessful: alter table quark_posts drop foreign key FK41ebsa5jpn18egdtjo6uiaugn
2025-07-04 08:55:39.610 ERROR 2832 --- [           main] org.hibernate.tool.hbm2ddl.SchemaExport  : Table "QUARK_POSTS" not found (this database is empty); SQL statement:
alter table quark_posts drop foreign key FK41ebsa5jpn18egdtjo6uiaugn [42104-214]
Hibernate: alter table quark_reply drop foreign key FKnr6a7xtk9rm31ptn6gchi9113
2025-07-04 08:55:39.610 ERROR 2832 --- [           main] org.hibernate.tool.hbm2ddl.SchemaExport  : HHH000389: Unsuccessful: alter table quark_reply drop foreign key FKnr6a7xtk9rm31ptn6gchi9113
2025-07-04 08:55:39.610 ERROR 2832 --- [           main] org.hibernate.tool.hbm2ddl.SchemaExport  : Table "QUARK_REPLY" not found (this database is empty); SQL statement:
alter table quark_reply drop foreign key FKnr6a7xtk9rm31ptn6gchi9113 [42104-214]
Hibernate: alter table quark_reply drop foreign key FKnt12hb9oqfm5eamjpg27bkpvv
2025-07-04 08:55:39.610 ERROR 2832 --- [           main] org.hibernate.tool.hbm2ddl.SchemaExport  : HHH000389: Unsuccessful: alter table quark_reply drop foreign key FKnt12hb9oqfm5eamjpg27bkpvv
2025-07-04 08:55:39.610 ERROR 2832 --- [           main] org.hibernate.tool.hbm2ddl.SchemaExport  : Table "QUARK_REPLY" not found (this database is empty); SQL statement:
alter table quark_reply drop foreign key FKnt12hb9oqfm5eamjpg27bkpvv [42104-214]
Hibernate: alter table quark_role_permission drop foreign key FKlsdkf5vtsq5qvepw45r0y89jw
2025-07-04 08:55:39.610 ERROR 2832 --- [           main] org.hibernate.tool.hbm2ddl.SchemaExport  : HHH000389: Unsuccessful: alter table quark_role_permission drop foreign key FKlsdkf5vtsq5qvepw45r0y89jw
2025-07-04 08:55:39.611 ERROR 2832 --- [           main] org.hibernate.tool.hbm2ddl.SchemaExport  : Table "QUARK_ROLE_PERMISSION" not found (this database is empty); SQL statement:
alter table quark_role_permission drop foreign key FKlsdkf5vtsq5qvepw45r0y89jw [42104-214]
Hibernate: alter table quark_role_permission drop foreign key FK763ep4ix05naeoliv21sm6m81
2025-07-04 08:55:39.611 ERROR 2832 --- [           main] org.hibernate.tool.hbm2ddl.SchemaExport  : HHH000389: Unsuccessful: alter table quark_role_permission drop foreign key FK763ep4ix05naeoliv21sm6m81
2025-07-04 08:55:39.611 ERROR 2832 --- [           main] org.hibernate.tool.hbm2ddl.SchemaExport  : Table "QUARK_ROLE_PERMISSION" not found (this database is empty); SQL statement:
alter table quark_role_permission drop foreign key FK763ep4ix05naeoliv21sm6m81 [42104-214]
Hibernate: drop table if exists chat_message
Hibernate: drop table if exists collect
Hibernate: drop table if exists favorites
Hibernate: drop table if exists quark_adminuser
Hibernate: drop table if exists quark_adminuser_role
Hibernate: drop table if exists quark_label
Hibernate: drop table if exists quark_notification
Hibernate: drop table if exists quark_permission
Hibernate: drop table if exists quark_posts
Hibernate: drop table if exists quark_reply
Hibernate: drop table if exists quark_role
Hibernate: drop table if exists quark_role_permission
Hibernate: drop table if exists quark_user
Hibernate: create table chat_message (id bigint not null auto_increment, content TEXT not null, from_id bigint not null, init_time tinyblob not null, to_id bigint not null, primary key (id))
Hibernate: create table collect (id integer not null auto_increment, init_time datetime, posts_id integer not null, user_id integer not null, primary key (id))
Hibernate: create table favorites (id integer not null auto_increment, init_time datetime, posts_id integer not null, user_id integer not null, primary key (id))
Hibernate: create table quark_adminuser (id integer not null auto_increment, enable integer not null, password varchar(255) not null, username varchar(255) not null, primary key (id))
Hibernate: create table quark_adminuser_role (adminuser_id integer not null, role_id integer not null, primary key (adminuser_id, role_id))
Hibernate: create table quark_label (id integer not null auto_increment, details varchar(255), name varchar(255) not null, posts_count integer, primary key (id))
Hibernate: create table quark_notification (id integer not null auto_increment, init_time datetime not null, is_read bit, fromuser_id integer not null, posts_id integer not null, touser_id integer not null, primary key (id))
Hibernate: create table quark_permission (id integer not null auto_increment, name varchar(255), parentid integer not null, perurl varchar(255), sort integer, type integer, primary key (id))
Hibernate: create table quark_posts (id integer not null auto_increment, collet_num integer, content text, good bit not null, init_time datetime not null, like_num integer, reply_count integer, title varchar(255) not null, top bit not null, label_id integer not null, user_id integer not null, primary key (id))
Hibernate: create table quark_reply (id integer not null auto_increment, content text not null, init_time datetime, up integer, posts_id integer not null, user_id integer not null, primary key (id))
Hibernate: create table quark_role (id integer not null auto_increment, description varchar(255), name varchar(255) not null, primary key (id))
Hibernate: create table quark_role_permission (role_id integer not null, permissions_id integer not null, primary key (role_id, permissions_id))
Hibernate: create table quark_user (id integer not null auto_increment, email varchar(255) not null, enable integer not null, icon varchar(255), init_time datetime not null, password varchar(255) not null, school varchar(255), sex integer, signature varchar(255), username varchar(255) not null, primary key (id))
Hibernate: alter table collect add constraint uniq_user_post unique (user_id, posts_id)
Hibernate: alter table favorites add constraint uniq_user_post unique (user_id, posts_id)
2025-07-04 08:55:39.629 ERROR 2832 --- [           main] org.hibernate.tool.hbm2ddl.SchemaExport  : HHH000389: Unsuccessful: alter table favorites add constraint uniq_user_post unique (user_id, posts_id)
2025-07-04 08:55:39.629 ERROR 2832 --- [           main] org.hibernate.tool.hbm2ddl.SchemaExport  : Constraint "UNIQ_USER_POST" already exists; SQL statement:
alter table favorites add constraint uniq_user_post unique (user_id, posts_id) [90045-214]
Hibernate: alter table quark_adminuser add constraint UK_4erqa44qkwwkl539xouso7v4c unique (username)
Hibernate: alter table quark_label add constraint UK_6vml4ba2itmaor84892v92b1f unique (name)
Hibernate: alter table quark_posts add constraint UK_46eh0lt2x9ftqcv9tjs8meqj8 unique (title)
Hibernate: alter table quark_role add constraint UK_ff572j64wr6y4taed1c27vfo6 unique (name)
Hibernate: alter table quark_user add constraint UK_2uqfoo05i1p5qm4ntysj2ivbs unique (username)
Hibernate: alter table collect add constraint FKk6s5f6l79b2fxwasmo1x20u2y foreign key (posts_id) references quark_posts (id)
Hibernate: alter table collect add constraint FKe2lyp0xuocrxaydyqpdnphjqa foreign key (user_id) references quark_user (id)
Hibernate: alter table favorites add constraint FKlyg2xt80kjg3x3vs6i9cl8445 foreign key (posts_id) references quark_posts (id)
Hibernate: alter table favorites add constraint FKlpoi1khp6u537q7e0uwg9k6ia foreign key (user_id) references quark_user (id)
Hibernate: alter table quark_adminuser_role add constraint FK26lllx1jn0c1k8f8oj2qt4io1 foreign key (role_id) references quark_role (id)
Hibernate: alter table quark_adminuser_role add constraint FKatv5o94k3fooskwr53rvqfven foreign key (adminuser_id) references quark_adminuser (id)
Hibernate: alter table quark_notification add constraint FKac4wjs0b3992ohkf61jy4ilmj foreign key (fromuser_id) references quark_user (id)
Hibernate: alter table quark_notification add constraint FKilg05a7ki3vkv7lfjnn57pdw2 foreign key (posts_id) references quark_posts (id)
Hibernate: alter table quark_notification add constraint FKquscxmtiqggsch7w833ywubux foreign key (touser_id) references quark_user (id)
Hibernate: alter table quark_posts add constraint FKnxd3qh1m3c0o6tc3ojfa8fm6o foreign key (label_id) references quark_label (id)
Hibernate: alter table quark_posts add constraint FK41ebsa5jpn18egdtjo6uiaugn foreign key (user_id) references quark_user (id)
Hibernate: alter table quark_reply add constraint FKnr6a7xtk9rm31ptn6gchi9113 foreign key (posts_id) references quark_posts (id)
Hibernate: alter table quark_reply add constraint FKnt12hb9oqfm5eamjpg27bkpvv foreign key (user_id) references quark_user (id)
Hibernate: alter table quark_role_permission add constraint FKlsdkf5vtsq5qvepw45r0y89jw foreign key (permissions_id) references quark_permission (id)
Hibernate: alter table quark_role_permission add constraint FK763ep4ix05naeoliv21sm6m81 foreign key (role_id) references quark_role (id)
2025-07-04 08:55:39.653  INFO 2832 --- [           main] org.hibernate.tool.hbm2ddl.SchemaExport  : HHH000230: Schema export complete
2025-07-04 08:55:39.688  INFO 2832 --- [           main] j.LocalContainerEntityManagerFactoryBean : Initialized JPA EntityManagerFactory for persistence unit 'default'
2025-07-04 08:55:39.690  INFO 2832 --- [           main] trationDelegate$BeanPostProcessorChecker : Bean 'entityManagerFactory' of type [org.springframework.orm.jpa.LocalContainerEntityManagerFactoryBean] is not eligible for getting processed by all BeanPostProcessors (for example: not eligible for auto-proxying)
2025-07-04 08:55:39.690  INFO 2832 --- [           main] trationDelegate$BeanPostProcessorChecker : Bean 'entityManagerFactory' of type [jdk.proxy2.$Proxy96] is not eligible for getting processed by all BeanPostProcessors (for example: not eligible for auto-proxying)
2025-07-04 08:55:39.699  INFO 2832 --- [           main] trationDelegate$BeanPostProcessorChecker : Bean '(inner bean)#46911148' of type [jdk.proxy2.$Proxy98] is not eligible for getting processed by all BeanPostProcessors (for example: not eligible for auto-proxying)
2025-07-04 08:55:39.744  INFO 2832 --- [           main] trationDelegate$BeanPostProcessorChecker : Bean 'jpaMappingContext' of type [org.springframework.data.jpa.repository.config.JpaMetamodelMappingContextFactoryBean] is not eligible for getting processed by all BeanPostProcessors (for example: not eligible for auto-proxying)
2025-07-04 08:55:39.744  INFO 2832 --- [           main] trationDelegate$BeanPostProcessorChecker : Bean 'jpaMappingContext' of type [org.springframework.data.jpa.mapping.JpaMetamodelMappingContext] is not eligible for getting processed by all BeanPostProcessors (for example: not eligible for auto-proxying)
2025-07-04 08:55:39.889  INFO 2832 --- [           main] trationDelegate$BeanPostProcessorChecker : Bean 'permissionDao' of type [org.springframework.data.jpa.repository.support.JpaRepositoryFactoryBean] is not eligible for getting processed by all BeanPostProcessors (for example: not eligible for auto-proxying)
2025-07-04 08:55:39.890  INFO 2832 --- [           main] trationDelegate$BeanPostProcessorChecker : Bean 'permissionDao' of type [jdk.proxy2.$Proxy101] is not eligible for getting processed by all BeanPostProcessors (for example: not eligible for auto-proxying)
2025-07-04 08:55:39.901  INFO 2832 --- [           main] trationDelegate$BeanPostProcessorChecker : Bean '(inner bean)#3c4c7e51' of type [org.springframework.beans.factory.config.PropertiesFactoryBean] is not eligible for getting processed by all BeanPostProcessors (for example: not eligible for auto-proxying)
2025-07-04 08:55:39.901  INFO 2832 --- [           main] trationDelegate$BeanPostProcessorChecker : Bean '(inner bean)#3c4c7e51' of type [java.util.Properties] is not eligible for getting processed by all BeanPostProcessors (for example: not eligible for auto-proxying)
2025-07-04 08:55:39.902  INFO 2832 --- [           main] trationDelegate$BeanPostProcessorChecker : Bean '(inner bean)#54970127' of type [org.springframework.data.repository.core.support.PropertiesBasedNamedQueries] is not eligible for getting processed by all BeanPostProcessors (for example: not eligible for auto-proxying)
2025-07-04 08:55:39.903  INFO 2832 --- [           main] trationDelegate$BeanPostProcessorChecker : Bean '(inner bean)#349aeec4' of type [org.springframework.data.repository.query.ExtensionAwareEvaluationContextProvider] is not eligible for getting processed by all BeanPostProcessors (for example: not eligible for auto-proxying)
2025-07-04 08:55:39.904  INFO 2832 --- [           main] trationDelegate$BeanPostProcessorChecker : Bean '(inner bean)#78a165db' of type [jdk.proxy2.$Proxy98] is not eligible for getting processed by all BeanPostProcessors (for example: not eligible for auto-proxying)
2025-07-04 08:55:39.908  INFO 2832 --- [           main] trationDelegate$BeanPostProcessorChecker : Bean 'roleDao' of type [org.springframework.data.jpa.repository.support.JpaRepositoryFactoryBean] is not eligible for getting processed by all BeanPostProcessors (for example: not eligible for auto-proxying)
2025-07-04 08:55:39.909  INFO 2832 --- [           main] trationDelegate$BeanPostProcessorChecker : Bean 'roleDao' of type [jdk.proxy2.$Proxy103] is not eligible for getting processed by all BeanPostProcessors (for example: not eligible for auto-proxying)
2025-07-04 08:55:39.914  INFO 2832 --- [           main] trationDelegate$BeanPostProcessorChecker : Bean '(inner bean)#17d19538' of type [org.springframework.beans.factory.config.PropertiesFactoryBean] is not eligible for getting processed by all BeanPostProcessors (for example: not eligible for auto-proxying)
2025-07-04 08:55:39.915  INFO 2832 --- [           main] trationDelegate$BeanPostProcessorChecker : Bean '(inner bean)#17d19538' of type [java.util.Properties] is not eligible for getting processed by all BeanPostProcessors (for example: not eligible for auto-proxying)
2025-07-04 08:55:39.915  INFO 2832 --- [           main] trationDelegate$BeanPostProcessorChecker : Bean '(inner bean)#ba87c11' of type [org.springframework.data.repository.core.support.PropertiesBasedNamedQueries] is not eligible for getting processed by all BeanPostProcessors (for example: not eligible for auto-proxying)
2025-07-04 08:55:39.916  INFO 2832 --- [           main] trationDelegate$BeanPostProcessorChecker : Bean '(inner bean)#37ade216' of type [org.springframework.data.repository.query.ExtensionAwareEvaluationContextProvider] is not eligible for getting processed by all BeanPostProcessors (for example: not eligible for auto-proxying)
2025-07-04 08:55:39.917  INFO 2832 --- [           main] trationDelegate$BeanPostProcessorChecker : Bean '(inner bean)#6032622' of type [jdk.proxy2.$Proxy98] is not eligible for getting processed by all BeanPostProcessors (for example: not eligible for auto-proxying)
2025-07-04 08:55:39.980  INFO 2832 --- [           main] trationDelegate$BeanPostProcessorChecker : Bean 'adminUserDao' of type [org.springframework.data.jpa.repository.support.JpaRepositoryFactoryBean] is not eligible for getting processed by all BeanPostProcessors (for example: not eligible for auto-proxying)
2025-07-04 08:55:39.980  INFO 2832 --- [           main] trationDelegate$BeanPostProcessorChecker : Bean 'adminUserDao' of type [jdk.proxy2.$Proxy104] is not eligible for getting processed by all BeanPostProcessors (for example: not eligible for auto-proxying)
2025-07-04 08:55:40.010  INFO 2832 --- [           main] trationDelegate$BeanPostProcessorChecker : Bean 'adminUserServiceImpl' of type [com.quark.admin.service.impl.AdminUserServiceImpl] is not eligible for getting processed by all BeanPostProcessors (for example: not eligible for auto-proxying)
2025-07-04 08:55:40.020  INFO 2832 --- [           main] trationDelegate$BeanPostProcessorChecker : Bean 'roleServiceImpl' of type [com.quark.admin.service.impl.RoleServiceImpl] is not eligible for getting processed by all BeanPostProcessors (for example: not eligible for auto-proxying)
2025-07-04 08:55:40.021  INFO 2832 --- [           main] trationDelegate$BeanPostProcessorChecker : Bean 'permissionServiceImpl' of type [com.quark.admin.service.impl.PermissionServiceImpl] is not eligible for getting processed by all BeanPostProcessors (for example: not eligible for auto-proxying)
2025-07-04 08:55:40.022  INFO 2832 --- [           main] trationDelegate$BeanPostProcessorChecker : Bean 'shiroConfig' of type [com.quark.admin.config.ShiroConfig$$EnhancerBySpringCGLIB$$63d56cb4] is not eligible for getting processed by all BeanPostProcessors (for example: not eligible for auto-proxying)
2025-07-04 08:55:40.095  INFO 2832 --- [           main] trationDelegate$BeanPostProcessorChecker : Bean 'hashedCredentialsMatcher' of type [org.apache.shiro.authc.credential.HashedCredentialsMatcher] is not eligible for getting processed by all BeanPostProcessors (for example: not eligible for auto-proxying)
2025-07-04 08:55:40.106  INFO 2832 --- [           main] trationDelegate$BeanPostProcessorChecker : Bean 'getMyShiroRealm' of type [com.quark.admin.shiro.MyShiroRealm] is not eligible for getting processed by all BeanPostProcessors (for example: not eligible for auto-proxying)
2025-07-04 08:55:40.121  INFO 2832 --- [           main] trationDelegate$BeanPostProcessorChecker : Bean 'redisSessionDAO' of type [org.crazycake.shiro.RedisSessionDAO] is not eligible for getting processed by all BeanPostProcessors (for example: not eligible for auto-proxying)
2025-07-04 08:55:40.129  INFO 2832 --- [           main] trationDelegate$BeanPostProcessorChecker : Bean 'sessionManager' of type [org.apache.shiro.web.session.mgt.DefaultWebSessionManager] is not eligible for getting processed by all BeanPostProcessors (for example: not eligible for auto-proxying)
2025-07-04 08:55:40.138  INFO 2832 --- [           main] trationDelegate$BeanPostProcessorChecker : Bean 'securityManager' of type [org.apache.shiro.web.mgt.DefaultWebSecurityManager] is not eligible for getting processed by all BeanPostProcessors (for example: not eligible for auto-proxying)
2025-07-04 08:55:40.149  INFO 2832 --- [           main] trationDelegate$BeanPostProcessorChecker : Bean 'authorizationAttributeSourceAdvisor' of type [org.apache.shiro.spring.security.interceptor.AuthorizationAttributeSourceAdvisor] is not eligible for getting processed by all BeanPostProcessors (for example: not eligible for auto-proxying)
2025-07-04 08:55:40.158  INFO 2832 --- [           main] trationDelegate$BeanPostProcessorChecker : Bean 'redisConfig' of type [com.quark.admin.config.RedisConfig$$EnhancerBySpringCGLIB$$aea3f3fe] is not eligible for getting processed by all BeanPostProcessors (for example: not eligible for auto-proxying)
2025-07-04 08:55:40.160  INFO 2832 --- [           main] trationDelegate$BeanPostProcessorChecker : Bean 'org.springframework.cache.annotation.ProxyCachingConfiguration' of type [org.springframework.cache.annotation.ProxyCachingConfiguration$$EnhancerBySpringCGLIB$$eb753902] is not eligible for getting processed by all BeanPostProcessors (for example: not eligible for auto-proxying)
2025-07-04 08:55:40.173  INFO 2832 --- [           main] trationDelegate$BeanPostProcessorChecker : Bean 'org.springframework.boot.autoconfigure.cache.CacheAutoConfiguration' of type [org.springframework.boot.autoconfigure.cache.CacheAutoConfiguration$$EnhancerBySpringCGLIB$$dfe8fda6] is not eligible for getting processed by all BeanPostProcessors (for example: not eligible for auto-proxying)
2025-07-04 08:55:40.182  INFO 2832 --- [           main] trationDelegate$BeanPostProcessorChecker : Bean 'spring.cache-org.springframework.boot.autoconfigure.cache.CacheProperties' of type [org.springframework.boot.autoconfigure.cache.CacheProperties] is not eligible for getting processed by all BeanPostProcessors (for example: not eligible for auto-proxying)
2025-07-04 08:55:40.187  INFO 2832 --- [           main] trationDelegate$BeanPostProcessorChecker : Bean 'cacheManagerCustomizers' of type [org.springframework.boot.autoconfigure.cache.CacheManagerCustomizers] is not eligible for getting processed by all BeanPostProcessors (for example: not eligible for auto-proxying)
2025-07-04 08:55:40.190  INFO 2832 --- [           main] trationDelegate$BeanPostProcessorChecker : Bean 'org.springframework.boot.autoconfigure.cache.EhCacheCacheConfiguration' of type [org.springframework.boot.autoconfigure.cache.EhCacheCacheConfiguration$$EnhancerBySpringCGLIB$$7a87caa4] is not eligible for getting processed by all BeanPostProcessors (for example: not eligible for auto-proxying)
2025-07-04 08:55:40.378  INFO 2832 --- [           main] trationDelegate$BeanPostProcessorChecker : Bean 'ehCacheCacheManager' of type [net.sf.ehcache.CacheManager] is not eligible for getting processed by all BeanPostProcessors (for example: not eligible for auto-proxying)
2025-07-04 08:55:40.385  INFO 2832 --- [           main] trationDelegate$BeanPostProcessorChecker : Bean 'cacheManager' of type [org.springframework.cache.ehcache.EhCacheCacheManager] is not eligible for getting processed by all BeanPostProcessors (for example: not eligible for auto-proxying)
2025-07-04 08:55:40.387  INFO 2832 --- [           main] trationDelegate$BeanPostProcessorChecker : Bean 'cacheAutoConfigurationValidator' of type [org.springframework.boot.autoconfigure.cache.CacheAutoConfiguration$CacheManagerValidator] is not eligible for getting processed by all BeanPostProcessors (for example: not eligible for auto-proxying)
2025-07-04 08:55:40.422  INFO 2832 --- [           main] trationDelegate$BeanPostProcessorChecker : Bean 'transactionManager' of type [org.springframework.orm.jpa.JpaTransactionManager] is not eligible for getting processed by all BeanPostProcessors (for example: not eligible for auto-proxying)
2025-07-04 08:55:40.441  INFO 2832 --- [           main] o.h.h.i.QueryTranslatorFactoryInitiator  : HHH000397: Using ASTQueryTranslatorFactory
Hibernate: select permission0_.id as id1_7_, permission0_.name as name2_7_, permission0_.parentid as parentid3_7_, permission0_.perurl as perurl4_7_, permission0_.sort as sort5_7_, permission0_.type as type6_7_ from quark_permission permission0_
2025-07-04 08:55:40.508 DEBUG 2832 --- [           main] o.s.w.c.s.GenericWebApplicationContext   : Unable to locate MessageSource with name 'messageSource': using default [org.springframework.context.support.DelegatingMessageSource@75312c94]
2025-07-04 08:55:40.509 DEBUG 2832 --- [           main] o.s.w.c.s.GenericWebApplicationContext   : Unable to locate ApplicationEventMulticaster with name 'applicationEventMulticaster': using default [org.springframework.context.event.SimpleApplicationEventMulticaster@140cfc5f]
2025-07-04 08:55:40.696  INFO 2832 --- [           main] sConfig$$EnhancerBySpringCGLIB$$aea3f3fe : JedisPool注入成功！！
2025-07-04 08:55:40.697  INFO 2832 --- [           main] sConfig$$EnhancerBySpringCGLIB$$aea3f3fe : redis地址：154.9.24.233:6379
2025-07-04 08:55:41.389  INFO 2832 --- [           main] s.w.s.m.m.a.RequestMappingHandlerAdapter : Looking for @ControllerAdvice: org.springframework.web.context.support.GenericWebApplicationContext@47f4e407: startup date [Fri Jul 04 08:55:36 CST 2025]; root of context hierarchy
2025-07-04 08:55:41.449 DEBUG 2832 --- [           main] s.w.s.m.m.a.RequestMappingHandlerMapping : Looking for request mappings in application context: org.springframework.web.context.support.GenericWebApplicationContext@47f4e407: startup date [Fri Jul 04 08:55:36 CST 2025]; root of context hierarchy
2025-07-04 08:55:41.459 DEBUG 2832 --- [           main] s.w.s.m.m.a.RequestMappingHandlerMapping : 5 request handler methods found on class com.quark.admin.controller.AdminUserController: {public com.quark.common.dto.PageResult com.quark.admin.controller.AdminUserController.getAll(com.quark.common.entity.AdminUser,java.lang.String,int,int)={[/admins],methods=[GET]}, public com.quark.common.dto.QuarkResult com.quark.admin.controller.AdminUserController.saveAdminEnable(java.lang.Integer[])={[/admins/saveAdminEnable],methods=[POST]}, public com.quark.common.dto.QuarkResult com.quark.admin.controller.AdminUserController.saveAdminRoles(java.lang.Integer,java.lang.Integer[])={[/admins/saveAdminRoles],methods=[POST]}, public com.quark.common.dto.QuarkResult com.quark.admin.controller.AdminUserController.addAdmin(com.quark.common.entity.AdminUser)={[/admins/add],methods=[POST]}, public com.quark.common.dto.QuarkResult com.quark.admin.controller.AdminUserController.deleteAdmin(com.quark.common.entity.AdminUser[])={[/admins/delete],methods=[POST]}}
2025-07-04 08:55:41.460  INFO 2832 --- [           main] s.w.s.m.m.a.RequestMappingHandlerMapping : Mapped "{[/admins],methods=[GET]}" onto public com.quark.common.dto.PageResult com.quark.admin.controller.AdminUserController.getAll(com.quark.common.entity.AdminUser,java.lang.String,int,int)
2025-07-04 08:55:41.460  INFO 2832 --- [           main] s.w.s.m.m.a.RequestMappingHandlerMapping : Mapped "{[/admins/saveAdminEnable],methods=[POST]}" onto public com.quark.common.dto.QuarkResult com.quark.admin.controller.AdminUserController.saveAdminEnable(java.lang.Integer[])
2025-07-04 08:55:41.460  INFO 2832 --- [           main] s.w.s.m.m.a.RequestMappingHandlerMapping : Mapped "{[/admins/saveAdminRoles],methods=[POST]}" onto public com.quark.common.dto.QuarkResult com.quark.admin.controller.AdminUserController.saveAdminRoles(java.lang.Integer,java.lang.Integer[])
2025-07-04 08:55:41.462  INFO 2832 --- [           main] s.w.s.m.m.a.RequestMappingHandlerMapping : Mapped "{[/admins/add],methods=[POST]}" onto public com.quark.common.dto.QuarkResult com.quark.admin.controller.AdminUserController.addAdmin(com.quark.common.entity.AdminUser)
2025-07-04 08:55:41.462  INFO 2832 --- [           main] s.w.s.m.m.a.RequestMappingHandlerMapping : Mapped "{[/admins/delete],methods=[POST]}" onto public com.quark.common.dto.QuarkResult com.quark.admin.controller.AdminUserController.deleteAdmin(com.quark.common.entity.AdminUser[])
2025-07-04 08:55:41.462 DEBUG 2832 --- [           main] s.w.s.m.m.a.RequestMappingHandlerMapping : 3 request handler methods found on class com.quark.admin.controller.LabelController: {public com.quark.common.dto.PageResult com.quark.admin.controller.LabelController.getAll(java.lang.String,int,int)={[/labels],methods=[GET]}, public com.quark.common.dto.QuarkResult com.quark.admin.controller.LabelController.addLabels(com.quark.common.entity.Label)={[/labels/add],methods=[POST]}, public com.quark.common.dto.QuarkResult com.quark.admin.controller.LabelController.deleteLabels(com.quark.common.entity.Label[])={[/labels/delete],methods=[POST]}}
2025-07-04 08:55:41.463  INFO 2832 --- [           main] s.w.s.m.m.a.RequestMappingHandlerMapping : Mapped "{[/labels],methods=[GET]}" onto public com.quark.common.dto.PageResult com.quark.admin.controller.LabelController.getAll(java.lang.String,int,int)
2025-07-04 08:55:41.463  INFO 2832 --- [           main] s.w.s.m.m.a.RequestMappingHandlerMapping : Mapped "{[/labels/add],methods=[POST]}" onto public com.quark.common.dto.QuarkResult com.quark.admin.controller.LabelController.addLabels(com.quark.common.entity.Label)
2025-07-04 08:55:41.463  INFO 2832 --- [           main] s.w.s.m.m.a.RequestMappingHandlerMapping : Mapped "{[/labels/delete],methods=[POST]}" onto public com.quark.common.dto.QuarkResult com.quark.admin.controller.LabelController.deleteLabels(com.quark.common.entity.Label[])
2025-07-04 08:55:41.463 DEBUG 2832 --- [           main] s.w.s.m.m.a.RequestMappingHandlerMapping : 1 request handler methods found on class com.quark.admin.controller.LogoutController: {public java.lang.String com.quark.admin.controller.LogoutController.logout()={[/logout]}}
2025-07-04 08:55:41.463  INFO 2832 --- [           main] s.w.s.m.m.a.RequestMappingHandlerMapping : Mapped "{[/logout]}" onto public java.lang.String com.quark.admin.controller.LogoutController.logout()
2025-07-04 08:55:41.464 DEBUG 2832 --- [           main] s.w.s.m.m.a.RequestMappingHandlerMapping : 10 request handler methods found on class com.quark.admin.controller.PageController: {public java.lang.String com.quark.admin.controller.PageController.login(javax.servlet.http.HttpServletRequest,com.quark.common.entity.AdminUser,org.springframework.ui.Model)={[/login],methods=[POST]}, public java.lang.String com.quark.admin.controller.PageController.login()={[/login],methods=[GET]}, public java.lang.String com.quark.admin.controller.PageController.AdminsPage()={[/adminsPage]}, public java.lang.String com.quark.admin.controller.PageController.RolesPage()={[/rolesPage]}, public java.lang.String com.quark.admin.controller.PageController.InitPage()={[/initPage]}, public java.lang.String com.quark.admin.controller.PageController.ReplysPage()={[/replysPage]}, public java.lang.String com.quark.admin.controller.PageController.UsersPage()={[/usersPage]}, public java.lang.String com.quark.admin.controller.PageController.LabelsPage()={[/labelsPage]}, public java.lang.String com.quark.admin.controller.PageController.PostsPage()={[/postsPage]}, public java.lang.String com.quark.admin.controller.PageController.PermissionPage()={[/permissionsPage]}}
2025-07-04 08:55:41.464  INFO 2832 --- [           main] s.w.s.m.m.a.RequestMappingHandlerMapping : Mapped "{[/login],methods=[POST]}" onto public java.lang.String com.quark.admin.controller.PageController.login(javax.servlet.http.HttpServletRequest,com.quark.common.entity.AdminUser,org.springframework.ui.Model)
2025-07-04 08:55:41.464  INFO 2832 --- [           main] s.w.s.m.m.a.RequestMappingHandlerMapping : Mapped "{[/login],methods=[GET]}" onto public java.lang.String com.quark.admin.controller.PageController.login()
2025-07-04 08:55:41.465  INFO 2832 --- [           main] s.w.s.m.m.a.RequestMappingHandlerMapping : Mapped "{[/adminsPage]}" onto public java.lang.String com.quark.admin.controller.PageController.AdminsPage()
2025-07-04 08:55:41.465  INFO 2832 --- [           main] s.w.s.m.m.a.RequestMappingHandlerMapping : Mapped "{[/rolesPage]}" onto public java.lang.String com.quark.admin.controller.PageController.RolesPage()
2025-07-04 08:55:41.465  INFO 2832 --- [           main] s.w.s.m.m.a.RequestMappingHandlerMapping : Mapped "{[/initPage]}" onto public java.lang.String com.quark.admin.controller.PageController.InitPage()
2025-07-04 08:55:41.465  INFO 2832 --- [           main] s.w.s.m.m.a.RequestMappingHandlerMapping : Mapped "{[/replysPage]}" onto public java.lang.String com.quark.admin.controller.PageController.ReplysPage()
2025-07-04 08:55:41.465  INFO 2832 --- [           main] s.w.s.m.m.a.RequestMappingHandlerMapping : Mapped "{[/usersPage]}" onto public java.lang.String com.quark.admin.controller.PageController.UsersPage()
2025-07-04 08:55:41.465  INFO 2832 --- [           main] s.w.s.m.m.a.RequestMappingHandlerMapping : Mapped "{[/labelsPage]}" onto public java.lang.String com.quark.admin.controller.PageController.LabelsPage()
2025-07-04 08:55:41.465  INFO 2832 --- [           main] s.w.s.m.m.a.RequestMappingHandlerMapping : Mapped "{[/postsPage]}" onto public java.lang.String com.quark.admin.controller.PageController.PostsPage()
2025-07-04 08:55:41.465  INFO 2832 --- [           main] s.w.s.m.m.a.RequestMappingHandlerMapping : Mapped "{[/permissionsPage]}" onto public java.lang.String com.quark.admin.controller.PageController.PermissionPage()
2025-07-04 08:55:41.465 DEBUG 2832 --- [           main] s.w.s.m.m.a.RequestMappingHandlerMapping : 5 request handler methods found on class com.quark.admin.controller.PermissionController: {public com.quark.common.dto.QuarkResult com.quark.admin.controller.PermissionController.add(com.quark.common.entity.Permission)={[/permissions/add],methods=[POST]}, public com.quark.common.dto.QuarkResult com.quark.admin.controller.PermissionController.delete(com.quark.common.entity.Permission[])={[/permissions/delete],methods=[POST]}, public com.quark.common.dto.PageResult com.quark.admin.controller.PermissionController.getAll(java.lang.String,int,int)={[/permissions],methods=[GET]}, public java.util.List com.quark.admin.controller.PermissionController.loadMenu()={[/permissions/loadMenu],methods=[POST]}, public com.quark.common.dto.QuarkResult com.quark.admin.controller.PermissionController.PermissionWithSelected(java.lang.Integer)={[/permissions/PermissionWithSelected],methods=[POST]}}
2025-07-04 08:55:41.467  INFO 2832 --- [           main] s.w.s.m.m.a.RequestMappingHandlerMapping : Mapped "{[/permissions/add],methods=[POST]}" onto public com.quark.common.dto.QuarkResult com.quark.admin.controller.PermissionController.add(com.quark.common.entity.Permission)
2025-07-04 08:55:41.467  INFO 2832 --- [           main] s.w.s.m.m.a.RequestMappingHandlerMapping : Mapped "{[/permissions/delete],methods=[POST]}" onto public com.quark.common.dto.QuarkResult com.quark.admin.controller.PermissionController.delete(com.quark.common.entity.Permission[])
2025-07-04 08:55:41.467  INFO 2832 --- [           main] s.w.s.m.m.a.RequestMappingHandlerMapping : Mapped "{[/permissions],methods=[GET]}" onto public com.quark.common.dto.PageResult com.quark.admin.controller.PermissionController.getAll(java.lang.String,int,int)
2025-07-04 08:55:41.467  INFO 2832 --- [           main] s.w.s.m.m.a.RequestMappingHandlerMapping : Mapped "{[/permissions/loadMenu],methods=[POST]}" onto public java.util.List<com.quark.common.entity.Permission> com.quark.admin.controller.PermissionController.loadMenu()
2025-07-04 08:55:41.467  INFO 2832 --- [           main] s.w.s.m.m.a.RequestMappingHandlerMapping : Mapped "{[/permissions/PermissionWithSelected],methods=[POST]}" onto public com.quark.common.dto.QuarkResult com.quark.admin.controller.PermissionController.PermissionWithSelected(java.lang.Integer)
2025-07-04 08:55:41.468 DEBUG 2832 --- [           main] s.w.s.m.m.a.RequestMappingHandlerMapping : 4 request handler methods found on class com.quark.admin.controller.PostsController: {public com.quark.common.dto.PageResult com.quark.admin.controller.PostsController.getAll(com.quark.common.entity.Posts,java.lang.Integer,java.lang.String,int,int)={[/posts],methods=[GET]}, public com.quark.common.dto.QuarkResult com.quark.admin.controller.PostsController.deletePosts(com.quark.common.entity.Posts[])={[/posts/delete],methods=[POST]}, public com.quark.common.dto.QuarkResult com.quark.admin.controller.PostsController.saveTop(java.lang.Integer[])={[/posts/saveTop],methods=[POST]}, public com.quark.common.dto.QuarkResult com.quark.admin.controller.PostsController.saveGood(java.lang.Integer[])={[/posts/saveGood],methods=[POST]}}
2025-07-04 08:55:41.468  INFO 2832 --- [           main] s.w.s.m.m.a.RequestMappingHandlerMapping : Mapped "{[/posts],methods=[GET]}" onto public com.quark.common.dto.PageResult com.quark.admin.controller.PostsController.getAll(com.quark.common.entity.Posts,java.lang.Integer,java.lang.String,int,int)
2025-07-04 08:55:41.469  INFO 2832 --- [           main] s.w.s.m.m.a.RequestMappingHandlerMapping : Mapped "{[/posts/delete],methods=[POST]}" onto public com.quark.common.dto.QuarkResult com.quark.admin.controller.PostsController.deletePosts(com.quark.common.entity.Posts[])
2025-07-04 08:55:41.469  INFO 2832 --- [           main] s.w.s.m.m.a.RequestMappingHandlerMapping : Mapped "{[/posts/saveTop],methods=[POST]}" onto public com.quark.common.dto.QuarkResult com.quark.admin.controller.PostsController.saveTop(java.lang.Integer[])
2025-07-04 08:55:41.469  INFO 2832 --- [           main] s.w.s.m.m.a.RequestMappingHandlerMapping : Mapped "{[/posts/saveGood],methods=[POST]}" onto public com.quark.common.dto.QuarkResult com.quark.admin.controller.PostsController.saveGood(java.lang.Integer[])
2025-07-04 08:55:41.470 DEBUG 2832 --- [           main] s.w.s.m.m.a.RequestMappingHandlerMapping : 2 request handler methods found on class com.quark.admin.controller.ReplyController: {public com.quark.common.dto.QuarkResult com.quark.admin.controller.ReplyController.delete(com.quark.common.entity.Reply[])={[/replys/delete],methods=[POST]}, public com.quark.common.dto.PageResult com.quark.admin.controller.ReplyController.getAll(com.quark.common.entity.Reply,java.lang.Integer,java.lang.String,int,int)={[/replys],methods=[GET]}}
2025-07-04 08:55:41.470  INFO 2832 --- [           main] s.w.s.m.m.a.RequestMappingHandlerMapping : Mapped "{[/replys/delete],methods=[POST]}" onto public com.quark.common.dto.QuarkResult com.quark.admin.controller.ReplyController.delete(com.quark.common.entity.Reply[])
2025-07-04 08:55:41.470  INFO 2832 --- [           main] s.w.s.m.m.a.RequestMappingHandlerMapping : Mapped "{[/replys],methods=[GET]}" onto public com.quark.common.dto.PageResult com.quark.admin.controller.ReplyController.getAll(com.quark.common.entity.Reply,java.lang.Integer,java.lang.String,int,int)
2025-07-04 08:55:41.470 DEBUG 2832 --- [           main] s.w.s.m.m.a.RequestMappingHandlerMapping : 5 request handler methods found on class com.quark.admin.controller.RoleController: {public com.quark.common.dto.QuarkResult com.quark.admin.controller.RoleController.add(com.quark.common.entity.Role)={[/roles/add],methods=[POST]}, public com.quark.common.dto.QuarkResult com.quark.admin.controller.RoleController.delete(com.quark.common.entity.Role[])={[/roles/delete],methods=[POST]}, public com.quark.common.dto.PageResult com.quark.admin.controller.RoleController.getAll(java.lang.String,int,int)={[/roles],methods=[GET]}, public com.quark.common.dto.QuarkResult com.quark.admin.controller.RoleController.saveRolePermission(java.lang.Integer,com.quark.common.entity.Permission[])={[/roles/saveRolePermission],methods=[POST]}, public com.quark.common.dto.QuarkResult com.quark.admin.controller.RoleController.rolesWithSelected(java.lang.Integer)={[/roles/rolesWithSelected],methods=[POST]}}
2025-07-04 08:55:41.472  INFO 2832 --- [           main] s.w.s.m.m.a.RequestMappingHandlerMapping : Mapped "{[/roles/add],methods=[POST]}" onto public com.quark.common.dto.QuarkResult com.quark.admin.controller.RoleController.add(com.quark.common.entity.Role)
2025-07-04 08:55:41.472  INFO 2832 --- [           main] s.w.s.m.m.a.RequestMappingHandlerMapping : Mapped "{[/roles/delete],methods=[POST]}" onto public com.quark.common.dto.QuarkResult com.quark.admin.controller.RoleController.delete(com.quark.common.entity.Role[])
2025-07-04 08:55:41.472  INFO 2832 --- [           main] s.w.s.m.m.a.RequestMappingHandlerMapping : Mapped "{[/roles],methods=[GET]}" onto public com.quark.common.dto.PageResult com.quark.admin.controller.RoleController.getAll(java.lang.String,int,int)
2025-07-04 08:55:41.472  INFO 2832 --- [           main] s.w.s.m.m.a.RequestMappingHandlerMapping : Mapped "{[/roles/saveRolePermission],methods=[POST]}" onto public com.quark.common.dto.QuarkResult com.quark.admin.controller.RoleController.saveRolePermission(java.lang.Integer,com.quark.common.entity.Permission[])
2025-07-04 08:55:41.472  INFO 2832 --- [           main] s.w.s.m.m.a.RequestMappingHandlerMapping : Mapped "{[/roles/rolesWithSelected],methods=[POST]}" onto public com.quark.common.dto.QuarkResult com.quark.admin.controller.RoleController.rolesWithSelected(java.lang.Integer)
2025-07-04 08:55:41.472 DEBUG 2832 --- [           main] s.w.s.m.m.a.RequestMappingHandlerMapping : 2 request handler methods found on class com.quark.admin.controller.UserController: {public com.quark.common.dto.PageResult com.quark.admin.controller.UserController.getAll(com.quark.common.entity.User,java.lang.String,int,int)={[/users],methods=[GET]}, public com.quark.common.dto.QuarkResult com.quark.admin.controller.UserController.saveUserEnable(java.lang.Integer[])={[/users/saveUserEnable],methods=[POST]}}
2025-07-04 08:55:41.472  INFO 2832 --- [           main] s.w.s.m.m.a.RequestMappingHandlerMapping : Mapped "{[/users],methods=[GET]}" onto public com.quark.common.dto.PageResult com.quark.admin.controller.UserController.getAll(com.quark.common.entity.User,java.lang.String,int,int)
2025-07-04 08:55:41.472  INFO 2832 --- [           main] s.w.s.m.m.a.RequestMappingHandlerMapping : Mapped "{[/users/saveUserEnable],methods=[POST]}" onto public com.quark.common.dto.QuarkResult com.quark.admin.controller.UserController.saveUserEnable(java.lang.Integer[])
2025-07-04 08:55:41.472 DEBUG 2832 --- [           main] s.w.s.m.m.a.RequestMappingHandlerMapping : 2 request handler methods found on class org.springframework.boot.autoconfigure.web.BasicErrorController: {public org.springframework.http.ResponseEntity org.springframework.boot.autoconfigure.web.BasicErrorController.error(javax.servlet.http.HttpServletRequest)={[/error]}, public org.springframework.web.servlet.ModelAndView org.springframework.boot.autoconfigure.web.BasicErrorController.errorHtml(javax.servlet.http.HttpServletRequest,javax.servlet.http.HttpServletResponse)={[/error],produces=[text/html]}}
2025-07-04 08:55:41.474  INFO 2832 --- [           main] s.w.s.m.m.a.RequestMappingHandlerMapping : Mapped "{[/error]}" onto public org.springframework.http.ResponseEntity<java.util.Map<java.lang.String, java.lang.Object>> org.springframework.boot.autoconfigure.web.BasicErrorController.error(javax.servlet.http.HttpServletRequest)
2025-07-04 08:55:41.474  INFO 2832 --- [           main] s.w.s.m.m.a.RequestMappingHandlerMapping : Mapped "{[/error],produces=[text/html]}" onto public org.springframework.web.servlet.ModelAndView org.springframework.boot.autoconfigure.web.BasicErrorController.errorHtml(javax.servlet.http.HttpServletRequest,javax.servlet.http.HttpServletResponse)
2025-07-04 08:55:41.491 DEBUG 2832 --- [           main] o.s.w.s.h.BeanNameUrlHandlerMapping      : Looking for URL mappings in application context: org.springframework.web.context.support.GenericWebApplicationContext@47f4e407: startup date [Fri Jul 04 08:55:36 CST 2025]; root of context hierarchy
2025-07-04 08:55:41.491 DEBUG 2832 --- [           main] o.s.w.s.h.BeanNameUrlHandlerMapping      : Rejected bean name 'org.springframework.boot.test.mock.mockito.MockitoPostProcessor$SpyPostProcessor': no URL paths identified
2025-07-04 08:55:41.491 DEBUG 2832 --- [           main] o.s.w.s.h.BeanNameUrlHandlerMapping      : Rejected bean name 'org.springframework.boot.test.mock.mockito.MockitoPostProcessor': no URL paths identified
2025-07-04 08:55:41.491 DEBUG 2832 --- [           main] o.s.w.s.h.BeanNameUrlHandlerMapping      : Rejected bean name 'org.springframework.context.annotation.internalConfigurationAnnotationProcessor': no URL paths identified
2025-07-04 08:55:41.491 DEBUG 2832 --- [           main] o.s.w.s.h.BeanNameUrlHandlerMapping      : Rejected bean name 'org.springframework.context.annotation.internalAutowiredAnnotationProcessor': no URL paths identified
2025-07-04 08:55:41.491 DEBUG 2832 --- [           main] o.s.w.s.h.BeanNameUrlHandlerMapping      : Rejected bean name 'org.springframework.context.annotation.internalRequiredAnnotationProcessor': no URL paths identified
2025-07-04 08:55:41.491 DEBUG 2832 --- [           main] o.s.w.s.h.BeanNameUrlHandlerMapping      : Rejected bean name 'org.springframework.context.annotation.internalCommonAnnotationProcessor': no URL paths identified
2025-07-04 08:55:41.492 DEBUG 2832 --- [           main] o.s.w.s.h.BeanNameUrlHandlerMapping      : Rejected bean name 'org.springframework.context.annotation.internalPersistenceAnnotationProcessor': no URL paths identified
2025-07-04 08:55:41.492 DEBUG 2832 --- [           main] o.s.w.s.h.BeanNameUrlHandlerMapping      : Rejected bean name 'org.springframework.context.event.internalEventListenerProcessor': no URL paths identified
2025-07-04 08:55:41.492 DEBUG 2832 --- [           main] o.s.w.s.h.BeanNameUrlHandlerMapping      : Rejected bean name 'org.springframework.context.event.internalEventListenerFactory': no URL paths identified
2025-07-04 08:55:41.492 DEBUG 2832 --- [           main] o.s.w.s.h.BeanNameUrlHandlerMapping      : Rejected bean name 'adminApplication': no URL paths identified
2025-07-04 08:55:41.492 DEBUG 2832 --- [           main] o.s.w.s.h.BeanNameUrlHandlerMapping      : Rejected bean name 'org.springframework.boot.autoconfigure.internalCachingMetadataReaderFactory': no URL paths identified
2025-07-04 08:55:41.492 DEBUG 2832 --- [           main] o.s.w.s.h.BeanNameUrlHandlerMapping      : Rejected bean name 'adminConfig': no URL paths identified
2025-07-04 08:55:41.492 DEBUG 2832 --- [           main] o.s.w.s.h.BeanNameUrlHandlerMapping      : Rejected bean name 'corsConfig': no URL paths identified
2025-07-04 08:55:41.492 DEBUG 2832 --- [           main] o.s.w.s.h.BeanNameUrlHandlerMapping      : Rejected bean name 'redisConfig': no URL paths identified
2025-07-04 08:55:41.492 DEBUG 2832 --- [           main] o.s.w.s.h.BeanNameUrlHandlerMapping      : Rejected bean name 'shiroConfig': no URL paths identified
2025-07-04 08:55:41.492 DEBUG 2832 --- [           main] o.s.w.s.h.BeanNameUrlHandlerMapping      : Rejected bean name 'adminUserController': no URL paths identified
2025-07-04 08:55:41.492 DEBUG 2832 --- [           main] o.s.w.s.h.BeanNameUrlHandlerMapping      : Rejected bean name 'labelController': no URL paths identified
2025-07-04 08:55:41.492 DEBUG 2832 --- [           main] o.s.w.s.h.BeanNameUrlHandlerMapping      : Rejected bean name 'logoutController': no URL paths identified
2025-07-04 08:55:41.492 DEBUG 2832 --- [           main] o.s.w.s.h.BeanNameUrlHandlerMapping      : Rejected bean name 'pageController': no URL paths identified
2025-07-04 08:55:41.492 DEBUG 2832 --- [           main] o.s.w.s.h.BeanNameUrlHandlerMapping      : Rejected bean name 'permissionController': no URL paths identified
2025-07-04 08:55:41.492 DEBUG 2832 --- [           main] o.s.w.s.h.BeanNameUrlHandlerMapping      : Rejected bean name 'postsController': no URL paths identified
2025-07-04 08:55:41.492 DEBUG 2832 --- [           main] o.s.w.s.h.BeanNameUrlHandlerMapping      : Rejected bean name 'replyController': no URL paths identified
2025-07-04 08:55:41.492 DEBUG 2832 --- [           main] o.s.w.s.h.BeanNameUrlHandlerMapping      : Rejected bean name 'roleController': no URL paths identified
2025-07-04 08:55:41.492 DEBUG 2832 --- [           main] o.s.w.s.h.BeanNameUrlHandlerMapping      : Rejected bean name 'userController': no URL paths identified
2025-07-04 08:55:41.493 DEBUG 2832 --- [           main] o.s.w.s.h.BeanNameUrlHandlerMapping      : Rejected bean name 'adminUserServiceImpl': no URL paths identified
2025-07-04 08:55:41.493 DEBUG 2832 --- [           main] o.s.w.s.h.BeanNameUrlHandlerMapping      : Rejected bean name 'labelServiceImpl': no URL paths identified
2025-07-04 08:55:41.493 DEBUG 2832 --- [           main] o.s.w.s.h.BeanNameUrlHandlerMapping      : Rejected bean name 'permissionServiceImpl': no URL paths identified
2025-07-04 08:55:41.493 DEBUG 2832 --- [           main] o.s.w.s.h.BeanNameUrlHandlerMapping      : Rejected bean name 'postsServiceImpl': no URL paths identified
2025-07-04 08:55:41.493 DEBUG 2832 --- [           main] o.s.w.s.h.BeanNameUrlHandlerMapping      : Rejected bean name 'replyServiceImpl': no URL paths identified
2025-07-04 08:55:41.493 DEBUG 2832 --- [           main] o.s.w.s.h.BeanNameUrlHandlerMapping      : Rejected bean name 'roleServiceImpl': no URL paths identified
2025-07-04 08:55:41.493 DEBUG 2832 --- [           main] o.s.w.s.h.BeanNameUrlHandlerMapping      : Rejected bean name 'userServiceImpl': no URL paths identified
2025-07-04 08:55:41.493 DEBUG 2832 --- [           main] o.s.w.s.h.BeanNameUrlHandlerMapping      : Rejected bean name 'shiroService': no URL paths identified
2025-07-04 08:55:41.493 DEBUG 2832 --- [           main] o.s.w.s.h.BeanNameUrlHandlerMapping      : Rejected bean name 'commonApplication': no URL paths identified
2025-07-04 08:55:41.493 DEBUG 2832 --- [           main] o.s.w.s.h.BeanNameUrlHandlerMapping      : Rejected bean name 'org.springframework.cache.annotation.ProxyCachingConfiguration': no URL paths identified
2025-07-04 08:55:41.493 DEBUG 2832 --- [           main] o.s.w.s.h.BeanNameUrlHandlerMapping      : Rejected bean name 'org.springframework.cache.config.internalCacheAdvisor': no URL paths identified
2025-07-04 08:55:41.493 DEBUG 2832 --- [           main] o.s.w.s.h.BeanNameUrlHandlerMapping      : Rejected bean name 'cacheOperationSource': no URL paths identified
2025-07-04 08:55:41.493 DEBUG 2832 --- [           main] o.s.w.s.h.BeanNameUrlHandlerMapping      : Rejected bean name 'cacheInterceptor': no URL paths identified
2025-07-04 08:55:41.493 DEBUG 2832 --- [           main] o.s.w.s.h.BeanNameUrlHandlerMapping      : Rejected bean name 'org.springframework.boot.autoconfigure.AutoConfigurationPackages': no URL paths identified
2025-07-04 08:55:41.493 DEBUG 2832 --- [           main] o.s.w.s.h.BeanNameUrlHandlerMapping      : Rejected bean name 'org.springframework.aop.config.internalAutoProxyCreator': no URL paths identified
2025-07-04 08:55:41.493 DEBUG 2832 --- [           main] o.s.w.s.h.BeanNameUrlHandlerMapping      : Rejected bean name 'redisPoolFactory': no URL paths identified
2025-07-04 08:55:41.493 DEBUG 2832 --- [           main] o.s.w.s.h.BeanNameUrlHandlerMapping      : Rejected bean name 'getMyShiroRealm': no URL paths identified
2025-07-04 08:55:41.493 DEBUG 2832 --- [           main] o.s.w.s.h.BeanNameUrlHandlerMapping      : Rejected bean name 'getLifecycleBeanPostProcessor': no URL paths identified
2025-07-04 08:55:41.493 DEBUG 2832 --- [           main] o.s.w.s.h.BeanNameUrlHandlerMapping      : Rejected bean name 'shiroDialect': no URL paths identified
2025-07-04 08:55:41.493 DEBUG 2832 --- [           main] o.s.w.s.h.BeanNameUrlHandlerMapping      : Rejected bean name 'shirFilter': no URL paths identified
2025-07-04 08:55:41.493 DEBUG 2832 --- [           main] o.s.w.s.h.BeanNameUrlHandlerMapping      : Rejected bean name 'securityManager': no URL paths identified
2025-07-04 08:55:41.493 DEBUG 2832 --- [           main] o.s.w.s.h.BeanNameUrlHandlerMapping      : Rejected bean name 'hashedCredentialsMatcher': no URL paths identified
2025-07-04 08:55:41.493 DEBUG 2832 --- [           main] o.s.w.s.h.BeanNameUrlHandlerMapping      : Rejected bean name 'authorizationAttributeSourceAdvisor': no URL paths identified
2025-07-04 08:55:41.493 DEBUG 2832 --- [           main] o.s.w.s.h.BeanNameUrlHandlerMapping      : Rejected bean name 'redisSessionDAO': no URL paths identified
2025-07-04 08:55:41.493 DEBUG 2832 --- [           main] o.s.w.s.h.BeanNameUrlHandlerMapping      : Rejected bean name 'sessionManager': no URL paths identified
2025-07-04 08:55:41.493 DEBUG 2832 --- [           main] o.s.w.s.h.BeanNameUrlHandlerMapping      : Rejected bean name 'containerCustomizer': no URL paths identified
2025-07-04 08:55:41.493 DEBUG 2832 --- [           main] o.s.w.s.h.BeanNameUrlHandlerMapping      : Rejected bean name 'org.springframework.boot.autoconfigure.context.PropertyPlaceholderAutoConfiguration': no URL paths identified
2025-07-04 08:55:41.493 DEBUG 2832 --- [           main] o.s.w.s.h.BeanNameUrlHandlerMapping      : Rejected bean name 'org.springframework.boot.autoconfigure.condition.BeanTypeRegistry': no URL paths identified
2025-07-04 08:55:41.493 DEBUG 2832 --- [           main] o.s.w.s.h.BeanNameUrlHandlerMapping      : Rejected bean name 'propertySourcesPlaceholderConfigurer': no URL paths identified
2025-07-04 08:55:41.493 DEBUG 2832 --- [           main] o.s.w.s.h.BeanNameUrlHandlerMapping      : Rejected bean name 'org.springframework.boot.autoconfigure.jackson.JacksonAutoConfiguration$Jackson2ObjectMapperBuilderCustomizerConfiguration': no URL paths identified
2025-07-04 08:55:41.494 DEBUG 2832 --- [           main] o.s.w.s.h.BeanNameUrlHandlerMapping      : Rejected bean name 'standardJacksonObjectMapperBuilderCustomizer': no URL paths identified
2025-07-04 08:55:41.494 DEBUG 2832 --- [           main] o.s.w.s.h.BeanNameUrlHandlerMapping      : Rejected bean name 'spring.jackson-org.springframework.boot.autoconfigure.jackson.JacksonProperties': no URL paths identified
2025-07-04 08:55:41.494 DEBUG 2832 --- [           main] o.s.w.s.h.BeanNameUrlHandlerMapping      : Rejected bean name 'org.springframework.boot.context.properties.ConfigurationPropertiesBindingPostProcessor': no URL paths identified
2025-07-04 08:55:41.494 DEBUG 2832 --- [           main] o.s.w.s.h.BeanNameUrlHandlerMapping      : Rejected bean name 'org.springframework.boot.context.properties.ConfigurationPropertiesBindingPostProcessor.store': no URL paths identified
2025-07-04 08:55:41.494 DEBUG 2832 --- [           main] o.s.w.s.h.BeanNameUrlHandlerMapping      : Rejected bean name 'org.springframework.boot.autoconfigure.jackson.JacksonAutoConfiguration$JacksonObjectMapperBuilderConfiguration': no URL paths identified
2025-07-04 08:55:41.494 DEBUG 2832 --- [           main] o.s.w.s.h.BeanNameUrlHandlerMapping      : Rejected bean name 'jacksonObjectMapperBuilder': no URL paths identified
2025-07-04 08:55:41.494 DEBUG 2832 --- [           main] o.s.w.s.h.BeanNameUrlHandlerMapping      : Rejected bean name 'org.springframework.boot.autoconfigure.jackson.JacksonAutoConfiguration$JacksonObjectMapperConfiguration': no URL paths identified
2025-07-04 08:55:41.494 DEBUG 2832 --- [           main] o.s.w.s.h.BeanNameUrlHandlerMapping      : Rejected bean name 'jacksonObjectMapper': no URL paths identified
2025-07-04 08:55:41.494 DEBUG 2832 --- [           main] o.s.w.s.h.BeanNameUrlHandlerMapping      : Rejected bean name 'org.springframework.boot.autoconfigure.jackson.JacksonAutoConfiguration': no URL paths identified
2025-07-04 08:55:41.494 DEBUG 2832 --- [           main] o.s.w.s.h.BeanNameUrlHandlerMapping      : Rejected bean name 'jsonComponentModule': no URL paths identified
2025-07-04 08:55:41.494 DEBUG 2832 --- [           main] o.s.w.s.h.BeanNameUrlHandlerMapping      : Rejected bean name 'org.springframework.boot.autoconfigure.websocket.WebSocketAutoConfiguration$TomcatWebSocketConfiguration': no URL paths identified
2025-07-04 08:55:41.494 DEBUG 2832 --- [           main] o.s.w.s.h.BeanNameUrlHandlerMapping      : Rejected bean name 'websocketContainerCustomizer': no URL paths identified
2025-07-04 08:55:41.494 DEBUG 2832 --- [           main] o.s.w.s.h.BeanNameUrlHandlerMapping      : Rejected bean name 'org.springframework.boot.autoconfigure.websocket.WebSocketAutoConfiguration': no URL paths identified
2025-07-04 08:55:41.494 DEBUG 2832 --- [           main] o.s.w.s.h.BeanNameUrlHandlerMapping      : Rejected bean name 'org.springframework.boot.autoconfigure.web.EmbeddedServletContainerAutoConfiguration$EmbeddedTomcat': no URL paths identified
2025-07-04 08:55:41.494 DEBUG 2832 --- [           main] o.s.w.s.h.BeanNameUrlHandlerMapping      : Rejected bean name 'tomcatEmbeddedServletContainerFactory': no URL paths identified
2025-07-04 08:55:41.494 DEBUG 2832 --- [           main] o.s.w.s.h.BeanNameUrlHandlerMapping      : Rejected bean name 'org.springframework.boot.autoconfigure.web.EmbeddedServletContainerAutoConfiguration': no URL paths identified
2025-07-04 08:55:41.494 DEBUG 2832 --- [           main] o.s.w.s.h.BeanNameUrlHandlerMapping      : Rejected bean name 'embeddedServletContainerCustomizerBeanPostProcessor': no URL paths identified
2025-07-04 08:55:41.494 DEBUG 2832 --- [           main] o.s.w.s.h.BeanNameUrlHandlerMapping      : Rejected bean name 'errorPageRegistrarBeanPostProcessor': no URL paths identified
2025-07-04 08:55:41.494 DEBUG 2832 --- [           main] o.s.w.s.h.BeanNameUrlHandlerMapping      : Rejected bean name 'org.springframework.boot.autoconfigure.web.DispatcherServletAutoConfiguration$DispatcherServletConfiguration': no URL paths identified
2025-07-04 08:55:41.494 DEBUG 2832 --- [           main] o.s.w.s.h.BeanNameUrlHandlerMapping      : Rejected bean name 'dispatcherServlet': no URL paths identified
2025-07-04 08:55:41.494 DEBUG 2832 --- [           main] o.s.w.s.h.BeanNameUrlHandlerMapping      : Rejected bean name 'spring.mvc-org.springframework.boot.autoconfigure.web.WebMvcProperties': no URL paths identified
2025-07-04 08:55:41.494 DEBUG 2832 --- [           main] o.s.w.s.h.BeanNameUrlHandlerMapping      : Rejected bean name 'org.springframework.boot.autoconfigure.web.DispatcherServletAutoConfiguration$DispatcherServletRegistrationConfiguration': no URL paths identified
2025-07-04 08:55:41.494 DEBUG 2832 --- [           main] o.s.w.s.h.BeanNameUrlHandlerMapping      : Rejected bean name 'dispatcherServletRegistration': no URL paths identified
2025-07-04 08:55:41.494 DEBUG 2832 --- [           main] o.s.w.s.h.BeanNameUrlHandlerMapping      : Rejected bean name 'org.springframework.boot.autoconfigure.web.DispatcherServletAutoConfiguration': no URL paths identified
2025-07-04 08:55:41.494 DEBUG 2832 --- [           main] o.s.w.s.h.BeanNameUrlHandlerMapping      : Rejected bean name 'org.springframework.boot.autoconfigure.validation.ValidationAutoConfiguration': no URL paths identified
2025-07-04 08:55:41.494 DEBUG 2832 --- [           main] o.s.w.s.h.BeanNameUrlHandlerMapping      : Rejected bean name 'defaultValidator': no URL paths identified
2025-07-04 08:55:41.494 DEBUG 2832 --- [           main] o.s.w.s.h.BeanNameUrlHandlerMapping      : Rejected bean name 'methodValidationPostProcessor': no URL paths identified
2025-07-04 08:55:41.494 DEBUG 2832 --- [           main] o.s.w.s.h.BeanNameUrlHandlerMapping      : Rejected bean name 'org.springframework.boot.autoconfigure.web.ErrorMvcAutoConfiguration$WhitelabelErrorViewConfiguration': no URL paths identified
2025-07-04 08:55:41.494 DEBUG 2832 --- [           main] o.s.w.s.h.BeanNameUrlHandlerMapping      : Rejected bean name 'error': no URL paths identified
2025-07-04 08:55:41.494 DEBUG 2832 --- [           main] o.s.w.s.h.BeanNameUrlHandlerMapping      : Rejected bean name 'beanNameViewResolver': no URL paths identified
2025-07-04 08:55:41.494 DEBUG 2832 --- [           main] o.s.w.s.h.BeanNameUrlHandlerMapping      : Rejected bean name 'org.springframework.boot.autoconfigure.web.ErrorMvcAutoConfiguration$DefaultErrorViewResolverConfiguration': no URL paths identified
2025-07-04 08:55:41.494 DEBUG 2832 --- [           main] o.s.w.s.h.BeanNameUrlHandlerMapping      : Rejected bean name 'conventionErrorViewResolver': no URL paths identified
2025-07-04 08:55:41.494 DEBUG 2832 --- [           main] o.s.w.s.h.BeanNameUrlHandlerMapping      : Rejected bean name 'org.springframework.boot.autoconfigure.web.ErrorMvcAutoConfiguration': no URL paths identified
2025-07-04 08:55:41.494 DEBUG 2832 --- [           main] o.s.w.s.h.BeanNameUrlHandlerMapping      : Rejected bean name 'errorAttributes': no URL paths identified
2025-07-04 08:55:41.494 DEBUG 2832 --- [           main] o.s.w.s.h.BeanNameUrlHandlerMapping      : Rejected bean name 'basicErrorController': no URL paths identified
2025-07-04 08:55:41.495 DEBUG 2832 --- [           main] o.s.w.s.h.BeanNameUrlHandlerMapping      : Rejected bean name 'errorPageCustomizer': no URL paths identified
2025-07-04 08:55:41.495 DEBUG 2832 --- [           main] o.s.w.s.h.BeanNameUrlHandlerMapping      : Rejected bean name 'preserveErrorControllerTargetClassPostProcessor': no URL paths identified
2025-07-04 08:55:41.495 DEBUG 2832 --- [           main] o.s.w.s.h.BeanNameUrlHandlerMapping      : Rejected bean name 'spring.resources-org.springframework.boot.autoconfigure.web.ResourceProperties': no URL paths identified
2025-07-04 08:55:41.495 DEBUG 2832 --- [           main] o.s.w.s.h.BeanNameUrlHandlerMapping      : Rejected bean name 'org.springframework.boot.autoconfigure.web.WebMvcAutoConfiguration$EnableWebMvcConfiguration': no URL paths identified
2025-07-04 08:55:41.495 DEBUG 2832 --- [           main] o.s.w.s.h.BeanNameUrlHandlerMapping      : Rejected bean name 'requestMappingHandlerAdapter': no URL paths identified
2025-07-04 08:55:41.495 DEBUG 2832 --- [           main] o.s.w.s.h.BeanNameUrlHandlerMapping      : Rejected bean name 'requestMappingHandlerMapping': no URL paths identified
2025-07-04 08:55:41.495 DEBUG 2832 --- [           main] o.s.w.s.h.BeanNameUrlHandlerMapping      : Rejected bean name 'mvcValidator': no URL paths identified
2025-07-04 08:55:41.495 DEBUG 2832 --- [           main] o.s.w.s.h.BeanNameUrlHandlerMapping      : Rejected bean name 'mvcContentNegotiationManager': no URL paths identified
2025-07-04 08:55:41.495 DEBUG 2832 --- [           main] o.s.w.s.h.BeanNameUrlHandlerMapping      : Rejected bean name 'mvcPathMatcher': no URL paths identified
2025-07-04 08:55:41.495 DEBUG 2832 --- [           main] o.s.w.s.h.BeanNameUrlHandlerMapping      : Rejected bean name 'mvcUrlPathHelper': no URL paths identified
2025-07-04 08:55:41.495 DEBUG 2832 --- [           main] o.s.w.s.h.BeanNameUrlHandlerMapping      : Rejected bean name 'viewControllerHandlerMapping': no URL paths identified
2025-07-04 08:55:41.495 DEBUG 2832 --- [           main] o.s.w.s.h.BeanNameUrlHandlerMapping      : Rejected bean name 'beanNameHandlerMapping': no URL paths identified
2025-07-04 08:55:41.495 DEBUG 2832 --- [           main] o.s.w.s.h.BeanNameUrlHandlerMapping      : Rejected bean name 'resourceHandlerMapping': no URL paths identified
2025-07-04 08:55:41.495 DEBUG 2832 --- [           main] o.s.w.s.h.BeanNameUrlHandlerMapping      : Rejected bean name 'mvcResourceUrlProvider': no URL paths identified
2025-07-04 08:55:41.495 DEBUG 2832 --- [           main] o.s.w.s.h.BeanNameUrlHandlerMapping      : Rejected bean name 'defaultServletHandlerMapping': no URL paths identified
2025-07-04 08:55:41.495 DEBUG 2832 --- [           main] o.s.w.s.h.BeanNameUrlHandlerMapping      : Rejected bean name 'mvcConversionService': no URL paths identified
2025-07-04 08:55:41.495 DEBUG 2832 --- [           main] o.s.w.s.h.BeanNameUrlHandlerMapping      : Rejected bean name 'mvcUriComponentsContributor': no URL paths identified
2025-07-04 08:55:41.495 DEBUG 2832 --- [           main] o.s.w.s.h.BeanNameUrlHandlerMapping      : Rejected bean name 'httpRequestHandlerAdapter': no URL paths identified
2025-07-04 08:55:41.495 DEBUG 2832 --- [           main] o.s.w.s.h.BeanNameUrlHandlerMapping      : Rejected bean name 'simpleControllerHandlerAdapter': no URL paths identified
2025-07-04 08:55:41.495 DEBUG 2832 --- [           main] o.s.w.s.h.BeanNameUrlHandlerMapping      : Rejected bean name 'handlerExceptionResolver': no URL paths identified
2025-07-04 08:55:41.495 DEBUG 2832 --- [           main] o.s.w.s.h.BeanNameUrlHandlerMapping      : Rejected bean name 'mvcViewResolver': no URL paths identified
2025-07-04 08:55:41.495 DEBUG 2832 --- [           main] o.s.w.s.h.BeanNameUrlHandlerMapping      : Rejected bean name 'org.springframework.boot.autoconfigure.web.WebMvcAutoConfiguration$WebMvcAutoConfigurationAdapter': no URL paths identified
2025-07-04 08:55:41.495 DEBUG 2832 --- [           main] o.s.w.s.h.BeanNameUrlHandlerMapping      : Rejected bean name 'defaultViewResolver': no URL paths identified
2025-07-04 08:55:41.495 DEBUG 2832 --- [           main] o.s.w.s.h.BeanNameUrlHandlerMapping      : Rejected bean name 'viewResolver': no URL paths identified
2025-07-04 08:55:41.495 DEBUG 2832 --- [           main] o.s.w.s.h.BeanNameUrlHandlerMapping      : Rejected bean name 'welcomePageHandlerMapping': no URL paths identified
2025-07-04 08:55:41.495 DEBUG 2832 --- [           main] o.s.w.s.h.BeanNameUrlHandlerMapping      : Rejected bean name 'requestContextFilter': no URL paths identified
2025-07-04 08:55:41.496 DEBUG 2832 --- [           main] o.s.w.s.h.BeanNameUrlHandlerMapping      : Rejected bean name 'org.springframework.boot.autoconfigure.web.WebMvcAutoConfiguration': no URL paths identified
2025-07-04 08:55:41.496 DEBUG 2832 --- [           main] o.s.w.s.h.BeanNameUrlHandlerMapping      : Rejected bean name 'hiddenHttpMethodFilter': no URL paths identified
2025-07-04 08:55:41.496 DEBUG 2832 --- [           main] o.s.w.s.h.BeanNameUrlHandlerMapping      : Rejected bean name 'httpPutFormContentFilter': no URL paths identified
2025-07-04 08:55:41.496 DEBUG 2832 --- [           main] o.s.w.s.h.BeanNameUrlHandlerMapping      : Rejected bean name 'org.springframework.boot.autoconfigure.aop.AopAutoConfiguration$JdkDynamicAutoProxyConfiguration': no URL paths identified
2025-07-04 08:55:41.496 DEBUG 2832 --- [           main] o.s.w.s.h.BeanNameUrlHandlerMapping      : Rejected bean name 'org.springframework.boot.autoconfigure.aop.AopAutoConfiguration': no URL paths identified
2025-07-04 08:55:41.496 DEBUG 2832 --- [           main] o.s.w.s.h.BeanNameUrlHandlerMapping      : Rejected bean name 'org.springframework.boot.autoconfigure.transaction.jta.JtaAutoConfiguration': no URL paths identified
2025-07-04 08:55:41.496 DEBUG 2832 --- [           main] o.s.w.s.h.BeanNameUrlHandlerMapping      : Rejected bean name 'spring.jta-org.springframework.boot.autoconfigure.transaction.jta.JtaProperties': no URL paths identified
2025-07-04 08:55:41.496 DEBUG 2832 --- [           main] o.s.w.s.h.BeanNameUrlHandlerMapping      : Rejected bean name 'org.springframework.boot.autoconfigure.jdbc.DataSourceConfiguration$Generic': no URL paths identified
2025-07-04 08:55:41.496 DEBUG 2832 --- [           main] o.s.w.s.h.BeanNameUrlHandlerMapping      : Rejected bean name 'dataSource': no URL paths identified
2025-07-04 08:55:41.496 DEBUG 2832 --- [           main] o.s.w.s.h.BeanNameUrlHandlerMapping      : Rejected bean name 'org.springframework.boot.autoconfigure.jdbc.DataSourceAutoConfiguration$PooledDataSourceConfiguration': no URL paths identified
2025-07-04 08:55:41.496 DEBUG 2832 --- [           main] o.s.w.s.h.BeanNameUrlHandlerMapping      : Rejected bean name 'org.springframework.boot.autoconfigure.jdbc.metadata.DataSourcePoolMetadataProvidersConfiguration$TomcatDataSourcePoolMetadataProviderConfiguration': no URL paths identified
2025-07-04 08:55:41.496 DEBUG 2832 --- [           main] o.s.w.s.h.BeanNameUrlHandlerMapping      : Rejected bean name 'tomcatPoolDataSourceMetadataProvider': no URL paths identified
2025-07-04 08:55:41.496 DEBUG 2832 --- [           main] o.s.w.s.h.BeanNameUrlHandlerMapping      : Rejected bean name 'org.springframework.boot.autoconfigure.jdbc.metadata.DataSourcePoolMetadataProvidersConfiguration': no URL paths identified
2025-07-04 08:55:41.496 DEBUG 2832 --- [           main] o.s.w.s.h.BeanNameUrlHandlerMapping      : Rejected bean name 'org.springframework.boot.autoconfigure.jdbc.DataSourceAutoConfiguration': no URL paths identified
2025-07-04 08:55:41.496 DEBUG 2832 --- [           main] o.s.w.s.h.BeanNameUrlHandlerMapping      : Rejected bean name 'dataSourceInitializer': no URL paths identified
2025-07-04 08:55:41.496 DEBUG 2832 --- [           main] o.s.w.s.h.BeanNameUrlHandlerMapping      : Rejected bean name 'spring.datasource-org.springframework.boot.autoconfigure.jdbc.DataSourceProperties': no URL paths identified
2025-07-04 08:55:41.496 DEBUG 2832 --- [           main] o.s.w.s.h.BeanNameUrlHandlerMapping      : Rejected bean name 'dataSourceInitializerPostProcessor': no URL paths identified
2025-07-04 08:55:41.496 DEBUG 2832 --- [           main] o.s.w.s.h.BeanNameUrlHandlerMapping      : Rejected bean name 'org.springframework.boot.autoconfigure.cache.EhCacheCacheConfiguration': no URL paths identified
2025-07-04 08:55:41.496 DEBUG 2832 --- [           main] o.s.w.s.h.BeanNameUrlHandlerMapping      : Rejected bean name 'cacheManager': no URL paths identified
2025-07-04 08:55:41.496 DEBUG 2832 --- [           main] o.s.w.s.h.BeanNameUrlHandlerMapping      : Rejected bean name 'ehCacheCacheManager': no URL paths identified
2025-07-04 08:55:41.496 DEBUG 2832 --- [           main] o.s.w.s.h.BeanNameUrlHandlerMapping      : Rejected bean name 'org.springframework.boot.autoconfigure.cache.CacheAutoConfiguration': no URL paths identified
2025-07-04 08:55:41.496 DEBUG 2832 --- [           main] o.s.w.s.h.BeanNameUrlHandlerMapping      : Rejected bean name 'cacheManagerCustomizers': no URL paths identified
2025-07-04 08:55:41.496 DEBUG 2832 --- [           main] o.s.w.s.h.BeanNameUrlHandlerMapping      : Rejected bean name 'cacheAutoConfigurationValidatorPostProcessor': no URL paths identified
2025-07-04 08:55:41.496 DEBUG 2832 --- [           main] o.s.w.s.h.BeanNameUrlHandlerMapping      : Rejected bean name 'cacheAutoConfigurationValidator': no URL paths identified
2025-07-04 08:55:41.496 DEBUG 2832 --- [           main] o.s.w.s.h.BeanNameUrlHandlerMapping      : Rejected bean name 'spring.cache-org.springframework.boot.autoconfigure.cache.CacheProperties': no URL paths identified
2025-07-04 08:55:41.496 DEBUG 2832 --- [           main] o.s.w.s.h.BeanNameUrlHandlerMapping      : Rejected bean name 'org.springframework.boot.autoconfigure.orm.jpa.JpaBaseConfiguration$JpaWebConfiguration$JpaWebMvcConfiguration': no URL paths identified
2025-07-04 08:55:41.496 DEBUG 2832 --- [           main] o.s.w.s.h.BeanNameUrlHandlerMapping      : Rejected bean name 'openEntityManagerInViewInterceptor': no URL paths identified
2025-07-04 08:55:41.496 DEBUG 2832 --- [           main] o.s.w.s.h.BeanNameUrlHandlerMapping      : Rejected bean name 'org.springframework.boot.autoconfigure.orm.jpa.JpaBaseConfiguration$JpaWebConfiguration': no URL paths identified
2025-07-04 08:55:41.496 DEBUG 2832 --- [           main] o.s.w.s.h.BeanNameUrlHandlerMapping      : Rejected bean name 'org.springframework.boot.autoconfigure.orm.jpa.HibernateJpaAutoConfiguration': no URL paths identified
2025-07-04 08:55:41.496 DEBUG 2832 --- [           main] o.s.w.s.h.BeanNameUrlHandlerMapping      : Rejected bean name 'transactionManager': no URL paths identified
2025-07-04 08:55:41.496 DEBUG 2832 --- [           main] o.s.w.s.h.BeanNameUrlHandlerMapping      : Rejected bean name 'jpaVendorAdapter': no URL paths identified
2025-07-04 08:55:41.496 DEBUG 2832 --- [           main] o.s.w.s.h.BeanNameUrlHandlerMapping      : Rejected bean name 'entityManagerFactoryBuilder': no URL paths identified
2025-07-04 08:55:41.497 DEBUG 2832 --- [           main] o.s.w.s.h.BeanNameUrlHandlerMapping      : Rejected bean name 'entityManagerFactory': no URL paths identified
2025-07-04 08:55:41.497 DEBUG 2832 --- [           main] o.s.w.s.h.BeanNameUrlHandlerMapping      : Rejected bean name 'spring.jpa-org.springframework.boot.autoconfigure.orm.jpa.JpaProperties': no URL paths identified
2025-07-04 08:55:41.497 DEBUG 2832 --- [           main] o.s.w.s.h.BeanNameUrlHandlerMapping      : Rejected bean name 'dataSourceInitializedPublisher': no URL paths identified
2025-07-04 08:55:41.497 DEBUG 2832 --- [           main] o.s.w.s.h.BeanNameUrlHandlerMapping      : Rejected bean name 'org.springframework.boot.autoconfigure.context.ConfigurationPropertiesAutoConfiguration': no URL paths identified
2025-07-04 08:55:41.497 DEBUG 2832 --- [           main] o.s.w.s.h.BeanNameUrlHandlerMapping      : Rejected bean name 'org.springframework.boot.autoconfigure.dao.PersistenceExceptionTranslationAutoConfiguration': no URL paths identified
2025-07-04 08:55:41.497 DEBUG 2832 --- [           main] o.s.w.s.h.BeanNameUrlHandlerMapping      : Rejected bean name 'persistenceExceptionTranslationPostProcessor': no URL paths identified
2025-07-04 08:55:41.497 DEBUG 2832 --- [           main] o.s.w.s.h.BeanNameUrlHandlerMapping      : Rejected bean name 'org.springframework.boot.autoconfigure.data.jpa.JpaRepositoriesAutoConfiguration': no URL paths identified
2025-07-04 08:55:41.497 DEBUG 2832 --- [           main] o.s.w.s.h.BeanNameUrlHandlerMapping      : Rejected bean name 'emBeanDefinitionRegistrarPostProcessor': no URL paths identified
2025-07-04 08:55:41.497 DEBUG 2832 --- [           main] o.s.w.s.h.BeanNameUrlHandlerMapping      : Rejected bean name 'jpaMappingContext': no URL paths identified
2025-07-04 08:55:41.497 DEBUG 2832 --- [           main] o.s.w.s.h.BeanNameUrlHandlerMapping      : Rejected bean name 'jpaContext': no URL paths identified
2025-07-04 08:55:41.497 DEBUG 2832 --- [           main] o.s.w.s.h.BeanNameUrlHandlerMapping      : Rejected bean name 'replyDao': no URL paths identified
2025-07-04 08:55:41.497 DEBUG 2832 --- [           main] o.s.w.s.h.BeanNameUrlHandlerMapping      : Rejected bean name 'permissionDao': no URL paths identified
2025-07-04 08:55:41.497 DEBUG 2832 --- [           main] o.s.w.s.h.BeanNameUrlHandlerMapping      : Rejected bean name 'labelDao': no URL paths identified
2025-07-04 08:55:41.497 DEBUG 2832 --- [           main] o.s.w.s.h.BeanNameUrlHandlerMapping      : Rejected bean name 'postsDao': no URL paths identified
2025-07-04 08:55:41.497 DEBUG 2832 --- [           main] o.s.w.s.h.BeanNameUrlHandlerMapping      : Rejected bean name 'notificationDao': no URL paths identified
2025-07-04 08:55:41.497 DEBUG 2832 --- [           main] o.s.w.s.h.BeanNameUrlHandlerMapping      : Rejected bean name 'favoritesDao': no URL paths identified
2025-07-04 08:55:41.497 DEBUG 2832 --- [           main] o.s.w.s.h.BeanNameUrlHandlerMapping      : Rejected bean name 'collectDao': no URL paths identified
2025-07-04 08:55:41.497 DEBUG 2832 --- [           main] o.s.w.s.h.BeanNameUrlHandlerMapping      : Rejected bean name 'adminUserDao': no URL paths identified
2025-07-04 08:55:41.497 DEBUG 2832 --- [           main] o.s.w.s.h.BeanNameUrlHandlerMapping      : Rejected bean name 'roleDao': no URL paths identified
2025-07-04 08:55:41.497 DEBUG 2832 --- [           main] o.s.w.s.h.BeanNameUrlHandlerMapping      : Rejected bean name 'chatMessageDao': no URL paths identified
2025-07-04 08:55:41.497 DEBUG 2832 --- [           main] o.s.w.s.h.BeanNameUrlHandlerMapping      : Rejected bean name 'userDao': no URL paths identified
2025-07-04 08:55:41.497 DEBUG 2832 --- [           main] o.s.w.s.h.BeanNameUrlHandlerMapping      : Rejected bean name 'org.springframework.boot.autoconfigure.web.HttpMessageConvertersAutoConfiguration$StringHttpMessageConverterConfiguration': no URL paths identified
2025-07-04 08:55:41.497 DEBUG 2832 --- [           main] o.s.w.s.h.BeanNameUrlHandlerMapping      : Rejected bean name 'stringHttpMessageConverter': no URL paths identified
2025-07-04 08:55:41.497 DEBUG 2832 --- [           main] o.s.w.s.h.BeanNameUrlHandlerMapping      : Rejected bean name 'spring.http.encoding-org.springframework.boot.autoconfigure.web.HttpEncodingProperties': no URL paths identified
2025-07-04 08:55:41.498 DEBUG 2832 --- [           main] o.s.w.s.h.BeanNameUrlHandlerMapping      : Rejected bean name 'org.springframework.boot.autoconfigure.web.JacksonHttpMessageConvertersConfiguration$MappingJackson2HttpMessageConverterConfiguration': no URL paths identified
2025-07-04 08:55:41.498 DEBUG 2832 --- [           main] o.s.w.s.h.BeanNameUrlHandlerMapping      : Rejected bean name 'mappingJackson2HttpMessageConverter': no URL paths identified
2025-07-04 08:55:41.498 DEBUG 2832 --- [           main] o.s.w.s.h.BeanNameUrlHandlerMapping      : Rejected bean name 'org.springframework.boot.autoconfigure.web.JacksonHttpMessageConvertersConfiguration': no URL paths identified
2025-07-04 08:55:41.498 DEBUG 2832 --- [           main] o.s.w.s.h.BeanNameUrlHandlerMapping      : Rejected bean name 'org.springframework.boot.autoconfigure.web.HttpMessageConvertersAutoConfiguration': no URL paths identified
2025-07-04 08:55:41.498 DEBUG 2832 --- [           main] o.s.w.s.h.BeanNameUrlHandlerMapping      : Rejected bean name 'messageConverters': no URL paths identified
2025-07-04 08:55:41.498 DEBUG 2832 --- [           main] o.s.w.s.h.BeanNameUrlHandlerMapping      : Rejected bean name 'org.springframework.data.web.config.SpringDataWebConfiguration': no URL paths identified
2025-07-04 08:55:41.498 DEBUG 2832 --- [           main] o.s.w.s.h.BeanNameUrlHandlerMapping      : Rejected bean name 'pageableResolver': no URL paths identified
2025-07-04 08:55:41.498 DEBUG 2832 --- [           main] o.s.w.s.h.BeanNameUrlHandlerMapping      : Rejected bean name 'sortResolver': no URL paths identified
2025-07-04 08:55:41.498 DEBUG 2832 --- [           main] o.s.w.s.h.BeanNameUrlHandlerMapping      : Rejected bean name 'org.springframework.data.web.config.SpringDataJacksonConfiguration': no URL paths identified
2025-07-04 08:55:41.498 DEBUG 2832 --- [           main] o.s.w.s.h.BeanNameUrlHandlerMapping      : Rejected bean name 'jacksonGeoModule': no URL paths identified
2025-07-04 08:55:41.498 DEBUG 2832 --- [           main] o.s.w.s.h.BeanNameUrlHandlerMapping      : Rejected bean name 'org.springframework.boot.autoconfigure.data.web.SpringDataWebAutoConfiguration': no URL paths identified
2025-07-04 08:55:41.498 DEBUG 2832 --- [           main] o.s.w.s.h.BeanNameUrlHandlerMapping      : Rejected bean name 'org.springframework.boot.autoconfigure.info.ProjectInfoAutoConfiguration': no URL paths identified
2025-07-04 08:55:41.498 DEBUG 2832 --- [           main] o.s.w.s.h.BeanNameUrlHandlerMapping      : Rejected bean name 'spring.info-org.springframework.boot.autoconfigure.info.ProjectInfoProperties': no URL paths identified
2025-07-04 08:55:41.498 DEBUG 2832 --- [           main] o.s.w.s.h.BeanNameUrlHandlerMapping      : Rejected bean name 'org.springframework.boot.autoconfigure.jdbc.DataSourceTransactionManagerAutoConfiguration$DataSourceTransactionManagerConfiguration': no URL paths identified
2025-07-04 08:55:41.498 DEBUG 2832 --- [           main] o.s.w.s.h.BeanNameUrlHandlerMapping      : Rejected bean name 'org.springframework.boot.autoconfigure.jdbc.DataSourceTransactionManagerAutoConfiguration': no URL paths identified
2025-07-04 08:55:41.498 DEBUG 2832 --- [           main] o.s.w.s.h.BeanNameUrlHandlerMapping      : Rejected bean name 'org.springframework.boot.autoconfigure.jdbc.JdbcTemplateAutoConfiguration': no URL paths identified
2025-07-04 08:55:41.498 DEBUG 2832 --- [           main] o.s.w.s.h.BeanNameUrlHandlerMapping      : Rejected bean name 'jdbcTemplate': no URL paths identified
2025-07-04 08:55:41.498 DEBUG 2832 --- [           main] o.s.w.s.h.BeanNameUrlHandlerMapping      : Rejected bean name 'namedParameterJdbcTemplate': no URL paths identified
2025-07-04 08:55:41.498 DEBUG 2832 --- [           main] o.s.w.s.h.BeanNameUrlHandlerMapping      : Rejected bean name 'org.springframework.boot.autoconfigure.thymeleaf.ThymeleafAutoConfiguration$ThymeleafResourceHandlingConfig': no URL paths identified
2025-07-04 08:55:41.498 DEBUG 2832 --- [           main] o.s.w.s.h.BeanNameUrlHandlerMapping      : Rejected bean name 'org.springframework.boot.autoconfigure.thymeleaf.ThymeleafAutoConfiguration$ThymeleafWebLayoutConfiguration': no URL paths identified
2025-07-04 08:55:41.498 DEBUG 2832 --- [           main] o.s.w.s.h.BeanNameUrlHandlerMapping      : Rejected bean name 'layoutDialect': no URL paths identified
2025-07-04 08:55:41.498 DEBUG 2832 --- [           main] o.s.w.s.h.BeanNameUrlHandlerMapping      : Rejected bean name 'org.springframework.boot.autoconfigure.thymeleaf.ThymeleafAutoConfiguration$ThymeleafDefaultConfiguration': no URL paths identified
2025-07-04 08:55:41.498 DEBUG 2832 --- [           main] o.s.w.s.h.BeanNameUrlHandlerMapping      : Rejected bean name 'templateEngine': no URL paths identified
2025-07-04 08:55:41.499 DEBUG 2832 --- [           main] o.s.w.s.h.BeanNameUrlHandlerMapping      : Rejected bean name 'org.springframework.boot.autoconfigure.thymeleaf.ThymeleafAutoConfiguration$Thymeleaf2Configuration$Thymeleaf2ViewResolverConfiguration': no URL paths identified
2025-07-04 08:55:41.499 DEBUG 2832 --- [           main] o.s.w.s.h.BeanNameUrlHandlerMapping      : Rejected bean name 'thymeleafViewResolver': no URL paths identified
2025-07-04 08:55:41.499 DEBUG 2832 --- [           main] o.s.w.s.h.BeanNameUrlHandlerMapping      : Rejected bean name 'org.springframework.boot.autoconfigure.thymeleaf.ThymeleafAutoConfiguration$Thymeleaf2Configuration$DefaultTemplateResolverConfiguration': no URL paths identified
2025-07-04 08:55:41.499 DEBUG 2832 --- [           main] o.s.w.s.h.BeanNameUrlHandlerMapping      : Rejected bean name 'thymeleafResourceResolver': no URL paths identified
2025-07-04 08:55:41.499 DEBUG 2832 --- [           main] o.s.w.s.h.BeanNameUrlHandlerMapping      : Rejected bean name 'defaultTemplateResolver': no URL paths identified
2025-07-04 08:55:41.499 DEBUG 2832 --- [           main] o.s.w.s.h.BeanNameUrlHandlerMapping      : Rejected bean name 'org.springframework.boot.autoconfigure.thymeleaf.ThymeleafAutoConfiguration$Thymeleaf2Configuration': no URL paths identified
2025-07-04 08:55:41.499 DEBUG 2832 --- [           main] o.s.w.s.h.BeanNameUrlHandlerMapping      : Rejected bean name 'org.springframework.boot.autoconfigure.thymeleaf.ThymeleafAutoConfiguration': no URL paths identified
2025-07-04 08:55:41.499 DEBUG 2832 --- [           main] o.s.w.s.h.BeanNameUrlHandlerMapping      : Rejected bean name 'spring.thymeleaf-org.springframework.boot.autoconfigure.thymeleaf.ThymeleafProperties': no URL paths identified
2025-07-04 08:55:41.499 DEBUG 2832 --- [           main] o.s.w.s.h.BeanNameUrlHandlerMapping      : Rejected bean name 'org.springframework.transaction.annotation.ProxyTransactionManagementConfiguration': no URL paths identified
2025-07-04 08:55:41.499 DEBUG 2832 --- [           main] o.s.w.s.h.BeanNameUrlHandlerMapping      : Rejected bean name 'org.springframework.transaction.config.internalTransactionAdvisor': no URL paths identified
2025-07-04 08:55:41.499 DEBUG 2832 --- [           main] o.s.w.s.h.BeanNameUrlHandlerMapping      : Rejected bean name 'transactionAttributeSource': no URL paths identified
2025-07-04 08:55:41.499 DEBUG 2832 --- [           main] o.s.w.s.h.BeanNameUrlHandlerMapping      : Rejected bean name 'transactionInterceptor': no URL paths identified
2025-07-04 08:55:41.499 DEBUG 2832 --- [           main] o.s.w.s.h.BeanNameUrlHandlerMapping      : Rejected bean name 'org.springframework.transaction.config.internalTransactionalEventListenerFactory': no URL paths identified
2025-07-04 08:55:41.499 DEBUG 2832 --- [           main] o.s.w.s.h.BeanNameUrlHandlerMapping      : Rejected bean name 'org.springframework.boot.autoconfigure.transaction.TransactionAutoConfiguration$EnableTransactionManagementConfiguration$CglibAutoProxyConfiguration': no URL paths identified
2025-07-04 08:55:41.499 DEBUG 2832 --- [           main] o.s.w.s.h.BeanNameUrlHandlerMapping      : Rejected bean name 'org.springframework.boot.autoconfigure.transaction.TransactionAutoConfiguration$EnableTransactionManagementConfiguration': no URL paths identified
2025-07-04 08:55:41.499 DEBUG 2832 --- [           main] o.s.w.s.h.BeanNameUrlHandlerMapping      : Rejected bean name 'org.springframework.boot.autoconfigure.transaction.TransactionAutoConfiguration$TransactionTemplateConfiguration': no URL paths identified
2025-07-04 08:55:41.499 DEBUG 2832 --- [           main] o.s.w.s.h.BeanNameUrlHandlerMapping      : Rejected bean name 'transactionTemplate': no URL paths identified
2025-07-04 08:55:41.499 DEBUG 2832 --- [           main] o.s.w.s.h.BeanNameUrlHandlerMapping      : Rejected bean name 'org.springframework.boot.autoconfigure.transaction.TransactionAutoConfiguration': no URL paths identified
2025-07-04 08:55:41.499 DEBUG 2832 --- [           main] o.s.w.s.h.BeanNameUrlHandlerMapping      : Rejected bean name 'platformTransactionManagerCustomizers': no URL paths identified
2025-07-04 08:55:41.499 DEBUG 2832 --- [           main] o.s.w.s.h.BeanNameUrlHandlerMapping      : Rejected bean name 'spring.transaction-org.springframework.boot.autoconfigure.transaction.TransactionProperties': no URL paths identified
2025-07-04 08:55:41.499 DEBUG 2832 --- [           main] o.s.w.s.h.BeanNameUrlHandlerMapping      : Rejected bean name 'org.springframework.boot.autoconfigure.web.HttpEncodingAutoConfiguration': no URL paths identified
2025-07-04 08:55:41.499 DEBUG 2832 --- [           main] o.s.w.s.h.BeanNameUrlHandlerMapping      : Rejected bean name 'characterEncodingFilter': no URL paths identified
2025-07-04 08:55:41.499 DEBUG 2832 --- [           main] o.s.w.s.h.BeanNameUrlHandlerMapping      : Rejected bean name 'localeCharsetMappingsCustomizer': no URL paths identified
2025-07-04 08:55:41.499 DEBUG 2832 --- [           main] o.s.w.s.h.BeanNameUrlHandlerMapping      : Rejected bean name 'org.springframework.boot.autoconfigure.web.MultipartAutoConfiguration': no URL paths identified
2025-07-04 08:55:41.499 DEBUG 2832 --- [           main] o.s.w.s.h.BeanNameUrlHandlerMapping      : Rejected bean name 'multipartConfigElement': no URL paths identified
2025-07-04 08:55:41.499 DEBUG 2832 --- [           main] o.s.w.s.h.BeanNameUrlHandlerMapping      : Rejected bean name 'multipartResolver': no URL paths identified
2025-07-04 08:55:41.499 DEBUG 2832 --- [           main] o.s.w.s.h.BeanNameUrlHandlerMapping      : Rejected bean name 'spring.http.multipart-org.springframework.boot.autoconfigure.web.MultipartProperties': no URL paths identified
2025-07-04 08:55:41.499 DEBUG 2832 --- [           main] o.s.w.s.h.BeanNameUrlHandlerMapping      : Rejected bean name 'org.springframework.boot.autoconfigure.web.ServerPropertiesAutoConfiguration': no URL paths identified
2025-07-04 08:55:41.499 DEBUG 2832 --- [           main] o.s.w.s.h.BeanNameUrlHandlerMapping      : Rejected bean name 'serverProperties': no URL paths identified
2025-07-04 08:55:41.499 DEBUG 2832 --- [           main] o.s.w.s.h.BeanNameUrlHandlerMapping      : Rejected bean name 'duplicateServerPropertiesDetector': no URL paths identified
2025-07-04 08:55:41.499 DEBUG 2832 --- [           main] o.s.w.s.h.BeanNameUrlHandlerMapping      : Rejected bean name 'org.springframework.boot.autoconfigure.web.WebClientAutoConfiguration$RestTemplateConfiguration': no URL paths identified
2025-07-04 08:55:41.499 DEBUG 2832 --- [           main] o.s.w.s.h.BeanNameUrlHandlerMapping      : Rejected bean name 'restTemplateBuilder': no URL paths identified
2025-07-04 08:55:41.499 DEBUG 2832 --- [           main] o.s.w.s.h.BeanNameUrlHandlerMapping      : Rejected bean name 'org.springframework.boot.autoconfigure.web.WebClientAutoConfiguration': no URL paths identified
2025-07-04 08:55:41.499 DEBUG 2832 --- [           main] o.s.w.s.h.BeanNameUrlHandlerMapping      : Rejected bean name 'org.springframework.orm.jpa.SharedEntityManagerCreator#0': no URL paths identified
2025-07-04 08:55:41.499 DEBUG 2832 --- [           main] o.s.w.s.h.BeanNameUrlHandlerMapping      : Rejected bean name 'autoConfigurationReport': no URL paths identified
2025-07-04 08:55:41.499 DEBUG 2832 --- [           main] o.s.w.s.h.BeanNameUrlHandlerMapping      : Rejected bean name 'org.springframework.boot.test.context.filter.TestTypeExcludeFilter': no URL paths identified
2025-07-04 08:55:41.499 DEBUG 2832 --- [           main] o.s.w.s.h.BeanNameUrlHandlerMapping      : Rejected bean name 'org.springframework.boot.test.autoconfigure.properties.PropertyMappingContextCustomizer$PropertyMappingCheckBeanPostProcessor': no URL paths identified
2025-07-04 08:55:41.499 DEBUG 2832 --- [           main] o.s.w.s.h.BeanNameUrlHandlerMapping      : Rejected bean name 'springApplicationArguments': no URL paths identified
2025-07-04 08:55:41.499 DEBUG 2832 --- [           main] o.s.w.s.h.BeanNameUrlHandlerMapping      : Rejected bean name 'springBootBanner': no URL paths identified
2025-07-04 08:55:41.499 DEBUG 2832 --- [           main] o.s.w.s.h.BeanNameUrlHandlerMapping      : Rejected bean name 'springBootLoggingSystem': no URL paths identified
2025-07-04 08:55:41.499 DEBUG 2832 --- [           main] o.s.w.s.h.BeanNameUrlHandlerMapping      : Rejected bean name 'environment': no URL paths identified
2025-07-04 08:55:41.499 DEBUG 2832 --- [           main] o.s.w.s.h.BeanNameUrlHandlerMapping      : Rejected bean name 'systemProperties': no URL paths identified
2025-07-04 08:55:41.499 DEBUG 2832 --- [           main] o.s.w.s.h.BeanNameUrlHandlerMapping      : Rejected bean name 'systemEnvironment': no URL paths identified
2025-07-04 08:55:41.499 DEBUG 2832 --- [           main] o.s.w.s.h.BeanNameUrlHandlerMapping      : Rejected bean name 'servletContext': no URL paths identified
2025-07-04 08:55:41.499 DEBUG 2832 --- [           main] o.s.w.s.h.BeanNameUrlHandlerMapping      : Rejected bean name 'contextParameters': no URL paths identified
2025-07-04 08:55:41.499 DEBUG 2832 --- [           main] o.s.w.s.h.BeanNameUrlHandlerMapping      : Rejected bean name 'contextAttributes': no URL paths identified
2025-07-04 08:55:41.499 DEBUG 2832 --- [           main] o.s.w.s.h.BeanNameUrlHandlerMapping      : Rejected bean name 'org.springframework.context.annotation.ConfigurationClassPostProcessor.importRegistry': no URL paths identified
2025-07-04 08:55:41.499 DEBUG 2832 --- [           main] o.s.w.s.h.BeanNameUrlHandlerMapping      : Rejected bean name 'org.springframework.boot.test.mock.mockito.MockitoBeans': no URL paths identified
2025-07-04 08:55:41.499 DEBUG 2832 --- [           main] o.s.w.s.h.BeanNameUrlHandlerMapping      : Rejected bean name 'messageSource': no URL paths identified
2025-07-04 08:55:41.499 DEBUG 2832 --- [           main] o.s.w.s.h.BeanNameUrlHandlerMapping      : Rejected bean name 'applicationEventMulticaster': no URL paths identified
2025-07-04 08:55:41.513  INFO 2832 --- [           main] o.s.w.s.handler.SimpleUrlHandlerMapping  : Mapped URL path [/webjars/**] onto handler of type [class org.springframework.web.servlet.resource.ResourceHttpRequestHandler]
2025-07-04 08:55:41.513  INFO 2832 --- [           main] o.s.w.s.handler.SimpleUrlHandlerMapping  : Mapped URL path [/**] onto handler of type [class org.springframework.web.servlet.resource.ResourceHttpRequestHandler]
2025-07-04 08:55:41.530 DEBUG 2832 --- [           main] .m.m.a.ExceptionHandlerExceptionResolver : Looking for exception mappings: org.springframework.web.context.support.GenericWebApplicationContext@47f4e407: startup date [Fri Jul 04 08:55:36 CST 2025]; root of context hierarchy
2025-07-04 08:55:41.929 DEBUG 2832 --- [           main] o.s.w.c.s.GenericWebApplicationContext   : Unable to locate LifecycleProcessor with name 'lifecycleProcessor': using default [org.springframework.context.support.DefaultLifecycleProcessor@60c33609]
2025-07-04 08:55:41.931 DEBUG 2832 --- [           main] o.s.w.s.resource.ResourceUrlProvider     : Looking for resource handler mappings
2025-07-04 08:55:41.931 DEBUG 2832 --- [           main] o.s.w.s.resource.ResourceUrlProvider     : Found resource handler mapping: URL pattern="/webjars/**", locations=[class path resource [META-INF/resources/webjars/]], resolvers=[org.springframework.web.servlet.resource.PathResourceResolver@25291901]
2025-07-04 08:55:41.932 DEBUG 2832 --- [           main] o.s.w.s.resource.ResourceUrlProvider     : Found resource handler mapping: URL pattern="/**", locations=[ServletContext resource [/], class path resource [META-INF/resources/], class path resource [resources/], class path resource [static/], class path resource [public/]], resolvers=[org.springframework.web.servlet.resource.PathResourceResolver@a6d4547]
2025-07-04 08:55:41.934  INFO 2832 --- [           main] com.quark.admin.AdminApplicationTest     : Started AdminApplicationTest in 5.458 seconds (JVM running for 5.941)
Hibernate: select user0_.id as id1_12_0_, user0_.email as email2_12_0_, user0_.enable as enable3_12_0_, user0_.icon as icon4_12_0_, user0_.init_time as init_tim5_12_0_, user0_.password as password6_12_0_, user0_.school as school7_12_0_, user0_.sex as sex8_12_0_, user0_.signature as signatur9_12_0_, user0_.username as usernam10_12_0_ from quark_user user0_ where user0_.id=?
Hibernate: select posts0_.id as id1_8_, posts0_.collet_num as collet_n2_8_, posts0_.content as content3_8_, posts0_.good as good4_8_, posts0_.init_time as init_tim5_8_, posts0_.label_id as label_i10_8_, posts0_.like_num as like_num6_8_, posts0_.reply_count as reply_co7_8_, posts0_.title as title8_8_, posts0_.top as top9_8_, posts0_.user_id as user_id11_8_ from quark_posts posts0_ where posts0_.title like ? limit ?
[]
]]></system-out>
  </testcase>
  <testcase name="testRole" classname="com.quark.admin.AdminApplicationTest" time="0.025">
    <system-out><![CDATA[Hibernate: select adminuser0_.id as id1_3_, adminuser0_.enable as enable2_3_, adminuser0_.password as password3_3_, adminuser0_.username as username4_3_ from quark_adminuser adminuser0_ where adminuser0_.id in (? , ? , ?)
]]></system-out>
  </testcase>
  <testcase name="testDataSource" classname="com.quark.admin.AdminApplicationTest" time="0.001">
    <system-out><![CDATA[Hibernate: select adminuser0_.id as id1_3_0_, adminuser0_.enable as enable2_3_0_, adminuser0_.password as password3_3_0_, adminuser0_.username as username4_3_0_ from quark_adminuser adminuser0_ where adminuser0_.id=?
null
]]></system-out>
  </testcase>
</testsuite>