<?xml version="1.0" encoding="UTF-8"?>
<testsuite xmlns:xsi="http://www.w3.org/2001/XMLSchema-instance" xsi:noNamespaceSchemaLocation="https://maven.apache.org/surefire/maven-surefire-plugin/xsd/surefire-test-report-3.0.xsd" version="3.0" name="com.quark.porent.service.impl.UserServiceImplTest" time="2.823" tests="2" errors="0" skipped="0" failures="0">
  <properties>
    <property name="java.specification.version" value="22"/>
    <property name="sun.cpu.isalist" value="amd64"/>
    <property name="sun.jnu.encoding" value="GBK"/>
    <property name="java.class.path" value="C:\Users\xingqiu\Desktop\软工课设\software-bbs-master\quark-portal\target\test-classes;C:\Users\xingqiu\Desktop\软工课设\software-bbs-master\quark-portal\target\classes;C:\Users\xingqiu\.m2\repository\org\springframework\boot\spring-boot-starter\1.5.6.RELEASE\spring-boot-starter-1.5.6.RELEASE.jar;C:\Users\xingqiu\.m2\repository\org\springframework\boot\spring-boot\1.5.6.RELEASE\spring-boot-1.5.6.RELEASE.jar;C:\Users\xingqiu\.m2\repository\org\springframework\boot\spring-boot-autoconfigure\1.5.6.RELEASE\spring-boot-autoconfigure-1.5.6.RELEASE.jar;C:\Users\xingqiu\.m2\repository\org\springframework\boot\spring-boot-starter-logging\1.5.6.RELEASE\spring-boot-starter-logging-1.5.6.RELEASE.jar;C:\Users\xingqiu\.m2\repository\ch\qos\logback\logback-classic\1.1.11\logback-classic-1.1.11.jar;C:\Users\xingqiu\.m2\repository\ch\qos\logback\logback-core\1.1.11\logback-core-1.1.11.jar;C:\Users\xingqiu\.m2\repository\org\slf4j\jcl-over-slf4j\1.7.25\jcl-over-slf4j-1.7.25.jar;C:\Users\xingqiu\.m2\repository\org\slf4j\jul-to-slf4j\1.7.25\jul-to-slf4j-1.7.25.jar;C:\Users\xingqiu\.m2\repository\org\slf4j\log4j-over-slf4j\1.7.25\log4j-over-slf4j-1.7.25.jar;C:\Users\xingqiu\.m2\repository\org\springframework\spring-core\4.3.10.RELEASE\spring-core-4.3.10.RELEASE.jar;C:\Users\xingqiu\.m2\repository\org\yaml\snakeyaml\1.17\snakeyaml-1.17.jar;C:\Users\xingqiu\.m2\repository\org\springframework\boot\spring-boot-starter-web\1.5.6.RELEASE\spring-boot-starter-web-1.5.6.RELEASE.jar;C:\Users\xingqiu\.m2\repository\org\springframework\boot\spring-boot-starter-tomcat\1.5.6.RELEASE\spring-boot-starter-tomcat-1.5.6.RELEASE.jar;C:\Users\xingqiu\.m2\repository\org\apache\tomcat\embed\tomcat-embed-core\8.5.16\tomcat-embed-core-8.5.16.jar;C:\Users\xingqiu\.m2\repository\org\apache\tomcat\embed\tomcat-embed-el\8.5.16\tomcat-embed-el-8.5.16.jar;C:\Users\xingqiu\.m2\repository\org\apache\tomcat\embed\tomcat-embed-websocket\8.5.16\tomcat-embed-websocket-8.5.16.jar;C:\Users\xingqiu\.m2\repository\org\hibernate\hibernate-validator\5.3.5.Final\hibernate-validator-5.3.5.Final.jar;C:\Users\xingqiu\.m2\repository\javax\validation\validation-api\1.1.0.Final\validation-api-1.1.0.Final.jar;C:\Users\xingqiu\.m2\repository\org\jboss\logging\jboss-logging\3.3.1.Final\jboss-logging-3.3.1.Final.jar;C:\Users\xingqiu\.m2\repository\com\fasterxml\classmate\1.3.3\classmate-1.3.3.jar;C:\Users\xingqiu\.m2\repository\com\fasterxml\jackson\core\jackson-databind\2.8.9\jackson-databind-2.8.9.jar;C:\Users\xingqiu\.m2\repository\com\fasterxml\jackson\core\jackson-annotations\2.8.0\jackson-annotations-2.8.0.jar;C:\Users\xingqiu\.m2\repository\com\fasterxml\jackson\core\jackson-core\2.8.9\jackson-core-2.8.9.jar;C:\Users\xingqiu\.m2\repository\org\springframework\spring-web\4.3.10.RELEASE\spring-web-4.3.10.RELEASE.jar;C:\Users\xingqiu\.m2\repository\org\springframework\spring-aop\4.3.10.RELEASE\spring-aop-4.3.10.RELEASE.jar;C:\Users\xingqiu\.m2\repository\org\springframework\spring-beans\4.3.10.RELEASE\spring-beans-4.3.10.RELEASE.jar;C:\Users\xingqiu\.m2\repository\org\springframework\spring-webmvc\4.3.10.RELEASE\spring-webmvc-4.3.10.RELEASE.jar;C:\Users\xingqiu\.m2\repository\org\springframework\spring-expression\4.3.10.RELEASE\spring-expression-4.3.10.RELEASE.jar;C:\Users\xingqiu\.m2\repository\org\springframework\boot\spring-boot-starter-thymeleaf\1.5.6.RELEASE\spring-boot-starter-thymeleaf-1.5.6.RELEASE.jar;C:\Users\xingqiu\.m2\repository\org\thymeleaf\thymeleaf-spring4\2.1.5.RELEASE\thymeleaf-spring4-2.1.5.RELEASE.jar;C:\Users\xingqiu\.m2\repository\org\thymeleaf\thymeleaf\2.1.5.RELEASE\thymeleaf-2.1.5.RELEASE.jar;C:\Users\xingqiu\.m2\repository\ognl\ognl\3.0.8\ognl-3.0.8.jar;C:\Users\xingqiu\.m2\repository\org\javassist\javassist\3.21.0-GA\javassist-3.21.0-GA.jar;C:\Users\xingqiu\.m2\repository\org\unbescape\unbescape\1.1.0.RELEASE\unbescape-1.1.0.RELEASE.jar;C:\Users\xingqiu\.m2\repository\org\slf4j\slf4j-api\1.7.25\slf4j-api-1.7.25.jar;C:\Users\xingqiu\.m2\repository\nz\net\ultraq\thymeleaf\thymeleaf-layout-dialect\1.4.0\thymeleaf-layout-dialect-1.4.0.jar;C:\Users\xingqiu\.m2\repository\org\codehaus\groovy\groovy\2.4.12\groovy-2.4.12.jar;C:\Users\xingqiu\.m2\repository\org\springframework\boot\spring-boot-starter-test\1.5.6.RELEASE\spring-boot-starter-test-1.5.6.RELEASE.jar;C:\Users\xingqiu\.m2\repository\org\springframework\boot\spring-boot-test\1.5.6.RELEASE\spring-boot-test-1.5.6.RELEASE.jar;C:\Users\xingqiu\.m2\repository\org\springframework\boot\spring-boot-test-autoconfigure\1.5.6.RELEASE\spring-boot-test-autoconfigure-1.5.6.RELEASE.jar;C:\Users\xingqiu\.m2\repository\com\jayway\jsonpath\json-path\2.2.0\json-path-2.2.0.jar;C:\Users\xingqiu\.m2\repository\net\minidev\json-smart\2.2.1\json-smart-2.2.1.jar;C:\Users\xingqiu\.m2\repository\net\minidev\accessors-smart\1.1\accessors-smart-1.1.jar;C:\Users\xingqiu\.m2\repository\org\ow2\asm\asm\5.0.3\asm-5.0.3.jar;C:\Users\xingqiu\.m2\repository\junit\junit\4.12\junit-4.12.jar;C:\Users\xingqiu\.m2\repository\org\assertj\assertj-core\2.6.0\assertj-core-2.6.0.jar;C:\Users\xingqiu\.m2\repository\org\mockito\mockito-core\1.10.19\mockito-core-1.10.19.jar;C:\Users\xingqiu\.m2\repository\org\objenesis\objenesis\2.1\objenesis-2.1.jar;C:\Users\xingqiu\.m2\repository\org\hamcrest\hamcrest-core\1.3\hamcrest-core-1.3.jar;C:\Users\xingqiu\.m2\repository\org\hamcrest\hamcrest-library\1.3\hamcrest-library-1.3.jar;C:\Users\xingqiu\.m2\repository\org\skyscreamer\jsonassert\1.4.0\jsonassert-1.4.0.jar;C:\Users\xingqiu\.m2\repository\com\vaadin\external\google\android-json\0.0.20131108.vaadin1\android-json-0.0.20131108.vaadin1.jar;C:\Users\xingqiu\.m2\repository\org\springframework\spring-test\4.3.10.RELEASE\spring-test-4.3.10.RELEASE.jar;C:\Users\xingqiu\.m2\repository\net\sourceforge\nekohtml\nekohtml\1.9.15\nekohtml-1.9.15.jar;C:\Users\xingqiu\.m2\repository\xerces\xercesImpl\2.9.1\xercesImpl-2.9.1.jar;C:\Users\xingqiu\.m2\repository\xml-apis\xml-apis\1.4.01\xml-apis-1.4.01.jar;C:\Users\xingqiu\.m2\repository\org\apache\httpcomponents\httpclient\4.5.3\httpclient-4.5.3.jar;C:\Users\xingqiu\.m2\repository\org\apache\httpcomponents\httpcore\4.4.6\httpcore-4.4.6.jar;C:\Users\xingqiu\.m2\repository\commons-codec\commons-codec\1.10\commons-codec-1.10.jar;C:\Users\xingqiu\.m2\repository\org\springframework\boot\spring-boot-starter-mail\1.5.6.RELEASE\spring-boot-starter-mail-1.5.6.RELEASE.jar;C:\Users\xingqiu\.m2\repository\org\springframework\spring-context\4.3.10.RELEASE\spring-context-4.3.10.RELEASE.jar;C:\Users\xingqiu\.m2\repository\org\springframework\spring-context-support\4.3.10.RELEASE\spring-context-support-4.3.10.RELEASE.jar;C:\Users\xingqiu\.m2\repository\com\sun\mail\javax.mail\1.5.6\javax.mail-1.5.6.jar;C:\Users\xingqiu\.m2\repository\javax\activation\activation\1.1\activation-1.1.jar;C:\Users\xingqiu\.m2\repository\javax\xml\bind\jaxb-api\2.3.1\jaxb-api-2.3.1.jar;C:\Users\xingqiu\.m2\repository\javax\activation\javax.activation-api\1.2.0\javax.activation-api-1.2.0.jar;C:\Users\xingqiu\.m2\repository\javax\annotation\javax.annotation-api\1.3.2\javax.annotation-api-1.3.2.jar;C:\Users\xingqiu\.m2\repository\org\glassfish\jaxb\jaxb-runtime\2.3.1\jaxb-runtime-2.3.1.jar;C:\Users\xingqiu\.m2\repository\org\glassfish\jaxb\txw2\2.3.1\txw2-2.3.1.jar;C:\Users\xingqiu\.m2\repository\com\sun\istack\istack-commons-runtime\3.0.7\istack-commons-runtime-3.0.7.jar;C:\Users\xingqiu\.m2\repository\org\jvnet\staxex\stax-ex\1.8\stax-ex-1.8.jar;C:\Users\xingqiu\.m2\repository\com\sun\xml\fastinfoset\FastInfoset\1.2.15\FastInfoset-1.2.15.jar;C:\Users\xingqiu\.m2\repository\com\h2database\h2\2.1.214\h2-2.1.214.jar;"/>
    <property name="java.vm.vendor" value="Oracle Corporation"/>
    <property name="sun.arch.data.model" value="64"/>
    <property name="user.variant" value=""/>
    <property name="java.vendor.url" value="https://java.oracle.com/"/>
    <property name="user.timezone" value="Asia/Shanghai"/>
    <property name="os.name" value="Windows 11"/>
    <property name="java.vm.specification.version" value="22"/>
    <property name="sun.java.launcher" value="SUN_STANDARD"/>
    <property name="user.country" value="CN"/>
    <property name="sun.boot.library.path" value="C:\Program Files\Java\jdk-22\bin"/>
    <property name="sun.java.command" value="C:\Users\xingqiu\AppData\Local\Temp\surefire4298204582301888509\surefirebooter-20250704085552497_17.jar C:\Users\xingqiu\AppData\Local\Temp\surefire4298204582301888509 2025-07-04T08-55-28_695-jvmRun1 surefire-20250704085552497_15tmp surefire_3-20250704085552497_16tmp"/>
    <property name="jdk.debug" value="release"/>
    <property name="surefire.test.class.path" value="C:\Users\xingqiu\Desktop\软工课设\software-bbs-master\quark-portal\target\test-classes;C:\Users\xingqiu\Desktop\软工课设\software-bbs-master\quark-portal\target\classes;C:\Users\xingqiu\.m2\repository\org\springframework\boot\spring-boot-starter\1.5.6.RELEASE\spring-boot-starter-1.5.6.RELEASE.jar;C:\Users\xingqiu\.m2\repository\org\springframework\boot\spring-boot\1.5.6.RELEASE\spring-boot-1.5.6.RELEASE.jar;C:\Users\xingqiu\.m2\repository\org\springframework\boot\spring-boot-autoconfigure\1.5.6.RELEASE\spring-boot-autoconfigure-1.5.6.RELEASE.jar;C:\Users\xingqiu\.m2\repository\org\springframework\boot\spring-boot-starter-logging\1.5.6.RELEASE\spring-boot-starter-logging-1.5.6.RELEASE.jar;C:\Users\xingqiu\.m2\repository\ch\qos\logback\logback-classic\1.1.11\logback-classic-1.1.11.jar;C:\Users\xingqiu\.m2\repository\ch\qos\logback\logback-core\1.1.11\logback-core-1.1.11.jar;C:\Users\xingqiu\.m2\repository\org\slf4j\jcl-over-slf4j\1.7.25\jcl-over-slf4j-1.7.25.jar;C:\Users\xingqiu\.m2\repository\org\slf4j\jul-to-slf4j\1.7.25\jul-to-slf4j-1.7.25.jar;C:\Users\xingqiu\.m2\repository\org\slf4j\log4j-over-slf4j\1.7.25\log4j-over-slf4j-1.7.25.jar;C:\Users\xingqiu\.m2\repository\org\springframework\spring-core\4.3.10.RELEASE\spring-core-4.3.10.RELEASE.jar;C:\Users\xingqiu\.m2\repository\org\yaml\snakeyaml\1.17\snakeyaml-1.17.jar;C:\Users\xingqiu\.m2\repository\org\springframework\boot\spring-boot-starter-web\1.5.6.RELEASE\spring-boot-starter-web-1.5.6.RELEASE.jar;C:\Users\xingqiu\.m2\repository\org\springframework\boot\spring-boot-starter-tomcat\1.5.6.RELEASE\spring-boot-starter-tomcat-1.5.6.RELEASE.jar;C:\Users\xingqiu\.m2\repository\org\apache\tomcat\embed\tomcat-embed-core\8.5.16\tomcat-embed-core-8.5.16.jar;C:\Users\xingqiu\.m2\repository\org\apache\tomcat\embed\tomcat-embed-el\8.5.16\tomcat-embed-el-8.5.16.jar;C:\Users\xingqiu\.m2\repository\org\apache\tomcat\embed\tomcat-embed-websocket\8.5.16\tomcat-embed-websocket-8.5.16.jar;C:\Users\xingqiu\.m2\repository\org\hibernate\hibernate-validator\5.3.5.Final\hibernate-validator-5.3.5.Final.jar;C:\Users\xingqiu\.m2\repository\javax\validation\validation-api\1.1.0.Final\validation-api-1.1.0.Final.jar;C:\Users\xingqiu\.m2\repository\org\jboss\logging\jboss-logging\3.3.1.Final\jboss-logging-3.3.1.Final.jar;C:\Users\xingqiu\.m2\repository\com\fasterxml\classmate\1.3.3\classmate-1.3.3.jar;C:\Users\xingqiu\.m2\repository\com\fasterxml\jackson\core\jackson-databind\2.8.9\jackson-databind-2.8.9.jar;C:\Users\xingqiu\.m2\repository\com\fasterxml\jackson\core\jackson-annotations\2.8.0\jackson-annotations-2.8.0.jar;C:\Users\xingqiu\.m2\repository\com\fasterxml\jackson\core\jackson-core\2.8.9\jackson-core-2.8.9.jar;C:\Users\xingqiu\.m2\repository\org\springframework\spring-web\4.3.10.RELEASE\spring-web-4.3.10.RELEASE.jar;C:\Users\xingqiu\.m2\repository\org\springframework\spring-aop\4.3.10.RELEASE\spring-aop-4.3.10.RELEASE.jar;C:\Users\xingqiu\.m2\repository\org\springframework\spring-beans\4.3.10.RELEASE\spring-beans-4.3.10.RELEASE.jar;C:\Users\xingqiu\.m2\repository\org\springframework\spring-webmvc\4.3.10.RELEASE\spring-webmvc-4.3.10.RELEASE.jar;C:\Users\xingqiu\.m2\repository\org\springframework\spring-expression\4.3.10.RELEASE\spring-expression-4.3.10.RELEASE.jar;C:\Users\xingqiu\.m2\repository\org\springframework\boot\spring-boot-starter-thymeleaf\1.5.6.RELEASE\spring-boot-starter-thymeleaf-1.5.6.RELEASE.jar;C:\Users\xingqiu\.m2\repository\org\thymeleaf\thymeleaf-spring4\2.1.5.RELEASE\thymeleaf-spring4-2.1.5.RELEASE.jar;C:\Users\xingqiu\.m2\repository\org\thymeleaf\thymeleaf\2.1.5.RELEASE\thymeleaf-2.1.5.RELEASE.jar;C:\Users\xingqiu\.m2\repository\ognl\ognl\3.0.8\ognl-3.0.8.jar;C:\Users\xingqiu\.m2\repository\org\javassist\javassist\3.21.0-GA\javassist-3.21.0-GA.jar;C:\Users\xingqiu\.m2\repository\org\unbescape\unbescape\1.1.0.RELEASE\unbescape-1.1.0.RELEASE.jar;C:\Users\xingqiu\.m2\repository\org\slf4j\slf4j-api\1.7.25\slf4j-api-1.7.25.jar;C:\Users\xingqiu\.m2\repository\nz\net\ultraq\thymeleaf\thymeleaf-layout-dialect\1.4.0\thymeleaf-layout-dialect-1.4.0.jar;C:\Users\xingqiu\.m2\repository\org\codehaus\groovy\groovy\2.4.12\groovy-2.4.12.jar;C:\Users\xingqiu\.m2\repository\org\springframework\boot\spring-boot-starter-test\1.5.6.RELEASE\spring-boot-starter-test-1.5.6.RELEASE.jar;C:\Users\xingqiu\.m2\repository\org\springframework\boot\spring-boot-test\1.5.6.RELEASE\spring-boot-test-1.5.6.RELEASE.jar;C:\Users\xingqiu\.m2\repository\org\springframework\boot\spring-boot-test-autoconfigure\1.5.6.RELEASE\spring-boot-test-autoconfigure-1.5.6.RELEASE.jar;C:\Users\xingqiu\.m2\repository\com\jayway\jsonpath\json-path\2.2.0\json-path-2.2.0.jar;C:\Users\xingqiu\.m2\repository\net\minidev\json-smart\2.2.1\json-smart-2.2.1.jar;C:\Users\xingqiu\.m2\repository\net\minidev\accessors-smart\1.1\accessors-smart-1.1.jar;C:\Users\xingqiu\.m2\repository\org\ow2\asm\asm\5.0.3\asm-5.0.3.jar;C:\Users\xingqiu\.m2\repository\junit\junit\4.12\junit-4.12.jar;C:\Users\xingqiu\.m2\repository\org\assertj\assertj-core\2.6.0\assertj-core-2.6.0.jar;C:\Users\xingqiu\.m2\repository\org\mockito\mockito-core\1.10.19\mockito-core-1.10.19.jar;C:\Users\xingqiu\.m2\repository\org\objenesis\objenesis\2.1\objenesis-2.1.jar;C:\Users\xingqiu\.m2\repository\org\hamcrest\hamcrest-core\1.3\hamcrest-core-1.3.jar;C:\Users\xingqiu\.m2\repository\org\hamcrest\hamcrest-library\1.3\hamcrest-library-1.3.jar;C:\Users\xingqiu\.m2\repository\org\skyscreamer\jsonassert\1.4.0\jsonassert-1.4.0.jar;C:\Users\xingqiu\.m2\repository\com\vaadin\external\google\android-json\0.0.20131108.vaadin1\android-json-0.0.20131108.vaadin1.jar;C:\Users\xingqiu\.m2\repository\org\springframework\spring-test\4.3.10.RELEASE\spring-test-4.3.10.RELEASE.jar;C:\Users\xingqiu\.m2\repository\net\sourceforge\nekohtml\nekohtml\1.9.15\nekohtml-1.9.15.jar;C:\Users\xingqiu\.m2\repository\xerces\xercesImpl\2.9.1\xercesImpl-2.9.1.jar;C:\Users\xingqiu\.m2\repository\xml-apis\xml-apis\1.4.01\xml-apis-1.4.01.jar;C:\Users\xingqiu\.m2\repository\org\apache\httpcomponents\httpclient\4.5.3\httpclient-4.5.3.jar;C:\Users\xingqiu\.m2\repository\org\apache\httpcomponents\httpcore\4.4.6\httpcore-4.4.6.jar;C:\Users\xingqiu\.m2\repository\commons-codec\commons-codec\1.10\commons-codec-1.10.jar;C:\Users\xingqiu\.m2\repository\org\springframework\boot\spring-boot-starter-mail\1.5.6.RELEASE\spring-boot-starter-mail-1.5.6.RELEASE.jar;C:\Users\xingqiu\.m2\repository\org\springframework\spring-context\4.3.10.RELEASE\spring-context-4.3.10.RELEASE.jar;C:\Users\xingqiu\.m2\repository\org\springframework\spring-context-support\4.3.10.RELEASE\spring-context-support-4.3.10.RELEASE.jar;C:\Users\xingqiu\.m2\repository\com\sun\mail\javax.mail\1.5.6\javax.mail-1.5.6.jar;C:\Users\xingqiu\.m2\repository\javax\activation\activation\1.1\activation-1.1.jar;C:\Users\xingqiu\.m2\repository\javax\xml\bind\jaxb-api\2.3.1\jaxb-api-2.3.1.jar;C:\Users\xingqiu\.m2\repository\javax\activation\javax.activation-api\1.2.0\javax.activation-api-1.2.0.jar;C:\Users\xingqiu\.m2\repository\javax\annotation\javax.annotation-api\1.3.2\javax.annotation-api-1.3.2.jar;C:\Users\xingqiu\.m2\repository\org\glassfish\jaxb\jaxb-runtime\2.3.1\jaxb-runtime-2.3.1.jar;C:\Users\xingqiu\.m2\repository\org\glassfish\jaxb\txw2\2.3.1\txw2-2.3.1.jar;C:\Users\xingqiu\.m2\repository\com\sun\istack\istack-commons-runtime\3.0.7\istack-commons-runtime-3.0.7.jar;C:\Users\xingqiu\.m2\repository\org\jvnet\staxex\stax-ex\1.8\stax-ex-1.8.jar;C:\Users\xingqiu\.m2\repository\com\sun\xml\fastinfoset\FastInfoset\1.2.15\FastInfoset-1.2.15.jar;C:\Users\xingqiu\.m2\repository\com\h2database\h2\2.1.214\h2-2.1.214.jar;"/>
    <property name="sun.cpu.endian" value="little"/>
    <property name="user.home" value="C:\Users\xingqiu"/>
    <property name="user.language" value="zh"/>
    <property name="java.specification.vendor" value="Oracle Corporation"/>
    <property name="java.version.date" value="2024-04-16"/>
    <property name="java.home" value="C:\Program Files\Java\jdk-22"/>
    <property name="spring.profiles.active" value="test"/>
    <property name="file.separator" value="\"/>
    <property name="basedir" value="C:\Users\xingqiu\Desktop\软工课设\software-bbs-master\quark-portal"/>
    <property name="java.vm.compressedOopsMode" value="Zero based"/>
    <property name="line.separator" value="&#10;"/>
    <property name="java.vm.specification.vendor" value="Oracle Corporation"/>
    <property name="java.specification.name" value="Java Platform API Specification"/>
    <property name="surefire.real.class.path" value="C:\Users\xingqiu\AppData\Local\Temp\surefire4298204582301888509\surefirebooter-20250704085552497_17.jar"/>
    <property name="user.script" value=""/>
    <property name="sun.management.compiler" value="HotSpot 64-Bit Tiered Compilers"/>
    <property name="java.runtime.version" value="22.0.1+8-16"/>
    <property name="user.name" value="王思博"/>
    <property name="stdout.encoding" value="GBK"/>
    <property name="path.separator" value=";"/>
    <property name="os.version" value="10.0"/>
    <property name="java.runtime.name" value="Java(TM) SE Runtime Environment"/>
    <property name="file.encoding" value="UTF-8"/>
    <property name="java.vm.name" value="Java HotSpot(TM) 64-Bit Server VM"/>
    <property name="localRepository" value="C:\Users\xingqiu\.m2\repository"/>
    <property name="java.vendor.url.bug" value="https://bugreport.java.com/bugreport/"/>
    <property name="java.io.tmpdir" value="C:\Users\xingqiu\AppData\Local\Temp\"/>
    <property name="java.version" value="22.0.1"/>
    <property name="user.dir" value="C:\Users\xingqiu\Desktop\软工课设\software-bbs-master\quark-portal"/>
    <property name="os.arch" value="amd64"/>
    <property name="java.vm.specification.name" value="Java Virtual Machine Specification"/>
    <property name="sun.os.patch.level" value=""/>
    <property name="native.encoding" value="GBK"/>
    <property name="java.library.path" value="C:\Program Files\Java\jdk-22\bin;C:\WINDOWS\Sun\Java\bin;C:\WINDOWS\system32;C:\WINDOWS;D:\SoftWare\anaconda3;D:\SoftWare\anaconda3\Library\mingw-w64\bin;D:\SoftWare\anaconda3\Library\usr\bin;D:\SoftWare\anaconda3\Library\bin;D:\SoftWare\anaconda3\Scripts;D:\SoftWare\anaconda3\bin;D:\SoftWare\anaconda3\condabin;C:\Program Files\NVIDIA GPU Computing Toolkit\CUDA\v11.8\bin;C:\Program Files\NVIDIA GPU Computing Toolkit\CUDA\v11.8\libnvvp;C:\Program Files\NVIDIA GPU Computing Toolkit\CUDA\v12.8\bin;C:\Program Files\NVIDIA GPU Computing Toolkit\CUDA\v12.8\libnvvp;D:\VMware Workstation\bin;C:\Program Files\Common Files\Oracle\Java\javapath;C:\Program Files\Microsoft\jdk-11.0.16.101-hotspot\bin;C:\Windows\system32;C:\Windows;C:\Windows\System32\Wbem;C:\Windows\System32\WindowsPowerShell\v1.0;C:\Windows\System32\OpenSSH;C:\Program Files (x86)\NVIDIA Corporation\PhysX\Common;C:\Program Files (x86)\GtkSharp\2.12\bin;C:\Program Files\dotnet;C:\Program Files\MATLAB\R2023a\bin;C:\Program Files (x86)\Microsoft SQL Server\160\Tools\Binn;C:\Program Files\Microsoft SQL Server\160\Tools\Binn;C:\Program Files\Microsoft SQL Server\Client SDK\ODBC\170\Tools\Binn;C:\Program Files\Microsoft SQL Server\160\DTS\Binn;C:\Program Files\Microsoft SQL Server\150\Tools\Binn;C:\Program Files (x86)\Windows Kits\10\Windows Performance Toolkit;D:\AndroidEnvironment\SDK\tools;D:\AndroidEnvironment\SDK\platform-tools;C:\WINDOWS\system32;C:\WINDOWS;C:\WINDOWS\System32\Wbem;C:\WINDOWS\System32\WindowsPowerShell\v1.0;C:\WINDOWS\System32\OpenSSH;C:\Program Files\NVIDIA Corporation\NVIDIA app\NvDLISR;C:\Program Files\NVIDIA Corporation\Nsight Compute 2022.3.0;D:\SoftWare\Git\cmd;C:\Program Files\PuTTY;C:\Program Files\Bandizip;C:\Program Files\MySQL\MySQL Shell 8.0\bin;C:\Users\xingqiu\scoop\apps\maven\current\bin;C:\Users\xingqiu\scoop\shims;C:\Ruby32-x64\bin;C:\Users\xingqiu\AppData\Local\Programs\Python\Python312\Scripts;C:\Users\xingqiu\AppData\Local\Programs\Python\Python312\python.exe;C:\Users\xingqiu\AppData\Local\Programs\Python\Launcher;C:\Users\xingqiu\AppData\Local\Microsoft\WindowsApps;C:\altera\13.0sp1\modelsim_ae\win32aloem;C:\iverilog\bin;D:\QT\6.7.2\mingw_64\bin;D:\SoftWare\Microsoft VS Code\bin;D:\SoftWare\anaconda3;D:\SoftWare\anaconda3\Scripts;D:\SoftWare\anaconda3\Library\bin;D:\SoftWare\JetBrains\PyCharm Community Edition 2023.3.7\bin;.;D:\SoftWare\anaconda3\envs\dspth;C:\Users\xingqiu\AppData\Roaming\XilinxLicense;C:\Program Files\NVIDIA GPU Computing Toolkit\CUDA\v11.8\bin;C:\msys64\mingw64\bin;C:\redis;.;c:\Users\xingqiu\AppData\Roaming\Code\User\globalStorage\github.copilot-chat\debugCommand;."/>
    <property name="java.vm.info" value="mixed mode, sharing"/>
    <property name="stderr.encoding" value="GBK"/>
    <property name="java.vendor" value="Oracle Corporation"/>
    <property name="java.vm.version" value="22.0.1+8-16"/>
    <property name="sun.io.unicode.encoding" value="UnicodeLittle"/>
    <property name="java.class.version" value="66.0"/>
  </properties>
  <testcase name="getUserByApi" classname="com.quark.porent.service.impl.UserServiceImplTest" time="0.269">
    <system-out><![CDATA[08:55:53.151 [main] DEBUG org.springframework.test.context.junit4.SpringJUnit4ClassRunner - SpringJUnit4ClassRunner constructor called with [class com.quark.porent.service.impl.UserServiceImplTest]
08:55:53.154 [main] DEBUG org.springframework.test.context.BootstrapUtils - Instantiating CacheAwareContextLoaderDelegate from class [org.springframework.test.context.cache.DefaultCacheAwareContextLoaderDelegate]
08:55:53.160 [main] DEBUG org.springframework.test.context.BootstrapUtils - Instantiating BootstrapContext using constructor [public org.springframework.test.context.support.DefaultBootstrapContext(java.lang.Class,org.springframework.test.context.CacheAwareContextLoaderDelegate)]
08:55:53.170 [main] DEBUG org.springframework.test.context.BootstrapUtils - Instantiating TestContextBootstrapper for test class [com.quark.porent.service.impl.UserServiceImplTest] from class [org.springframework.boot.test.context.SpringBootTestContextBootstrapper]
08:55:53.178 [main] INFO org.springframework.boot.test.context.SpringBootTestContextBootstrapper - Neither @ContextConfiguration nor @ContextHierarchy found for test class [com.quark.porent.service.impl.UserServiceImplTest], using SpringBootContextLoader
08:55:53.180 [main] DEBUG org.springframework.test.context.support.AbstractContextLoader - Did not detect default resource location for test class [com.quark.porent.service.impl.UserServiceImplTest]: class path resource [com/quark/porent/service/impl/UserServiceImplTest-context.xml] does not exist
08:55:53.181 [main] DEBUG org.springframework.test.context.support.AbstractContextLoader - Did not detect default resource location for test class [com.quark.porent.service.impl.UserServiceImplTest]: class path resource [com/quark/porent/service/impl/UserServiceImplTestContext.groovy] does not exist
08:55:53.181 [main] INFO org.springframework.test.context.support.AbstractContextLoader - Could not detect default resource locations for test class [com.quark.porent.service.impl.UserServiceImplTest]: no resource found for suffixes {-context.xml, Context.groovy}.
08:55:53.181 [main] INFO org.springframework.test.context.support.AnnotationConfigContextLoaderUtils - Could not detect default configuration classes for test class [com.quark.porent.service.impl.UserServiceImplTest]: UserServiceImplTest does not declare any static, non-private, non-final, nested classes annotated with @Configuration.
08:55:53.204 [main] DEBUG org.springframework.test.context.support.ActiveProfilesUtils - Could not find an 'annotation declaring class' for annotation type [org.springframework.test.context.ActiveProfiles] and class [com.quark.porent.service.impl.UserServiceImplTest]
08:55:53.208 [main] DEBUG org.springframework.core.env.StandardEnvironment - Adding [systemProperties] PropertySource with lowest search precedence
08:55:53.209 [main] DEBUG org.springframework.core.env.StandardEnvironment - Adding [systemEnvironment] PropertySource with lowest search precedence
08:55:53.209 [main] DEBUG org.springframework.core.env.StandardEnvironment - Initialized StandardEnvironment with PropertySources [systemProperties,systemEnvironment]
08:55:53.215 [main] DEBUG org.springframework.core.io.support.PathMatchingResourcePatternResolver - Resolved classpath location [com/quark/porent/service/impl/] to resources [URL [file:/C:/Users/xingqiu/Desktop/%E8%BD%AF%E5%B7%A5%E8%AF%BE%E8%AE%BE/software-bbs-master/quark-portal/target/test-classes/com/quark/porent/service/impl/], URL [file:/C:/Users/xingqiu/Desktop/%E8%BD%AF%E5%B7%A5%E8%AF%BE%E8%AE%BE/software-bbs-master/quark-portal/target/classes/com/quark/porent/service/impl/]]
08:55:53.215 [main] DEBUG org.springframework.core.io.support.PathMatchingResourcePatternResolver - Looking for matching resources in directory tree [C:\Users\xingqiu\Desktop\软工课设\software-bbs-master\quark-portal\target\test-classes\com\quark\porent\service\impl]
08:55:53.216 [main] DEBUG org.springframework.core.io.support.PathMatchingResourcePatternResolver - Searching directory [C:\Users\xingqiu\Desktop\软工课设\software-bbs-master\quark-portal\target\test-classes\com\quark\porent\service\impl] for files matching pattern [C:/Users/xingqiu/Desktop/软工课设/software-bbs-master/quark-portal/target/test-classes/com/quark/porent/service/impl/*.class]
08:55:53.218 [main] DEBUG org.springframework.core.io.support.PathMatchingResourcePatternResolver - Looking for matching resources in directory tree [C:\Users\xingqiu\Desktop\软工课设\software-bbs-master\quark-portal\target\classes\com\quark\porent\service\impl]
08:55:53.218 [main] DEBUG org.springframework.core.io.support.PathMatchingResourcePatternResolver - Searching directory [C:\Users\xingqiu\Desktop\软工课设\software-bbs-master\quark-portal\target\classes\com\quark\porent\service\impl] for files matching pattern [C:/Users/xingqiu/Desktop/软工课设/software-bbs-master/quark-portal/target/classes/com/quark/porent/service/impl/*.class]
08:55:53.219 [main] DEBUG org.springframework.core.io.support.PathMatchingResourcePatternResolver - Resolved location pattern [classpath*:com/quark/porent/service/impl/*.class] to resources [file [C:\Users\xingqiu\Desktop\软工课设\software-bbs-master\quark-portal\target\test-classes\com\quark\porent\service\impl\UserServiceImplTest.class], file [C:\Users\xingqiu\Desktop\软工课设\software-bbs-master\quark-portal\target\classes\com\quark\porent\service\impl\MailServiceImpl.class], file [C:\Users\xingqiu\Desktop\软工课设\software-bbs-master\quark-portal\target\classes\com\quark\porent\service\impl\UserServiceImpl.class]]
08:55:53.231 [main] DEBUG org.springframework.core.io.support.PathMatchingResourcePatternResolver - Resolved classpath location [com/quark/porent/service/] to resources [URL [file:/C:/Users/xingqiu/Desktop/%E8%BD%AF%E5%B7%A5%E8%AF%BE%E8%AE%BE/software-bbs-master/quark-portal/target/test-classes/com/quark/porent/service/], URL [file:/C:/Users/xingqiu/Desktop/%E8%BD%AF%E5%B7%A5%E8%AF%BE%E8%AE%BE/software-bbs-master/quark-portal/target/classes/com/quark/porent/service/]]
08:55:53.231 [main] DEBUG org.springframework.core.io.support.PathMatchingResourcePatternResolver - Looking for matching resources in directory tree [C:\Users\xingqiu\Desktop\软工课设\software-bbs-master\quark-portal\target\test-classes\com\quark\porent\service]
08:55:53.231 [main] DEBUG org.springframework.core.io.support.PathMatchingResourcePatternResolver - Searching directory [C:\Users\xingqiu\Desktop\软工课设\software-bbs-master\quark-portal\target\test-classes\com\quark\porent\service] for files matching pattern [C:/Users/xingqiu/Desktop/软工课设/software-bbs-master/quark-portal/target/test-classes/com/quark/porent/service/*.class]
08:55:53.231 [main] DEBUG org.springframework.core.io.support.PathMatchingResourcePatternResolver - Looking for matching resources in directory tree [C:\Users\xingqiu\Desktop\软工课设\software-bbs-master\quark-portal\target\classes\com\quark\porent\service]
08:55:53.232 [main] DEBUG org.springframework.core.io.support.PathMatchingResourcePatternResolver - Searching directory [C:\Users\xingqiu\Desktop\软工课设\software-bbs-master\quark-portal\target\classes\com\quark\porent\service] for files matching pattern [C:/Users/xingqiu/Desktop/软工课设/software-bbs-master/quark-portal/target/classes/com/quark/porent/service/*.class]
08:55:53.232 [main] DEBUG org.springframework.core.io.support.PathMatchingResourcePatternResolver - Resolved location pattern [classpath*:com/quark/porent/service/*.class] to resources [file [C:\Users\xingqiu\Desktop\软工课设\software-bbs-master\quark-portal\target\classes\com\quark\porent\service\MailService.class], file [C:\Users\xingqiu\Desktop\软工课设\software-bbs-master\quark-portal\target\classes\com\quark\porent\service\UserService.class]]
08:55:53.234 [main] DEBUG org.springframework.core.io.support.PathMatchingResourcePatternResolver - Resolved classpath location [com/quark/porent/] to resources [URL [file:/C:/Users/xingqiu/Desktop/%E8%BD%AF%E5%B7%A5%E8%AF%BE%E8%AE%BE/software-bbs-master/quark-portal/target/test-classes/com/quark/porent/], URL [file:/C:/Users/xingqiu/Desktop/%E8%BD%AF%E5%B7%A5%E8%AF%BE%E8%AE%BE/software-bbs-master/quark-portal/target/classes/com/quark/porent/]]
08:55:53.234 [main] DEBUG org.springframework.core.io.support.PathMatchingResourcePatternResolver - Looking for matching resources in directory tree [C:\Users\xingqiu\Desktop\软工课设\software-bbs-master\quark-portal\target\test-classes\com\quark\porent]
08:55:53.234 [main] DEBUG org.springframework.core.io.support.PathMatchingResourcePatternResolver - Searching directory [C:\Users\xingqiu\Desktop\软工课设\software-bbs-master\quark-portal\target\test-classes\com\quark\porent] for files matching pattern [C:/Users/xingqiu/Desktop/软工课设/software-bbs-master/quark-portal/target/test-classes/com/quark/porent/*.class]
08:55:53.234 [main] DEBUG org.springframework.core.io.support.PathMatchingResourcePatternResolver - Looking for matching resources in directory tree [C:\Users\xingqiu\Desktop\软工课设\software-bbs-master\quark-portal\target\classes\com\quark\porent]
08:55:53.235 [main] DEBUG org.springframework.core.io.support.PathMatchingResourcePatternResolver - Searching directory [C:\Users\xingqiu\Desktop\软工课设\software-bbs-master\quark-portal\target\classes\com\quark\porent] for files matching pattern [C:/Users/xingqiu/Desktop/软工课设/software-bbs-master/quark-portal/target/classes/com/quark/porent/*.class]
08:55:53.236 [main] DEBUG org.springframework.core.io.support.PathMatchingResourcePatternResolver - Resolved location pattern [classpath*:com/quark/porent/*.class] to resources [file [C:\Users\xingqiu\Desktop\软工课设\software-bbs-master\quark-portal\target\classes\com\quark\porent\PortalApplication.class]]
08:55:53.257 [main] DEBUG org.springframework.context.annotation.ClassPathScanningCandidateComponentProvider - Identified candidate component class: file [C:\Users\xingqiu\Desktop\软工课设\software-bbs-master\quark-portal\target\classes\com\quark\porent\PortalApplication.class]
08:55:53.257 [main] INFO org.springframework.boot.test.context.SpringBootTestContextBootstrapper - Found @SpringBootConfiguration com.quark.porent.PortalApplication for test class com.quark.porent.service.impl.UserServiceImplTest
08:55:53.259 [main] DEBUG org.springframework.boot.test.context.SpringBootTestContextBootstrapper - @TestExecutionListeners is not present for class [com.quark.porent.service.impl.UserServiceImplTest]: using defaults.
08:55:53.261 [main] INFO org.springframework.boot.test.context.SpringBootTestContextBootstrapper - Loaded default TestExecutionListener class names from location [META-INF/spring.factories]: [org.springframework.boot.test.mock.mockito.MockitoTestExecutionListener, org.springframework.boot.test.mock.mockito.ResetMocksTestExecutionListener, org.springframework.boot.test.autoconfigure.restdocs.RestDocsTestExecutionListener, org.springframework.boot.test.autoconfigure.web.client.MockRestServiceServerResetTestExecutionListener, org.springframework.boot.test.autoconfigure.web.servlet.MockMvcPrintOnlyOnFailureTestExecutionListener, org.springframework.boot.test.autoconfigure.web.servlet.WebDriverTestExecutionListener, org.springframework.test.context.web.ServletTestExecutionListener, org.springframework.test.context.support.DirtiesContextBeforeModesTestExecutionListener, org.springframework.test.context.support.DependencyInjectionTestExecutionListener, org.springframework.test.context.support.DirtiesContextTestExecutionListener, org.springframework.test.context.transaction.TransactionalTestExecutionListener, org.springframework.test.context.jdbc.SqlScriptsTestExecutionListener]
08:55:53.269 [main] INFO org.springframework.boot.test.context.SpringBootTestContextBootstrapper - Could not instantiate TestExecutionListener [org.springframework.test.context.transaction.TransactionalTestExecutionListener]. Specify custom listener classes or make the default listener classes (and their required dependencies) available. Offending class: [org/springframework/transaction/TransactionDefinition]
08:55:53.270 [main] INFO org.springframework.boot.test.context.SpringBootTestContextBootstrapper - Could not instantiate TestExecutionListener [org.springframework.test.context.jdbc.SqlScriptsTestExecutionListener]. Specify custom listener classes or make the default listener classes (and their required dependencies) available. Offending class: [org/springframework/transaction/interceptor/TransactionAttribute]
08:55:53.270 [main] INFO org.springframework.boot.test.context.SpringBootTestContextBootstrapper - Using TestExecutionListeners: [org.springframework.test.context.web.ServletTestExecutionListener@68567e20, org.springframework.test.context.support.DirtiesContextBeforeModesTestExecutionListener@76ed1b7c, org.springframework.boot.test.autoconfigure.SpringBootDependencyInjectionTestExecutionListener@11fc564b, org.springframework.test.context.support.DirtiesContextTestExecutionListener@394a2528, org.springframework.boot.test.autoconfigure.web.client.MockRestServiceServerResetTestExecutionListener@6236eb5f, org.springframework.boot.test.mock.mockito.MockitoTestExecutionListener@7c1e2a9e, org.springframework.boot.test.autoconfigure.restdocs.RestDocsTestExecutionListener@fa36558, org.springframework.boot.test.mock.mockito.ResetMocksTestExecutionListener@672872e1, org.springframework.boot.test.autoconfigure.web.servlet.WebDriverTestExecutionListener@32910148, org.springframework.boot.test.autoconfigure.web.servlet.MockMvcPrintOnlyOnFailureTestExecutionListener@3f56875e]
08:55:53.270 [main] DEBUG org.springframework.test.annotation.ProfileValueUtils - Retrieved @ProfileValueSourceConfiguration [null] for test class [com.quark.porent.service.impl.UserServiceImplTest]
08:55:53.271 [main] DEBUG org.springframework.test.annotation.ProfileValueUtils - Retrieved ProfileValueSource type [class org.springframework.test.annotation.SystemProfileValueSource] for class [com.quark.porent.service.impl.UserServiceImplTest]
08:55:53.272 [main] DEBUG org.springframework.test.annotation.ProfileValueUtils - Retrieved @ProfileValueSourceConfiguration [null] for test class [com.quark.porent.service.impl.UserServiceImplTest]
08:55:53.272 [main] DEBUG org.springframework.test.annotation.ProfileValueUtils - Retrieved ProfileValueSource type [class org.springframework.test.annotation.SystemProfileValueSource] for class [com.quark.porent.service.impl.UserServiceImplTest]
08:55:53.272 [main] DEBUG org.springframework.test.annotation.ProfileValueUtils - Retrieved @ProfileValueSourceConfiguration [null] for test class [com.quark.porent.service.impl.UserServiceImplTest]
08:55:53.273 [main] DEBUG org.springframework.test.annotation.ProfileValueUtils - Retrieved ProfileValueSource type [class org.springframework.test.annotation.SystemProfileValueSource] for class [com.quark.porent.service.impl.UserServiceImplTest]
08:55:53.276 [main] DEBUG org.springframework.test.context.support.AbstractDirtiesContextTestExecutionListener - Before test class: context [DefaultTestContext@53aad5d5 testClass = UserServiceImplTest, testInstance = [null], testMethod = [null], testException = [null], mergedContextConfiguration = [WebMergedContextConfiguration@46fa7c39 testClass = UserServiceImplTest, locations = '{}', classes = '{class com.quark.porent.PortalApplication}', contextInitializerClasses = '[]', activeProfiles = '{}', propertySourceLocations = '{classpath:portal.properties}', propertySourceProperties = '{org.springframework.boot.test.context.SpringBootTestContextBootstrapper=true}', contextCustomizers = set[org.springframework.boot.test.context.SpringBootTestContextCustomizer@3e2e18f2, org.springframework.boot.test.context.filter.ExcludeFilterContextCustomizer@2e4b8173, org.springframework.boot.test.json.DuplicateJsonObjectContextCustomizerFactory$DuplicateJsonObjectContextCustomizer@5bd03f44, org.springframework.boot.test.mock.mockito.MockitoContextCustomizer@0, org.springframework.boot.test.autoconfigure.properties.PropertyMappingContextCustomizer@0, org.springframework.boot.test.autoconfigure.web.servlet.WebDriverContextCustomizerFactory$Customizer@481a996b], resourceBasePath = 'src/main/webapp', contextLoader = 'org.springframework.boot.test.context.SpringBootContextLoader', parent = [null]]], class annotated with @DirtiesContext [false] with mode [null].
08:55:53.276 [main] DEBUG org.springframework.test.annotation.ProfileValueUtils - Retrieved @ProfileValueSourceConfiguration [null] for test class [com.quark.porent.service.impl.UserServiceImplTest]
08:55:53.276 [main] DEBUG org.springframework.test.annotation.ProfileValueUtils - Retrieved ProfileValueSource type [class org.springframework.test.annotation.SystemProfileValueSource] for class [com.quark.porent.service.impl.UserServiceImplTest]
08:55:53.317 [main] DEBUG org.springframework.core.env.StandardEnvironment - Adding [systemProperties] PropertySource with lowest search precedence
08:55:53.317 [main] DEBUG org.springframework.core.env.StandardEnvironment - Adding [systemEnvironment] PropertySource with lowest search precedence
08:55:53.317 [main] DEBUG org.springframework.core.env.StandardEnvironment - Initialized StandardEnvironment with PropertySources [systemProperties,systemEnvironment]
08:55:53.318 [main] DEBUG org.springframework.core.env.StandardEnvironment - Adding [class path resource [portal.properties]] PropertySource with highest search precedence
08:55:53.319 [main] DEBUG org.springframework.core.env.MutablePropertySources - Adding [inline] PropertySource with highest search precedence
08:55:53.322 [main] DEBUG org.springframework.test.context.support.TestPropertySourceUtils - Adding inlined properties to environment: {spring.jmx.enabled=false, org.springframework.boot.test.context.SpringBootTestContextBootstrapper=true, server.port=-1}
08:55:53.322 [main] DEBUG org.springframework.core.env.StandardEnvironment - Adding [Inlined Test Properties] PropertySource with highest search precedence

  .   ____          _            __ _ _
 /\\ / ___'_ __ _ _(_)_ __  __ _ \ \ \ \
( ( )\___ | '_ | '_| | '_ \/ _` | \ \ \ \
 \\/  ___)| |_)| | | | | || (_| |  ) ) ) )
  '  |____| .__|_| |_|_| |_\__, | / / / /
 =========|_|==============|___/=/_/_/_/
 :: Spring Boot ::        (v1.5.6.RELEASE)

2025-07-04 08:55:53.624  INFO 45184 --- [           main] c.q.p.service.impl.UserServiceImplTest   : Starting UserServiceImplTest on LAPTOP-A13J3GU2 with PID 45184 (started by 王思博 in C:\Users\xingqiu\Desktop\软工课设\software-bbs-master\quark-portal)
2025-07-04 08:55:53.625  INFO 45184 --- [           main] c.q.p.service.impl.UserServiceImplTest   : The following profiles are active: test
2025-07-04 08:55:53.795  INFO 45184 --- [           main] o.s.w.c.s.GenericWebApplicationContext   : Refreshing org.springframework.web.context.support.GenericWebApplicationContext@4b14918a: startup date [Fri Jul 04 08:55:53 CST 2025]; root of context hierarchy
2025-07-04 08:55:53.795 DEBUG 45184 --- [           main] o.s.w.c.s.GenericWebApplicationContext   : Bean factory for org.springframework.web.context.support.GenericWebApplicationContext@4b14918a: org.springframework.beans.factory.support.DefaultListableBeanFactory@69f63d95: defining beans [org.springframework.boot.test.mock.mockito.MockitoPostProcessor$SpyPostProcessor,org.springframework.boot.test.mock.mockito.MockitoPostProcessor,org.springframework.context.annotation.internalConfigurationAnnotationProcessor,org.springframework.context.annotation.internalAutowiredAnnotationProcessor,org.springframework.context.annotation.internalRequiredAnnotationProcessor,org.springframework.context.annotation.internalCommonAnnotationProcessor,org.springframework.context.event.internalEventListenerProcessor,org.springframework.context.event.internalEventListenerFactory,portalApplication]; root of factory hierarchy
2025-07-04 08:55:54.645 DEBUG 45184 --- [           main] o.s.w.c.s.GenericWebApplicationContext   : Unable to locate MessageSource with name 'messageSource': using default [org.springframework.context.support.DelegatingMessageSource@3d278b4d]
2025-07-04 08:55:54.645 DEBUG 45184 --- [           main] o.s.w.c.s.GenericWebApplicationContext   : Unable to locate ApplicationEventMulticaster with name 'applicationEventMulticaster': using default [org.springframework.context.event.SimpleApplicationEventMulticaster@4096aa05]
2025-07-04 08:55:55.095  INFO 45184 --- [           main] s.w.s.m.m.a.RequestMappingHandlerAdapter : Looking for @ControllerAdvice: org.springframework.web.context.support.GenericWebApplicationContext@4b14918a: startup date [Fri Jul 04 08:55:53 CST 2025]; root of context hierarchy
2025-07-04 08:55:55.144 DEBUG 45184 --- [           main] s.w.s.m.m.a.RequestMappingHandlerMapping : Looking for request mappings in application context: org.springframework.web.context.support.GenericWebApplicationContext@4b14918a: startup date [Fri Jul 04 08:55:53 CST 2025]; root of context hierarchy
2025-07-04 08:55:55.154 DEBUG 45184 --- [           main] s.w.s.m.m.a.RequestMappingHandlerMapping : 1 request handler methods found on class com.quark.porent.controller.ChatController: {public java.lang.String com.quark.porent.controller.ChatController.privateChat(java.lang.Long,org.springframework.ui.Model)={[/chat/private],methods=[GET]}}
2025-07-04 08:55:55.155  INFO 45184 --- [           main] s.w.s.m.m.a.RequestMappingHandlerMapping : Mapped "{[/chat/private],methods=[GET]}" onto public java.lang.String com.quark.porent.controller.ChatController.privateChat(java.lang.Long,org.springframework.ui.Model)
2025-07-04 08:55:55.156 DEBUG 45184 --- [           main] s.w.s.m.m.a.RequestMappingHandlerMapping : 1 request handler methods found on class com.quark.porent.controller.LabelController: {public java.lang.String com.quark.porent.controller.LabelController.getLabelDetail()={[/label/detail]}}
2025-07-04 08:55:55.156  INFO 45184 --- [           main] s.w.s.m.m.a.RequestMappingHandlerMapping : Mapped "{[/label/detail]}" onto public java.lang.String com.quark.porent.controller.LabelController.getLabelDetail()
2025-07-04 08:55:55.157 DEBUG 45184 --- [           main] s.w.s.m.m.a.RequestMappingHandlerMapping : 3 request handler methods found on class com.quark.porent.controller.PageController: {public java.lang.String com.quark.porent.controller.PageController.indexPage()={[/index]}, public java.lang.String com.quark.porent.controller.PageController.labelhome()={[/label]}, public java.lang.String com.quark.porent.controller.PageController.chathome()={[/chat]}}
2025-07-04 08:55:55.157  INFO 45184 --- [           main] s.w.s.m.m.a.RequestMappingHandlerMapping : Mapped "{[/index]}" onto public java.lang.String com.quark.porent.controller.PageController.indexPage()
2025-07-04 08:55:55.157  INFO 45184 --- [           main] s.w.s.m.m.a.RequestMappingHandlerMapping : Mapped "{[/label]}" onto public java.lang.String com.quark.porent.controller.PageController.labelhome()
2025-07-04 08:55:55.157  INFO 45184 --- [           main] s.w.s.m.m.a.RequestMappingHandlerMapping : Mapped "{[/chat]}" onto public java.lang.String com.quark.porent.controller.PageController.chathome()
2025-07-04 08:55:55.157 DEBUG 45184 --- [           main] s.w.s.m.m.a.RequestMappingHandlerMapping : 2 request handler methods found on class com.quark.porent.controller.PostsController: {public java.lang.String com.quark.porent.controller.PostsController.add()={[/posts/add]}, public java.lang.String com.quark.porent.controller.PostsController.detail()={[/posts/detail]}}
2025-07-04 08:55:55.157  INFO 45184 --- [           main] s.w.s.m.m.a.RequestMappingHandlerMapping : Mapped "{[/posts/add]}" onto public java.lang.String com.quark.porent.controller.PostsController.add()
2025-07-04 08:55:55.157  INFO 45184 --- [           main] s.w.s.m.m.a.RequestMappingHandlerMapping : Mapped "{[/posts/detail]}" onto public java.lang.String com.quark.porent.controller.PostsController.detail()
2025-07-04 08:55:55.163 DEBUG 45184 --- [           main] s.w.s.m.m.a.RequestMappingHandlerMapping : 12 request handler methods found on class com.quark.porent.controller.UserController: {public java.lang.String com.quark.porent.controller.UserController.register()={[/user/register]}, public java.lang.String com.quark.porent.controller.UserController.message()={[/user/message]}, public java.lang.String com.quark.porent.controller.UserController.home()={[/user/home]}, public java.lang.String com.quark.porent.controller.UserController.login()={[/user/login]}, public java.lang.String com.quark.porent.controller.UserController.confirmCode(com.quark.porent.dto.CodeRequest,javax.servlet.http.HttpSession)={[/user/confirm-code],methods=[POST]}, public java.lang.String com.quark.porent.controller.UserController.setting()={[/user/set]}, public java.lang.String com.quark.porent.controller.UserController.sendCode(com.quark.porent.dto.EmailRequest,javax.servlet.http.HttpSession)={[/user/send-code],methods=[POST]}, public java.util.Map com.quark.porent.controller.UserController.getSchool(javax.servlet.http.HttpSession)={[/user/get-school],methods=[POST]}, public java.lang.String com.quark.porent.controller.UserController.mycollects()={[/user/mycollects]}, public java.lang.String com.quark.porent.controller.UserController.setpsw()={[/user/setpsw]}, public java.lang.String com.quark.porent.controller.UserController.setschool()={[/user/setschool]}, public java.lang.String com.quark.porent.controller.UserController.seticon()={[/user/seticon]}}
2025-07-04 08:55:55.163  INFO 45184 --- [           main] s.w.s.m.m.a.RequestMappingHandlerMapping : Mapped "{[/user/register]}" onto public java.lang.String com.quark.porent.controller.UserController.register()
2025-07-04 08:55:55.163  INFO 45184 --- [           main] s.w.s.m.m.a.RequestMappingHandlerMapping : Mapped "{[/user/message]}" onto public java.lang.String com.quark.porent.controller.UserController.message()
2025-07-04 08:55:55.164  INFO 45184 --- [           main] s.w.s.m.m.a.RequestMappingHandlerMapping : Mapped "{[/user/home]}" onto public java.lang.String com.quark.porent.controller.UserController.home()
2025-07-04 08:55:55.164  INFO 45184 --- [           main] s.w.s.m.m.a.RequestMappingHandlerMapping : Mapped "{[/user/login]}" onto public java.lang.String com.quark.porent.controller.UserController.login()
2025-07-04 08:55:55.164  INFO 45184 --- [           main] s.w.s.m.m.a.RequestMappingHandlerMapping : Mapped "{[/user/confirm-code],methods=[POST]}" onto public java.lang.String com.quark.porent.controller.UserController.confirmCode(com.quark.porent.dto.CodeRequest,javax.servlet.http.HttpSession)
2025-07-04 08:55:55.164  INFO 45184 --- [           main] s.w.s.m.m.a.RequestMappingHandlerMapping : Mapped "{[/user/set]}" onto public java.lang.String com.quark.porent.controller.UserController.setting()
2025-07-04 08:55:55.164  INFO 45184 --- [           main] s.w.s.m.m.a.RequestMappingHandlerMapping : Mapped "{[/user/send-code],methods=[POST]}" onto public java.lang.String com.quark.porent.controller.UserController.sendCode(com.quark.porent.dto.EmailRequest,javax.servlet.http.HttpSession)
2025-07-04 08:55:55.165  INFO 45184 --- [           main] s.w.s.m.m.a.RequestMappingHandlerMapping : Mapped "{[/user/get-school],methods=[POST]}" onto public java.util.Map<java.lang.String, java.lang.Object> com.quark.porent.controller.UserController.getSchool(javax.servlet.http.HttpSession)
2025-07-04 08:55:55.165  INFO 45184 --- [           main] s.w.s.m.m.a.RequestMappingHandlerMapping : Mapped "{[/user/mycollects]}" onto public java.lang.String com.quark.porent.controller.UserController.mycollects()
2025-07-04 08:55:55.165  INFO 45184 --- [           main] s.w.s.m.m.a.RequestMappingHandlerMapping : Mapped "{[/user/setpsw]}" onto public java.lang.String com.quark.porent.controller.UserController.setpsw()
2025-07-04 08:55:55.165  INFO 45184 --- [           main] s.w.s.m.m.a.RequestMappingHandlerMapping : Mapped "{[/user/setschool]}" onto public java.lang.String com.quark.porent.controller.UserController.setschool()
2025-07-04 08:55:55.165  INFO 45184 --- [           main] s.w.s.m.m.a.RequestMappingHandlerMapping : Mapped "{[/user/seticon]}" onto public java.lang.String com.quark.porent.controller.UserController.seticon()
2025-07-04 08:55:55.166 DEBUG 45184 --- [           main] s.w.s.m.m.a.RequestMappingHandlerMapping : 2 request handler methods found on class org.springframework.boot.autoconfigure.web.BasicErrorController: {public org.springframework.http.ResponseEntity org.springframework.boot.autoconfigure.web.BasicErrorController.error(javax.servlet.http.HttpServletRequest)={[/error]}, public org.springframework.web.servlet.ModelAndView org.springframework.boot.autoconfigure.web.BasicErrorController.errorHtml(javax.servlet.http.HttpServletRequest,javax.servlet.http.HttpServletResponse)={[/error],produces=[text/html]}}
2025-07-04 08:55:55.167  INFO 45184 --- [           main] s.w.s.m.m.a.RequestMappingHandlerMapping : Mapped "{[/error]}" onto public org.springframework.http.ResponseEntity<java.util.Map<java.lang.String, java.lang.Object>> org.springframework.boot.autoconfigure.web.BasicErrorController.error(javax.servlet.http.HttpServletRequest)
2025-07-04 08:55:55.167  INFO 45184 --- [           main] s.w.s.m.m.a.RequestMappingHandlerMapping : Mapped "{[/error],produces=[text/html]}" onto public org.springframework.web.servlet.ModelAndView org.springframework.boot.autoconfigure.web.BasicErrorController.errorHtml(javax.servlet.http.HttpServletRequest,javax.servlet.http.HttpServletResponse)
2025-07-04 08:55:55.179 DEBUG 45184 --- [           main] o.s.w.s.h.BeanNameUrlHandlerMapping      : Looking for URL mappings in application context: org.springframework.web.context.support.GenericWebApplicationContext@4b14918a: startup date [Fri Jul 04 08:55:53 CST 2025]; root of context hierarchy
2025-07-04 08:55:55.179 DEBUG 45184 --- [           main] o.s.w.s.h.BeanNameUrlHandlerMapping      : Rejected bean name 'org.springframework.boot.test.mock.mockito.MockitoPostProcessor$SpyPostProcessor': no URL paths identified
2025-07-04 08:55:55.180 DEBUG 45184 --- [           main] o.s.w.s.h.BeanNameUrlHandlerMapping      : Rejected bean name 'org.springframework.boot.test.mock.mockito.MockitoPostProcessor': no URL paths identified
2025-07-04 08:55:55.180 DEBUG 45184 --- [           main] o.s.w.s.h.BeanNameUrlHandlerMapping      : Rejected bean name 'org.springframework.context.annotation.internalConfigurationAnnotationProcessor': no URL paths identified
2025-07-04 08:55:55.180 DEBUG 45184 --- [           main] o.s.w.s.h.BeanNameUrlHandlerMapping      : Rejected bean name 'org.springframework.context.annotation.internalAutowiredAnnotationProcessor': no URL paths identified
2025-07-04 08:55:55.180 DEBUG 45184 --- [           main] o.s.w.s.h.BeanNameUrlHandlerMapping      : Rejected bean name 'org.springframework.context.annotation.internalRequiredAnnotationProcessor': no URL paths identified
2025-07-04 08:55:55.180 DEBUG 45184 --- [           main] o.s.w.s.h.BeanNameUrlHandlerMapping      : Rejected bean name 'org.springframework.context.annotation.internalCommonAnnotationProcessor': no URL paths identified
2025-07-04 08:55:55.180 DEBUG 45184 --- [           main] o.s.w.s.h.BeanNameUrlHandlerMapping      : Rejected bean name 'org.springframework.context.event.internalEventListenerProcessor': no URL paths identified
2025-07-04 08:55:55.180 DEBUG 45184 --- [           main] o.s.w.s.h.BeanNameUrlHandlerMapping      : Rejected bean name 'org.springframework.context.event.internalEventListenerFactory': no URL paths identified
2025-07-04 08:55:55.180 DEBUG 45184 --- [           main] o.s.w.s.h.BeanNameUrlHandlerMapping      : Rejected bean name 'portalApplication': no URL paths identified
2025-07-04 08:55:55.180 DEBUG 45184 --- [           main] o.s.w.s.h.BeanNameUrlHandlerMapping      : Rejected bean name 'org.springframework.boot.autoconfigure.internalCachingMetadataReaderFactory': no URL paths identified
2025-07-04 08:55:55.180 DEBUG 45184 --- [           main] o.s.w.s.h.BeanNameUrlHandlerMapping      : Rejected bean name 'corsConfig': no URL paths identified
2025-07-04 08:55:55.180 DEBUG 45184 --- [           main] o.s.w.s.h.BeanNameUrlHandlerMapping      : Rejected bean name 'globalExceptionHandler': no URL paths identified
2025-07-04 08:55:55.180 DEBUG 45184 --- [           main] o.s.w.s.h.BeanNameUrlHandlerMapping      : Rejected bean name 'propertiesConfig': no URL paths identified
2025-07-04 08:55:55.180 DEBUG 45184 --- [           main] o.s.w.s.h.BeanNameUrlHandlerMapping      : Rejected bean name 'webAppConfig': no URL paths identified
2025-07-04 08:55:55.180 DEBUG 45184 --- [           main] o.s.w.s.h.BeanNameUrlHandlerMapping      : Rejected bean name 'webMvcConfig': no URL paths identified
2025-07-04 08:55:55.180 DEBUG 45184 --- [           main] o.s.w.s.h.BeanNameUrlHandlerMapping      : Rejected bean name 'chatController': no URL paths identified
2025-07-04 08:55:55.180 DEBUG 45184 --- [           main] o.s.w.s.h.BeanNameUrlHandlerMapping      : Rejected bean name 'labelController': no URL paths identified
2025-07-04 08:55:55.180 DEBUG 45184 --- [           main] o.s.w.s.h.BeanNameUrlHandlerMapping      : Rejected bean name 'pageController': no URL paths identified
2025-07-04 08:55:55.180 DEBUG 45184 --- [           main] o.s.w.s.h.BeanNameUrlHandlerMapping      : Rejected bean name 'postsController': no URL paths identified
2025-07-04 08:55:55.180 DEBUG 45184 --- [           main] o.s.w.s.h.BeanNameUrlHandlerMapping      : Rejected bean name 'userController': no URL paths identified
2025-07-04 08:55:55.180 DEBUG 45184 --- [           main] o.s.w.s.h.BeanNameUrlHandlerMapping      : Rejected bean name 'mailServiceImpl': no URL paths identified
2025-07-04 08:55:55.180 DEBUG 45184 --- [           main] o.s.w.s.h.BeanNameUrlHandlerMapping      : Rejected bean name 'userServiceImpl': no URL paths identified
2025-07-04 08:55:55.181 DEBUG 45184 --- [           main] o.s.w.s.h.BeanNameUrlHandlerMapping      : Rejected bean name 'propertySourcesPlaceholderConfigurer': no URL paths identified
2025-07-04 08:55:55.181 DEBUG 45184 --- [           main] o.s.w.s.h.BeanNameUrlHandlerMapping      : Rejected bean name 'loginInterceptor': no URL paths identified
2025-07-04 08:55:55.181 DEBUG 45184 --- [           main] o.s.w.s.h.BeanNameUrlHandlerMapping      : Rejected bean name 'org.springframework.boot.autoconfigure.AutoConfigurationPackages': no URL paths identified
2025-07-04 08:55:55.181 DEBUG 45184 --- [           main] o.s.w.s.h.BeanNameUrlHandlerMapping      : Rejected bean name 'org.springframework.boot.autoconfigure.context.PropertyPlaceholderAutoConfiguration': no URL paths identified
2025-07-04 08:55:55.181 DEBUG 45184 --- [           main] o.s.w.s.h.BeanNameUrlHandlerMapping      : Rejected bean name 'org.springframework.boot.autoconfigure.condition.BeanTypeRegistry': no URL paths identified
2025-07-04 08:55:55.181 DEBUG 45184 --- [           main] o.s.w.s.h.BeanNameUrlHandlerMapping      : Rejected bean name 'org.springframework.boot.autoconfigure.jackson.JacksonAutoConfiguration$Jackson2ObjectMapperBuilderCustomizerConfiguration': no URL paths identified
2025-07-04 08:55:55.181 DEBUG 45184 --- [           main] o.s.w.s.h.BeanNameUrlHandlerMapping      : Rejected bean name 'standardJacksonObjectMapperBuilderCustomizer': no URL paths identified
2025-07-04 08:55:55.181 DEBUG 45184 --- [           main] o.s.w.s.h.BeanNameUrlHandlerMapping      : Rejected bean name 'spring.jackson-org.springframework.boot.autoconfigure.jackson.JacksonProperties': no URL paths identified
2025-07-04 08:55:55.181 DEBUG 45184 --- [           main] o.s.w.s.h.BeanNameUrlHandlerMapping      : Rejected bean name 'org.springframework.boot.context.properties.ConfigurationPropertiesBindingPostProcessor': no URL paths identified
2025-07-04 08:55:55.181 DEBUG 45184 --- [           main] o.s.w.s.h.BeanNameUrlHandlerMapping      : Rejected bean name 'org.springframework.boot.context.properties.ConfigurationPropertiesBindingPostProcessor.store': no URL paths identified
2025-07-04 08:55:55.181 DEBUG 45184 --- [           main] o.s.w.s.h.BeanNameUrlHandlerMapping      : Rejected bean name 'org.springframework.boot.autoconfigure.jackson.JacksonAutoConfiguration$JacksonObjectMapperBuilderConfiguration': no URL paths identified
2025-07-04 08:55:55.181 DEBUG 45184 --- [           main] o.s.w.s.h.BeanNameUrlHandlerMapping      : Rejected bean name 'jacksonObjectMapperBuilder': no URL paths identified
2025-07-04 08:55:55.181 DEBUG 45184 --- [           main] o.s.w.s.h.BeanNameUrlHandlerMapping      : Rejected bean name 'org.springframework.boot.autoconfigure.jackson.JacksonAutoConfiguration$JacksonObjectMapperConfiguration': no URL paths identified
2025-07-04 08:55:55.181 DEBUG 45184 --- [           main] o.s.w.s.h.BeanNameUrlHandlerMapping      : Rejected bean name 'jacksonObjectMapper': no URL paths identified
2025-07-04 08:55:55.181 DEBUG 45184 --- [           main] o.s.w.s.h.BeanNameUrlHandlerMapping      : Rejected bean name 'org.springframework.boot.autoconfigure.jackson.JacksonAutoConfiguration': no URL paths identified
2025-07-04 08:55:55.181 DEBUG 45184 --- [           main] o.s.w.s.h.BeanNameUrlHandlerMapping      : Rejected bean name 'jsonComponentModule': no URL paths identified
2025-07-04 08:55:55.181 DEBUG 45184 --- [           main] o.s.w.s.h.BeanNameUrlHandlerMapping      : Rejected bean name 'org.springframework.boot.autoconfigure.websocket.WebSocketAutoConfiguration$TomcatWebSocketConfiguration': no URL paths identified
2025-07-04 08:55:55.181 DEBUG 45184 --- [           main] o.s.w.s.h.BeanNameUrlHandlerMapping      : Rejected bean name 'websocketContainerCustomizer': no URL paths identified
2025-07-04 08:55:55.181 DEBUG 45184 --- [           main] o.s.w.s.h.BeanNameUrlHandlerMapping      : Rejected bean name 'org.springframework.boot.autoconfigure.websocket.WebSocketAutoConfiguration': no URL paths identified
2025-07-04 08:55:55.181 DEBUG 45184 --- [           main] o.s.w.s.h.BeanNameUrlHandlerMapping      : Rejected bean name 'org.springframework.boot.autoconfigure.web.EmbeddedServletContainerAutoConfiguration$EmbeddedTomcat': no URL paths identified
2025-07-04 08:55:55.181 DEBUG 45184 --- [           main] o.s.w.s.h.BeanNameUrlHandlerMapping      : Rejected bean name 'tomcatEmbeddedServletContainerFactory': no URL paths identified
2025-07-04 08:55:55.181 DEBUG 45184 --- [           main] o.s.w.s.h.BeanNameUrlHandlerMapping      : Rejected bean name 'org.springframework.boot.autoconfigure.web.EmbeddedServletContainerAutoConfiguration': no URL paths identified
2025-07-04 08:55:55.181 DEBUG 45184 --- [           main] o.s.w.s.h.BeanNameUrlHandlerMapping      : Rejected bean name 'embeddedServletContainerCustomizerBeanPostProcessor': no URL paths identified
2025-07-04 08:55:55.181 DEBUG 45184 --- [           main] o.s.w.s.h.BeanNameUrlHandlerMapping      : Rejected bean name 'errorPageRegistrarBeanPostProcessor': no URL paths identified
2025-07-04 08:55:55.181 DEBUG 45184 --- [           main] o.s.w.s.h.BeanNameUrlHandlerMapping      : Rejected bean name 'org.springframework.boot.autoconfigure.web.DispatcherServletAutoConfiguration$DispatcherServletConfiguration': no URL paths identified
2025-07-04 08:55:55.182 DEBUG 45184 --- [           main] o.s.w.s.h.BeanNameUrlHandlerMapping      : Rejected bean name 'dispatcherServlet': no URL paths identified
2025-07-04 08:55:55.182 DEBUG 45184 --- [           main] o.s.w.s.h.BeanNameUrlHandlerMapping      : Rejected bean name 'spring.mvc-org.springframework.boot.autoconfigure.web.WebMvcProperties': no URL paths identified
2025-07-04 08:55:55.182 DEBUG 45184 --- [           main] o.s.w.s.h.BeanNameUrlHandlerMapping      : Rejected bean name 'org.springframework.boot.autoconfigure.web.DispatcherServletAutoConfiguration$DispatcherServletRegistrationConfiguration': no URL paths identified
2025-07-04 08:55:55.182 DEBUG 45184 --- [           main] o.s.w.s.h.BeanNameUrlHandlerMapping      : Rejected bean name 'dispatcherServletRegistration': no URL paths identified
2025-07-04 08:55:55.182 DEBUG 45184 --- [           main] o.s.w.s.h.BeanNameUrlHandlerMapping      : Rejected bean name 'org.springframework.boot.autoconfigure.web.DispatcherServletAutoConfiguration': no URL paths identified
2025-07-04 08:55:55.182 DEBUG 45184 --- [           main] o.s.w.s.h.BeanNameUrlHandlerMapping      : Rejected bean name 'org.springframework.boot.autoconfigure.validation.ValidationAutoConfiguration': no URL paths identified
2025-07-04 08:55:55.182 DEBUG 45184 --- [           main] o.s.w.s.h.BeanNameUrlHandlerMapping      : Rejected bean name 'defaultValidator': no URL paths identified
2025-07-04 08:55:55.182 DEBUG 45184 --- [           main] o.s.w.s.h.BeanNameUrlHandlerMapping      : Rejected bean name 'methodValidationPostProcessor': no URL paths identified
2025-07-04 08:55:55.182 DEBUG 45184 --- [           main] o.s.w.s.h.BeanNameUrlHandlerMapping      : Rejected bean name 'org.springframework.boot.autoconfigure.web.ErrorMvcAutoConfiguration$DefaultErrorViewResolverConfiguration': no URL paths identified
2025-07-04 08:55:55.182 DEBUG 45184 --- [           main] o.s.w.s.h.BeanNameUrlHandlerMapping      : Rejected bean name 'conventionErrorViewResolver': no URL paths identified
2025-07-04 08:55:55.182 DEBUG 45184 --- [           main] o.s.w.s.h.BeanNameUrlHandlerMapping      : Rejected bean name 'org.springframework.boot.autoconfigure.web.ErrorMvcAutoConfiguration': no URL paths identified
2025-07-04 08:55:55.182 DEBUG 45184 --- [           main] o.s.w.s.h.BeanNameUrlHandlerMapping      : Rejected bean name 'errorAttributes': no URL paths identified
2025-07-04 08:55:55.182 DEBUG 45184 --- [           main] o.s.w.s.h.BeanNameUrlHandlerMapping      : Rejected bean name 'basicErrorController': no URL paths identified
2025-07-04 08:55:55.182 DEBUG 45184 --- [           main] o.s.w.s.h.BeanNameUrlHandlerMapping      : Rejected bean name 'errorPageCustomizer': no URL paths identified
2025-07-04 08:55:55.182 DEBUG 45184 --- [           main] o.s.w.s.h.BeanNameUrlHandlerMapping      : Rejected bean name 'preserveErrorControllerTargetClassPostProcessor': no URL paths identified
2025-07-04 08:55:55.182 DEBUG 45184 --- [           main] o.s.w.s.h.BeanNameUrlHandlerMapping      : Rejected bean name 'spring.resources-org.springframework.boot.autoconfigure.web.ResourceProperties': no URL paths identified
2025-07-04 08:55:55.182 DEBUG 45184 --- [           main] o.s.w.s.h.BeanNameUrlHandlerMapping      : Rejected bean name 'org.springframework.boot.autoconfigure.web.WebMvcAutoConfiguration$EnableWebMvcConfiguration': no URL paths identified
2025-07-04 08:55:55.182 DEBUG 45184 --- [           main] o.s.w.s.h.BeanNameUrlHandlerMapping      : Rejected bean name 'requestMappingHandlerAdapter': no URL paths identified
2025-07-04 08:55:55.182 DEBUG 45184 --- [           main] o.s.w.s.h.BeanNameUrlHandlerMapping      : Rejected bean name 'requestMappingHandlerMapping': no URL paths identified
2025-07-04 08:55:55.182 DEBUG 45184 --- [           main] o.s.w.s.h.BeanNameUrlHandlerMapping      : Rejected bean name 'mvcValidator': no URL paths identified
2025-07-04 08:55:55.182 DEBUG 45184 --- [           main] o.s.w.s.h.BeanNameUrlHandlerMapping      : Rejected bean name 'mvcContentNegotiationManager': no URL paths identified
2025-07-04 08:55:55.182 DEBUG 45184 --- [           main] o.s.w.s.h.BeanNameUrlHandlerMapping      : Rejected bean name 'mvcPathMatcher': no URL paths identified
2025-07-04 08:55:55.182 DEBUG 45184 --- [           main] o.s.w.s.h.BeanNameUrlHandlerMapping      : Rejected bean name 'mvcUrlPathHelper': no URL paths identified
2025-07-04 08:55:55.182 DEBUG 45184 --- [           main] o.s.w.s.h.BeanNameUrlHandlerMapping      : Rejected bean name 'viewControllerHandlerMapping': no URL paths identified
2025-07-04 08:55:55.182 DEBUG 45184 --- [           main] o.s.w.s.h.BeanNameUrlHandlerMapping      : Rejected bean name 'beanNameHandlerMapping': no URL paths identified
2025-07-04 08:55:55.182 DEBUG 45184 --- [           main] o.s.w.s.h.BeanNameUrlHandlerMapping      : Rejected bean name 'resourceHandlerMapping': no URL paths identified
2025-07-04 08:55:55.182 DEBUG 45184 --- [           main] o.s.w.s.h.BeanNameUrlHandlerMapping      : Rejected bean name 'mvcResourceUrlProvider': no URL paths identified
2025-07-04 08:55:55.182 DEBUG 45184 --- [           main] o.s.w.s.h.BeanNameUrlHandlerMapping      : Rejected bean name 'defaultServletHandlerMapping': no URL paths identified
2025-07-04 08:55:55.182 DEBUG 45184 --- [           main] o.s.w.s.h.BeanNameUrlHandlerMapping      : Rejected bean name 'mvcConversionService': no URL paths identified
2025-07-04 08:55:55.182 DEBUG 45184 --- [           main] o.s.w.s.h.BeanNameUrlHandlerMapping      : Rejected bean name 'mvcUriComponentsContributor': no URL paths identified
2025-07-04 08:55:55.182 DEBUG 45184 --- [           main] o.s.w.s.h.BeanNameUrlHandlerMapping      : Rejected bean name 'httpRequestHandlerAdapter': no URL paths identified
2025-07-04 08:55:55.183 DEBUG 45184 --- [           main] o.s.w.s.h.BeanNameUrlHandlerMapping      : Rejected bean name 'simpleControllerHandlerAdapter': no URL paths identified
2025-07-04 08:55:55.183 DEBUG 45184 --- [           main] o.s.w.s.h.BeanNameUrlHandlerMapping      : Rejected bean name 'handlerExceptionResolver': no URL paths identified
2025-07-04 08:55:55.183 DEBUG 45184 --- [           main] o.s.w.s.h.BeanNameUrlHandlerMapping      : Rejected bean name 'mvcViewResolver': no URL paths identified
2025-07-04 08:55:55.183 DEBUG 45184 --- [           main] o.s.w.s.h.BeanNameUrlHandlerMapping      : Rejected bean name 'org.springframework.boot.autoconfigure.web.WebMvcAutoConfiguration$WebMvcAutoConfigurationAdapter': no URL paths identified
2025-07-04 08:55:55.183 DEBUG 45184 --- [           main] o.s.w.s.h.BeanNameUrlHandlerMapping      : Rejected bean name 'defaultViewResolver': no URL paths identified
2025-07-04 08:55:55.183 DEBUG 45184 --- [           main] o.s.w.s.h.BeanNameUrlHandlerMapping      : Rejected bean name 'viewResolver': no URL paths identified
2025-07-04 08:55:55.183 DEBUG 45184 --- [           main] o.s.w.s.h.BeanNameUrlHandlerMapping      : Rejected bean name 'welcomePageHandlerMapping': no URL paths identified
2025-07-04 08:55:55.183 DEBUG 45184 --- [           main] o.s.w.s.h.BeanNameUrlHandlerMapping      : Rejected bean name 'requestContextFilter': no URL paths identified
2025-07-04 08:55:55.183 DEBUG 45184 --- [           main] o.s.w.s.h.BeanNameUrlHandlerMapping      : Rejected bean name 'org.springframework.boot.autoconfigure.web.WebMvcAutoConfiguration': no URL paths identified
2025-07-04 08:55:55.183 DEBUG 45184 --- [           main] o.s.w.s.h.BeanNameUrlHandlerMapping      : Rejected bean name 'hiddenHttpMethodFilter': no URL paths identified
2025-07-04 08:55:55.183 DEBUG 45184 --- [           main] o.s.w.s.h.BeanNameUrlHandlerMapping      : Rejected bean name 'httpPutFormContentFilter': no URL paths identified
2025-07-04 08:55:55.183 DEBUG 45184 --- [           main] o.s.w.s.h.BeanNameUrlHandlerMapping      : Rejected bean name 'org.springframework.boot.autoconfigure.context.ConfigurationPropertiesAutoConfiguration': no URL paths identified
2025-07-04 08:55:55.183 DEBUG 45184 --- [           main] o.s.w.s.h.BeanNameUrlHandlerMapping      : Rejected bean name 'org.springframework.boot.autoconfigure.web.HttpMessageConvertersAutoConfiguration$StringHttpMessageConverterConfiguration': no URL paths identified
2025-07-04 08:55:55.183 DEBUG 45184 --- [           main] o.s.w.s.h.BeanNameUrlHandlerMapping      : Rejected bean name 'stringHttpMessageConverter': no URL paths identified
2025-07-04 08:55:55.183 DEBUG 45184 --- [           main] o.s.w.s.h.BeanNameUrlHandlerMapping      : Rejected bean name 'spring.http.encoding-org.springframework.boot.autoconfigure.web.HttpEncodingProperties': no URL paths identified
2025-07-04 08:55:55.183 DEBUG 45184 --- [           main] o.s.w.s.h.BeanNameUrlHandlerMapping      : Rejected bean name 'org.springframework.boot.autoconfigure.web.JacksonHttpMessageConvertersConfiguration$MappingJackson2HttpMessageConverterConfiguration': no URL paths identified
2025-07-04 08:55:55.183 DEBUG 45184 --- [           main] o.s.w.s.h.BeanNameUrlHandlerMapping      : Rejected bean name 'mappingJackson2HttpMessageConverter': no URL paths identified
2025-07-04 08:55:55.183 DEBUG 45184 --- [           main] o.s.w.s.h.BeanNameUrlHandlerMapping      : Rejected bean name 'org.springframework.boot.autoconfigure.web.JacksonHttpMessageConvertersConfiguration': no URL paths identified
2025-07-04 08:55:55.183 DEBUG 45184 --- [           main] o.s.w.s.h.BeanNameUrlHandlerMapping      : Rejected bean name 'org.springframework.boot.autoconfigure.web.HttpMessageConvertersAutoConfiguration': no URL paths identified
2025-07-04 08:55:55.183 DEBUG 45184 --- [           main] o.s.w.s.h.BeanNameUrlHandlerMapping      : Rejected bean name 'messageConverters': no URL paths identified
2025-07-04 08:55:55.183 DEBUG 45184 --- [           main] o.s.w.s.h.BeanNameUrlHandlerMapping      : Rejected bean name 'org.springframework.boot.autoconfigure.info.ProjectInfoAutoConfiguration': no URL paths identified
2025-07-04 08:55:55.183 DEBUG 45184 --- [           main] o.s.w.s.h.BeanNameUrlHandlerMapping      : Rejected bean name 'spring.info-org.springframework.boot.autoconfigure.info.ProjectInfoProperties': no URL paths identified
2025-07-04 08:55:55.183 DEBUG 45184 --- [           main] o.s.w.s.h.BeanNameUrlHandlerMapping      : Rejected bean name 'org.springframework.boot.autoconfigure.mail.MailSenderAutoConfiguration': no URL paths identified
2025-07-04 08:55:55.183 DEBUG 45184 --- [           main] o.s.w.s.h.BeanNameUrlHandlerMapping      : Rejected bean name 'mailSender': no URL paths identified
2025-07-04 08:55:55.183 DEBUG 45184 --- [           main] o.s.w.s.h.BeanNameUrlHandlerMapping      : Rejected bean name 'spring.mail-org.springframework.boot.autoconfigure.mail.MailProperties': no URL paths identified
2025-07-04 08:55:55.184 DEBUG 45184 --- [           main] o.s.w.s.h.BeanNameUrlHandlerMapping      : Rejected bean name 'org.springframework.boot.autoconfigure.thymeleaf.ThymeleafAutoConfiguration$ThymeleafResourceHandlingConfig': no URL paths identified
2025-07-04 08:55:55.184 DEBUG 45184 --- [           main] o.s.w.s.h.BeanNameUrlHandlerMapping      : Rejected bean name 'org.springframework.boot.autoconfigure.thymeleaf.ThymeleafAutoConfiguration$ThymeleafWebLayoutConfiguration': no URL paths identified
2025-07-04 08:55:55.184 DEBUG 45184 --- [           main] o.s.w.s.h.BeanNameUrlHandlerMapping      : Rejected bean name 'layoutDialect': no URL paths identified
2025-07-04 08:55:55.184 DEBUG 45184 --- [           main] o.s.w.s.h.BeanNameUrlHandlerMapping      : Rejected bean name 'org.springframework.boot.autoconfigure.thymeleaf.ThymeleafAutoConfiguration$ThymeleafDefaultConfiguration': no URL paths identified
2025-07-04 08:55:55.184 DEBUG 45184 --- [           main] o.s.w.s.h.BeanNameUrlHandlerMapping      : Rejected bean name 'templateEngine': no URL paths identified
2025-07-04 08:55:55.184 DEBUG 45184 --- [           main] o.s.w.s.h.BeanNameUrlHandlerMapping      : Rejected bean name 'org.springframework.boot.autoconfigure.thymeleaf.ThymeleafAutoConfiguration$Thymeleaf2Configuration$Thymeleaf2ViewResolverConfiguration': no URL paths identified
2025-07-04 08:55:55.184 DEBUG 45184 --- [           main] o.s.w.s.h.BeanNameUrlHandlerMapping      : Rejected bean name 'thymeleafViewResolver': no URL paths identified
2025-07-04 08:55:55.184 DEBUG 45184 --- [           main] o.s.w.s.h.BeanNameUrlHandlerMapping      : Rejected bean name 'org.springframework.boot.autoconfigure.thymeleaf.ThymeleafAutoConfiguration$Thymeleaf2Configuration$DefaultTemplateResolverConfiguration': no URL paths identified
2025-07-04 08:55:55.184 DEBUG 45184 --- [           main] o.s.w.s.h.BeanNameUrlHandlerMapping      : Rejected bean name 'thymeleafResourceResolver': no URL paths identified
2025-07-04 08:55:55.184 DEBUG 45184 --- [           main] o.s.w.s.h.BeanNameUrlHandlerMapping      : Rejected bean name 'defaultTemplateResolver': no URL paths identified
2025-07-04 08:55:55.184 DEBUG 45184 --- [           main] o.s.w.s.h.BeanNameUrlHandlerMapping      : Rejected bean name 'org.springframework.boot.autoconfigure.thymeleaf.ThymeleafAutoConfiguration$Thymeleaf2Configuration': no URL paths identified
2025-07-04 08:55:55.184 DEBUG 45184 --- [           main] o.s.w.s.h.BeanNameUrlHandlerMapping      : Rejected bean name 'org.springframework.boot.autoconfigure.thymeleaf.ThymeleafAutoConfiguration': no URL paths identified
2025-07-04 08:55:55.184 DEBUG 45184 --- [           main] o.s.w.s.h.BeanNameUrlHandlerMapping      : Rejected bean name 'spring.thymeleaf-org.springframework.boot.autoconfigure.thymeleaf.ThymeleafProperties': no URL paths identified
2025-07-04 08:55:55.184 DEBUG 45184 --- [           main] o.s.w.s.h.BeanNameUrlHandlerMapping      : Rejected bean name 'org.springframework.boot.autoconfigure.web.HttpEncodingAutoConfiguration': no URL paths identified
2025-07-04 08:55:55.184 DEBUG 45184 --- [           main] o.s.w.s.h.BeanNameUrlHandlerMapping      : Rejected bean name 'characterEncodingFilter': no URL paths identified
2025-07-04 08:55:55.184 DEBUG 45184 --- [           main] o.s.w.s.h.BeanNameUrlHandlerMapping      : Rejected bean name 'localeCharsetMappingsCustomizer': no URL paths identified
2025-07-04 08:55:55.184 DEBUG 45184 --- [           main] o.s.w.s.h.BeanNameUrlHandlerMapping      : Rejected bean name 'org.springframework.boot.autoconfigure.web.MultipartAutoConfiguration': no URL paths identified
2025-07-04 08:55:55.184 DEBUG 45184 --- [           main] o.s.w.s.h.BeanNameUrlHandlerMapping      : Rejected bean name 'multipartConfigElement': no URL paths identified
2025-07-04 08:55:55.184 DEBUG 45184 --- [           main] o.s.w.s.h.BeanNameUrlHandlerMapping      : Rejected bean name 'multipartResolver': no URL paths identified
2025-07-04 08:55:55.184 DEBUG 45184 --- [           main] o.s.w.s.h.BeanNameUrlHandlerMapping      : Rejected bean name 'spring.http.multipart-org.springframework.boot.autoconfigure.web.MultipartProperties': no URL paths identified
2025-07-04 08:55:55.184 DEBUG 45184 --- [           main] o.s.w.s.h.BeanNameUrlHandlerMapping      : Rejected bean name 'org.springframework.boot.autoconfigure.web.ServerPropertiesAutoConfiguration': no URL paths identified
2025-07-04 08:55:55.184 DEBUG 45184 --- [           main] o.s.w.s.h.BeanNameUrlHandlerMapping      : Rejected bean name 'serverProperties': no URL paths identified
2025-07-04 08:55:55.184 DEBUG 45184 --- [           main] o.s.w.s.h.BeanNameUrlHandlerMapping      : Rejected bean name 'duplicateServerPropertiesDetector': no URL paths identified
2025-07-04 08:55:55.184 DEBUG 45184 --- [           main] o.s.w.s.h.BeanNameUrlHandlerMapping      : Rejected bean name 'org.springframework.boot.autoconfigure.web.WebClientAutoConfiguration$RestTemplateConfiguration': no URL paths identified
2025-07-04 08:55:55.184 DEBUG 45184 --- [           main] o.s.w.s.h.BeanNameUrlHandlerMapping      : Rejected bean name 'restTemplateBuilder': no URL paths identified
2025-07-04 08:55:55.184 DEBUG 45184 --- [           main] o.s.w.s.h.BeanNameUrlHandlerMapping      : Rejected bean name 'org.springframework.boot.autoconfigure.web.WebClientAutoConfiguration': no URL paths identified
2025-07-04 08:55:55.184 DEBUG 45184 --- [           main] o.s.w.s.h.BeanNameUrlHandlerMapping      : Rejected bean name 'autoConfigurationReport': no URL paths identified
2025-07-04 08:55:55.184 DEBUG 45184 --- [           main] o.s.w.s.h.BeanNameUrlHandlerMapping      : Rejected bean name 'org.springframework.boot.test.context.filter.TestTypeExcludeFilter': no URL paths identified
2025-07-04 08:55:55.184 DEBUG 45184 --- [           main] o.s.w.s.h.BeanNameUrlHandlerMapping      : Rejected bean name 'org.springframework.boot.test.autoconfigure.properties.PropertyMappingContextCustomizer$PropertyMappingCheckBeanPostProcessor': no URL paths identified
2025-07-04 08:55:55.184 DEBUG 45184 --- [           main] o.s.w.s.h.BeanNameUrlHandlerMapping      : Rejected bean name 'springApplicationArguments': no URL paths identified
2025-07-04 08:55:55.184 DEBUG 45184 --- [           main] o.s.w.s.h.BeanNameUrlHandlerMapping      : Rejected bean name 'springBootBanner': no URL paths identified
2025-07-04 08:55:55.184 DEBUG 45184 --- [           main] o.s.w.s.h.BeanNameUrlHandlerMapping      : Rejected bean name 'springBootLoggingSystem': no URL paths identified
2025-07-04 08:55:55.184 DEBUG 45184 --- [           main] o.s.w.s.h.BeanNameUrlHandlerMapping      : Rejected bean name 'environment': no URL paths identified
2025-07-04 08:55:55.184 DEBUG 45184 --- [           main] o.s.w.s.h.BeanNameUrlHandlerMapping      : Rejected bean name 'systemProperties': no URL paths identified
2025-07-04 08:55:55.184 DEBUG 45184 --- [           main] o.s.w.s.h.BeanNameUrlHandlerMapping      : Rejected bean name 'systemEnvironment': no URL paths identified
2025-07-04 08:55:55.185 DEBUG 45184 --- [           main] o.s.w.s.h.BeanNameUrlHandlerMapping      : Rejected bean name 'servletContext': no URL paths identified
2025-07-04 08:55:55.185 DEBUG 45184 --- [           main] o.s.w.s.h.BeanNameUrlHandlerMapping      : Rejected bean name 'contextParameters': no URL paths identified
2025-07-04 08:55:55.185 DEBUG 45184 --- [           main] o.s.w.s.h.BeanNameUrlHandlerMapping      : Rejected bean name 'contextAttributes': no URL paths identified
2025-07-04 08:55:55.185 DEBUG 45184 --- [           main] o.s.w.s.h.BeanNameUrlHandlerMapping      : Rejected bean name 'org.springframework.context.annotation.ConfigurationClassPostProcessor.importRegistry': no URL paths identified
2025-07-04 08:55:55.185 DEBUG 45184 --- [           main] o.s.w.s.h.BeanNameUrlHandlerMapping      : Rejected bean name 'org.springframework.boot.test.mock.mockito.MockitoBeans': no URL paths identified
2025-07-04 08:55:55.185 DEBUG 45184 --- [           main] o.s.w.s.h.BeanNameUrlHandlerMapping      : Rejected bean name 'messageSource': no URL paths identified
2025-07-04 08:55:55.185 DEBUG 45184 --- [           main] o.s.w.s.h.BeanNameUrlHandlerMapping      : Rejected bean name 'applicationEventMulticaster': no URL paths identified
2025-07-04 08:55:55.191  INFO 45184 --- [           main] o.s.w.s.handler.SimpleUrlHandlerMapping  : Mapped URL path [/images/upload/**] onto handler of type [class org.springframework.web.servlet.resource.ResourceHttpRequestHandler]
2025-07-04 08:55:55.191  INFO 45184 --- [           main] o.s.w.s.handler.SimpleUrlHandlerMapping  : Mapped URL path [/webjars/**] onto handler of type [class org.springframework.web.servlet.resource.ResourceHttpRequestHandler]
2025-07-04 08:55:55.191  INFO 45184 --- [           main] o.s.w.s.handler.SimpleUrlHandlerMapping  : Mapped URL path [/**] onto handler of type [class org.springframework.web.servlet.resource.ResourceHttpRequestHandler]
2025-07-04 08:55:55.200 DEBUG 45184 --- [           main] .m.m.a.ExceptionHandlerExceptionResolver : Looking for exception mappings: org.springframework.web.context.support.GenericWebApplicationContext@4b14918a: startup date [Fri Jul 04 08:55:53 CST 2025]; root of context hierarchy
2025-07-04 08:55:55.202  INFO 45184 --- [           main] .m.m.a.ExceptionHandlerExceptionResolver : Detected @ExceptionHandler methods in globalExceptionHandler
2025-07-04 08:55:55.582 DEBUG 45184 --- [           main] o.s.w.c.s.GenericWebApplicationContext   : Unable to locate LifecycleProcessor with name 'lifecycleProcessor': using default [org.springframework.context.support.DefaultLifecycleProcessor@ef718de]
2025-07-04 08:55:55.585 DEBUG 45184 --- [           main] o.s.w.s.resource.ResourceUrlProvider     : Looking for resource handler mappings
2025-07-04 08:55:55.585 DEBUG 45184 --- [           main] o.s.w.s.resource.ResourceUrlProvider     : Found resource handler mapping: URL pattern="/images/upload/**", locations=[URL [file:D:/home/images/upload/]], resolvers=[org.springframework.web.servlet.resource.PathResourceResolver@1526f71]
2025-07-04 08:55:55.586 DEBUG 45184 --- [           main] o.s.w.s.resource.ResourceUrlProvider     : Found resource handler mapping: URL pattern="/webjars/**", locations=[class path resource [META-INF/resources/webjars/]], resolvers=[org.springframework.web.servlet.resource.PathResourceResolver@49ca94a9]
2025-07-04 08:55:55.586 DEBUG 45184 --- [           main] o.s.w.s.resource.ResourceUrlProvider     : Found resource handler mapping: URL pattern="/**", locations=[ServletContext resource [/], class path resource [META-INF/resources/], class path resource [resources/], class path resource [static/], class path resource [public/]], resolvers=[org.springframework.web.servlet.resource.PathResourceResolver@9ab310b]
2025-07-04 08:55:55.592  INFO 45184 --- [           main] c.q.p.service.impl.UserServiceImplTest   : Started UserServiceImplTest in 2.264 seconds (JVM running for 2.72)
null
]]></system-out>
    <system-err><![CDATA[org.apache.http.conn.HttpHostConnectException: Connect to localhost:8081 [localhost/127.0.0.1, localhost/0:0:0:0:0:0:0:1] failed: Connection refused: connect
	at org.apache.http.impl.conn.DefaultHttpClientConnectionOperator.connect(DefaultHttpClientConnectionOperator.java:159)
	at org.apache.http.impl.conn.PoolingHttpClientConnectionManager.connect(PoolingHttpClientConnectionManager.java:359)
	at org.apache.http.impl.execchain.MainClientExec.establishRoute(MainClientExec.java:381)
	at org.apache.http.impl.execchain.MainClientExec.execute(MainClientExec.java:237)
	at org.apache.http.impl.execchain.ProtocolExec.execute(ProtocolExec.java:185)
	at org.apache.http.impl.execchain.RetryExec.execute(RetryExec.java:89)
	at org.apache.http.impl.execchain.RedirectExec.execute(RedirectExec.java:111)
	at org.apache.http.impl.client.InternalHttpClient.doExecute(InternalHttpClient.java:185)
	at org.apache.http.impl.client.CloseableHttpClient.execute(CloseableHttpClient.java:83)
	at org.apache.http.impl.client.CloseableHttpClient.execute(CloseableHttpClient.java:108)
	at com.quark.porent.utils.HttpClientUtils.doGet(HttpClientUtils.java:48)
	at com.quark.porent.utils.HttpClientUtils.doGet(HttpClientUtils.java:69)
	at com.quark.porent.service.impl.UserServiceImpl.getUserByApi(UserServiceImpl.java:24)
	at com.quark.porent.service.impl.UserServiceImplTest.getUserByApi(UserServiceImplTest.java:26)
	at java.base/jdk.internal.reflect.DirectMethodHandleAccessor.invoke(DirectMethodHandleAccessor.java:103)
	at java.base/java.lang.reflect.Method.invoke(Method.java:580)
	at org.junit.runners.model.FrameworkMethod$1.runReflectiveCall(FrameworkMethod.java:50)
	at org.junit.internal.runners.model.ReflectiveCallable.run(ReflectiveCallable.java:12)
	at org.junit.runners.model.FrameworkMethod.invokeExplosively(FrameworkMethod.java:47)
	at org.junit.internal.runners.statements.InvokeMethod.evaluate(InvokeMethod.java:17)
	at org.springframework.test.context.junit4.statements.RunBeforeTestMethodCallbacks.evaluate(RunBeforeTestMethodCallbacks.java:75)
	at org.springframework.test.context.junit4.statements.RunAfterTestMethodCallbacks.evaluate(RunAfterTestMethodCallbacks.java:86)
	at org.springframework.test.context.junit4.statements.SpringRepeat.evaluate(SpringRepeat.java:84)
	at org.junit.runners.ParentRunner.runLeaf(ParentRunner.java:325)
	at org.springframework.test.context.junit4.SpringJUnit4ClassRunner.runChild(SpringJUnit4ClassRunner.java:252)
	at org.springframework.test.context.junit4.SpringJUnit4ClassRunner.runChild(SpringJUnit4ClassRunner.java:94)
	at org.junit.runners.ParentRunner$3.run(ParentRunner.java:290)
	at org.junit.runners.ParentRunner$1.schedule(ParentRunner.java:71)
	at org.junit.runners.ParentRunner.runChildren(ParentRunner.java:288)
	at org.junit.runners.ParentRunner.access$000(ParentRunner.java:58)
	at org.junit.runners.ParentRunner$2.evaluate(ParentRunner.java:268)
	at org.springframework.test.context.junit4.statements.RunBeforeTestClassCallbacks.evaluate(RunBeforeTestClassCallbacks.java:61)
	at org.springframework.test.context.junit4.statements.RunAfterTestClassCallbacks.evaluate(RunAfterTestClassCallbacks.java:70)
	at org.junit.runners.ParentRunner.run(ParentRunner.java:363)
	at org.springframework.test.context.junit4.SpringJUnit4ClassRunner.run(SpringJUnit4ClassRunner.java:191)
	at org.apache.maven.surefire.junit4.JUnit4Provider.execute(JUnit4Provider.java:316)
	at org.apache.maven.surefire.junit4.JUnit4Provider.executeWithRerun(JUnit4Provider.java:240)
	at org.apache.maven.surefire.junit4.JUnit4Provider.executeTestSet(JUnit4Provider.java:214)
	at org.apache.maven.surefire.junit4.JUnit4Provider.invoke(JUnit4Provider.java:155)
	at org.apache.maven.surefire.booter.ForkedBooter.runSuitesInProcess(ForkedBooter.java:385)
	at org.apache.maven.surefire.booter.ForkedBooter.execute(ForkedBooter.java:162)
	at org.apache.maven.surefire.booter.ForkedBooter.run(ForkedBooter.java:507)
	at org.apache.maven.surefire.booter.ForkedBooter.main(ForkedBooter.java:495)
Caused by: java.net.ConnectException: Connection refused: connect
	at java.base/sun.nio.ch.Net.connect0(Native Method)
	at java.base/sun.nio.ch.Net.connect(Net.java:589)
	at java.base/sun.nio.ch.Net.connect(Net.java:578)
	at java.base/sun.nio.ch.NioSocketImpl.connect(NioSocketImpl.java:583)
	at java.base/java.net.SocksSocketImpl.connect(SocksSocketImpl.java:327)
	at java.base/java.net.Socket.connect(Socket.java:752)
	at org.apache.http.conn.socket.PlainConnectionSocketFactory.connectSocket(PlainConnectionSocketFactory.java:75)
	at org.apache.http.impl.conn.DefaultHttpClientConnectionOperator.connect(DefaultHttpClientConnectionOperator.java:142)
	... 42 more
]]></system-err>
  </testcase>
  <testcase name="getCookie" classname="com.quark.porent.service.impl.UserServiceImplTest" time="0.001">
    <system-out><![CDATA[QUARK_TOKEN
]]></system-out>
  </testcase>
</testsuite>