<?xml version="1.0" encoding="UTF-8"?>
<testsuite xmlns:xsi="http://www.w3.org/2001/XMLSchema-instance" xsi:noNamespaceSchemaLocation="https://maven.apache.org/surefire/maven-surefire-plugin/xsd/surefire-test-report-3.0.xsd" version="3.0" name="com.quark.rest.RestApplicationTest" time="6.24" tests="1" errors="0" skipped="0" failures="0">
  <properties>
    <property name="java.specification.version" value="22"/>
    <property name="sun.cpu.isalist" value="amd64"/>
    <property name="sun.jnu.encoding" value="GBK"/>
    <property name="java.class.path" value="C:\Users\xingqiu\Desktop\软工课设\software-bbs-master\quark-rest\target\test-classes;C:\Users\xingqiu\Desktop\软工课设\software-bbs-master\quark-rest\target\classes;C:\Users\xingqiu\Desktop\软工课设\software-bbs-master\quark-common\target\quark-common.jar;C:\Users\xingqiu\.m2\repository\org\springframework\boot\spring-boot-starter-data-jpa\1.5.6.RELEASE\spring-boot-starter-data-jpa-1.5.6.RELEASE.jar;C:\Users\xingqiu\.m2\repository\org\springframework\boot\spring-boot-starter-aop\1.5.6.RELEASE\spring-boot-starter-aop-1.5.6.RELEASE.jar;C:\Users\xingqiu\.m2\repository\org\springframework\boot\spring-boot-starter-jdbc\1.5.6.RELEASE\spring-boot-starter-jdbc-1.5.6.RELEASE.jar;C:\Users\xingqiu\.m2\repository\org\apache\tomcat\tomcat-jdbc\8.5.16\tomcat-jdbc-8.5.16.jar;C:\Users\xingqiu\.m2\repository\org\apache\tomcat\tomcat-juli\8.5.16\tomcat-juli-8.5.16.jar;C:\Users\xingqiu\.m2\repository\org\springframework\spring-jdbc\4.3.10.RELEASE\spring-jdbc-4.3.10.RELEASE.jar;C:\Users\xingqiu\.m2\repository\org\hibernate\hibernate-core\5.0.12.Final\hibernate-core-5.0.12.Final.jar;C:\Users\xingqiu\.m2\repository\org\hibernate\javax\persistence\hibernate-jpa-2.1-api\1.0.0.Final\hibernate-jpa-2.1-api-1.0.0.Final.jar;C:\Users\xingqiu\.m2\repository\org\javassist\javassist\3.21.0-GA\javassist-3.21.0-GA.jar;C:\Users\xingqiu\.m2\repository\antlr\antlr\2.7.7\antlr-2.7.7.jar;C:\Users\xingqiu\.m2\repository\org\jboss\jandex\2.0.0.Final\jandex-2.0.0.Final.jar;C:\Users\xingqiu\.m2\repository\dom4j\dom4j\1.6.1\dom4j-1.6.1.jar;C:\Users\xingqiu\.m2\repository\org\hibernate\common\hibernate-commons-annotations\5.0.1.Final\hibernate-commons-annotations-5.0.1.Final.jar;C:\Users\xingqiu\.m2\repository\org\hibernate\hibernate-entitymanager\5.0.12.Final\hibernate-entitymanager-5.0.12.Final.jar;C:\Users\xingqiu\.m2\repository\javax\transaction\javax.transaction-api\1.2\javax.transaction-api-1.2.jar;C:\Users\xingqiu\.m2\repository\org\springframework\data\spring-data-jpa\1.11.6.RELEASE\spring-data-jpa-1.11.6.RELEASE.jar;C:\Users\xingqiu\.m2\repository\org\springframework\data\spring-data-commons\1.13.6.RELEASE\spring-data-commons-1.13.6.RELEASE.jar;C:\Users\xingqiu\.m2\repository\org\springframework\spring-orm\4.3.10.RELEASE\spring-orm-4.3.10.RELEASE.jar;C:\Users\xingqiu\.m2\repository\org\springframework\spring-aspects\4.3.10.RELEASE\spring-aspects-4.3.10.RELEASE.jar;C:\Users\xingqiu\.m2\repository\org\springframework\boot\spring-boot-starter-cache\1.5.6.RELEASE\spring-boot-starter-cache-1.5.6.RELEASE.jar;C:\Users\xingqiu\.m2\repository\org\springframework\spring-context-support\4.3.10.RELEASE\spring-context-support-4.3.10.RELEASE.jar;C:\Users\xingqiu\.m2\repository\net\sf\ehcache\ehcache\2.10.4\ehcache-2.10.4.jar;C:\Users\xingqiu\.m2\repository\mysql\mysql-connector-java\5.1.43\mysql-connector-java-5.1.43.jar;C:\Users\xingqiu\.m2\repository\com\alibaba\druid\1.0.29\druid-1.0.29.jar;C:\Users\xingqiu\.m2\repository\net\sourceforge\nekohtml\nekohtml\1.9.22\nekohtml-1.9.22.jar;C:\Users\xingqiu\.m2\repository\xerces\xercesImpl\2.11.0\xercesImpl-2.11.0.jar;C:\Users\xingqiu\.m2\repository\xml-apis\xml-apis\1.4.01\xml-apis-1.4.01.jar;C:\Users\xingqiu\.m2\repository\com\alibaba\fastjson\1.2.16\fastjson-1.2.16.jar;C:\Users\xingqiu\.m2\repository\com\google\guava\guava\19.0\guava-19.0.jar;C:\Users\xingqiu\.m2\repository\com\fasterxml\jackson\core\jackson-annotations\2.8.0\jackson-annotations-2.8.0.jar;C:\Users\xingqiu\.m2\repository\org\springframework\boot\spring-boot-starter\1.5.6.RELEASE\spring-boot-starter-1.5.6.RELEASE.jar;C:\Users\xingqiu\.m2\repository\org\springframework\boot\spring-boot\1.5.6.RELEASE\spring-boot-1.5.6.RELEASE.jar;C:\Users\xingqiu\.m2\repository\org\springframework\boot\spring-boot-autoconfigure\1.5.6.RELEASE\spring-boot-autoconfigure-1.5.6.RELEASE.jar;C:\Users\xingqiu\.m2\repository\org\springframework\boot\spring-boot-starter-logging\1.5.6.RELEASE\spring-boot-starter-logging-1.5.6.RELEASE.jar;C:\Users\xingqiu\.m2\repository\ch\qos\logback\logback-classic\1.1.11\logback-classic-1.1.11.jar;C:\Users\xingqiu\.m2\repository\ch\qos\logback\logback-core\1.1.11\logback-core-1.1.11.jar;C:\Users\xingqiu\.m2\repository\org\slf4j\jcl-over-slf4j\1.7.25\jcl-over-slf4j-1.7.25.jar;C:\Users\xingqiu\.m2\repository\org\slf4j\jul-to-slf4j\1.7.25\jul-to-slf4j-1.7.25.jar;C:\Users\xingqiu\.m2\repository\org\slf4j\log4j-over-slf4j\1.7.25\log4j-over-slf4j-1.7.25.jar;C:\Users\xingqiu\.m2\repository\org\springframework\spring-core\4.3.10.RELEASE\spring-core-4.3.10.RELEASE.jar;C:\Users\xingqiu\.m2\repository\org\yaml\snakeyaml\1.17\snakeyaml-1.17.jar;C:\Users\xingqiu\.m2\repository\org\springframework\boot\spring-boot-starter-web\1.5.6.RELEASE\spring-boot-starter-web-1.5.6.RELEASE.jar;C:\Users\xingqiu\.m2\repository\org\springframework\boot\spring-boot-starter-tomcat\1.5.6.RELEASE\spring-boot-starter-tomcat-1.5.6.RELEASE.jar;C:\Users\xingqiu\.m2\repository\org\apache\tomcat\embed\tomcat-embed-core\8.5.16\tomcat-embed-core-8.5.16.jar;C:\Users\xingqiu\.m2\repository\org\apache\tomcat\embed\tomcat-embed-el\8.5.16\tomcat-embed-el-8.5.16.jar;C:\Users\xingqiu\.m2\repository\org\apache\tomcat\embed\tomcat-embed-websocket\8.5.16\tomcat-embed-websocket-8.5.16.jar;C:\Users\xingqiu\.m2\repository\org\hibernate\hibernate-validator\5.3.5.Final\hibernate-validator-5.3.5.Final.jar;C:\Users\xingqiu\.m2\repository\javax\validation\validation-api\1.1.0.Final\validation-api-1.1.0.Final.jar;C:\Users\xingqiu\.m2\repository\org\jboss\logging\jboss-logging\3.3.1.Final\jboss-logging-3.3.1.Final.jar;C:\Users\xingqiu\.m2\repository\com\fasterxml\jackson\core\jackson-databind\2.8.9\jackson-databind-2.8.9.jar;C:\Users\xingqiu\.m2\repository\com\fasterxml\jackson\core\jackson-core\2.8.9\jackson-core-2.8.9.jar;C:\Users\xingqiu\.m2\repository\org\springframework\spring-web\4.3.10.RELEASE\spring-web-4.3.10.RELEASE.jar;C:\Users\xingqiu\.m2\repository\org\springframework\spring-aop\4.3.10.RELEASE\spring-aop-4.3.10.RELEASE.jar;C:\Users\xingqiu\.m2\repository\org\springframework\spring-webmvc\4.3.10.RELEASE\spring-webmvc-4.3.10.RELEASE.jar;C:\Users\xingqiu\.m2\repository\org\springframework\spring-expression\4.3.10.RELEASE\spring-expression-4.3.10.RELEASE.jar;C:\Users\xingqiu\.m2\repository\org\springframework\boot\spring-boot-starter-test\1.5.6.RELEASE\spring-boot-starter-test-1.5.6.RELEASE.jar;C:\Users\xingqiu\.m2\repository\org\springframework\boot\spring-boot-test\1.5.6.RELEASE\spring-boot-test-1.5.6.RELEASE.jar;C:\Users\xingqiu\.m2\repository\org\springframework\boot\spring-boot-test-autoconfigure\1.5.6.RELEASE\spring-boot-test-autoconfigure-1.5.6.RELEASE.jar;C:\Users\xingqiu\.m2\repository\com\jayway\jsonpath\json-path\2.2.0\json-path-2.2.0.jar;C:\Users\xingqiu\.m2\repository\net\minidev\json-smart\2.2.1\json-smart-2.2.1.jar;C:\Users\xingqiu\.m2\repository\net\minidev\accessors-smart\1.1\accessors-smart-1.1.jar;C:\Users\xingqiu\.m2\repository\org\ow2\asm\asm\5.0.3\asm-5.0.3.jar;C:\Users\xingqiu\.m2\repository\junit\junit\4.12\junit-4.12.jar;C:\Users\xingqiu\.m2\repository\org\assertj\assertj-core\2.6.0\assertj-core-2.6.0.jar;C:\Users\xingqiu\.m2\repository\org\mockito\mockito-core\1.10.19\mockito-core-1.10.19.jar;C:\Users\xingqiu\.m2\repository\org\objenesis\objenesis\2.1\objenesis-2.1.jar;C:\Users\xingqiu\.m2\repository\org\hamcrest\hamcrest-core\1.3\hamcrest-core-1.3.jar;C:\Users\xingqiu\.m2\repository\org\hamcrest\hamcrest-library\1.3\hamcrest-library-1.3.jar;C:\Users\xingqiu\.m2\repository\org\skyscreamer\jsonassert\1.4.0\jsonassert-1.4.0.jar;C:\Users\xingqiu\.m2\repository\com\vaadin\external\google\android-json\0.0.20131108.vaadin1\android-json-0.0.20131108.vaadin1.jar;C:\Users\xingqiu\.m2\repository\org\springframework\spring-test\4.3.10.RELEASE\spring-test-4.3.10.RELEASE.jar;C:\Users\xingqiu\.m2\repository\org\springframework\boot\spring-boot-starter-data-redis\1.5.6.RELEASE\spring-boot-starter-data-redis-1.5.6.RELEASE.jar;C:\Users\xingqiu\.m2\repository\org\springframework\data\spring-data-redis\1.8.6.RELEASE\spring-data-redis-1.8.6.RELEASE.jar;C:\Users\xingqiu\.m2\repository\org\springframework\data\spring-data-keyvalue\1.2.6.RELEASE\spring-data-keyvalue-1.2.6.RELEASE.jar;C:\Users\xingqiu\.m2\repository\org\springframework\spring-tx\4.3.10.RELEASE\spring-tx-4.3.10.RELEASE.jar;C:\Users\xingqiu\.m2\repository\org\springframework\spring-oxm\4.3.10.RELEASE\spring-oxm-4.3.10.RELEASE.jar;C:\Users\xingqiu\.m2\repository\redis\clients\jedis\2.9.0\jedis-2.9.0.jar;C:\Users\xingqiu\.m2\repository\org\apache\commons\commons-pool2\2.4.2\commons-pool2-2.4.2.jar;C:\Users\xingqiu\.m2\repository\io\springfox\springfox-swagger2\2.2.2\springfox-swagger2-2.2.2.jar;C:\Users\xingqiu\.m2\repository\org\mapstruct\mapstruct\1.0.0.CR1\mapstruct-1.0.0.CR1.jar;C:\Users\xingqiu\.m2\repository\io\swagger\swagger-annotations\1.5.3\swagger-annotations-1.5.3.jar;C:\Users\xingqiu\.m2\repository\io\swagger\swagger-models\1.5.3\swagger-models-1.5.3.jar;C:\Users\xingqiu\.m2\repository\io\springfox\springfox-spi\2.2.2\springfox-spi-2.2.2.jar;C:\Users\xingqiu\.m2\repository\io\springfox\springfox-core\2.2.2\springfox-core-2.2.2.jar;C:\Users\xingqiu\.m2\repository\io\springfox\springfox-schema\2.2.2\springfox-schema-2.2.2.jar;C:\Users\xingqiu\.m2\repository\io\springfox\springfox-swagger-common\2.2.2\springfox-swagger-common-2.2.2.jar;C:\Users\xingqiu\.m2\repository\io\springfox\springfox-spring-web\2.2.2\springfox-spring-web-2.2.2.jar;C:\Users\xingqiu\.m2\repository\com\fasterxml\classmate\1.3.3\classmate-1.3.3.jar;C:\Users\xingqiu\.m2\repository\org\slf4j\slf4j-api\1.7.25\slf4j-api-1.7.25.jar;C:\Users\xingqiu\.m2\repository\org\aspectj\aspectjrt\1.8.10\aspectjrt-1.8.10.jar;C:\Users\xingqiu\.m2\repository\org\aspectj\aspectjweaver\1.9.19\aspectjweaver-1.9.19.jar;C:\Users\xingqiu\.m2\repository\org\springframework\plugin\spring-plugin-core\1.2.0.RELEASE\spring-plugin-core-1.2.0.RELEASE.jar;C:\Users\xingqiu\.m2\repository\org\springframework\plugin\spring-plugin-metadata\1.2.0.RELEASE\spring-plugin-metadata-1.2.0.RELEASE.jar;C:\Users\xingqiu\.m2\repository\org\springframework\hateoas\spring-hateoas\0.23.0.RELEASE\spring-hateoas-0.23.0.RELEASE.jar;C:\Users\xingqiu\.m2\repository\io\springfox\springfox-swagger-ui\2.2.2\springfox-swagger-ui-2.2.2.jar;C:\Users\xingqiu\.m2\repository\org\springframework\boot\spring-boot-starter-websocket\1.5.6.RELEASE\spring-boot-starter-websocket-1.5.6.RELEASE.jar;C:\Users\xingqiu\.m2\repository\org\springframework\spring-websocket\4.3.10.RELEASE\spring-websocket-4.3.10.RELEASE.jar;C:\Users\xingqiu\.m2\repository\org\springframework\spring-messaging\4.3.10.RELEASE\spring-messaging-4.3.10.RELEASE.jar;C:\Users\xingqiu\.m2\repository\org\springframework\spring-beans\4.3.10.RELEASE\spring-beans-4.3.10.RELEASE.jar;C:\Users\xingqiu\.m2\repository\org\springframework\spring-context\4.3.10.RELEASE\spring-context-4.3.10.RELEASE.jar;C:\Users\xingqiu\.m2\repository\javax\xml\bind\jaxb-api\2.3.1\jaxb-api-2.3.1.jar;C:\Users\xingqiu\.m2\repository\javax\activation\javax.activation-api\1.2.0\javax.activation-api-1.2.0.jar;C:\Users\xingqiu\.m2\repository\javax\annotation\javax.annotation-api\1.3.2\javax.annotation-api-1.3.2.jar;C:\Users\xingqiu\.m2\repository\org\glassfish\jaxb\jaxb-runtime\2.3.1\jaxb-runtime-2.3.1.jar;C:\Users\xingqiu\.m2\repository\org\glassfish\jaxb\txw2\2.3.1\txw2-2.3.1.jar;C:\Users\xingqiu\.m2\repository\com\sun\istack\istack-commons-runtime\3.0.7\istack-commons-runtime-3.0.7.jar;C:\Users\xingqiu\.m2\repository\org\jvnet\staxex\stax-ex\1.8\stax-ex-1.8.jar;C:\Users\xingqiu\.m2\repository\com\sun\xml\fastinfoset\FastInfoset\1.2.15\FastInfoset-1.2.15.jar;C:\Users\xingqiu\.m2\repository\com\h2database\h2\2.1.214\h2-2.1.214.jar;"/>
    <property name="java.vm.vendor" value="Oracle Corporation"/>
    <property name="sun.arch.data.model" value="64"/>
    <property name="user.variant" value=""/>
    <property name="java.vendor.url" value="https://java.oracle.com/"/>
    <property name="user.timezone" value="Asia/Shanghai"/>
    <property name="os.name" value="Windows 11"/>
    <property name="java.vm.specification.version" value="22"/>
    <property name="sun.java.launcher" value="SUN_STANDARD"/>
    <property name="user.country" value="CN"/>
    <property name="sun.boot.library.path" value="C:\Program Files\Java\jdk-22\bin"/>
    <property name="sun.java.command" value="C:\Users\xingqiu\AppData\Local\Temp\surefire9506012684452570320\surefirebooter-20250704085543957_13.jar C:\Users\xingqiu\AppData\Local\Temp\surefire9506012684452570320 2025-07-04T08-55-28_695-jvmRun1 surefire-20250704085543957_11tmp surefire_2-20250704085543957_12tmp"/>
    <property name="jdk.debug" value="release"/>
    <property name="surefire.test.class.path" value="C:\Users\xingqiu\Desktop\软工课设\software-bbs-master\quark-rest\target\test-classes;C:\Users\xingqiu\Desktop\软工课设\software-bbs-master\quark-rest\target\classes;C:\Users\xingqiu\Desktop\软工课设\software-bbs-master\quark-common\target\quark-common.jar;C:\Users\xingqiu\.m2\repository\org\springframework\boot\spring-boot-starter-data-jpa\1.5.6.RELEASE\spring-boot-starter-data-jpa-1.5.6.RELEASE.jar;C:\Users\xingqiu\.m2\repository\org\springframework\boot\spring-boot-starter-aop\1.5.6.RELEASE\spring-boot-starter-aop-1.5.6.RELEASE.jar;C:\Users\xingqiu\.m2\repository\org\springframework\boot\spring-boot-starter-jdbc\1.5.6.RELEASE\spring-boot-starter-jdbc-1.5.6.RELEASE.jar;C:\Users\xingqiu\.m2\repository\org\apache\tomcat\tomcat-jdbc\8.5.16\tomcat-jdbc-8.5.16.jar;C:\Users\xingqiu\.m2\repository\org\apache\tomcat\tomcat-juli\8.5.16\tomcat-juli-8.5.16.jar;C:\Users\xingqiu\.m2\repository\org\springframework\spring-jdbc\4.3.10.RELEASE\spring-jdbc-4.3.10.RELEASE.jar;C:\Users\xingqiu\.m2\repository\org\hibernate\hibernate-core\5.0.12.Final\hibernate-core-5.0.12.Final.jar;C:\Users\xingqiu\.m2\repository\org\hibernate\javax\persistence\hibernate-jpa-2.1-api\1.0.0.Final\hibernate-jpa-2.1-api-1.0.0.Final.jar;C:\Users\xingqiu\.m2\repository\org\javassist\javassist\3.21.0-GA\javassist-3.21.0-GA.jar;C:\Users\xingqiu\.m2\repository\antlr\antlr\2.7.7\antlr-2.7.7.jar;C:\Users\xingqiu\.m2\repository\org\jboss\jandex\2.0.0.Final\jandex-2.0.0.Final.jar;C:\Users\xingqiu\.m2\repository\dom4j\dom4j\1.6.1\dom4j-1.6.1.jar;C:\Users\xingqiu\.m2\repository\org\hibernate\common\hibernate-commons-annotations\5.0.1.Final\hibernate-commons-annotations-5.0.1.Final.jar;C:\Users\xingqiu\.m2\repository\org\hibernate\hibernate-entitymanager\5.0.12.Final\hibernate-entitymanager-5.0.12.Final.jar;C:\Users\xingqiu\.m2\repository\javax\transaction\javax.transaction-api\1.2\javax.transaction-api-1.2.jar;C:\Users\xingqiu\.m2\repository\org\springframework\data\spring-data-jpa\1.11.6.RELEASE\spring-data-jpa-1.11.6.RELEASE.jar;C:\Users\xingqiu\.m2\repository\org\springframework\data\spring-data-commons\1.13.6.RELEASE\spring-data-commons-1.13.6.RELEASE.jar;C:\Users\xingqiu\.m2\repository\org\springframework\spring-orm\4.3.10.RELEASE\spring-orm-4.3.10.RELEASE.jar;C:\Users\xingqiu\.m2\repository\org\springframework\spring-aspects\4.3.10.RELEASE\spring-aspects-4.3.10.RELEASE.jar;C:\Users\xingqiu\.m2\repository\org\springframework\boot\spring-boot-starter-cache\1.5.6.RELEASE\spring-boot-starter-cache-1.5.6.RELEASE.jar;C:\Users\xingqiu\.m2\repository\org\springframework\spring-context-support\4.3.10.RELEASE\spring-context-support-4.3.10.RELEASE.jar;C:\Users\xingqiu\.m2\repository\net\sf\ehcache\ehcache\2.10.4\ehcache-2.10.4.jar;C:\Users\xingqiu\.m2\repository\mysql\mysql-connector-java\5.1.43\mysql-connector-java-5.1.43.jar;C:\Users\xingqiu\.m2\repository\com\alibaba\druid\1.0.29\druid-1.0.29.jar;C:\Users\xingqiu\.m2\repository\net\sourceforge\nekohtml\nekohtml\1.9.22\nekohtml-1.9.22.jar;C:\Users\xingqiu\.m2\repository\xerces\xercesImpl\2.11.0\xercesImpl-2.11.0.jar;C:\Users\xingqiu\.m2\repository\xml-apis\xml-apis\1.4.01\xml-apis-1.4.01.jar;C:\Users\xingqiu\.m2\repository\com\alibaba\fastjson\1.2.16\fastjson-1.2.16.jar;C:\Users\xingqiu\.m2\repository\com\google\guava\guava\19.0\guava-19.0.jar;C:\Users\xingqiu\.m2\repository\com\fasterxml\jackson\core\jackson-annotations\2.8.0\jackson-annotations-2.8.0.jar;C:\Users\xingqiu\.m2\repository\org\springframework\boot\spring-boot-starter\1.5.6.RELEASE\spring-boot-starter-1.5.6.RELEASE.jar;C:\Users\xingqiu\.m2\repository\org\springframework\boot\spring-boot\1.5.6.RELEASE\spring-boot-1.5.6.RELEASE.jar;C:\Users\xingqiu\.m2\repository\org\springframework\boot\spring-boot-autoconfigure\1.5.6.RELEASE\spring-boot-autoconfigure-1.5.6.RELEASE.jar;C:\Users\xingqiu\.m2\repository\org\springframework\boot\spring-boot-starter-logging\1.5.6.RELEASE\spring-boot-starter-logging-1.5.6.RELEASE.jar;C:\Users\xingqiu\.m2\repository\ch\qos\logback\logback-classic\1.1.11\logback-classic-1.1.11.jar;C:\Users\xingqiu\.m2\repository\ch\qos\logback\logback-core\1.1.11\logback-core-1.1.11.jar;C:\Users\xingqiu\.m2\repository\org\slf4j\jcl-over-slf4j\1.7.25\jcl-over-slf4j-1.7.25.jar;C:\Users\xingqiu\.m2\repository\org\slf4j\jul-to-slf4j\1.7.25\jul-to-slf4j-1.7.25.jar;C:\Users\xingqiu\.m2\repository\org\slf4j\log4j-over-slf4j\1.7.25\log4j-over-slf4j-1.7.25.jar;C:\Users\xingqiu\.m2\repository\org\springframework\spring-core\4.3.10.RELEASE\spring-core-4.3.10.RELEASE.jar;C:\Users\xingqiu\.m2\repository\org\yaml\snakeyaml\1.17\snakeyaml-1.17.jar;C:\Users\xingqiu\.m2\repository\org\springframework\boot\spring-boot-starter-web\1.5.6.RELEASE\spring-boot-starter-web-1.5.6.RELEASE.jar;C:\Users\xingqiu\.m2\repository\org\springframework\boot\spring-boot-starter-tomcat\1.5.6.RELEASE\spring-boot-starter-tomcat-1.5.6.RELEASE.jar;C:\Users\xingqiu\.m2\repository\org\apache\tomcat\embed\tomcat-embed-core\8.5.16\tomcat-embed-core-8.5.16.jar;C:\Users\xingqiu\.m2\repository\org\apache\tomcat\embed\tomcat-embed-el\8.5.16\tomcat-embed-el-8.5.16.jar;C:\Users\xingqiu\.m2\repository\org\apache\tomcat\embed\tomcat-embed-websocket\8.5.16\tomcat-embed-websocket-8.5.16.jar;C:\Users\xingqiu\.m2\repository\org\hibernate\hibernate-validator\5.3.5.Final\hibernate-validator-5.3.5.Final.jar;C:\Users\xingqiu\.m2\repository\javax\validation\validation-api\1.1.0.Final\validation-api-1.1.0.Final.jar;C:\Users\xingqiu\.m2\repository\org\jboss\logging\jboss-logging\3.3.1.Final\jboss-logging-3.3.1.Final.jar;C:\Users\xingqiu\.m2\repository\com\fasterxml\jackson\core\jackson-databind\2.8.9\jackson-databind-2.8.9.jar;C:\Users\xingqiu\.m2\repository\com\fasterxml\jackson\core\jackson-core\2.8.9\jackson-core-2.8.9.jar;C:\Users\xingqiu\.m2\repository\org\springframework\spring-web\4.3.10.RELEASE\spring-web-4.3.10.RELEASE.jar;C:\Users\xingqiu\.m2\repository\org\springframework\spring-aop\4.3.10.RELEASE\spring-aop-4.3.10.RELEASE.jar;C:\Users\xingqiu\.m2\repository\org\springframework\spring-webmvc\4.3.10.RELEASE\spring-webmvc-4.3.10.RELEASE.jar;C:\Users\xingqiu\.m2\repository\org\springframework\spring-expression\4.3.10.RELEASE\spring-expression-4.3.10.RELEASE.jar;C:\Users\xingqiu\.m2\repository\org\springframework\boot\spring-boot-starter-test\1.5.6.RELEASE\spring-boot-starter-test-1.5.6.RELEASE.jar;C:\Users\xingqiu\.m2\repository\org\springframework\boot\spring-boot-test\1.5.6.RELEASE\spring-boot-test-1.5.6.RELEASE.jar;C:\Users\xingqiu\.m2\repository\org\springframework\boot\spring-boot-test-autoconfigure\1.5.6.RELEASE\spring-boot-test-autoconfigure-1.5.6.RELEASE.jar;C:\Users\xingqiu\.m2\repository\com\jayway\jsonpath\json-path\2.2.0\json-path-2.2.0.jar;C:\Users\xingqiu\.m2\repository\net\minidev\json-smart\2.2.1\json-smart-2.2.1.jar;C:\Users\xingqiu\.m2\repository\net\minidev\accessors-smart\1.1\accessors-smart-1.1.jar;C:\Users\xingqiu\.m2\repository\org\ow2\asm\asm\5.0.3\asm-5.0.3.jar;C:\Users\xingqiu\.m2\repository\junit\junit\4.12\junit-4.12.jar;C:\Users\xingqiu\.m2\repository\org\assertj\assertj-core\2.6.0\assertj-core-2.6.0.jar;C:\Users\xingqiu\.m2\repository\org\mockito\mockito-core\1.10.19\mockito-core-1.10.19.jar;C:\Users\xingqiu\.m2\repository\org\objenesis\objenesis\2.1\objenesis-2.1.jar;C:\Users\xingqiu\.m2\repository\org\hamcrest\hamcrest-core\1.3\hamcrest-core-1.3.jar;C:\Users\xingqiu\.m2\repository\org\hamcrest\hamcrest-library\1.3\hamcrest-library-1.3.jar;C:\Users\xingqiu\.m2\repository\org\skyscreamer\jsonassert\1.4.0\jsonassert-1.4.0.jar;C:\Users\xingqiu\.m2\repository\com\vaadin\external\google\android-json\0.0.20131108.vaadin1\android-json-0.0.20131108.vaadin1.jar;C:\Users\xingqiu\.m2\repository\org\springframework\spring-test\4.3.10.RELEASE\spring-test-4.3.10.RELEASE.jar;C:\Users\xingqiu\.m2\repository\org\springframework\boot\spring-boot-starter-data-redis\1.5.6.RELEASE\spring-boot-starter-data-redis-1.5.6.RELEASE.jar;C:\Users\xingqiu\.m2\repository\org\springframework\data\spring-data-redis\1.8.6.RELEASE\spring-data-redis-1.8.6.RELEASE.jar;C:\Users\xingqiu\.m2\repository\org\springframework\data\spring-data-keyvalue\1.2.6.RELEASE\spring-data-keyvalue-1.2.6.RELEASE.jar;C:\Users\xingqiu\.m2\repository\org\springframework\spring-tx\4.3.10.RELEASE\spring-tx-4.3.10.RELEASE.jar;C:\Users\xingqiu\.m2\repository\org\springframework\spring-oxm\4.3.10.RELEASE\spring-oxm-4.3.10.RELEASE.jar;C:\Users\xingqiu\.m2\repository\redis\clients\jedis\2.9.0\jedis-2.9.0.jar;C:\Users\xingqiu\.m2\repository\org\apache\commons\commons-pool2\2.4.2\commons-pool2-2.4.2.jar;C:\Users\xingqiu\.m2\repository\io\springfox\springfox-swagger2\2.2.2\springfox-swagger2-2.2.2.jar;C:\Users\xingqiu\.m2\repository\org\mapstruct\mapstruct\1.0.0.CR1\mapstruct-1.0.0.CR1.jar;C:\Users\xingqiu\.m2\repository\io\swagger\swagger-annotations\1.5.3\swagger-annotations-1.5.3.jar;C:\Users\xingqiu\.m2\repository\io\swagger\swagger-models\1.5.3\swagger-models-1.5.3.jar;C:\Users\xingqiu\.m2\repository\io\springfox\springfox-spi\2.2.2\springfox-spi-2.2.2.jar;C:\Users\xingqiu\.m2\repository\io\springfox\springfox-core\2.2.2\springfox-core-2.2.2.jar;C:\Users\xingqiu\.m2\repository\io\springfox\springfox-schema\2.2.2\springfox-schema-2.2.2.jar;C:\Users\xingqiu\.m2\repository\io\springfox\springfox-swagger-common\2.2.2\springfox-swagger-common-2.2.2.jar;C:\Users\xingqiu\.m2\repository\io\springfox\springfox-spring-web\2.2.2\springfox-spring-web-2.2.2.jar;C:\Users\xingqiu\.m2\repository\com\fasterxml\classmate\1.3.3\classmate-1.3.3.jar;C:\Users\xingqiu\.m2\repository\org\slf4j\slf4j-api\1.7.25\slf4j-api-1.7.25.jar;C:\Users\xingqiu\.m2\repository\org\aspectj\aspectjrt\1.8.10\aspectjrt-1.8.10.jar;C:\Users\xingqiu\.m2\repository\org\aspectj\aspectjweaver\1.9.19\aspectjweaver-1.9.19.jar;C:\Users\xingqiu\.m2\repository\org\springframework\plugin\spring-plugin-core\1.2.0.RELEASE\spring-plugin-core-1.2.0.RELEASE.jar;C:\Users\xingqiu\.m2\repository\org\springframework\plugin\spring-plugin-metadata\1.2.0.RELEASE\spring-plugin-metadata-1.2.0.RELEASE.jar;C:\Users\xingqiu\.m2\repository\org\springframework\hateoas\spring-hateoas\0.23.0.RELEASE\spring-hateoas-0.23.0.RELEASE.jar;C:\Users\xingqiu\.m2\repository\io\springfox\springfox-swagger-ui\2.2.2\springfox-swagger-ui-2.2.2.jar;C:\Users\xingqiu\.m2\repository\org\springframework\boot\spring-boot-starter-websocket\1.5.6.RELEASE\spring-boot-starter-websocket-1.5.6.RELEASE.jar;C:\Users\xingqiu\.m2\repository\org\springframework\spring-websocket\4.3.10.RELEASE\spring-websocket-4.3.10.RELEASE.jar;C:\Users\xingqiu\.m2\repository\org\springframework\spring-messaging\4.3.10.RELEASE\spring-messaging-4.3.10.RELEASE.jar;C:\Users\xingqiu\.m2\repository\org\springframework\spring-beans\4.3.10.RELEASE\spring-beans-4.3.10.RELEASE.jar;C:\Users\xingqiu\.m2\repository\org\springframework\spring-context\4.3.10.RELEASE\spring-context-4.3.10.RELEASE.jar;C:\Users\xingqiu\.m2\repository\javax\xml\bind\jaxb-api\2.3.1\jaxb-api-2.3.1.jar;C:\Users\xingqiu\.m2\repository\javax\activation\javax.activation-api\1.2.0\javax.activation-api-1.2.0.jar;C:\Users\xingqiu\.m2\repository\javax\annotation\javax.annotation-api\1.3.2\javax.annotation-api-1.3.2.jar;C:\Users\xingqiu\.m2\repository\org\glassfish\jaxb\jaxb-runtime\2.3.1\jaxb-runtime-2.3.1.jar;C:\Users\xingqiu\.m2\repository\org\glassfish\jaxb\txw2\2.3.1\txw2-2.3.1.jar;C:\Users\xingqiu\.m2\repository\com\sun\istack\istack-commons-runtime\3.0.7\istack-commons-runtime-3.0.7.jar;C:\Users\xingqiu\.m2\repository\org\jvnet\staxex\stax-ex\1.8\stax-ex-1.8.jar;C:\Users\xingqiu\.m2\repository\com\sun\xml\fastinfoset\FastInfoset\1.2.15\FastInfoset-1.2.15.jar;C:\Users\xingqiu\.m2\repository\com\h2database\h2\2.1.214\h2-2.1.214.jar;"/>
    <property name="sun.cpu.endian" value="little"/>
    <property name="user.home" value="C:\Users\xingqiu"/>
    <property name="user.language" value="zh"/>
    <property name="java.specification.vendor" value="Oracle Corporation"/>
    <property name="java.version.date" value="2024-04-16"/>
    <property name="java.home" value="C:\Program Files\Java\jdk-22"/>
    <property name="spring.profiles.active" value="test"/>
    <property name="file.separator" value="\"/>
    <property name="basedir" value="C:\Users\xingqiu\Desktop\软工课设\software-bbs-master\quark-rest"/>
    <property name="java.vm.compressedOopsMode" value="Zero based"/>
    <property name="line.separator" value="&#10;"/>
    <property name="java.vm.specification.vendor" value="Oracle Corporation"/>
    <property name="java.specification.name" value="Java Platform API Specification"/>
    <property name="surefire.real.class.path" value="C:\Users\xingqiu\AppData\Local\Temp\surefire9506012684452570320\surefirebooter-20250704085543957_13.jar"/>
    <property name="user.script" value=""/>
    <property name="sun.management.compiler" value="HotSpot 64-Bit Tiered Compilers"/>
    <property name="java.runtime.version" value="22.0.1+8-16"/>
    <property name="user.name" value="王思博"/>
    <property name="stdout.encoding" value="GBK"/>
    <property name="path.separator" value=";"/>
    <property name="os.version" value="10.0"/>
    <property name="java.runtime.name" value="Java(TM) SE Runtime Environment"/>
    <property name="file.encoding" value="UTF-8"/>
    <property name="java.vm.name" value="Java HotSpot(TM) 64-Bit Server VM"/>
    <property name="localRepository" value="C:\Users\xingqiu\.m2\repository"/>
    <property name="java.vendor.url.bug" value="https://bugreport.java.com/bugreport/"/>
    <property name="java.io.tmpdir" value="C:\Users\xingqiu\AppData\Local\Temp\"/>
    <property name="java.version" value="22.0.1"/>
    <property name="user.dir" value="C:\Users\xingqiu\Desktop\软工课设\software-bbs-master\quark-rest"/>
    <property name="os.arch" value="amd64"/>
    <property name="java.vm.specification.name" value="Java Virtual Machine Specification"/>
    <property name="sun.os.patch.level" value=""/>
    <property name="native.encoding" value="GBK"/>
    <property name="java.library.path" value="C:\Program Files\Java\jdk-22\bin;C:\WINDOWS\Sun\Java\bin;C:\WINDOWS\system32;C:\WINDOWS;D:\SoftWare\anaconda3;D:\SoftWare\anaconda3\Library\mingw-w64\bin;D:\SoftWare\anaconda3\Library\usr\bin;D:\SoftWare\anaconda3\Library\bin;D:\SoftWare\anaconda3\Scripts;D:\SoftWare\anaconda3\bin;D:\SoftWare\anaconda3\condabin;C:\Program Files\NVIDIA GPU Computing Toolkit\CUDA\v11.8\bin;C:\Program Files\NVIDIA GPU Computing Toolkit\CUDA\v11.8\libnvvp;C:\Program Files\NVIDIA GPU Computing Toolkit\CUDA\v12.8\bin;C:\Program Files\NVIDIA GPU Computing Toolkit\CUDA\v12.8\libnvvp;D:\VMware Workstation\bin;C:\Program Files\Common Files\Oracle\Java\javapath;C:\Program Files\Microsoft\jdk-11.0.16.101-hotspot\bin;C:\Windows\system32;C:\Windows;C:\Windows\System32\Wbem;C:\Windows\System32\WindowsPowerShell\v1.0;C:\Windows\System32\OpenSSH;C:\Program Files (x86)\NVIDIA Corporation\PhysX\Common;C:\Program Files (x86)\GtkSharp\2.12\bin;C:\Program Files\dotnet;C:\Program Files\MATLAB\R2023a\bin;C:\Program Files (x86)\Microsoft SQL Server\160\Tools\Binn;C:\Program Files\Microsoft SQL Server\160\Tools\Binn;C:\Program Files\Microsoft SQL Server\Client SDK\ODBC\170\Tools\Binn;C:\Program Files\Microsoft SQL Server\160\DTS\Binn;C:\Program Files\Microsoft SQL Server\150\Tools\Binn;C:\Program Files (x86)\Windows Kits\10\Windows Performance Toolkit;D:\AndroidEnvironment\SDK\tools;D:\AndroidEnvironment\SDK\platform-tools;C:\WINDOWS\system32;C:\WINDOWS;C:\WINDOWS\System32\Wbem;C:\WINDOWS\System32\WindowsPowerShell\v1.0;C:\WINDOWS\System32\OpenSSH;C:\Program Files\NVIDIA Corporation\NVIDIA app\NvDLISR;C:\Program Files\NVIDIA Corporation\Nsight Compute 2022.3.0;D:\SoftWare\Git\cmd;C:\Program Files\PuTTY;C:\Program Files\Bandizip;C:\Program Files\MySQL\MySQL Shell 8.0\bin;C:\Users\xingqiu\scoop\apps\maven\current\bin;C:\Users\xingqiu\scoop\shims;C:\Ruby32-x64\bin;C:\Users\xingqiu\AppData\Local\Programs\Python\Python312\Scripts;C:\Users\xingqiu\AppData\Local\Programs\Python\Python312\python.exe;C:\Users\xingqiu\AppData\Local\Programs\Python\Launcher;C:\Users\xingqiu\AppData\Local\Microsoft\WindowsApps;C:\altera\13.0sp1\modelsim_ae\win32aloem;C:\iverilog\bin;D:\QT\6.7.2\mingw_64\bin;D:\SoftWare\Microsoft VS Code\bin;D:\SoftWare\anaconda3;D:\SoftWare\anaconda3\Scripts;D:\SoftWare\anaconda3\Library\bin;D:\SoftWare\JetBrains\PyCharm Community Edition 2023.3.7\bin;.;D:\SoftWare\anaconda3\envs\dspth;C:\Users\xingqiu\AppData\Roaming\XilinxLicense;C:\Program Files\NVIDIA GPU Computing Toolkit\CUDA\v11.8\bin;C:\msys64\mingw64\bin;C:\redis;.;c:\Users\xingqiu\AppData\Roaming\Code\User\globalStorage\github.copilot-chat\debugCommand;."/>
    <property name="java.vm.info" value="mixed mode, sharing"/>
    <property name="stderr.encoding" value="GBK"/>
    <property name="java.vendor" value="Oracle Corporation"/>
    <property name="java.vm.version" value="22.0.1+8-16"/>
    <property name="sun.io.unicode.encoding" value="UnicodeLittle"/>
    <property name="java.class.version" value="66.0"/>
  </properties>
  <testcase name="testDataSource" classname="com.quark.rest.RestApplicationTest" time="0.033">
    <system-out><![CDATA[08:55:44.624 [main] DEBUG org.springframework.test.context.junit4.SpringJUnit4ClassRunner - SpringJUnit4ClassRunner constructor called with [class com.quark.rest.RestApplicationTest]
08:55:44.628 [main] DEBUG org.springframework.test.context.BootstrapUtils - Instantiating CacheAwareContextLoaderDelegate from class [org.springframework.test.context.cache.DefaultCacheAwareContextLoaderDelegate]
08:55:44.634 [main] DEBUG org.springframework.test.context.BootstrapUtils - Instantiating BootstrapContext using constructor [public org.springframework.test.context.support.DefaultBootstrapContext(java.lang.Class,org.springframework.test.context.CacheAwareContextLoaderDelegate)]
08:55:44.643 [main] DEBUG org.springframework.test.context.BootstrapUtils - Instantiating TestContextBootstrapper for test class [com.quark.rest.RestApplicationTest] from class [org.springframework.boot.test.context.SpringBootTestContextBootstrapper]
08:55:44.643 [main] INFO org.springframework.boot.test.context.SpringBootTestContextBootstrapper - Neither @ContextConfiguration nor @ContextHierarchy found for test class [com.quark.rest.RestApplicationTest], using SpringBootContextLoader
08:55:44.643 [main] DEBUG org.springframework.test.context.support.AbstractContextLoader - Did not detect default resource location for test class [com.quark.rest.RestApplicationTest]: class path resource [com/quark/rest/RestApplicationTest-context.xml] does not exist
08:55:44.643 [main] DEBUG org.springframework.test.context.support.AbstractContextLoader - Did not detect default resource location for test class [com.quark.rest.RestApplicationTest]: class path resource [com/quark/rest/RestApplicationTestContext.groovy] does not exist
08:55:44.643 [main] INFO org.springframework.test.context.support.AbstractContextLoader - Could not detect default resource locations for test class [com.quark.rest.RestApplicationTest]: no resource found for suffixes {-context.xml, Context.groovy}.
08:55:44.643 [main] INFO org.springframework.test.context.support.AnnotationConfigContextLoaderUtils - Could not detect default configuration classes for test class [com.quark.rest.RestApplicationTest]: RestApplicationTest does not declare any static, non-private, non-final, nested classes annotated with @Configuration.
08:55:44.684 [main] DEBUG org.springframework.test.context.support.ActiveProfilesUtils - Could not find an 'annotation declaring class' for annotation type [org.springframework.test.context.ActiveProfiles] and class [com.quark.rest.RestApplicationTest]
08:55:44.689 [main] DEBUG org.springframework.core.env.StandardEnvironment - Adding [systemProperties] PropertySource with lowest search precedence
08:55:44.690 [main] DEBUG org.springframework.core.env.StandardEnvironment - Adding [systemEnvironment] PropertySource with lowest search precedence
08:55:44.690 [main] DEBUG org.springframework.core.env.StandardEnvironment - Initialized StandardEnvironment with PropertySources [systemProperties,systemEnvironment]
08:55:44.696 [main] DEBUG org.springframework.core.io.support.PathMatchingResourcePatternResolver - Resolved classpath location [com/quark/rest/] to resources [URL [file:/C:/Users/xingqiu/Desktop/%E8%BD%AF%E5%B7%A5%E8%AF%BE%E8%AE%BE/software-bbs-master/quark-rest/target/test-classes/com/quark/rest/], URL [file:/C:/Users/xingqiu/Desktop/%E8%BD%AF%E5%B7%A5%E8%AF%BE%E8%AE%BE/software-bbs-master/quark-rest/target/classes/com/quark/rest/]]
08:55:44.696 [main] DEBUG org.springframework.core.io.support.PathMatchingResourcePatternResolver - Looking for matching resources in directory tree [C:\Users\xingqiu\Desktop\软工课设\software-bbs-master\quark-rest\target\test-classes\com\quark\rest]
08:55:44.697 [main] DEBUG org.springframework.core.io.support.PathMatchingResourcePatternResolver - Searching directory [C:\Users\xingqiu\Desktop\软工课设\software-bbs-master\quark-rest\target\test-classes\com\quark\rest] for files matching pattern [C:/Users/xingqiu/Desktop/软工课设/software-bbs-master/quark-rest/target/test-classes/com/quark/rest/*.class]
08:55:44.699 [main] DEBUG org.springframework.core.io.support.PathMatchingResourcePatternResolver - Looking for matching resources in directory tree [C:\Users\xingqiu\Desktop\软工课设\software-bbs-master\quark-rest\target\classes\com\quark\rest]
08:55:44.699 [main] DEBUG org.springframework.core.io.support.PathMatchingResourcePatternResolver - Searching directory [C:\Users\xingqiu\Desktop\软工课设\software-bbs-master\quark-rest\target\classes\com\quark\rest] for files matching pattern [C:/Users/xingqiu/Desktop/软工课设/software-bbs-master/quark-rest/target/classes/com/quark/rest/*.class]
08:55:44.701 [main] DEBUG org.springframework.core.io.support.PathMatchingResourcePatternResolver - Resolved location pattern [classpath*:com/quark/rest/*.class] to resources [file [C:\Users\xingqiu\Desktop\软工课设\software-bbs-master\quark-rest\target\test-classes\com\quark\rest\RestApplicationTest.class], file [C:\Users\xingqiu\Desktop\软工课设\software-bbs-master\quark-rest\target\classes\com\quark\rest\RestApplication.class], file [C:\Users\xingqiu\Desktop\软工课设\software-bbs-master\quark-rest\target\classes\com\quark\rest\Swagger2Configuration.class]]
08:55:44.733 [main] DEBUG org.springframework.context.annotation.ClassPathScanningCandidateComponentProvider - Identified candidate component class: file [C:\Users\xingqiu\Desktop\软工课设\software-bbs-master\quark-rest\target\classes\com\quark\rest\RestApplication.class]
08:55:44.736 [main] INFO org.springframework.boot.test.context.SpringBootTestContextBootstrapper - Found @SpringBootConfiguration com.quark.rest.RestApplication for test class com.quark.rest.RestApplicationTest
08:55:44.738 [main] DEBUG org.springframework.boot.test.context.SpringBootTestContextBootstrapper - @TestExecutionListeners is not present for class [com.quark.rest.RestApplicationTest]: using defaults.
08:55:44.742 [main] INFO org.springframework.boot.test.context.SpringBootTestContextBootstrapper - Loaded default TestExecutionListener class names from location [META-INF/spring.factories]: [org.springframework.boot.test.mock.mockito.MockitoTestExecutionListener, org.springframework.boot.test.mock.mockito.ResetMocksTestExecutionListener, org.springframework.boot.test.autoconfigure.restdocs.RestDocsTestExecutionListener, org.springframework.boot.test.autoconfigure.web.client.MockRestServiceServerResetTestExecutionListener, org.springframework.boot.test.autoconfigure.web.servlet.MockMvcPrintOnlyOnFailureTestExecutionListener, org.springframework.boot.test.autoconfigure.web.servlet.WebDriverTestExecutionListener, org.springframework.test.context.web.ServletTestExecutionListener, org.springframework.test.context.support.DirtiesContextBeforeModesTestExecutionListener, org.springframework.test.context.support.DependencyInjectionTestExecutionListener, org.springframework.test.context.support.DirtiesContextTestExecutionListener, org.springframework.test.context.transaction.TransactionalTestExecutionListener, org.springframework.test.context.jdbc.SqlScriptsTestExecutionListener]
08:55:44.758 [main] INFO org.springframework.boot.test.context.SpringBootTestContextBootstrapper - Using TestExecutionListeners: [org.springframework.test.context.web.ServletTestExecutionListener@6f46426d, org.springframework.test.context.support.DirtiesContextBeforeModesTestExecutionListener@73700b80, org.springframework.boot.test.autoconfigure.SpringBootDependencyInjectionTestExecutionListener@49c7b90e, org.springframework.test.context.support.DirtiesContextTestExecutionListener@10d307f1, org.springframework.test.context.transaction.TransactionalTestExecutionListener@4d5b6aac, org.springframework.test.context.jdbc.SqlScriptsTestExecutionListener@3e84448c, org.springframework.boot.test.autoconfigure.web.client.MockRestServiceServerResetTestExecutionListener@4a7f959b, org.springframework.boot.test.autoconfigure.restdocs.RestDocsTestExecutionListener@429bffaa, org.springframework.boot.test.autoconfigure.web.servlet.WebDriverTestExecutionListener@5403f35f, org.springframework.boot.test.mock.mockito.ResetMocksTestExecutionListener@483f6d77, org.springframework.boot.test.autoconfigure.web.servlet.MockMvcPrintOnlyOnFailureTestExecutionListener@7e5afaa6, org.springframework.boot.test.mock.mockito.MockitoTestExecutionListener@63a12c68]
08:55:44.759 [main] DEBUG org.springframework.test.annotation.ProfileValueUtils - Retrieved @ProfileValueSourceConfiguration [null] for test class [com.quark.rest.RestApplicationTest]
08:55:44.760 [main] DEBUG org.springframework.test.annotation.ProfileValueUtils - Retrieved ProfileValueSource type [class org.springframework.test.annotation.SystemProfileValueSource] for class [com.quark.rest.RestApplicationTest]
08:55:44.761 [main] DEBUG org.springframework.test.annotation.ProfileValueUtils - Retrieved @ProfileValueSourceConfiguration [null] for test class [com.quark.rest.RestApplicationTest]
08:55:44.761 [main] DEBUG org.springframework.test.annotation.ProfileValueUtils - Retrieved ProfileValueSource type [class org.springframework.test.annotation.SystemProfileValueSource] for class [com.quark.rest.RestApplicationTest]
08:55:44.762 [main] DEBUG org.springframework.test.annotation.ProfileValueUtils - Retrieved @ProfileValueSourceConfiguration [null] for test class [com.quark.rest.RestApplicationTest]
08:55:44.762 [main] DEBUG org.springframework.test.annotation.ProfileValueUtils - Retrieved ProfileValueSource type [class org.springframework.test.annotation.SystemProfileValueSource] for class [com.quark.rest.RestApplicationTest]
08:55:44.764 [main] DEBUG org.springframework.test.context.support.AbstractDirtiesContextTestExecutionListener - Before test class: context [DefaultTestContext@3f6b0be5 testClass = RestApplicationTest, testInstance = [null], testMethod = [null], testException = [null], mergedContextConfiguration = [WebMergedContextConfiguration@611889f4 testClass = RestApplicationTest, locations = '{}', classes = '{class com.quark.rest.RestApplication}', contextInitializerClasses = '[]', activeProfiles = '{}', propertySourceLocations = '{classpath:rest.properties}', propertySourceProperties = '{org.springframework.boot.test.context.SpringBootTestContextBootstrapper=true}', contextCustomizers = set[org.springframework.boot.test.context.SpringBootTestContextCustomizer@5fdcaa40, org.springframework.boot.test.context.filter.ExcludeFilterContextCustomizer@3ce1e309, org.springframework.boot.test.json.DuplicateJsonObjectContextCustomizerFactory$DuplicateJsonObjectContextCustomizer@74e52303, org.springframework.boot.test.mock.mockito.MockitoContextCustomizer@0, org.springframework.boot.test.autoconfigure.properties.PropertyMappingContextCustomizer@0, org.springframework.boot.test.autoconfigure.web.servlet.WebDriverContextCustomizerFactory$Customizer@35cabb2a], resourceBasePath = 'src/main/webapp', contextLoader = 'org.springframework.boot.test.context.SpringBootContextLoader', parent = [null]]], class annotated with @DirtiesContext [false] with mode [null].
08:55:44.765 [main] DEBUG org.springframework.test.annotation.ProfileValueUtils - Retrieved @ProfileValueSourceConfiguration [null] for test class [com.quark.rest.RestApplicationTest]
08:55:44.765 [main] DEBUG org.springframework.test.annotation.ProfileValueUtils - Retrieved ProfileValueSource type [class org.springframework.test.annotation.SystemProfileValueSource] for class [com.quark.rest.RestApplicationTest]
08:55:44.811 [main] DEBUG org.springframework.core.env.StandardEnvironment - Adding [systemProperties] PropertySource with lowest search precedence
08:55:44.811 [main] DEBUG org.springframework.core.env.StandardEnvironment - Adding [systemEnvironment] PropertySource with lowest search precedence
08:55:44.811 [main] DEBUG org.springframework.core.env.StandardEnvironment - Initialized StandardEnvironment with PropertySources [systemProperties,systemEnvironment]
08:55:44.812 [main] DEBUG org.springframework.core.env.StandardEnvironment - Adding [class path resource [rest.properties]] PropertySource with highest search precedence
08:55:44.813 [main] DEBUG org.springframework.core.env.MutablePropertySources - Adding [inline] PropertySource with highest search precedence
08:55:44.816 [main] DEBUG org.springframework.test.context.support.TestPropertySourceUtils - Adding inlined properties to environment: {spring.jmx.enabled=false, org.springframework.boot.test.context.SpringBootTestContextBootstrapper=true, server.port=-1}
08:55:44.817 [main] DEBUG org.springframework.core.env.StandardEnvironment - Adding [Inlined Test Properties] PropertySource with highest search precedence

  .   ____          _            __ _ _
 /\\ / ___'_ __ _ _(_)_ __  __ _ \ \ \ \
( ( )\___ | '_ | '_| | '_ \/ _` | \ \ \ \
 \\/  ___)| |_)| | | | | || (_| |  ) ) ) )
  '  |____| .__|_| |_|_| |_\__, | / / / /
 =========|_|==============|___/=/_/_/_/
 :: Spring Boot ::        (v1.5.6.RELEASE)

2025-07-04 08:55:45.141  INFO 8292 --- [           main] com.quark.rest.RestApplicationTest       : Starting RestApplicationTest on LAPTOP-A13J3GU2 with PID 8292 (started by 王思博 in C:\Users\xingqiu\Desktop\软工课设\software-bbs-master\quark-rest)
2025-07-04 08:55:45.141  INFO 8292 --- [           main] com.quark.rest.RestApplicationTest       : The following profiles are active: test
2025-07-04 08:55:45.173  INFO 8292 --- [           main] o.s.w.c.s.GenericWebApplicationContext   : Refreshing org.springframework.web.context.support.GenericWebApplicationContext@78f5c518: startup date [Fri Jul 04 08:55:45 CST 2025]; root of context hierarchy
2025-07-04 08:55:45.174 DEBUG 8292 --- [           main] o.s.w.c.s.GenericWebApplicationContext   : Bean factory for org.springframework.web.context.support.GenericWebApplicationContext@78f5c518: org.springframework.beans.factory.support.DefaultListableBeanFactory@354fc8f0: defining beans [org.springframework.boot.test.mock.mockito.MockitoPostProcessor$SpyPostProcessor,org.springframework.boot.test.mock.mockito.MockitoPostProcessor,org.springframework.context.annotation.internalConfigurationAnnotationProcessor,org.springframework.context.annotation.internalAutowiredAnnotationProcessor,org.springframework.context.annotation.internalRequiredAnnotationProcessor,org.springframework.context.annotation.internalCommonAnnotationProcessor,org.springframework.context.annotation.internalPersistenceAnnotationProcessor,org.springframework.context.event.internalEventListenerProcessor,org.springframework.context.event.internalEventListenerFactory,restApplication]; root of factory hierarchy
2025-07-04 08:55:46.410  INFO 8292 --- [           main] .s.d.r.c.RepositoryConfigurationDelegate : Multiple Spring Data modules found, entering strict repository configuration mode!
2025-07-04 08:55:46.580  INFO 8292 --- [           main] .s.d.r.c.RepositoryConfigurationDelegate : Multiple Spring Data modules found, entering strict repository configuration mode!
2025-07-04 08:55:46.636  INFO 8292 --- [           main] .RepositoryConfigurationExtensionSupport : Spring Data Redis - Could not safely identify store assignment for repository candidate interface com.quark.common.dao.LabelDao.
2025-07-04 08:55:46.638  INFO 8292 --- [           main] .RepositoryConfigurationExtensionSupport : Spring Data Redis - Could not safely identify store assignment for repository candidate interface com.quark.common.dao.AdminUserDao.
2025-07-04 08:55:46.638  INFO 8292 --- [           main] .RepositoryConfigurationExtensionSupport : Spring Data Redis - Could not safely identify store assignment for repository candidate interface com.quark.common.dao.UserDao.
2025-07-04 08:55:46.639  INFO 8292 --- [           main] .RepositoryConfigurationExtensionSupport : Spring Data Redis - Could not safely identify store assignment for repository candidate interface com.quark.common.dao.NotificationDao.
2025-07-04 08:55:46.639  INFO 8292 --- [           main] .RepositoryConfigurationExtensionSupport : Spring Data Redis - Could not safely identify store assignment for repository candidate interface com.quark.common.dao.PermissionDao.
2025-07-04 08:55:46.640  INFO 8292 --- [           main] .RepositoryConfigurationExtensionSupport : Spring Data Redis - Could not safely identify store assignment for repository candidate interface com.quark.common.dao.FavoritesDao.
2025-07-04 08:55:46.640  INFO 8292 --- [           main] .RepositoryConfigurationExtensionSupport : Spring Data Redis - Could not safely identify store assignment for repository candidate interface com.quark.common.dao.ReplyDao.
2025-07-04 08:55:46.641  INFO 8292 --- [           main] .RepositoryConfigurationExtensionSupport : Spring Data Redis - Could not safely identify store assignment for repository candidate interface com.quark.common.dao.RoleDao.
2025-07-04 08:55:46.641  INFO 8292 --- [           main] .RepositoryConfigurationExtensionSupport : Spring Data Redis - Could not safely identify store assignment for repository candidate interface com.quark.common.dao.ChatMessageDao.
2025-07-04 08:55:46.641  INFO 8292 --- [           main] .RepositoryConfigurationExtensionSupport : Spring Data Redis - Could not safely identify store assignment for repository candidate interface com.quark.common.dao.CollectDao.
2025-07-04 08:55:46.642  INFO 8292 --- [           main] .RepositoryConfigurationExtensionSupport : Spring Data Redis - Could not safely identify store assignment for repository candidate interface com.quark.common.dao.PostsDao.
2025-07-04 08:55:46.977  WARN 8292 --- [           main] figurationPropertiesBindingPostProcessor : Multiple PropertySourcesPlaceholderConfigurer beans registered [propertySourcesPlaceholderConfigurer, swaggerProperties], falling back to Environment
2025-07-04 08:55:47.146  INFO 8292 --- [           main] trationDelegate$BeanPostProcessorChecker : Bean 'org.springframework.transaction.annotation.ProxyTransactionManagementConfiguration' of type [org.springframework.transaction.annotation.ProxyTransactionManagementConfiguration$$EnhancerBySpringCGLIB$$d93f2125] is not eligible for getting processed by all BeanPostProcessors (for example: not eligible for auto-proxying)
2025-07-04 08:55:47.235  INFO 8292 --- [           main] trationDelegate$BeanPostProcessorChecker : Bean 'redisConfig' of type [com.quark.rest.config.RedisConfig$$EnhancerBySpringCGLIB$$934a3790] is not eligible for getting processed by all BeanPostProcessors (for example: not eligible for auto-proxying)
2025-07-04 08:55:47.241  INFO 8292 --- [           main] trationDelegate$BeanPostProcessorChecker : Bean 'keyGenerator' of type [com.quark.rest.config.RedisConfig$1] is not eligible for getting processed by all BeanPostProcessors (for example: not eligible for auto-proxying)
2025-07-04 08:55:47.242  INFO 8292 --- [           main] trationDelegate$BeanPostProcessorChecker : Bean 'org.springframework.cache.annotation.ProxyCachingConfiguration' of type [org.springframework.cache.annotation.ProxyCachingConfiguration$$EnhancerBySpringCGLIB$$22515743] is not eligible for getting processed by all BeanPostProcessors (for example: not eligible for auto-proxying)
2025-07-04 08:55:47.271 DEBUG 8292 --- [           main] o.s.w.c.s.GenericWebApplicationContext   : Unable to locate MessageSource with name 'messageSource': using default [org.springframework.context.support.DelegatingMessageSource@111c229c]
2025-07-04 08:55:47.272 DEBUG 8292 --- [           main] o.s.w.c.s.GenericWebApplicationContext   : Unable to locate ApplicationEventMulticaster with name 'applicationEventMulticaster': using default [org.springframework.context.event.SimpleApplicationEventMulticaster@49cb3881]
2025-07-04 08:55:47.554  INFO 8292 --- [           main] j.LocalContainerEntityManagerFactoryBean : Building JPA container EntityManagerFactory for persistence unit 'default'
2025-07-04 08:55:47.569  INFO 8292 --- [           main] o.hibernate.jpa.internal.util.LogHelper  : HHH000204: Processing PersistenceUnitInfo [
	name: default
	...]
2025-07-04 08:55:47.648  INFO 8292 --- [           main] org.hibernate.Version                    : HHH000412: Hibernate Core {5.0.12.Final}
2025-07-04 08:55:47.649  INFO 8292 --- [           main] org.hibernate.cfg.Environment            : HHH000206: hibernate.properties not found
2025-07-04 08:55:47.651  INFO 8292 --- [           main] org.hibernate.cfg.Environment            : HHH000021: Bytecode provider name : javassist
2025-07-04 08:55:47.682  INFO 8292 --- [           main] o.hibernate.annotations.common.Version   : HCANN000001: Hibernate Commons Annotations {5.0.1.Final}
2025-07-04 08:55:47.786 ERROR 8292 --- [           main] com.alibaba.druid.pool.DruidDataSource   : testWhileIdle is true, validationQuery not set
2025-07-04 08:55:47.797  INFO 8292 --- [           main] com.alibaba.druid.pool.DruidDataSource   : {dataSource-1} inited
2025-07-04 08:55:47.983  INFO 8292 --- [           main] org.hibernate.dialect.Dialect            : HHH000400: Using dialect: org.hibernate.dialect.MySQL5Dialect
2025-07-04 08:55:48.388  INFO 8292 --- [           main] org.hibernate.tool.hbm2ddl.SchemaExport  : HHH000227: Running hbm2ddl schema export
Hibernate: alter table collect drop foreign key FKk6s5f6l79b2fxwasmo1x20u2y
2025-07-04 08:55:48.391 ERROR 8292 --- [           main] org.hibernate.tool.hbm2ddl.SchemaExport  : HHH000389: Unsuccessful: alter table collect drop foreign key FKk6s5f6l79b2fxwasmo1x20u2y
2025-07-04 08:55:48.391 ERROR 8292 --- [           main] org.hibernate.tool.hbm2ddl.SchemaExport  : Table "COLLECT" not found (this database is empty); SQL statement:
alter table collect drop foreign key FKk6s5f6l79b2fxwasmo1x20u2y [42104-214]
Hibernate: alter table collect drop foreign key FKe2lyp0xuocrxaydyqpdnphjqa
2025-07-04 08:55:48.392 ERROR 8292 --- [           main] org.hibernate.tool.hbm2ddl.SchemaExport  : HHH000389: Unsuccessful: alter table collect drop foreign key FKe2lyp0xuocrxaydyqpdnphjqa
2025-07-04 08:55:48.392 ERROR 8292 --- [           main] org.hibernate.tool.hbm2ddl.SchemaExport  : Table "COLLECT" not found (this database is empty); SQL statement:
alter table collect drop foreign key FKe2lyp0xuocrxaydyqpdnphjqa [42104-214]
Hibernate: alter table favorites drop foreign key FKlyg2xt80kjg3x3vs6i9cl8445
2025-07-04 08:55:48.392 ERROR 8292 --- [           main] org.hibernate.tool.hbm2ddl.SchemaExport  : HHH000389: Unsuccessful: alter table favorites drop foreign key FKlyg2xt80kjg3x3vs6i9cl8445
2025-07-04 08:55:48.392 ERROR 8292 --- [           main] org.hibernate.tool.hbm2ddl.SchemaExport  : Table "FAVORITES" not found (this database is empty); SQL statement:
alter table favorites drop foreign key FKlyg2xt80kjg3x3vs6i9cl8445 [42104-214]
Hibernate: alter table favorites drop foreign key FKlpoi1khp6u537q7e0uwg9k6ia
2025-07-04 08:55:48.392 ERROR 8292 --- [           main] org.hibernate.tool.hbm2ddl.SchemaExport  : HHH000389: Unsuccessful: alter table favorites drop foreign key FKlpoi1khp6u537q7e0uwg9k6ia
2025-07-04 08:55:48.392 ERROR 8292 --- [           main] org.hibernate.tool.hbm2ddl.SchemaExport  : Table "FAVORITES" not found (this database is empty); SQL statement:
alter table favorites drop foreign key FKlpoi1khp6u537q7e0uwg9k6ia [42104-214]
Hibernate: alter table quark_adminuser_role drop foreign key FK26lllx1jn0c1k8f8oj2qt4io1
2025-07-04 08:55:48.392 ERROR 8292 --- [           main] org.hibernate.tool.hbm2ddl.SchemaExport  : HHH000389: Unsuccessful: alter table quark_adminuser_role drop foreign key FK26lllx1jn0c1k8f8oj2qt4io1
2025-07-04 08:55:48.393 ERROR 8292 --- [           main] org.hibernate.tool.hbm2ddl.SchemaExport  : Table "QUARK_ADMINUSER_ROLE" not found (this database is empty); SQL statement:
alter table quark_adminuser_role drop foreign key FK26lllx1jn0c1k8f8oj2qt4io1 [42104-214]
Hibernate: alter table quark_adminuser_role drop foreign key FKatv5o94k3fooskwr53rvqfven
2025-07-04 08:55:48.393 ERROR 8292 --- [           main] org.hibernate.tool.hbm2ddl.SchemaExport  : HHH000389: Unsuccessful: alter table quark_adminuser_role drop foreign key FKatv5o94k3fooskwr53rvqfven
2025-07-04 08:55:48.393 ERROR 8292 --- [           main] org.hibernate.tool.hbm2ddl.SchemaExport  : Table "QUARK_ADMINUSER_ROLE" not found (this database is empty); SQL statement:
alter table quark_adminuser_role drop foreign key FKatv5o94k3fooskwr53rvqfven [42104-214]
Hibernate: alter table quark_notification drop foreign key FKac4wjs0b3992ohkf61jy4ilmj
2025-07-04 08:55:48.393 ERROR 8292 --- [           main] org.hibernate.tool.hbm2ddl.SchemaExport  : HHH000389: Unsuccessful: alter table quark_notification drop foreign key FKac4wjs0b3992ohkf61jy4ilmj
2025-07-04 08:55:48.393 ERROR 8292 --- [           main] org.hibernate.tool.hbm2ddl.SchemaExport  : Table "QUARK_NOTIFICATION" not found (this database is empty); SQL statement:
alter table quark_notification drop foreign key FKac4wjs0b3992ohkf61jy4ilmj [42104-214]
Hibernate: alter table quark_notification drop foreign key FKilg05a7ki3vkv7lfjnn57pdw2
2025-07-04 08:55:48.393 ERROR 8292 --- [           main] org.hibernate.tool.hbm2ddl.SchemaExport  : HHH000389: Unsuccessful: alter table quark_notification drop foreign key FKilg05a7ki3vkv7lfjnn57pdw2
2025-07-04 08:55:48.393 ERROR 8292 --- [           main] org.hibernate.tool.hbm2ddl.SchemaExport  : Table "QUARK_NOTIFICATION" not found (this database is empty); SQL statement:
alter table quark_notification drop foreign key FKilg05a7ki3vkv7lfjnn57pdw2 [42104-214]
Hibernate: alter table quark_notification drop foreign key FKquscxmtiqggsch7w833ywubux
2025-07-04 08:55:48.393 ERROR 8292 --- [           main] org.hibernate.tool.hbm2ddl.SchemaExport  : HHH000389: Unsuccessful: alter table quark_notification drop foreign key FKquscxmtiqggsch7w833ywubux
2025-07-04 08:55:48.393 ERROR 8292 --- [           main] org.hibernate.tool.hbm2ddl.SchemaExport  : Table "QUARK_NOTIFICATION" not found (this database is empty); SQL statement:
alter table quark_notification drop foreign key FKquscxmtiqggsch7w833ywubux [42104-214]
Hibernate: alter table quark_posts drop foreign key FKnxd3qh1m3c0o6tc3ojfa8fm6o
2025-07-04 08:55:48.393 ERROR 8292 --- [           main] org.hibernate.tool.hbm2ddl.SchemaExport  : HHH000389: Unsuccessful: alter table quark_posts drop foreign key FKnxd3qh1m3c0o6tc3ojfa8fm6o
2025-07-04 08:55:48.393 ERROR 8292 --- [           main] org.hibernate.tool.hbm2ddl.SchemaExport  : Table "QUARK_POSTS" not found (this database is empty); SQL statement:
alter table quark_posts drop foreign key FKnxd3qh1m3c0o6tc3ojfa8fm6o [42104-214]
Hibernate: alter table quark_posts drop foreign key FK41ebsa5jpn18egdtjo6uiaugn
2025-07-04 08:55:48.394 ERROR 8292 --- [           main] org.hibernate.tool.hbm2ddl.SchemaExport  : HHH000389: Unsuccessful: alter table quark_posts drop foreign key FK41ebsa5jpn18egdtjo6uiaugn
2025-07-04 08:55:48.394 ERROR 8292 --- [           main] org.hibernate.tool.hbm2ddl.SchemaExport  : Table "QUARK_POSTS" not found (this database is empty); SQL statement:
alter table quark_posts drop foreign key FK41ebsa5jpn18egdtjo6uiaugn [42104-214]
Hibernate: alter table quark_reply drop foreign key FKnr6a7xtk9rm31ptn6gchi9113
2025-07-04 08:55:48.394 ERROR 8292 --- [           main] org.hibernate.tool.hbm2ddl.SchemaExport  : HHH000389: Unsuccessful: alter table quark_reply drop foreign key FKnr6a7xtk9rm31ptn6gchi9113
2025-07-04 08:55:48.394 ERROR 8292 --- [           main] org.hibernate.tool.hbm2ddl.SchemaExport  : Table "QUARK_REPLY" not found (this database is empty); SQL statement:
alter table quark_reply drop foreign key FKnr6a7xtk9rm31ptn6gchi9113 [42104-214]
Hibernate: alter table quark_reply drop foreign key FKnt12hb9oqfm5eamjpg27bkpvv
2025-07-04 08:55:48.394 ERROR 8292 --- [           main] org.hibernate.tool.hbm2ddl.SchemaExport  : HHH000389: Unsuccessful: alter table quark_reply drop foreign key FKnt12hb9oqfm5eamjpg27bkpvv
2025-07-04 08:55:48.394 ERROR 8292 --- [           main] org.hibernate.tool.hbm2ddl.SchemaExport  : Table "QUARK_REPLY" not found (this database is empty); SQL statement:
alter table quark_reply drop foreign key FKnt12hb9oqfm5eamjpg27bkpvv [42104-214]
Hibernate: alter table quark_role_permission drop foreign key FKlsdkf5vtsq5qvepw45r0y89jw
2025-07-04 08:55:48.394 ERROR 8292 --- [           main] org.hibernate.tool.hbm2ddl.SchemaExport  : HHH000389: Unsuccessful: alter table quark_role_permission drop foreign key FKlsdkf5vtsq5qvepw45r0y89jw
2025-07-04 08:55:48.394 ERROR 8292 --- [           main] org.hibernate.tool.hbm2ddl.SchemaExport  : Table "QUARK_ROLE_PERMISSION" not found (this database is empty); SQL statement:
alter table quark_role_permission drop foreign key FKlsdkf5vtsq5qvepw45r0y89jw [42104-214]
Hibernate: alter table quark_role_permission drop foreign key FK763ep4ix05naeoliv21sm6m81
2025-07-04 08:55:48.394 ERROR 8292 --- [           main] org.hibernate.tool.hbm2ddl.SchemaExport  : HHH000389: Unsuccessful: alter table quark_role_permission drop foreign key FK763ep4ix05naeoliv21sm6m81
2025-07-04 08:55:48.394 ERROR 8292 --- [           main] org.hibernate.tool.hbm2ddl.SchemaExport  : Table "QUARK_ROLE_PERMISSION" not found (this database is empty); SQL statement:
alter table quark_role_permission drop foreign key FK763ep4ix05naeoliv21sm6m81 [42104-214]
Hibernate: drop table if exists chat_message
Hibernate: drop table if exists collect
Hibernate: drop table if exists favorites
Hibernate: drop table if exists quark_adminuser
Hibernate: drop table if exists quark_adminuser_role
Hibernate: drop table if exists quark_label
Hibernate: drop table if exists quark_notification
Hibernate: drop table if exists quark_permission
Hibernate: drop table if exists quark_posts
Hibernate: drop table if exists quark_reply
Hibernate: drop table if exists quark_role
Hibernate: drop table if exists quark_role_permission
Hibernate: drop table if exists quark_user
Hibernate: create table chat_message (id bigint not null auto_increment, content TEXT not null, from_id bigint not null, init_time tinyblob not null, to_id bigint not null, primary key (id))
Hibernate: create table collect (id integer not null auto_increment, init_time datetime, posts_id integer not null, user_id integer not null, primary key (id))
Hibernate: create table favorites (id integer not null auto_increment, init_time datetime, posts_id integer not null, user_id integer not null, primary key (id))
Hibernate: create table quark_adminuser (id integer not null auto_increment, enable integer not null, password varchar(255) not null, username varchar(255) not null, primary key (id))
Hibernate: create table quark_adminuser_role (adminuser_id integer not null, role_id integer not null, primary key (adminuser_id, role_id))
Hibernate: create table quark_label (id integer not null auto_increment, details varchar(255), name varchar(255) not null, posts_count integer, primary key (id))
Hibernate: create table quark_notification (id integer not null auto_increment, init_time datetime not null, is_read bit, fromuser_id integer not null, posts_id integer not null, touser_id integer not null, primary key (id))
Hibernate: create table quark_permission (id integer not null auto_increment, name varchar(255), parentid integer not null, perurl varchar(255), sort integer, type integer, primary key (id))
Hibernate: create table quark_posts (id integer not null auto_increment, collet_num integer, content text, good bit not null, init_time datetime not null, like_num integer, reply_count integer, title varchar(255) not null, top bit not null, label_id integer not null, user_id integer not null, primary key (id))
Hibernate: create table quark_reply (id integer not null auto_increment, content text not null, init_time datetime, up integer, posts_id integer not null, user_id integer not null, primary key (id))
Hibernate: create table quark_role (id integer not null auto_increment, description varchar(255), name varchar(255) not null, primary key (id))
Hibernate: create table quark_role_permission (role_id integer not null, permissions_id integer not null, primary key (role_id, permissions_id))
Hibernate: create table quark_user (id integer not null auto_increment, email varchar(255) not null, enable integer not null, icon varchar(255), init_time datetime not null, password varchar(255) not null, school varchar(255), sex integer, signature varchar(255), username varchar(255) not null, primary key (id))
Hibernate: alter table collect add constraint uniq_user_post unique (user_id, posts_id)
Hibernate: alter table favorites add constraint uniq_user_post unique (user_id, posts_id)
2025-07-04 08:55:48.412 ERROR 8292 --- [           main] org.hibernate.tool.hbm2ddl.SchemaExport  : HHH000389: Unsuccessful: alter table favorites add constraint uniq_user_post unique (user_id, posts_id)
2025-07-04 08:55:48.412 ERROR 8292 --- [           main] org.hibernate.tool.hbm2ddl.SchemaExport  : Constraint "UNIQ_USER_POST" already exists; SQL statement:
alter table favorites add constraint uniq_user_post unique (user_id, posts_id) [90045-214]
Hibernate: alter table quark_adminuser add constraint UK_4erqa44qkwwkl539xouso7v4c unique (username)
Hibernate: alter table quark_label add constraint UK_6vml4ba2itmaor84892v92b1f unique (name)
Hibernate: alter table quark_posts add constraint UK_46eh0lt2x9ftqcv9tjs8meqj8 unique (title)
Hibernate: alter table quark_role add constraint UK_ff572j64wr6y4taed1c27vfo6 unique (name)
Hibernate: alter table quark_user add constraint UK_2uqfoo05i1p5qm4ntysj2ivbs unique (username)
Hibernate: alter table collect add constraint FKk6s5f6l79b2fxwasmo1x20u2y foreign key (posts_id) references quark_posts (id)
Hibernate: alter table collect add constraint FKe2lyp0xuocrxaydyqpdnphjqa foreign key (user_id) references quark_user (id)
Hibernate: alter table favorites add constraint FKlyg2xt80kjg3x3vs6i9cl8445 foreign key (posts_id) references quark_posts (id)
Hibernate: alter table favorites add constraint FKlpoi1khp6u537q7e0uwg9k6ia foreign key (user_id) references quark_user (id)
Hibernate: alter table quark_adminuser_role add constraint FK26lllx1jn0c1k8f8oj2qt4io1 foreign key (role_id) references quark_role (id)
Hibernate: alter table quark_adminuser_role add constraint FKatv5o94k3fooskwr53rvqfven foreign key (adminuser_id) references quark_adminuser (id)
Hibernate: alter table quark_notification add constraint FKac4wjs0b3992ohkf61jy4ilmj foreign key (fromuser_id) references quark_user (id)
Hibernate: alter table quark_notification add constraint FKilg05a7ki3vkv7lfjnn57pdw2 foreign key (posts_id) references quark_posts (id)
Hibernate: alter table quark_notification add constraint FKquscxmtiqggsch7w833ywubux foreign key (touser_id) references quark_user (id)
Hibernate: alter table quark_posts add constraint FKnxd3qh1m3c0o6tc3ojfa8fm6o foreign key (label_id) references quark_label (id)
Hibernate: alter table quark_posts add constraint FK41ebsa5jpn18egdtjo6uiaugn foreign key (user_id) references quark_user (id)
Hibernate: alter table quark_reply add constraint FKnr6a7xtk9rm31ptn6gchi9113 foreign key (posts_id) references quark_posts (id)
Hibernate: alter table quark_reply add constraint FKnt12hb9oqfm5eamjpg27bkpvv foreign key (user_id) references quark_user (id)
Hibernate: alter table quark_role_permission add constraint FKlsdkf5vtsq5qvepw45r0y89jw foreign key (permissions_id) references quark_permission (id)
Hibernate: alter table quark_role_permission add constraint FK763ep4ix05naeoliv21sm6m81 foreign key (role_id) references quark_role (id)
2025-07-04 08:55:48.436  INFO 8292 --- [           main] org.hibernate.tool.hbm2ddl.SchemaExport  : HHH000230: Schema export complete
2025-07-04 08:55:48.464  INFO 8292 --- [           main] j.LocalContainerEntityManagerFactoryBean : Initialized JPA EntityManagerFactory for persistence unit 'default'
2025-07-04 08:55:48.787  INFO 8292 --- [           main] o.h.h.i.QueryTranslatorFactoryInitiator  : HHH000397: Using ASTQueryTranslatorFactory
2025-07-04 08:55:49.087  INFO 8292 --- [           main] o.s.s.concurrent.ThreadPoolTaskExecutor  : Initializing ExecutorService  'clientInboundChannelExecutor'
2025-07-04 08:55:49.096  INFO 8292 --- [           main] o.s.s.concurrent.ThreadPoolTaskExecutor  : Initializing ExecutorService  'clientOutboundChannelExecutor'
2025-07-04 08:55:49.704 DEBUG 8292 --- [           main] s.w.s.m.m.a.RequestMappingHandlerMapping : Looking for request mappings in application context: org.springframework.web.context.support.GenericWebApplicationContext@78f5c518: startup date [Fri Jul 04 08:55:45 CST 2025]; root of context hierarchy
2025-07-04 08:55:49.714 DEBUG 8292 --- [           main] s.w.s.m.m.a.RequestMappingHandlerMapping : 3 request handler methods found on class com.quark.rest.controller.CollectController: {public com.quark.common.dto.QuarkResult com.quark.rest.controller.CollectController.collect(java.lang.Integer,java.lang.String)={[/collects],methods=[POST]}, public com.quark.common.dto.QuarkResult com.quark.rest.controller.CollectController.list(java.lang.String,int,int)={[/collects],methods=[GET]}, public com.quark.common.dto.QuarkResult com.quark.rest.controller.CollectController.cancel(java.lang.Integer,java.lang.String)={[/collects],methods=[DELETE]}}
2025-07-04 08:55:49.716  INFO 8292 --- [           main] s.w.s.m.m.a.RequestMappingHandlerMapping : Mapped "{[/collects],methods=[POST]}" onto public com.quark.common.dto.QuarkResult com.quark.rest.controller.CollectController.collect(java.lang.Integer,java.lang.String)
2025-07-04 08:55:49.716  INFO 8292 --- [           main] s.w.s.m.m.a.RequestMappingHandlerMapping : Mapped "{[/collects],methods=[GET]}" onto public com.quark.common.dto.QuarkResult com.quark.rest.controller.CollectController.list(java.lang.String,int,int)
2025-07-04 08:55:49.717  INFO 8292 --- [           main] s.w.s.m.m.a.RequestMappingHandlerMapping : Mapped "{[/collects],methods=[DELETE]}" onto public com.quark.common.dto.QuarkResult com.quark.rest.controller.CollectController.cancel(java.lang.Integer,java.lang.String)
2025-07-04 08:55:49.717 DEBUG 8292 --- [           main] s.w.s.m.m.a.RequestMappingHandlerMapping : 2 request handler methods found on class com.quark.rest.controller.FavoriteController: {public com.quark.common.dto.QuarkResult com.quark.rest.controller.FavoriteController.Favorite(java.lang.Integer,java.lang.String)={[/favorites],methods=[POST]}, public com.quark.common.dto.QuarkResult com.quark.rest.controller.FavoriteController.cancelFavorite(java.lang.Integer,java.lang.String)={[/favorites],methods=[DELETE]}}
2025-07-04 08:55:49.717  INFO 8292 --- [           main] s.w.s.m.m.a.RequestMappingHandlerMapping : Mapped "{[/favorites],methods=[POST]}" onto public com.quark.common.dto.QuarkResult com.quark.rest.controller.FavoriteController.Favorite(java.lang.Integer,java.lang.String)
2025-07-04 08:55:49.717  INFO 8292 --- [           main] s.w.s.m.m.a.RequestMappingHandlerMapping : Mapped "{[/favorites],methods=[DELETE]}" onto public com.quark.common.dto.QuarkResult com.quark.rest.controller.FavoriteController.cancelFavorite(java.lang.Integer,java.lang.String)
2025-07-04 08:55:49.717 DEBUG 8292 --- [           main] s.w.s.m.m.a.RequestMappingHandlerMapping : 1 request handler methods found on class com.quark.rest.controller.LabelController: {public com.quark.common.dto.QuarkResult com.quark.rest.controller.LabelController.getAllLabel()={[/label],methods=[GET]}}
2025-07-04 08:55:49.717  INFO 8292 --- [           main] s.w.s.m.m.a.RequestMappingHandlerMapping : Mapped "{[/label],methods=[GET]}" onto public com.quark.common.dto.QuarkResult com.quark.rest.controller.LabelController.getAllLabel()
2025-07-04 08:55:49.718 DEBUG 8292 --- [           main] s.w.s.m.m.a.RequestMappingHandlerMapping : 2 request handler methods found on class com.quark.rest.controller.NotificationController: {public com.quark.common.dto.QuarkResult com.quark.rest.controller.NotificationController.deleteAllNotification(java.lang.Integer)={[/notification/{uid}],methods=[DELETE]}, public com.quark.common.dto.QuarkResult com.quark.rest.controller.NotificationController.getAllNotification(java.lang.Integer)={[/notification/{uid}],methods=[GET]}}
2025-07-04 08:55:49.718  INFO 8292 --- [           main] s.w.s.m.m.a.RequestMappingHandlerMapping : Mapped "{[/notification/{uid}],methods=[DELETE]}" onto public com.quark.common.dto.QuarkResult com.quark.rest.controller.NotificationController.deleteAllNotification(java.lang.Integer)
2025-07-04 08:55:49.718  INFO 8292 --- [           main] s.w.s.m.m.a.RequestMappingHandlerMapping : Mapped "{[/notification/{uid}],methods=[GET]}" onto public com.quark.common.dto.QuarkResult com.quark.rest.controller.NotificationController.getAllNotification(java.lang.Integer)
2025-07-04 08:55:49.719 DEBUG 8292 --- [           main] s.w.s.m.m.a.RequestMappingHandlerMapping : 4 request handler methods found on class com.quark.rest.controller.PostsController: {public com.quark.common.dto.QuarkResult com.quark.rest.controller.PostsController.GetPosts(java.lang.String,java.lang.String,int,int,java.lang.String,int,java.lang.Integer)={[/posts],methods=[GET]}, public com.quark.common.dto.QuarkResult com.quark.rest.controller.PostsController.GetPostsByLabel(java.lang.Integer,int,int)={[/posts/label/{labelid}],methods=[GET]}, public com.quark.common.dto.QuarkResult com.quark.rest.controller.PostsController.getPostsDetail(java.lang.Integer,java.lang.String,int,int)={[/posts/detail/{postsid}],methods=[GET]}, public com.quark.common.dto.QuarkResult com.quark.rest.controller.PostsController.CreatePosts(com.quark.common.entity.Posts,java.lang.String,java.lang.Integer)={[/posts],methods=[POST]}}
2025-07-04 08:55:49.719  INFO 8292 --- [           main] s.w.s.m.m.a.RequestMappingHandlerMapping : Mapped "{[/posts],methods=[GET]}" onto public com.quark.common.dto.QuarkResult com.quark.rest.controller.PostsController.GetPosts(java.lang.String,java.lang.String,int,int,java.lang.String,int,java.lang.Integer)
2025-07-04 08:55:49.719  INFO 8292 --- [           main] s.w.s.m.m.a.RequestMappingHandlerMapping : Mapped "{[/posts/label/{labelid}],methods=[GET]}" onto public com.quark.common.dto.QuarkResult com.quark.rest.controller.PostsController.GetPostsByLabel(java.lang.Integer,int,int)
2025-07-04 08:55:49.719  INFO 8292 --- [           main] s.w.s.m.m.a.RequestMappingHandlerMapping : Mapped "{[/posts/detail/{postsid}],methods=[GET]}" onto public com.quark.common.dto.QuarkResult com.quark.rest.controller.PostsController.getPostsDetail(java.lang.Integer,java.lang.String,int,int)
2025-07-04 08:55:49.720  INFO 8292 --- [           main] s.w.s.m.m.a.RequestMappingHandlerMapping : Mapped "{[/posts],methods=[POST]}" onto public com.quark.common.dto.QuarkResult com.quark.rest.controller.PostsController.CreatePosts(com.quark.common.entity.Posts,java.lang.String,java.lang.Integer)
2025-07-04 08:55:49.720 DEBUG 8292 --- [           main] s.w.s.m.m.a.RequestMappingHandlerMapping : 2 request handler methods found on class com.quark.rest.controller.RankController: {public com.quark.common.dto.QuarkResult com.quark.rest.controller.RankController.getNewUser()={[/rank/newUsers],methods=[GET]}, public com.quark.common.dto.QuarkResult com.quark.rest.controller.RankController.getTotPosts()={[/rank/topPosts],methods=[GET]}}
2025-07-04 08:55:49.720  INFO 8292 --- [           main] s.w.s.m.m.a.RequestMappingHandlerMapping : Mapped "{[/rank/newUsers],methods=[GET]}" onto public com.quark.common.dto.QuarkResult com.quark.rest.controller.RankController.getNewUser()
2025-07-04 08:55:49.720  INFO 8292 --- [           main] s.w.s.m.m.a.RequestMappingHandlerMapping : Mapped "{[/rank/topPosts],methods=[GET]}" onto public com.quark.common.dto.QuarkResult com.quark.rest.controller.RankController.getTotPosts()
2025-07-04 08:55:49.721 DEBUG 8292 --- [           main] s.w.s.m.m.a.RequestMappingHandlerMapping : 1 request handler methods found on class com.quark.rest.controller.ReplyController: {public com.quark.common.dto.QuarkResult com.quark.rest.controller.ReplyController.CreateReply(com.quark.common.entity.Reply,java.lang.Integer,java.lang.String)={[/reply],methods=[POST]}}
2025-07-04 08:55:49.721  INFO 8292 --- [           main] s.w.s.m.m.a.RequestMappingHandlerMapping : Mapped "{[/reply],methods=[POST]}" onto public com.quark.common.dto.QuarkResult com.quark.rest.controller.ReplyController.CreateReply(com.quark.common.entity.Reply,java.lang.Integer,java.lang.String)
2025-07-04 08:55:49.722 DEBUG 8292 --- [           main] s.w.s.m.m.a.RequestMappingHandlerMapping : 2 request handler methods found on class com.quark.rest.controller.UploadController: {public com.quark.common.dto.UploadResult com.quark.rest.controller.UploadController.upload(org.springframework.web.multipart.MultipartFile)={[/upload/image],methods=[POST]}, public com.quark.common.dto.UploadResult com.quark.rest.controller.UploadController.iconUpload(java.lang.String,org.springframework.web.multipart.MultipartFile)={[/upload/usericon/{token}],methods=[POST]}}
2025-07-04 08:55:49.722  INFO 8292 --- [           main] s.w.s.m.m.a.RequestMappingHandlerMapping : Mapped "{[/upload/image],methods=[POST]}" onto public com.quark.common.dto.UploadResult com.quark.rest.controller.UploadController.upload(org.springframework.web.multipart.MultipartFile)
2025-07-04 08:55:49.722  INFO 8292 --- [           main] s.w.s.m.m.a.RequestMappingHandlerMapping : Mapped "{[/upload/usericon/{token}],methods=[POST]}" onto public com.quark.common.dto.UploadResult com.quark.rest.controller.UploadController.iconUpload(java.lang.String,org.springframework.web.multipart.MultipartFile)
2025-07-04 08:55:49.724 DEBUG 8292 --- [           main] s.w.s.m.m.a.RequestMappingHandlerMapping : 9 request handler methods found on class com.quark.rest.controller.UserController: {public com.quark.common.dto.QuarkResult com.quark.rest.controller.UserController.getUserByToken(java.lang.String)={[/user/{token}],methods=[GET]}, public com.quark.common.dto.QuarkResult com.quark.rest.controller.UserController.checkUserName(java.lang.String,java.lang.String,java.lang.String)={[/user],methods=[POST]}, public com.quark.common.dto.QuarkResult com.quark.rest.controller.UserController.updateUserSchool(java.lang.String,java.lang.String)={[/user/school/{token}],methods=[PUT]}, public com.quark.common.dto.QuarkResult com.quark.rest.controller.UserController.logout(java.lang.String)={[/user/logout],methods=[POST]}, public com.quark.common.dto.QuarkResult com.quark.rest.controller.UserController.updateUser(java.lang.String,java.lang.String,java.lang.String,java.lang.Integer)={[/user/{token}],methods=[PUT]}, public com.quark.common.dto.QuarkResult com.quark.rest.controller.UserController.getUserAndMessageByToken(java.lang.String)={[/user/message/{token}],methods=[GET]}, public com.quark.common.dto.QuarkResult com.quark.rest.controller.UserController.Login(java.lang.String,java.lang.String)={[/user/login],methods=[POST]}, public com.quark.common.dto.QuarkResult com.quark.rest.controller.UserController.updatePassword(java.lang.String,java.lang.String,java.lang.String)={[/user/password/{token}],methods=[PUT]}, public com.quark.common.dto.QuarkResult com.quark.rest.controller.UserController.getUserById(java.lang.Integer,java.lang.String)={[/user/detail/{userid}],methods=[GET]}}
2025-07-04 08:55:49.724  INFO 8292 --- [           main] s.w.s.m.m.a.RequestMappingHandlerMapping : Mapped "{[/user/{token}],methods=[GET]}" onto public com.quark.common.dto.QuarkResult com.quark.rest.controller.UserController.getUserByToken(java.lang.String)
2025-07-04 08:55:49.724  INFO 8292 --- [           main] s.w.s.m.m.a.RequestMappingHandlerMapping : Mapped "{[/user],methods=[POST]}" onto public com.quark.common.dto.QuarkResult com.quark.rest.controller.UserController.checkUserName(java.lang.String,java.lang.String,java.lang.String)
2025-07-04 08:55:49.724  INFO 8292 --- [           main] s.w.s.m.m.a.RequestMappingHandlerMapping : Mapped "{[/user/school/{token}],methods=[PUT]}" onto public com.quark.common.dto.QuarkResult com.quark.rest.controller.UserController.updateUserSchool(java.lang.String,java.lang.String)
2025-07-04 08:55:49.724  INFO 8292 --- [           main] s.w.s.m.m.a.RequestMappingHandlerMapping : Mapped "{[/user/logout],methods=[POST]}" onto public com.quark.common.dto.QuarkResult com.quark.rest.controller.UserController.logout(java.lang.String)
2025-07-04 08:55:49.724  INFO 8292 --- [           main] s.w.s.m.m.a.RequestMappingHandlerMapping : Mapped "{[/user/{token}],methods=[PUT]}" onto public com.quark.common.dto.QuarkResult com.quark.rest.controller.UserController.updateUser(java.lang.String,java.lang.String,java.lang.String,java.lang.Integer)
2025-07-04 08:55:49.725  INFO 8292 --- [           main] s.w.s.m.m.a.RequestMappingHandlerMapping : Mapped "{[/user/message/{token}],methods=[GET]}" onto public com.quark.common.dto.QuarkResult com.quark.rest.controller.UserController.getUserAndMessageByToken(java.lang.String)
2025-07-04 08:55:49.725  INFO 8292 --- [           main] s.w.s.m.m.a.RequestMappingHandlerMapping : Mapped "{[/user/login],methods=[POST]}" onto public com.quark.common.dto.QuarkResult com.quark.rest.controller.UserController.Login(java.lang.String,java.lang.String)
2025-07-04 08:55:49.725  INFO 8292 --- [           main] s.w.s.m.m.a.RequestMappingHandlerMapping : Mapped "{[/user/password/{token}],methods=[PUT]}" onto public com.quark.common.dto.QuarkResult com.quark.rest.controller.UserController.updatePassword(java.lang.String,java.lang.String,java.lang.String)
2025-07-04 08:55:49.725  INFO 8292 --- [           main] s.w.s.m.m.a.RequestMappingHandlerMapping : Mapped "{[/user/detail/{userid}],methods=[GET]}" onto public com.quark.common.dto.QuarkResult com.quark.rest.controller.UserController.getUserById(java.lang.Integer,java.lang.String)
2025-07-04 08:55:49.725 DEBUG 8292 --- [           main] s.w.s.m.m.a.RequestMappingHandlerMapping : 0 request handler methods found on class com.quark.rest.controller.WebSocketController: {}
2025-07-04 08:55:49.726 DEBUG 8292 --- [           main] s.w.s.m.m.a.RequestMappingHandlerMapping : 1 request handler methods found on class springfox.documentation.swagger2.web.Swagger2Controller: {public org.springframework.http.ResponseEntity springfox.documentation.swagger2.web.Swagger2Controller.getDocumentation(java.lang.String)={[/v2/api-docs],methods=[GET]}}
2025-07-04 08:55:49.726  INFO 8292 --- [           main] s.w.s.m.m.a.RequestMappingHandlerMapping : Mapped "{[/v2/api-docs],methods=[GET]}" onto public org.springframework.http.ResponseEntity<springfox.documentation.spring.web.json.Json> springfox.documentation.swagger2.web.Swagger2Controller.getDocumentation(java.lang.String)
2025-07-04 08:55:49.727 DEBUG 8292 --- [           main] s.w.s.m.m.a.RequestMappingHandlerMapping : 3 request handler methods found on class springfox.documentation.swagger.web.ApiResourceController: {org.springframework.http.ResponseEntity springfox.documentation.swagger.web.ApiResourceController.securityConfiguration()={[/configuration/security]}, org.springframework.http.ResponseEntity springfox.documentation.swagger.web.ApiResourceController.uiConfiguration()={[/configuration/ui]}, org.springframework.http.ResponseEntity springfox.documentation.swagger.web.ApiResourceController.swaggerResources()={[/swagger-resources]}}
2025-07-04 08:55:49.727  INFO 8292 --- [           main] s.w.s.m.m.a.RequestMappingHandlerMapping : Mapped "{[/configuration/security]}" onto org.springframework.http.ResponseEntity<springfox.documentation.swagger.web.SecurityConfiguration> springfox.documentation.swagger.web.ApiResourceController.securityConfiguration()
2025-07-04 08:55:49.727  INFO 8292 --- [           main] s.w.s.m.m.a.RequestMappingHandlerMapping : Mapped "{[/configuration/ui]}" onto org.springframework.http.ResponseEntity<springfox.documentation.swagger.web.UiConfiguration> springfox.documentation.swagger.web.ApiResourceController.uiConfiguration()
2025-07-04 08:55:49.727  INFO 8292 --- [           main] s.w.s.m.m.a.RequestMappingHandlerMapping : Mapped "{[/swagger-resources]}" onto org.springframework.http.ResponseEntity<java.util.List<springfox.documentation.swagger.web.SwaggerResource>> springfox.documentation.swagger.web.ApiResourceController.swaggerResources()
2025-07-04 08:55:49.729 DEBUG 8292 --- [           main] s.w.s.m.m.a.RequestMappingHandlerMapping : 2 request handler methods found on class org.springframework.boot.autoconfigure.web.BasicErrorController: {public org.springframework.http.ResponseEntity org.springframework.boot.autoconfigure.web.BasicErrorController.error(javax.servlet.http.HttpServletRequest)={[/error]}, public org.springframework.web.servlet.ModelAndView org.springframework.boot.autoconfigure.web.BasicErrorController.errorHtml(javax.servlet.http.HttpServletRequest,javax.servlet.http.HttpServletResponse)={[/error],produces=[text/html]}}
2025-07-04 08:55:49.730  INFO 8292 --- [           main] s.w.s.m.m.a.RequestMappingHandlerMapping : Mapped "{[/error]}" onto public org.springframework.http.ResponseEntity<java.util.Map<java.lang.String, java.lang.Object>> org.springframework.boot.autoconfigure.web.BasicErrorController.error(javax.servlet.http.HttpServletRequest)
2025-07-04 08:55:49.730  INFO 8292 --- [           main] s.w.s.m.m.a.RequestMappingHandlerMapping : Mapped "{[/error],produces=[text/html]}" onto public org.springframework.web.servlet.ModelAndView org.springframework.boot.autoconfigure.web.BasicErrorController.errorHtml(javax.servlet.http.HttpServletRequest,javax.servlet.http.HttpServletResponse)
2025-07-04 08:55:49.830  INFO 8292 --- [           main] o.s.s.c.ThreadPoolTaskScheduler          : Initializing ExecutorService  'messageBrokerTaskScheduler'
2025-07-04 08:55:49.861  INFO 8292 --- [           main] o.s.w.s.s.s.WebSocketHandlerMapping      : Mapped URL path [/quarkServer/**] onto handler of type [class org.springframework.web.socket.sockjs.support.SockJsHttpRequestHandler]
2025-07-04 08:55:49.869  INFO 8292 --- [           main] o.s.s.concurrent.ThreadPoolTaskExecutor  : Initializing ExecutorService  'brokerChannelExecutor'
2025-07-04 08:55:49.882 DEBUG 8292 --- [           main] .WebSocketAnnotationMethodMessageHandler : Looking for @MessageExceptionHandler mappings: org.springframework.web.context.support.GenericWebApplicationContext@78f5c518: startup date [Fri Jul 04 08:55:45 CST 2025]; root of context hierarchy
2025-07-04 08:55:49.895 DEBUG 8292 --- [           main] .WebSocketAnnotationMethodMessageHandler : 0 message handler methods found on class com.quark.rest.controller.CollectController: {}
2025-07-04 08:55:49.895 DEBUG 8292 --- [           main] .WebSocketAnnotationMethodMessageHandler : 0 message handler methods found on class com.quark.rest.controller.FavoriteController: {}
2025-07-04 08:55:49.895 DEBUG 8292 --- [           main] .WebSocketAnnotationMethodMessageHandler : 0 message handler methods found on class com.quark.rest.controller.LabelController: {}
2025-07-04 08:55:49.895 DEBUG 8292 --- [           main] .WebSocketAnnotationMethodMessageHandler : 0 message handler methods found on class com.quark.rest.controller.NotificationController: {}
2025-07-04 08:55:49.895 DEBUG 8292 --- [           main] .WebSocketAnnotationMethodMessageHandler : 0 message handler methods found on class com.quark.rest.controller.PostsController: {}
2025-07-04 08:55:49.895 DEBUG 8292 --- [           main] .WebSocketAnnotationMethodMessageHandler : 0 message handler methods found on class com.quark.rest.controller.RankController: {}
2025-07-04 08:55:49.895 DEBUG 8292 --- [           main] .WebSocketAnnotationMethodMessageHandler : 0 message handler methods found on class com.quark.rest.controller.ReplyController: {}
2025-07-04 08:55:49.895 DEBUG 8292 --- [           main] .WebSocketAnnotationMethodMessageHandler : 0 message handler methods found on class com.quark.rest.controller.UploadController: {}
2025-07-04 08:55:49.896 DEBUG 8292 --- [           main] .WebSocketAnnotationMethodMessageHandler : 0 message handler methods found on class com.quark.rest.controller.UserController: {}
2025-07-04 08:55:49.896 DEBUG 8292 --- [           main] .WebSocketAnnotationMethodMessageHandler : 0 message handler methods found on class com.quark.rest.controller.WebSocketController: {}
2025-07-04 08:55:49.896 DEBUG 8292 --- [           main] .WebSocketAnnotationMethodMessageHandler : 0 message handler methods found on class springfox.documentation.swagger2.web.Swagger2Controller: {}
2025-07-04 08:55:49.896 DEBUG 8292 --- [           main] .WebSocketAnnotationMethodMessageHandler : 0 message handler methods found on class springfox.documentation.swagger.web.ApiResourceController: {}
2025-07-04 08:55:49.896 DEBUG 8292 --- [           main] .WebSocketAnnotationMethodMessageHandler : 0 message handler methods found on class org.springframework.boot.autoconfigure.web.BasicErrorController: {}
2025-07-04 08:55:50.182  INFO 8292 --- [           main] s.w.s.m.m.a.RequestMappingHandlerAdapter : Looking for @ControllerAdvice: org.springframework.web.context.support.GenericWebApplicationContext@78f5c518: startup date [Fri Jul 04 08:55:45 CST 2025]; root of context hierarchy
2025-07-04 08:55:50.213  INFO 8292 --- [           main] o.s.w.s.handler.SimpleUrlHandlerMapping  : Root mapping to handler of type [class org.springframework.web.servlet.mvc.ParameterizableViewController]
2025-07-04 08:55:50.217 DEBUG 8292 --- [           main] o.s.w.s.h.BeanNameUrlHandlerMapping      : Looking for URL mappings in application context: org.springframework.web.context.support.GenericWebApplicationContext@78f5c518: startup date [Fri Jul 04 08:55:45 CST 2025]; root of context hierarchy
2025-07-04 08:55:50.217 DEBUG 8292 --- [           main] o.s.w.s.h.BeanNameUrlHandlerMapping      : Rejected bean name 'org.springframework.boot.test.mock.mockito.MockitoPostProcessor$SpyPostProcessor': no URL paths identified
2025-07-04 08:55:50.217 DEBUG 8292 --- [           main] o.s.w.s.h.BeanNameUrlHandlerMapping      : Rejected bean name 'org.springframework.boot.test.mock.mockito.MockitoPostProcessor': no URL paths identified
2025-07-04 08:55:50.217 DEBUG 8292 --- [           main] o.s.w.s.h.BeanNameUrlHandlerMapping      : Rejected bean name 'org.springframework.context.annotation.internalConfigurationAnnotationProcessor': no URL paths identified
2025-07-04 08:55:50.217 DEBUG 8292 --- [           main] o.s.w.s.h.BeanNameUrlHandlerMapping      : Rejected bean name 'org.springframework.context.annotation.internalAutowiredAnnotationProcessor': no URL paths identified
2025-07-04 08:55:50.217 DEBUG 8292 --- [           main] o.s.w.s.h.BeanNameUrlHandlerMapping      : Rejected bean name 'org.springframework.context.annotation.internalRequiredAnnotationProcessor': no URL paths identified
2025-07-04 08:55:50.217 DEBUG 8292 --- [           main] o.s.w.s.h.BeanNameUrlHandlerMapping      : Rejected bean name 'org.springframework.context.annotation.internalCommonAnnotationProcessor': no URL paths identified
2025-07-04 08:55:50.217 DEBUG 8292 --- [           main] o.s.w.s.h.BeanNameUrlHandlerMapping      : Rejected bean name 'org.springframework.context.annotation.internalPersistenceAnnotationProcessor': no URL paths identified
2025-07-04 08:55:50.217 DEBUG 8292 --- [           main] o.s.w.s.h.BeanNameUrlHandlerMapping      : Rejected bean name 'org.springframework.context.event.internalEventListenerProcessor': no URL paths identified
2025-07-04 08:55:50.217 DEBUG 8292 --- [           main] o.s.w.s.h.BeanNameUrlHandlerMapping      : Rejected bean name 'org.springframework.context.event.internalEventListenerFactory': no URL paths identified
2025-07-04 08:55:50.217 DEBUG 8292 --- [           main] o.s.w.s.h.BeanNameUrlHandlerMapping      : Rejected bean name 'restApplication': no URL paths identified
2025-07-04 08:55:50.218 DEBUG 8292 --- [           main] o.s.w.s.h.BeanNameUrlHandlerMapping      : Rejected bean name 'org.springframework.boot.autoconfigure.internalCachingMetadataReaderFactory': no URL paths identified
2025-07-04 08:55:50.218 DEBUG 8292 --- [           main] o.s.w.s.h.BeanNameUrlHandlerMapping      : Rejected bean name 'corsConfig': no URL paths identified
2025-07-04 08:55:50.218 DEBUG 8292 --- [           main] o.s.w.s.h.BeanNameUrlHandlerMapping      : Rejected bean name 'corsFilter': no URL paths identified
2025-07-04 08:55:50.218 DEBUG 8292 --- [           main] o.s.w.s.h.BeanNameUrlHandlerMapping      : Rejected bean name 'myAdapter': no URL paths identified
2025-07-04 08:55:50.218 DEBUG 8292 --- [           main] o.s.w.s.h.BeanNameUrlHandlerMapping      : Rejected bean name 'propertiesConfig': no URL paths identified
2025-07-04 08:55:50.218 DEBUG 8292 --- [           main] o.s.w.s.h.BeanNameUrlHandlerMapping      : Rejected bean name 'redisConfig': no URL paths identified
2025-07-04 08:55:50.218 DEBUG 8292 --- [           main] o.s.w.s.h.BeanNameUrlHandlerMapping      : Rejected bean name 'restConfig': no URL paths identified
2025-07-04 08:55:50.218 DEBUG 8292 --- [           main] o.s.w.s.h.BeanNameUrlHandlerMapping      : Rejected bean name 'webSocketConfig': no URL paths identified
2025-07-04 08:55:50.218 DEBUG 8292 --- [           main] o.s.w.s.h.BeanNameUrlHandlerMapping      : Rejected bean name 'collectController': no URL paths identified
2025-07-04 08:55:50.218 DEBUG 8292 --- [           main] o.s.w.s.h.BeanNameUrlHandlerMapping      : Rejected bean name 'favoriteController': no URL paths identified
2025-07-04 08:55:50.218 DEBUG 8292 --- [           main] o.s.w.s.h.BeanNameUrlHandlerMapping      : Rejected bean name 'labelController': no URL paths identified
2025-07-04 08:55:50.218 DEBUG 8292 --- [           main] o.s.w.s.h.BeanNameUrlHandlerMapping      : Rejected bean name 'notificationController': no URL paths identified
2025-07-04 08:55:50.218 DEBUG 8292 --- [           main] o.s.w.s.h.BeanNameUrlHandlerMapping      : Rejected bean name 'postsController': no URL paths identified
2025-07-04 08:55:50.218 DEBUG 8292 --- [           main] o.s.w.s.h.BeanNameUrlHandlerMapping      : Rejected bean name 'rankController': no URL paths identified
2025-07-04 08:55:50.218 DEBUG 8292 --- [           main] o.s.w.s.h.BeanNameUrlHandlerMapping      : Rejected bean name 'replyController': no URL paths identified
2025-07-04 08:55:50.218 DEBUG 8292 --- [           main] o.s.w.s.h.BeanNameUrlHandlerMapping      : Rejected bean name 'uploadController': no URL paths identified
2025-07-04 08:55:50.218 DEBUG 8292 --- [           main] o.s.w.s.h.BeanNameUrlHandlerMapping      : Rejected bean name 'userController': no URL paths identified
2025-07-04 08:55:50.218 DEBUG 8292 --- [           main] o.s.w.s.h.BeanNameUrlHandlerMapping      : Rejected bean name 'webSocketController': no URL paths identified
2025-07-04 08:55:50.218 DEBUG 8292 --- [           main] o.s.w.s.h.BeanNameUrlHandlerMapping      : Rejected bean name 'collectServiceImpl': no URL paths identified
2025-07-04 08:55:50.218 DEBUG 8292 --- [           main] o.s.w.s.h.BeanNameUrlHandlerMapping      : Rejected bean name 'favoriteServiceImpl': no URL paths identified
2025-07-04 08:55:50.218 DEBUG 8292 --- [           main] o.s.w.s.h.BeanNameUrlHandlerMapping      : Rejected bean name 'labelServiceImpl': no URL paths identified
2025-07-04 08:55:50.218 DEBUG 8292 --- [           main] o.s.w.s.h.BeanNameUrlHandlerMapping      : Rejected bean name 'notificationServiceImpl': no URL paths identified
2025-07-04 08:55:50.218 DEBUG 8292 --- [           main] o.s.w.s.h.BeanNameUrlHandlerMapping      : Rejected bean name 'postsServiceImpl': no URL paths identified
2025-07-04 08:55:50.218 DEBUG 8292 --- [           main] o.s.w.s.h.BeanNameUrlHandlerMapping      : Rejected bean name 'rankServiceImpl': no URL paths identified
2025-07-04 08:55:50.218 DEBUG 8292 --- [           main] o.s.w.s.h.BeanNameUrlHandlerMapping      : Rejected bean name 'replyServiceImpl': no URL paths identified
2025-07-04 08:55:50.218 DEBUG 8292 --- [           main] o.s.w.s.h.BeanNameUrlHandlerMapping      : Rejected bean name 'userServiceImpl': no URL paths identified
2025-07-04 08:55:50.218 DEBUG 8292 --- [           main] o.s.w.s.h.BeanNameUrlHandlerMapping      : Rejected bean name 'redisService': no URL paths identified
2025-07-04 08:55:50.218 DEBUG 8292 --- [           main] o.s.w.s.h.BeanNameUrlHandlerMapping      : Rejected bean name 'webSocketService': no URL paths identified
2025-07-04 08:55:50.218 DEBUG 8292 --- [           main] o.s.w.s.h.BeanNameUrlHandlerMapping      : Rejected bean name 'swagger2Configuration': no URL paths identified
2025-07-04 08:55:50.218 DEBUG 8292 --- [           main] o.s.w.s.h.BeanNameUrlHandlerMapping      : Rejected bean name 'commonApplication': no URL paths identified
2025-07-04 08:55:50.218 DEBUG 8292 --- [           main] o.s.w.s.h.BeanNameUrlHandlerMapping      : Rejected bean name 'swagger2ParameterNameReader': no URL paths identified
2025-07-04 08:55:50.218 DEBUG 8292 --- [           main] o.s.w.s.h.BeanNameUrlHandlerMapping      : Rejected bean name 'swagger2Controller': no URL paths identified
2025-07-04 08:55:50.218 DEBUG 8292 --- [           main] o.s.w.s.h.BeanNameUrlHandlerMapping      : Rejected bean name 'licenseMapperImpl': no URL paths identified
2025-07-04 08:55:50.218 DEBUG 8292 --- [           main] o.s.w.s.h.BeanNameUrlHandlerMapping      : Rejected bean name 'modelMapperImpl': no URL paths identified
2025-07-04 08:55:50.218 DEBUG 8292 --- [           main] o.s.w.s.h.BeanNameUrlHandlerMapping      : Rejected bean name 'parameterMapperImpl': no URL paths identified
2025-07-04 08:55:50.218 DEBUG 8292 --- [           main] o.s.w.s.h.BeanNameUrlHandlerMapping      : Rejected bean name 'securityMapperImpl': no URL paths identified
2025-07-04 08:55:50.218 DEBUG 8292 --- [           main] o.s.w.s.h.BeanNameUrlHandlerMapping      : Rejected bean name 'serviceModelToSwagger2MapperImpl': no URL paths identified
2025-07-04 08:55:50.218 DEBUG 8292 --- [           main] o.s.w.s.h.BeanNameUrlHandlerMapping      : Rejected bean name 'vendorExtensionsMapperImpl': no URL paths identified
2025-07-04 08:55:50.218 DEBUG 8292 --- [           main] o.s.w.s.h.BeanNameUrlHandlerMapping      : Rejected bean name 'apiDescriptionLookup': no URL paths identified
2025-07-04 08:55:50.218 DEBUG 8292 --- [           main] o.s.w.s.h.BeanNameUrlHandlerMapping      : Rejected bean name 'apiDescriptionReader': no URL paths identified
2025-07-04 08:55:50.218 DEBUG 8292 --- [           main] o.s.w.s.h.BeanNameUrlHandlerMapping      : Rejected bean name 'apiDocumentationScanner': no URL paths identified
2025-07-04 08:55:50.218 DEBUG 8292 --- [           main] o.s.w.s.h.BeanNameUrlHandlerMapping      : Rejected bean name 'apiListingReferenceScanner': no URL paths identified
2025-07-04 08:55:50.218 DEBUG 8292 --- [           main] o.s.w.s.h.BeanNameUrlHandlerMapping      : Rejected bean name 'apiListingScanner': no URL paths identified
2025-07-04 08:55:50.218 DEBUG 8292 --- [           main] o.s.w.s.h.BeanNameUrlHandlerMapping      : Rejected bean name 'apiModelReader': no URL paths identified
2025-07-04 08:55:50.218 DEBUG 8292 --- [           main] o.s.w.s.h.BeanNameUrlHandlerMapping      : Rejected bean name 'mediaTypeReader': no URL paths identified
2025-07-04 08:55:50.218 DEBUG 8292 --- [           main] o.s.w.s.h.BeanNameUrlHandlerMapping      : Rejected bean name 'apiOperationReader': no URL paths identified
2025-07-04 08:55:50.218 DEBUG 8292 --- [           main] o.s.w.s.h.BeanNameUrlHandlerMapping      : Rejected bean name 'cachingOperationNameGenerator': no URL paths identified
2025-07-04 08:55:50.218 DEBUG 8292 --- [           main] o.s.w.s.h.BeanNameUrlHandlerMapping      : Rejected bean name 'defaultOperationReader': no URL paths identified
2025-07-04 08:55:50.218 DEBUG 8292 --- [           main] o.s.w.s.h.BeanNameUrlHandlerMapping      : Rejected bean name 'defaultTagsProvider': no URL paths identified
2025-07-04 08:55:50.218 DEBUG 8292 --- [           main] o.s.w.s.h.BeanNameUrlHandlerMapping      : Rejected bean name 'operationDeprecatedReader': no URL paths identified
2025-07-04 08:55:50.218 DEBUG 8292 --- [           main] o.s.w.s.h.BeanNameUrlHandlerMapping      : Rejected bean name 'operationModelsProvider': no URL paths identified
2025-07-04 08:55:50.218 DEBUG 8292 --- [           main] o.s.w.s.h.BeanNameUrlHandlerMapping      : Rejected bean name 'operationParameterReader': no URL paths identified
2025-07-04 08:55:50.218 DEBUG 8292 --- [           main] o.s.w.s.h.BeanNameUrlHandlerMapping      : Rejected bean name 'operationParameterRequestConditionReader': no URL paths identified
2025-07-04 08:55:50.218 DEBUG 8292 --- [           main] o.s.w.s.h.BeanNameUrlHandlerMapping      : Rejected bean name 'operationResponseClassReader': no URL paths identified
2025-07-04 08:55:50.218 DEBUG 8292 --- [           main] o.s.w.s.h.BeanNameUrlHandlerMapping      : Rejected bean name 'operationTagsReader': no URL paths identified
2025-07-04 08:55:50.218 DEBUG 8292 --- [           main] o.s.w.s.h.BeanNameUrlHandlerMapping      : Rejected bean name 'responseMessagesReader': no URL paths identified
2025-07-04 08:55:50.218 DEBUG 8292 --- [           main] o.s.w.s.h.BeanNameUrlHandlerMapping      : Rejected bean name 'expandedParameterBuilder': no URL paths identified
2025-07-04 08:55:50.218 DEBUG 8292 --- [           main] o.s.w.s.h.BeanNameUrlHandlerMapping      : Rejected bean name 'modelAttributeParameterExpander': no URL paths identified
2025-07-04 08:55:50.218 DEBUG 8292 --- [           main] o.s.w.s.h.BeanNameUrlHandlerMapping      : Rejected bean name 'parameterDataTypeReader': no URL paths identified
2025-07-04 08:55:50.218 DEBUG 8292 --- [           main] o.s.w.s.h.BeanNameUrlHandlerMapping      : Rejected bean name 'parameterDefaultReader': no URL paths identified
2025-07-04 08:55:50.218 DEBUG 8292 --- [           main] o.s.w.s.h.BeanNameUrlHandlerMapping      : Rejected bean name 'parameterMultiplesReader': no URL paths identified
2025-07-04 08:55:50.218 DEBUG 8292 --- [           main] o.s.w.s.h.BeanNameUrlHandlerMapping      : Rejected bean name 'parameterNameReader': no URL paths identified
2025-07-04 08:55:50.218 DEBUG 8292 --- [           main] o.s.w.s.h.BeanNameUrlHandlerMapping      : Rejected bean name 'parameterRequiredReader': no URL paths identified
2025-07-04 08:55:50.218 DEBUG 8292 --- [           main] o.s.w.s.h.BeanNameUrlHandlerMapping      : Rejected bean name 'parameterTypeReader': no URL paths identified
2025-07-04 08:55:50.218 DEBUG 8292 --- [           main] o.s.w.s.h.BeanNameUrlHandlerMapping      : Rejected bean name 'documentationPluginsBootstrapper': no URL paths identified
2025-07-04 08:55:50.218 DEBUG 8292 --- [           main] o.s.w.s.h.BeanNameUrlHandlerMapping      : Rejected bean name 'documentationPluginsManager': no URL paths identified
2025-07-04 08:55:50.218 DEBUG 8292 --- [           main] o.s.w.s.h.BeanNameUrlHandlerMapping      : Rejected bean name 'webMvcRequestHandlerProvider': no URL paths identified
2025-07-04 08:55:50.218 DEBUG 8292 --- [           main] o.s.w.s.h.BeanNameUrlHandlerMapping      : Rejected bean name 'operationPathDecorator': no URL paths identified
2025-07-04 08:55:50.218 DEBUG 8292 --- [           main] o.s.w.s.h.BeanNameUrlHandlerMapping      : Rejected bean name 'pathMappingDecorator': no URL paths identified
2025-07-04 08:55:50.218 DEBUG 8292 --- [           main] o.s.w.s.h.BeanNameUrlHandlerMapping      : Rejected bean name 'pathSanitizer': no URL paths identified
2025-07-04 08:55:50.218 DEBUG 8292 --- [           main] o.s.w.s.h.BeanNameUrlHandlerMapping      : Rejected bean name 'queryStringUriTemplateDecorator': no URL paths identified
2025-07-04 08:55:50.218 DEBUG 8292 --- [           main] o.s.w.s.h.BeanNameUrlHandlerMapping      : Rejected bean name 'cachingAspect': no URL paths identified
2025-07-04 08:55:50.218 DEBUG 8292 --- [           main] o.s.w.s.h.BeanNameUrlHandlerMapping      : Rejected bean name 'defaultModelProvider': no URL paths identified
2025-07-04 08:55:50.218 DEBUG 8292 --- [           main] o.s.w.s.h.BeanNameUrlHandlerMapping      : Rejected bean name 'modelDependencyProvider': no URL paths identified
2025-07-04 08:55:50.218 DEBUG 8292 --- [           main] o.s.w.s.h.BeanNameUrlHandlerMapping      : Rejected bean name 'typeNameExtractor': no URL paths identified
2025-07-04 08:55:50.218 DEBUG 8292 --- [           main] o.s.w.s.h.BeanNameUrlHandlerMapping      : Rejected bean name 'schemaPluginsManager': no URL paths identified
2025-07-04 08:55:50.218 DEBUG 8292 --- [           main] o.s.w.s.h.BeanNameUrlHandlerMapping      : Rejected bean name 'factoryMethodProvider': no URL paths identified
2025-07-04 08:55:50.218 DEBUG 8292 --- [           main] o.s.w.s.h.BeanNameUrlHandlerMapping      : Rejected bean name 'objectMapperBeanPropertyNamingStrategy': no URL paths identified
2025-07-04 08:55:50.219 DEBUG 8292 --- [           main] o.s.w.s.h.BeanNameUrlHandlerMapping      : Rejected bean name 'optimized': no URL paths identified
2025-07-04 08:55:50.219 DEBUG 8292 --- [           main] o.s.w.s.h.BeanNameUrlHandlerMapping      : Rejected bean name 'accessorsProvider': no URL paths identified
2025-07-04 08:55:50.219 DEBUG 8292 --- [           main] o.s.w.s.h.BeanNameUrlHandlerMapping      : Rejected bean name 'fieldProvider': no URL paths identified
2025-07-04 08:55:50.219 DEBUG 8292 --- [           main] o.s.w.s.h.BeanNameUrlHandlerMapping      : Rejected bean name 'apiModelBuilder': no URL paths identified
2025-07-04 08:55:50.219 DEBUG 8292 --- [           main] o.s.w.s.h.BeanNameUrlHandlerMapping      : Rejected bean name 'apiModelPropertyPropertyBuilder': no URL paths identified
2025-07-04 08:55:50.219 DEBUG 8292 --- [           main] o.s.w.s.h.BeanNameUrlHandlerMapping      : Rejected bean name 'apiModelTypeNameProvider': no URL paths identified
2025-07-04 08:55:50.219 DEBUG 8292 --- [           main] o.s.w.s.h.BeanNameUrlHandlerMapping      : Rejected bean name 'operationAuthReader': no URL paths identified
2025-07-04 08:55:50.219 DEBUG 8292 --- [           main] o.s.w.s.h.BeanNameUrlHandlerMapping      : Rejected bean name 'operationHiddenReader': no URL paths identified
2025-07-04 08:55:50.219 DEBUG 8292 --- [           main] o.s.w.s.h.BeanNameUrlHandlerMapping      : Rejected bean name 'operationHttpMethodReader': no URL paths identified
2025-07-04 08:55:50.219 DEBUG 8292 --- [           main] o.s.w.s.h.BeanNameUrlHandlerMapping      : Rejected bean name 'operationImplicitParameterReader': no URL paths identified
2025-07-04 08:55:50.219 DEBUG 8292 --- [           main] o.s.w.s.h.BeanNameUrlHandlerMapping      : Rejected bean name 'operationImplicitParametersReader': no URL paths identified
2025-07-04 08:55:50.219 DEBUG 8292 --- [           main] o.s.w.s.h.BeanNameUrlHandlerMapping      : Rejected bean name 'operationNicknameIntoUniqueIdReader': no URL paths identified
2025-07-04 08:55:50.219 DEBUG 8292 --- [           main] o.s.w.s.h.BeanNameUrlHandlerMapping      : Rejected bean name 'operationNotesReader': no URL paths identified
2025-07-04 08:55:50.219 DEBUG 8292 --- [           main] o.s.w.s.h.BeanNameUrlHandlerMapping      : Rejected bean name 'operationPositionReader': no URL paths identified
2025-07-04 08:55:50.219 DEBUG 8292 --- [           main] o.s.w.s.h.BeanNameUrlHandlerMapping      : Rejected bean name 'operationSummaryReader': no URL paths identified
2025-07-04 08:55:50.219 DEBUG 8292 --- [           main] o.s.w.s.h.BeanNameUrlHandlerMapping      : Rejected bean name 'swaggerMediaTypeReader': no URL paths identified
2025-07-04 08:55:50.219 DEBUG 8292 --- [           main] o.s.w.s.h.BeanNameUrlHandlerMapping      : Rejected bean name 'swaggerOperationModelsProvider': no URL paths identified
2025-07-04 08:55:50.219 DEBUG 8292 --- [           main] o.s.w.s.h.BeanNameUrlHandlerMapping      : Rejected bean name 'swaggerOperationResponseClassReader': no URL paths identified
2025-07-04 08:55:50.219 DEBUG 8292 --- [           main] o.s.w.s.h.BeanNameUrlHandlerMapping      : Rejected bean name 'swaggerOperationTagsReader': no URL paths identified
2025-07-04 08:55:50.219 DEBUG 8292 --- [           main] o.s.w.s.h.BeanNameUrlHandlerMapping      : Rejected bean name 'swaggerResponseMessageReader': no URL paths identified
2025-07-04 08:55:50.219 DEBUG 8292 --- [           main] o.s.w.s.h.BeanNameUrlHandlerMapping      : Rejected bean name 'vendorExtensionsReader': no URL paths identified
2025-07-04 08:55:50.219 DEBUG 8292 --- [           main] o.s.w.s.h.BeanNameUrlHandlerMapping      : Rejected bean name 'swaggerParameterAccessReader': no URL paths identified
2025-07-04 08:55:50.219 DEBUG 8292 --- [           main] o.s.w.s.h.BeanNameUrlHandlerMapping      : Rejected bean name 'swaggerParameterAllowableReader': no URL paths identified
2025-07-04 08:55:50.219 DEBUG 8292 --- [           main] o.s.w.s.h.BeanNameUrlHandlerMapping      : Rejected bean name 'swaggerParameterDefaultReader': no URL paths identified
2025-07-04 08:55:50.219 DEBUG 8292 --- [           main] o.s.w.s.h.BeanNameUrlHandlerMapping      : Rejected bean name 'swaggerParameterDescriptionReader': no URL paths identified
2025-07-04 08:55:50.219 DEBUG 8292 --- [           main] o.s.w.s.h.BeanNameUrlHandlerMapping      : Rejected bean name 'swaggerParameterMultiplesReader': no URL paths identified
2025-07-04 08:55:50.219 DEBUG 8292 --- [           main] o.s.w.s.h.BeanNameUrlHandlerMapping      : Rejected bean name 'swaggerParameterRequiredReader': no URL paths identified
2025-07-04 08:55:50.219 DEBUG 8292 --- [           main] o.s.w.s.h.BeanNameUrlHandlerMapping      : Rejected bean name 'swaggerExpandedParameterBuilder': no URL paths identified
2025-07-04 08:55:50.219 DEBUG 8292 --- [           main] o.s.w.s.h.BeanNameUrlHandlerMapping      : Rejected bean name 'apiListingTagReader': no URL paths identified
2025-07-04 08:55:50.219 DEBUG 8292 --- [           main] o.s.w.s.h.BeanNameUrlHandlerMapping      : Rejected bean name 'apiResourceController': no URL paths identified
2025-07-04 08:55:50.219 DEBUG 8292 --- [           main] o.s.w.s.h.BeanNameUrlHandlerMapping      : Rejected bean name 'classOrApiAnnotationResourceGrouping': no URL paths identified
2025-07-04 08:55:50.219 DEBUG 8292 --- [           main] o.s.w.s.h.BeanNameUrlHandlerMapping      : Rejected bean name 'propertySourcesPlaceholderConfigurer': no URL paths identified
2025-07-04 08:55:50.219 DEBUG 8292 --- [           main] o.s.w.s.h.BeanNameUrlHandlerMapping      : Rejected bean name 'org.springframework.cache.annotation.ProxyCachingConfiguration': no URL paths identified
2025-07-04 08:55:50.219 DEBUG 8292 --- [           main] o.s.w.s.h.BeanNameUrlHandlerMapping      : Rejected bean name 'org.springframework.cache.config.internalCacheAdvisor': no URL paths identified
2025-07-04 08:55:50.219 DEBUG 8292 --- [           main] o.s.w.s.h.BeanNameUrlHandlerMapping      : Rejected bean name 'cacheOperationSource': no URL paths identified
2025-07-04 08:55:50.219 DEBUG 8292 --- [           main] o.s.w.s.h.BeanNameUrlHandlerMapping      : Rejected bean name 'cacheInterceptor': no URL paths identified
2025-07-04 08:55:50.219 DEBUG 8292 --- [           main] o.s.w.s.h.BeanNameUrlHandlerMapping      : Rejected bean name 'keyGenerator': no URL paths identified
2025-07-04 08:55:50.219 DEBUG 8292 --- [           main] o.s.w.s.h.BeanNameUrlHandlerMapping      : Rejected bean name 'cacheManager': no URL paths identified
2025-07-04 08:55:50.219 DEBUG 8292 --- [           main] o.s.w.s.h.BeanNameUrlHandlerMapping      : Rejected bean name 'redisTemplate': no URL paths identified
2025-07-04 08:55:50.219 DEBUG 8292 --- [           main] o.s.w.s.h.BeanNameUrlHandlerMapping      : Rejected bean name 'org.springframework.aop.config.internalAutoProxyCreator': no URL paths identified
2025-07-04 08:55:50.219 DEBUG 8292 --- [           main] o.s.w.s.h.BeanNameUrlHandlerMapping      : Rejected bean name 'org.springframework.boot.autoconfigure.AutoConfigurationPackages': no URL paths identified
2025-07-04 08:55:50.219 DEBUG 8292 --- [           main] o.s.w.s.h.BeanNameUrlHandlerMapping      : Rejected bean name 'org.springframework.web.socket.config.annotation.DelegatingWebSocketMessageBrokerConfiguration': no URL paths identified
2025-07-04 08:55:50.219 DEBUG 8292 --- [           main] o.s.w.s.h.BeanNameUrlHandlerMapping      : Rejected bean name 'stompWebSocketHandlerMapping': no URL paths identified
2025-07-04 08:55:50.219 DEBUG 8292 --- [           main] o.s.w.s.h.BeanNameUrlHandlerMapping      : Rejected bean name 'subProtocolWebSocketHandler': no URL paths identified
2025-07-04 08:55:50.219 DEBUG 8292 --- [           main] o.s.w.s.h.BeanNameUrlHandlerMapping      : Rejected bean name 'webSocketScopeConfigurer': no URL paths identified
2025-07-04 08:55:50.219 DEBUG 8292 --- [           main] o.s.w.s.h.BeanNameUrlHandlerMapping      : Rejected bean name 'webSocketMessageBrokerStats': no URL paths identified
2025-07-04 08:55:50.219 DEBUG 8292 --- [           main] o.s.w.s.h.BeanNameUrlHandlerMapping      : Rejected bean name 'clientInboundChannel': no URL paths identified
2025-07-04 08:55:50.219 DEBUG 8292 --- [           main] o.s.w.s.h.BeanNameUrlHandlerMapping      : Rejected bean name 'clientInboundChannelExecutor': no URL paths identified
2025-07-04 08:55:50.219 DEBUG 8292 --- [           main] o.s.w.s.h.BeanNameUrlHandlerMapping      : Rejected bean name 'clientOutboundChannel': no URL paths identified
2025-07-04 08:55:50.219 DEBUG 8292 --- [           main] o.s.w.s.h.BeanNameUrlHandlerMapping      : Rejected bean name 'clientOutboundChannelExecutor': no URL paths identified
2025-07-04 08:55:50.219 DEBUG 8292 --- [           main] o.s.w.s.h.BeanNameUrlHandlerMapping      : Rejected bean name 'brokerChannel': no URL paths identified
2025-07-04 08:55:50.219 DEBUG 8292 --- [           main] o.s.w.s.h.BeanNameUrlHandlerMapping      : Rejected bean name 'brokerChannelExecutor': no URL paths identified
2025-07-04 08:55:50.219 DEBUG 8292 --- [           main] o.s.w.s.h.BeanNameUrlHandlerMapping      : Rejected bean name 'simpAnnotationMethodMessageHandler': no URL paths identified
2025-07-04 08:55:50.219 DEBUG 8292 --- [           main] o.s.w.s.h.BeanNameUrlHandlerMapping      : Rejected bean name 'simpleBrokerMessageHandler': no URL paths identified
2025-07-04 08:55:50.219 DEBUG 8292 --- [           main] o.s.w.s.h.BeanNameUrlHandlerMapping      : Rejected bean name 'stompBrokerRelayMessageHandler': no URL paths identified
2025-07-04 08:55:50.219 DEBUG 8292 --- [           main] o.s.w.s.h.BeanNameUrlHandlerMapping      : Rejected bean name 'userDestinationMessageHandler': no URL paths identified
2025-07-04 08:55:50.219 DEBUG 8292 --- [           main] o.s.w.s.h.BeanNameUrlHandlerMapping      : Rejected bean name 'userRegistryMessageHandler': no URL paths identified
2025-07-04 08:55:50.219 DEBUG 8292 --- [           main] o.s.w.s.h.BeanNameUrlHandlerMapping      : Rejected bean name 'messageBrokerTaskScheduler': no URL paths identified
2025-07-04 08:55:50.219 DEBUG 8292 --- [           main] o.s.w.s.h.BeanNameUrlHandlerMapping      : Rejected bean name 'brokerMessagingTemplate': no URL paths identified
2025-07-04 08:55:50.220 DEBUG 8292 --- [           main] o.s.w.s.h.BeanNameUrlHandlerMapping      : Rejected bean name 'brokerMessageConverter': no URL paths identified
2025-07-04 08:55:50.220 DEBUG 8292 --- [           main] o.s.w.s.h.BeanNameUrlHandlerMapping      : Rejected bean name 'userDestinationResolver': no URL paths identified
2025-07-04 08:55:50.220 DEBUG 8292 --- [           main] o.s.w.s.h.BeanNameUrlHandlerMapping      : Rejected bean name 'userRegistry': no URL paths identified
2025-07-04 08:55:50.220 DEBUG 8292 --- [           main] o.s.w.s.h.BeanNameUrlHandlerMapping      : Rejected bean name 'springfox.documentation.schema.configuration.ModelsConfiguration': no URL paths identified
2025-07-04 08:55:50.220 DEBUG 8292 --- [           main] o.s.w.s.h.BeanNameUrlHandlerMapping      : Rejected bean name 'typeResolver': no URL paths identified
2025-07-04 08:55:50.220 DEBUG 8292 --- [           main] o.s.w.s.h.BeanNameUrlHandlerMapping      : Rejected bean name 'modelBuilderPluginRegistry': no URL paths identified
2025-07-04 08:55:50.220 DEBUG 8292 --- [           main] o.s.w.s.h.BeanNameUrlHandlerMapping      : Rejected bean name 'modelPropertyBuilderPluginRegistry': no URL paths identified
2025-07-04 08:55:50.220 DEBUG 8292 --- [           main] o.s.w.s.h.BeanNameUrlHandlerMapping      : Rejected bean name 'typeNameProviderPluginRegistry': no URL paths identified
2025-07-04 08:55:50.220 DEBUG 8292 --- [           main] o.s.w.s.h.BeanNameUrlHandlerMapping      : Rejected bean name 'springfox.documentation.spring.web.SpringfoxWebMvcConfiguration': no URL paths identified
2025-07-04 08:55:50.220 DEBUG 8292 --- [           main] o.s.w.s.h.BeanNameUrlHandlerMapping      : Rejected bean name 'defaults': no URL paths identified
2025-07-04 08:55:50.220 DEBUG 8292 --- [           main] o.s.w.s.h.BeanNameUrlHandlerMapping      : Rejected bean name 'resourceGroupCache': no URL paths identified
2025-07-04 08:55:50.220 DEBUG 8292 --- [           main] o.s.w.s.h.BeanNameUrlHandlerMapping      : Rejected bean name 'objectMapperConfigurer': no URL paths identified
2025-07-04 08:55:50.220 DEBUG 8292 --- [           main] o.s.w.s.h.BeanNameUrlHandlerMapping      : Rejected bean name 'jsonSerializer': no URL paths identified
2025-07-04 08:55:50.220 DEBUG 8292 --- [           main] o.s.w.s.h.BeanNameUrlHandlerMapping      : Rejected bean name 'documentationPluginRegistry': no URL paths identified
2025-07-04 08:55:50.220 DEBUG 8292 --- [           main] o.s.w.s.h.BeanNameUrlHandlerMapping      : Rejected bean name 'apiListingBuilderPluginRegistry': no URL paths identified
2025-07-04 08:55:50.220 DEBUG 8292 --- [           main] o.s.w.s.h.BeanNameUrlHandlerMapping      : Rejected bean name 'operationBuilderPluginRegistry': no URL paths identified
2025-07-04 08:55:50.220 DEBUG 8292 --- [           main] o.s.w.s.h.BeanNameUrlHandlerMapping      : Rejected bean name 'parameterBuilderPluginRegistry': no URL paths identified
2025-07-04 08:55:50.220 DEBUG 8292 --- [           main] o.s.w.s.h.BeanNameUrlHandlerMapping      : Rejected bean name 'expandedParameterBuilderPluginRegistry': no URL paths identified
2025-07-04 08:55:50.220 DEBUG 8292 --- [           main] o.s.w.s.h.BeanNameUrlHandlerMapping      : Rejected bean name 'resourceGroupingStrategyRegistry': no URL paths identified
2025-07-04 08:55:50.220 DEBUG 8292 --- [           main] o.s.w.s.h.BeanNameUrlHandlerMapping      : Rejected bean name 'operationModelsProviderPluginRegistry': no URL paths identified
2025-07-04 08:55:50.220 DEBUG 8292 --- [           main] o.s.w.s.h.BeanNameUrlHandlerMapping      : Rejected bean name 'defaultsProviderPluginRegistry': no URL paths identified
2025-07-04 08:55:50.220 DEBUG 8292 --- [           main] o.s.w.s.h.BeanNameUrlHandlerMapping      : Rejected bean name 'pathDecoratorRegistry': no URL paths identified
2025-07-04 08:55:50.220 DEBUG 8292 --- [           main] o.s.w.s.h.BeanNameUrlHandlerMapping      : Rejected bean name 'springfox.documentation.swagger.configuration.SwaggerCommonConfiguration': no URL paths identified
2025-07-04 08:55:50.220 DEBUG 8292 --- [           main] o.s.w.s.h.BeanNameUrlHandlerMapping      : Rejected bean name 'swaggerProperties': no URL paths identified
2025-07-04 08:55:50.220 DEBUG 8292 --- [           main] o.s.w.s.h.BeanNameUrlHandlerMapping      : Rejected bean name 'springfox.documentation.swagger2.configuration.Swagger2DocumentationConfiguration': no URL paths identified
2025-07-04 08:55:50.220 DEBUG 8292 --- [           main] o.s.w.s.h.BeanNameUrlHandlerMapping      : Rejected bean name 'swagger2Module': no URL paths identified
2025-07-04 08:55:50.220 DEBUG 8292 --- [           main] o.s.w.s.h.BeanNameUrlHandlerMapping      : Rejected bean name 'createRestApi': no URL paths identified
2025-07-04 08:55:50.220 DEBUG 8292 --- [           main] o.s.w.s.h.BeanNameUrlHandlerMapping      : Rejected bean name 'org.springframework.boot.autoconfigure.context.PropertyPlaceholderAutoConfiguration': no URL paths identified
2025-07-04 08:55:50.220 DEBUG 8292 --- [           main] o.s.w.s.h.BeanNameUrlHandlerMapping      : Rejected bean name 'org.springframework.boot.autoconfigure.condition.BeanTypeRegistry': no URL paths identified
2025-07-04 08:55:50.220 DEBUG 8292 --- [           main] o.s.w.s.h.BeanNameUrlHandlerMapping      : Rejected bean name 'org.springframework.boot.autoconfigure.jackson.JacksonAutoConfiguration$Jackson2ObjectMapperBuilderCustomizerConfiguration': no URL paths identified
2025-07-04 08:55:50.220 DEBUG 8292 --- [           main] o.s.w.s.h.BeanNameUrlHandlerMapping      : Rejected bean name 'standardJacksonObjectMapperBuilderCustomizer': no URL paths identified
2025-07-04 08:55:50.220 DEBUG 8292 --- [           main] o.s.w.s.h.BeanNameUrlHandlerMapping      : Rejected bean name 'spring.jackson-org.springframework.boot.autoconfigure.jackson.JacksonProperties': no URL paths identified
2025-07-04 08:55:50.220 DEBUG 8292 --- [           main] o.s.w.s.h.BeanNameUrlHandlerMapping      : Rejected bean name 'org.springframework.boot.context.properties.ConfigurationPropertiesBindingPostProcessor': no URL paths identified
2025-07-04 08:55:50.220 DEBUG 8292 --- [           main] o.s.w.s.h.BeanNameUrlHandlerMapping      : Rejected bean name 'org.springframework.boot.context.properties.ConfigurationPropertiesBindingPostProcessor.store': no URL paths identified
2025-07-04 08:55:50.220 DEBUG 8292 --- [           main] o.s.w.s.h.BeanNameUrlHandlerMapping      : Rejected bean name 'org.springframework.boot.autoconfigure.jackson.JacksonAutoConfiguration$JacksonObjectMapperBuilderConfiguration': no URL paths identified
2025-07-04 08:55:50.220 DEBUG 8292 --- [           main] o.s.w.s.h.BeanNameUrlHandlerMapping      : Rejected bean name 'jacksonObjectMapperBuilder': no URL paths identified
2025-07-04 08:55:50.220 DEBUG 8292 --- [           main] o.s.w.s.h.BeanNameUrlHandlerMapping      : Rejected bean name 'org.springframework.boot.autoconfigure.jackson.JacksonAutoConfiguration$JacksonObjectMapperConfiguration': no URL paths identified
2025-07-04 08:55:50.220 DEBUG 8292 --- [           main] o.s.w.s.h.BeanNameUrlHandlerMapping      : Rejected bean name 'jacksonObjectMapper': no URL paths identified
2025-07-04 08:55:50.220 DEBUG 8292 --- [           main] o.s.w.s.h.BeanNameUrlHandlerMapping      : Rejected bean name 'org.springframework.boot.autoconfigure.jackson.JacksonAutoConfiguration': no URL paths identified
2025-07-04 08:55:50.220 DEBUG 8292 --- [           main] o.s.w.s.h.BeanNameUrlHandlerMapping      : Rejected bean name 'jsonComponentModule': no URL paths identified
2025-07-04 08:55:50.220 DEBUG 8292 --- [           main] o.s.w.s.h.BeanNameUrlHandlerMapping      : Rejected bean name 'org.springframework.boot.autoconfigure.websocket.WebSocketAutoConfiguration$TomcatWebSocketConfiguration': no URL paths identified
2025-07-04 08:55:50.220 DEBUG 8292 --- [           main] o.s.w.s.h.BeanNameUrlHandlerMapping      : Rejected bean name 'websocketContainerCustomizer': no URL paths identified
2025-07-04 08:55:50.220 DEBUG 8292 --- [           main] o.s.w.s.h.BeanNameUrlHandlerMapping      : Rejected bean name 'org.springframework.boot.autoconfigure.websocket.WebSocketAutoConfiguration': no URL paths identified
2025-07-04 08:55:50.220 DEBUG 8292 --- [           main] o.s.w.s.h.BeanNameUrlHandlerMapping      : Rejected bean name 'org.springframework.boot.autoconfigure.web.EmbeddedServletContainerAutoConfiguration$EmbeddedTomcat': no URL paths identified
2025-07-04 08:55:50.220 DEBUG 8292 --- [           main] o.s.w.s.h.BeanNameUrlHandlerMapping      : Rejected bean name 'tomcatEmbeddedServletContainerFactory': no URL paths identified
2025-07-04 08:55:50.220 DEBUG 8292 --- [           main] o.s.w.s.h.BeanNameUrlHandlerMapping      : Rejected bean name 'org.springframework.boot.autoconfigure.web.EmbeddedServletContainerAutoConfiguration': no URL paths identified
2025-07-04 08:55:50.220 DEBUG 8292 --- [           main] o.s.w.s.h.BeanNameUrlHandlerMapping      : Rejected bean name 'embeddedServletContainerCustomizerBeanPostProcessor': no URL paths identified
2025-07-04 08:55:50.220 DEBUG 8292 --- [           main] o.s.w.s.h.BeanNameUrlHandlerMapping      : Rejected bean name 'errorPageRegistrarBeanPostProcessor': no URL paths identified
2025-07-04 08:55:50.220 DEBUG 8292 --- [           main] o.s.w.s.h.BeanNameUrlHandlerMapping      : Rejected bean name 'org.springframework.boot.autoconfigure.web.DispatcherServletAutoConfiguration$DispatcherServletConfiguration': no URL paths identified
2025-07-04 08:55:50.220 DEBUG 8292 --- [           main] o.s.w.s.h.BeanNameUrlHandlerMapping      : Rejected bean name 'dispatcherServlet': no URL paths identified
2025-07-04 08:55:50.220 DEBUG 8292 --- [           main] o.s.w.s.h.BeanNameUrlHandlerMapping      : Rejected bean name 'spring.mvc-org.springframework.boot.autoconfigure.web.WebMvcProperties': no URL paths identified
2025-07-04 08:55:50.220 DEBUG 8292 --- [           main] o.s.w.s.h.BeanNameUrlHandlerMapping      : Rejected bean name 'org.springframework.boot.autoconfigure.web.DispatcherServletAutoConfiguration$DispatcherServletRegistrationConfiguration': no URL paths identified
2025-07-04 08:55:50.220 DEBUG 8292 --- [           main] o.s.w.s.h.BeanNameUrlHandlerMapping      : Rejected bean name 'dispatcherServletRegistration': no URL paths identified
2025-07-04 08:55:50.220 DEBUG 8292 --- [           main] o.s.w.s.h.BeanNameUrlHandlerMapping      : Rejected bean name 'org.springframework.boot.autoconfigure.web.DispatcherServletAutoConfiguration': no URL paths identified
2025-07-04 08:55:50.220 DEBUG 8292 --- [           main] o.s.w.s.h.BeanNameUrlHandlerMapping      : Rejected bean name 'org.springframework.boot.autoconfigure.validation.ValidationAutoConfiguration': no URL paths identified
2025-07-04 08:55:50.220 DEBUG 8292 --- [           main] o.s.w.s.h.BeanNameUrlHandlerMapping      : Rejected bean name 'defaultValidator': no URL paths identified
2025-07-04 08:55:50.220 DEBUG 8292 --- [           main] o.s.w.s.h.BeanNameUrlHandlerMapping      : Rejected bean name 'methodValidationPostProcessor': no URL paths identified
2025-07-04 08:55:50.220 DEBUG 8292 --- [           main] o.s.w.s.h.BeanNameUrlHandlerMapping      : Rejected bean name 'org.springframework.boot.autoconfigure.web.ErrorMvcAutoConfiguration$WhitelabelErrorViewConfiguration': no URL paths identified
2025-07-04 08:55:50.220 DEBUG 8292 --- [           main] o.s.w.s.h.BeanNameUrlHandlerMapping      : Rejected bean name 'error': no URL paths identified
2025-07-04 08:55:50.220 DEBUG 8292 --- [           main] o.s.w.s.h.BeanNameUrlHandlerMapping      : Rejected bean name 'beanNameViewResolver': no URL paths identified
2025-07-04 08:55:50.220 DEBUG 8292 --- [           main] o.s.w.s.h.BeanNameUrlHandlerMapping      : Rejected bean name 'org.springframework.boot.autoconfigure.web.ErrorMvcAutoConfiguration$DefaultErrorViewResolverConfiguration': no URL paths identified
2025-07-04 08:55:50.220 DEBUG 8292 --- [           main] o.s.w.s.h.BeanNameUrlHandlerMapping      : Rejected bean name 'conventionErrorViewResolver': no URL paths identified
2025-07-04 08:55:50.220 DEBUG 8292 --- [           main] o.s.w.s.h.BeanNameUrlHandlerMapping      : Rejected bean name 'org.springframework.boot.autoconfigure.web.ErrorMvcAutoConfiguration': no URL paths identified
2025-07-04 08:55:50.220 DEBUG 8292 --- [           main] o.s.w.s.h.BeanNameUrlHandlerMapping      : Rejected bean name 'errorAttributes': no URL paths identified
2025-07-04 08:55:50.220 DEBUG 8292 --- [           main] o.s.w.s.h.BeanNameUrlHandlerMapping      : Rejected bean name 'basicErrorController': no URL paths identified
2025-07-04 08:55:50.220 DEBUG 8292 --- [           main] o.s.w.s.h.BeanNameUrlHandlerMapping      : Rejected bean name 'errorPageCustomizer': no URL paths identified
2025-07-04 08:55:50.220 DEBUG 8292 --- [           main] o.s.w.s.h.BeanNameUrlHandlerMapping      : Rejected bean name 'preserveErrorControllerTargetClassPostProcessor': no URL paths identified
2025-07-04 08:55:50.220 DEBUG 8292 --- [           main] o.s.w.s.h.BeanNameUrlHandlerMapping      : Rejected bean name 'spring.resources-org.springframework.boot.autoconfigure.web.ResourceProperties': no URL paths identified
2025-07-04 08:55:50.220 DEBUG 8292 --- [           main] o.s.w.s.h.BeanNameUrlHandlerMapping      : Rejected bean name 'org.springframework.boot.autoconfigure.web.WebMvcAutoConfiguration$EnableWebMvcConfiguration': no URL paths identified
2025-07-04 08:55:50.220 DEBUG 8292 --- [           main] o.s.w.s.h.BeanNameUrlHandlerMapping      : Rejected bean name 'requestMappingHandlerAdapter': no URL paths identified
2025-07-04 08:55:50.220 DEBUG 8292 --- [           main] o.s.w.s.h.BeanNameUrlHandlerMapping      : Rejected bean name 'requestMappingHandlerMapping': no URL paths identified
2025-07-04 08:55:50.220 DEBUG 8292 --- [           main] o.s.w.s.h.BeanNameUrlHandlerMapping      : Rejected bean name 'mvcValidator': no URL paths identified
2025-07-04 08:55:50.220 DEBUG 8292 --- [           main] o.s.w.s.h.BeanNameUrlHandlerMapping      : Rejected bean name 'mvcContentNegotiationManager': no URL paths identified
2025-07-04 08:55:50.220 DEBUG 8292 --- [           main] o.s.w.s.h.BeanNameUrlHandlerMapping      : Rejected bean name 'mvcPathMatcher': no URL paths identified
2025-07-04 08:55:50.220 DEBUG 8292 --- [           main] o.s.w.s.h.BeanNameUrlHandlerMapping      : Rejected bean name 'mvcUrlPathHelper': no URL paths identified
2025-07-04 08:55:50.220 DEBUG 8292 --- [           main] o.s.w.s.h.BeanNameUrlHandlerMapping      : Rejected bean name 'viewControllerHandlerMapping': no URL paths identified
2025-07-04 08:55:50.220 DEBUG 8292 --- [           main] o.s.w.s.h.BeanNameUrlHandlerMapping      : Rejected bean name 'beanNameHandlerMapping': no URL paths identified
2025-07-04 08:55:50.220 DEBUG 8292 --- [           main] o.s.w.s.h.BeanNameUrlHandlerMapping      : Rejected bean name 'resourceHandlerMapping': no URL paths identified
2025-07-04 08:55:50.220 DEBUG 8292 --- [           main] o.s.w.s.h.BeanNameUrlHandlerMapping      : Rejected bean name 'mvcResourceUrlProvider': no URL paths identified
2025-07-04 08:55:50.220 DEBUG 8292 --- [           main] o.s.w.s.h.BeanNameUrlHandlerMapping      : Rejected bean name 'defaultServletHandlerMapping': no URL paths identified
2025-07-04 08:55:50.220 DEBUG 8292 --- [           main] o.s.w.s.h.BeanNameUrlHandlerMapping      : Rejected bean name 'mvcConversionService': no URL paths identified
2025-07-04 08:55:50.221 DEBUG 8292 --- [           main] o.s.w.s.h.BeanNameUrlHandlerMapping      : Rejected bean name 'mvcUriComponentsContributor': no URL paths identified
2025-07-04 08:55:50.221 DEBUG 8292 --- [           main] o.s.w.s.h.BeanNameUrlHandlerMapping      : Rejected bean name 'httpRequestHandlerAdapter': no URL paths identified
2025-07-04 08:55:50.221 DEBUG 8292 --- [           main] o.s.w.s.h.BeanNameUrlHandlerMapping      : Rejected bean name 'simpleControllerHandlerAdapter': no URL paths identified
2025-07-04 08:55:50.221 DEBUG 8292 --- [           main] o.s.w.s.h.BeanNameUrlHandlerMapping      : Rejected bean name 'handlerExceptionResolver': no URL paths identified
2025-07-04 08:55:50.221 DEBUG 8292 --- [           main] o.s.w.s.h.BeanNameUrlHandlerMapping      : Rejected bean name 'mvcViewResolver': no URL paths identified
2025-07-04 08:55:50.221 DEBUG 8292 --- [           main] o.s.w.s.h.BeanNameUrlHandlerMapping      : Rejected bean name 'org.springframework.boot.autoconfigure.web.WebMvcAutoConfiguration$WebMvcAutoConfigurationAdapter$FaviconConfiguration': no URL paths identified
2025-07-04 08:55:50.221 DEBUG 8292 --- [           main] o.s.w.s.h.BeanNameUrlHandlerMapping      : Rejected bean name 'faviconHandlerMapping': no URL paths identified
2025-07-04 08:55:50.221 DEBUG 8292 --- [           main] o.s.w.s.h.BeanNameUrlHandlerMapping      : Rejected bean name 'faviconRequestHandler': no URL paths identified
2025-07-04 08:55:50.221 DEBUG 8292 --- [           main] o.s.w.s.h.BeanNameUrlHandlerMapping      : Rejected bean name 'org.springframework.boot.autoconfigure.web.WebMvcAutoConfiguration$WebMvcAutoConfigurationAdapter': no URL paths identified
2025-07-04 08:55:50.221 DEBUG 8292 --- [           main] o.s.w.s.h.BeanNameUrlHandlerMapping      : Rejected bean name 'defaultViewResolver': no URL paths identified
2025-07-04 08:55:50.221 DEBUG 8292 --- [           main] o.s.w.s.h.BeanNameUrlHandlerMapping      : Rejected bean name 'viewResolver': no URL paths identified
2025-07-04 08:55:50.221 DEBUG 8292 --- [           main] o.s.w.s.h.BeanNameUrlHandlerMapping      : Rejected bean name 'welcomePageHandlerMapping': no URL paths identified
2025-07-04 08:55:50.221 DEBUG 8292 --- [           main] o.s.w.s.h.BeanNameUrlHandlerMapping      : Rejected bean name 'requestContextFilter': no URL paths identified
2025-07-04 08:55:50.221 DEBUG 8292 --- [           main] o.s.w.s.h.BeanNameUrlHandlerMapping      : Rejected bean name 'org.springframework.boot.autoconfigure.web.WebMvcAutoConfiguration': no URL paths identified
2025-07-04 08:55:50.221 DEBUG 8292 --- [           main] o.s.w.s.h.BeanNameUrlHandlerMapping      : Rejected bean name 'hiddenHttpMethodFilter': no URL paths identified
2025-07-04 08:55:50.221 DEBUG 8292 --- [           main] o.s.w.s.h.BeanNameUrlHandlerMapping      : Rejected bean name 'httpPutFormContentFilter': no URL paths identified
2025-07-04 08:55:50.221 DEBUG 8292 --- [           main] o.s.w.s.h.BeanNameUrlHandlerMapping      : Rejected bean name 'org.springframework.boot.autoconfigure.aop.AopAutoConfiguration$JdkDynamicAutoProxyConfiguration': no URL paths identified
2025-07-04 08:55:50.221 DEBUG 8292 --- [           main] o.s.w.s.h.BeanNameUrlHandlerMapping      : Rejected bean name 'org.springframework.boot.autoconfigure.aop.AopAutoConfiguration': no URL paths identified
2025-07-04 08:55:50.221 DEBUG 8292 --- [           main] o.s.w.s.h.BeanNameUrlHandlerMapping      : Rejected bean name 'org.springframework.boot.autoconfigure.transaction.jta.JtaAutoConfiguration': no URL paths identified
2025-07-04 08:55:50.221 DEBUG 8292 --- [           main] o.s.w.s.h.BeanNameUrlHandlerMapping      : Rejected bean name 'spring.jta-org.springframework.boot.autoconfigure.transaction.jta.JtaProperties': no URL paths identified
2025-07-04 08:55:50.221 DEBUG 8292 --- [           main] o.s.w.s.h.BeanNameUrlHandlerMapping      : Rejected bean name 'org.springframework.boot.autoconfigure.jdbc.DataSourceConfiguration$Generic': no URL paths identified
2025-07-04 08:55:50.221 DEBUG 8292 --- [           main] o.s.w.s.h.BeanNameUrlHandlerMapping      : Rejected bean name 'dataSource': no URL paths identified
2025-07-04 08:55:50.221 DEBUG 8292 --- [           main] o.s.w.s.h.BeanNameUrlHandlerMapping      : Rejected bean name 'org.springframework.boot.autoconfigure.jdbc.DataSourceAutoConfiguration$PooledDataSourceConfiguration': no URL paths identified
2025-07-04 08:55:50.221 DEBUG 8292 --- [           main] o.s.w.s.h.BeanNameUrlHandlerMapping      : Rejected bean name 'org.springframework.boot.autoconfigure.jdbc.metadata.DataSourcePoolMetadataProvidersConfiguration$TomcatDataSourcePoolMetadataProviderConfiguration': no URL paths identified
2025-07-04 08:55:50.221 DEBUG 8292 --- [           main] o.s.w.s.h.BeanNameUrlHandlerMapping      : Rejected bean name 'tomcatPoolDataSourceMetadataProvider': no URL paths identified
2025-07-04 08:55:50.221 DEBUG 8292 --- [           main] o.s.w.s.h.BeanNameUrlHandlerMapping      : Rejected bean name 'org.springframework.boot.autoconfigure.jdbc.metadata.DataSourcePoolMetadataProvidersConfiguration': no URL paths identified
2025-07-04 08:55:50.221 DEBUG 8292 --- [           main] o.s.w.s.h.BeanNameUrlHandlerMapping      : Rejected bean name 'org.springframework.boot.autoconfigure.jdbc.DataSourceAutoConfiguration': no URL paths identified
2025-07-04 08:55:50.221 DEBUG 8292 --- [           main] o.s.w.s.h.BeanNameUrlHandlerMapping      : Rejected bean name 'dataSourceInitializer': no URL paths identified
2025-07-04 08:55:50.221 DEBUG 8292 --- [           main] o.s.w.s.h.BeanNameUrlHandlerMapping      : Rejected bean name 'spring.datasource-org.springframework.boot.autoconfigure.jdbc.DataSourceProperties': no URL paths identified
2025-07-04 08:55:50.221 DEBUG 8292 --- [           main] o.s.w.s.h.BeanNameUrlHandlerMapping      : Rejected bean name 'dataSourceInitializerPostProcessor': no URL paths identified
2025-07-04 08:55:50.221 DEBUG 8292 --- [           main] o.s.w.s.h.BeanNameUrlHandlerMapping      : Rejected bean name 'org.springframework.boot.autoconfigure.data.redis.RedisAutoConfiguration$RedisConfiguration': no URL paths identified
2025-07-04 08:55:50.221 DEBUG 8292 --- [           main] o.s.w.s.h.BeanNameUrlHandlerMapping      : Rejected bean name 'stringRedisTemplate': no URL paths identified
2025-07-04 08:55:50.221 DEBUG 8292 --- [           main] o.s.w.s.h.BeanNameUrlHandlerMapping      : Rejected bean name 'org.springframework.boot.autoconfigure.data.redis.RedisAutoConfiguration$RedisConnectionConfiguration': no URL paths identified
2025-07-04 08:55:50.221 DEBUG 8292 --- [           main] o.s.w.s.h.BeanNameUrlHandlerMapping      : Rejected bean name 'redisConnectionFactory': no URL paths identified
2025-07-04 08:55:50.221 DEBUG 8292 --- [           main] o.s.w.s.h.BeanNameUrlHandlerMapping      : Rejected bean name 'org.springframework.boot.autoconfigure.data.redis.RedisAutoConfiguration': no URL paths identified
2025-07-04 08:55:50.221 DEBUG 8292 --- [           main] o.s.w.s.h.BeanNameUrlHandlerMapping      : Rejected bean name 'spring.redis-org.springframework.boot.autoconfigure.data.redis.RedisProperties': no URL paths identified
2025-07-04 08:55:50.221 DEBUG 8292 --- [           main] o.s.w.s.h.BeanNameUrlHandlerMapping      : Rejected bean name 'org.springframework.boot.autoconfigure.orm.jpa.JpaBaseConfiguration$JpaWebConfiguration$JpaWebMvcConfiguration': no URL paths identified
2025-07-04 08:55:50.221 DEBUG 8292 --- [           main] o.s.w.s.h.BeanNameUrlHandlerMapping      : Rejected bean name 'openEntityManagerInViewInterceptor': no URL paths identified
2025-07-04 08:55:50.221 DEBUG 8292 --- [           main] o.s.w.s.h.BeanNameUrlHandlerMapping      : Rejected bean name 'org.springframework.boot.autoconfigure.orm.jpa.JpaBaseConfiguration$JpaWebConfiguration': no URL paths identified
2025-07-04 08:55:50.221 DEBUG 8292 --- [           main] o.s.w.s.h.BeanNameUrlHandlerMapping      : Rejected bean name 'org.springframework.boot.autoconfigure.orm.jpa.HibernateJpaAutoConfiguration': no URL paths identified
2025-07-04 08:55:50.221 DEBUG 8292 --- [           main] o.s.w.s.h.BeanNameUrlHandlerMapping      : Rejected bean name 'transactionManager': no URL paths identified
2025-07-04 08:55:50.221 DEBUG 8292 --- [           main] o.s.w.s.h.BeanNameUrlHandlerMapping      : Rejected bean name 'jpaVendorAdapter': no URL paths identified
2025-07-04 08:55:50.221 DEBUG 8292 --- [           main] o.s.w.s.h.BeanNameUrlHandlerMapping      : Rejected bean name 'entityManagerFactoryBuilder': no URL paths identified
2025-07-04 08:55:50.221 DEBUG 8292 --- [           main] o.s.w.s.h.BeanNameUrlHandlerMapping      : Rejected bean name 'entityManagerFactory': no URL paths identified
2025-07-04 08:55:50.221 DEBUG 8292 --- [           main] o.s.w.s.h.BeanNameUrlHandlerMapping      : Rejected bean name 'spring.jpa-org.springframework.boot.autoconfigure.orm.jpa.JpaProperties': no URL paths identified
2025-07-04 08:55:50.221 DEBUG 8292 --- [           main] o.s.w.s.h.BeanNameUrlHandlerMapping      : Rejected bean name 'dataSourceInitializedPublisher': no URL paths identified
2025-07-04 08:55:50.221 DEBUG 8292 --- [           main] o.s.w.s.h.BeanNameUrlHandlerMapping      : Rejected bean name 'org.springframework.boot.autoconfigure.context.ConfigurationPropertiesAutoConfiguration': no URL paths identified
2025-07-04 08:55:50.221 DEBUG 8292 --- [           main] o.s.w.s.h.BeanNameUrlHandlerMapping      : Rejected bean name 'org.springframework.boot.autoconfigure.dao.PersistenceExceptionTranslationAutoConfiguration': no URL paths identified
2025-07-04 08:55:50.221 DEBUG 8292 --- [           main] o.s.w.s.h.BeanNameUrlHandlerMapping      : Rejected bean name 'persistenceExceptionTranslationPostProcessor': no URL paths identified
2025-07-04 08:55:50.221 DEBUG 8292 --- [           main] o.s.w.s.h.BeanNameUrlHandlerMapping      : Rejected bean name 'org.springframework.boot.autoconfigure.data.jpa.JpaRepositoriesAutoConfiguration': no URL paths identified
2025-07-04 08:55:50.221 DEBUG 8292 --- [           main] o.s.w.s.h.BeanNameUrlHandlerMapping      : Rejected bean name 'emBeanDefinitionRegistrarPostProcessor': no URL paths identified
2025-07-04 08:55:50.221 DEBUG 8292 --- [           main] o.s.w.s.h.BeanNameUrlHandlerMapping      : Rejected bean name 'jpaMappingContext': no URL paths identified
2025-07-04 08:55:50.221 DEBUG 8292 --- [           main] o.s.w.s.h.BeanNameUrlHandlerMapping      : Rejected bean name 'jpaContext': no URL paths identified
2025-07-04 08:55:50.221 DEBUG 8292 --- [           main] o.s.w.s.h.BeanNameUrlHandlerMapping      : Rejected bean name 'notificationDao': no URL paths identified
2025-07-04 08:55:50.221 DEBUG 8292 --- [           main] o.s.w.s.h.BeanNameUrlHandlerMapping      : Rejected bean name 'postsDao': no URL paths identified
2025-07-04 08:55:50.221 DEBUG 8292 --- [           main] o.s.w.s.h.BeanNameUrlHandlerMapping      : Rejected bean name 'permissionDao': no URL paths identified
2025-07-04 08:55:50.221 DEBUG 8292 --- [           main] o.s.w.s.h.BeanNameUrlHandlerMapping      : Rejected bean name 'roleDao': no URL paths identified
2025-07-04 08:55:50.221 DEBUG 8292 --- [           main] o.s.w.s.h.BeanNameUrlHandlerMapping      : Rejected bean name 'chatMessageDao': no URL paths identified
2025-07-04 08:55:50.221 DEBUG 8292 --- [           main] o.s.w.s.h.BeanNameUrlHandlerMapping      : Rejected bean name 'favoritesDao': no URL paths identified
2025-07-04 08:55:50.221 DEBUG 8292 --- [           main] o.s.w.s.h.BeanNameUrlHandlerMapping      : Rejected bean name 'adminUserDao': no URL paths identified
2025-07-04 08:55:50.221 DEBUG 8292 --- [           main] o.s.w.s.h.BeanNameUrlHandlerMapping      : Rejected bean name 'userDao': no URL paths identified
2025-07-04 08:55:50.221 DEBUG 8292 --- [           main] o.s.w.s.h.BeanNameUrlHandlerMapping      : Rejected bean name 'labelDao': no URL paths identified
2025-07-04 08:55:50.221 DEBUG 8292 --- [           main] o.s.w.s.h.BeanNameUrlHandlerMapping      : Rejected bean name 'replyDao': no URL paths identified
2025-07-04 08:55:50.221 DEBUG 8292 --- [           main] o.s.w.s.h.BeanNameUrlHandlerMapping      : Rejected bean name 'collectDao': no URL paths identified
2025-07-04 08:55:50.221 DEBUG 8292 --- [           main] o.s.w.s.h.BeanNameUrlHandlerMapping      : Rejected bean name 'org.springframework.boot.autoconfigure.data.redis.RedisRepositoriesAutoConfiguration': no URL paths identified
2025-07-04 08:55:50.221 DEBUG 8292 --- [           main] o.s.w.s.h.BeanNameUrlHandlerMapping      : Rejected bean name 'keyValueMappingContext': no URL paths identified
2025-07-04 08:55:50.221 DEBUG 8292 --- [           main] o.s.w.s.h.BeanNameUrlHandlerMapping      : Rejected bean name 'redisCustomConversions': no URL paths identified
2025-07-04 08:55:50.221 DEBUG 8292 --- [           main] o.s.w.s.h.BeanNameUrlHandlerMapping      : Rejected bean name 'redisReferenceResolver': no URL paths identified
2025-07-04 08:55:50.221 DEBUG 8292 --- [           main] o.s.w.s.h.BeanNameUrlHandlerMapping      : Rejected bean name 'redisConverter': no URL paths identified
2025-07-04 08:55:50.221 DEBUG 8292 --- [           main] o.s.w.s.h.BeanNameUrlHandlerMapping      : Rejected bean name 'redisKeyValueAdapter': no URL paths identified
2025-07-04 08:55:50.221 DEBUG 8292 --- [           main] o.s.w.s.h.BeanNameUrlHandlerMapping      : Rejected bean name 'redisKeyValueTemplate': no URL paths identified
2025-07-04 08:55:50.221 DEBUG 8292 --- [           main] o.s.w.s.h.BeanNameUrlHandlerMapping      : Rejected bean name 'org.springframework.boot.autoconfigure.web.HttpMessageConvertersAutoConfiguration$StringHttpMessageConverterConfiguration': no URL paths identified
2025-07-04 08:55:50.221 DEBUG 8292 --- [           main] o.s.w.s.h.BeanNameUrlHandlerMapping      : Rejected bean name 'stringHttpMessageConverter': no URL paths identified
2025-07-04 08:55:50.221 DEBUG 8292 --- [           main] o.s.w.s.h.BeanNameUrlHandlerMapping      : Rejected bean name 'spring.http.encoding-org.springframework.boot.autoconfigure.web.HttpEncodingProperties': no URL paths identified
2025-07-04 08:55:50.221 DEBUG 8292 --- [           main] o.s.w.s.h.BeanNameUrlHandlerMapping      : Rejected bean name 'org.springframework.boot.autoconfigure.web.JacksonHttpMessageConvertersConfiguration$MappingJackson2HttpMessageConverterConfiguration': no URL paths identified
2025-07-04 08:55:50.221 DEBUG 8292 --- [           main] o.s.w.s.h.BeanNameUrlHandlerMapping      : Rejected bean name 'mappingJackson2HttpMessageConverter': no URL paths identified
2025-07-04 08:55:50.221 DEBUG 8292 --- [           main] o.s.w.s.h.BeanNameUrlHandlerMapping      : Rejected bean name 'org.springframework.boot.autoconfigure.web.JacksonHttpMessageConvertersConfiguration': no URL paths identified
2025-07-04 08:55:50.221 DEBUG 8292 --- [           main] o.s.w.s.h.BeanNameUrlHandlerMapping      : Rejected bean name 'org.springframework.boot.autoconfigure.web.HttpMessageConvertersAutoConfiguration': no URL paths identified
2025-07-04 08:55:50.221 DEBUG 8292 --- [           main] o.s.w.s.h.BeanNameUrlHandlerMapping      : Rejected bean name 'messageConverters': no URL paths identified
2025-07-04 08:55:50.221 DEBUG 8292 --- [           main] o.s.w.s.h.BeanNameUrlHandlerMapping      : Rejected bean name 'org.springframework.data.web.config.HateoasAwareSpringDataWebConfiguration': no URL paths identified
2025-07-04 08:55:50.221 DEBUG 8292 --- [           main] o.s.w.s.h.BeanNameUrlHandlerMapping      : Rejected bean name 'pageableResolver': no URL paths identified
2025-07-04 08:55:50.221 DEBUG 8292 --- [           main] o.s.w.s.h.BeanNameUrlHandlerMapping      : Rejected bean name 'sortResolver': no URL paths identified
2025-07-04 08:55:50.221 DEBUG 8292 --- [           main] o.s.w.s.h.BeanNameUrlHandlerMapping      : Rejected bean name 'pagedResourcesAssembler': no URL paths identified
2025-07-04 08:55:50.221 DEBUG 8292 --- [           main] o.s.w.s.h.BeanNameUrlHandlerMapping      : Rejected bean name 'pagedResourcesAssemblerArgumentResolver': no URL paths identified
2025-07-04 08:55:50.221 DEBUG 8292 --- [           main] o.s.w.s.h.BeanNameUrlHandlerMapping      : Rejected bean name 'org.springframework.data.web.config.SpringDataJacksonConfiguration': no URL paths identified
2025-07-04 08:55:50.221 DEBUG 8292 --- [           main] o.s.w.s.h.BeanNameUrlHandlerMapping      : Rejected bean name 'jacksonGeoModule': no URL paths identified
2025-07-04 08:55:50.221 DEBUG 8292 --- [           main] o.s.w.s.h.BeanNameUrlHandlerMapping      : Rejected bean name 'org.springframework.boot.autoconfigure.data.web.SpringDataWebAutoConfiguration': no URL paths identified
2025-07-04 08:55:50.222 DEBUG 8292 --- [           main] o.s.w.s.h.BeanNameUrlHandlerMapping      : Rejected bean name 'org.springframework.boot.autoconfigure.hateoas.HypermediaAutoConfiguration$EntityLinksConfiguration': no URL paths identified
2025-07-04 08:55:50.222 DEBUG 8292 --- [           main] o.s.w.s.h.BeanNameUrlHandlerMapping      : Rejected bean name 'entityLinksPluginRegistry': no URL paths identified
2025-07-04 08:55:50.222 DEBUG 8292 --- [           main] o.s.w.s.h.BeanNameUrlHandlerMapping      : Rejected bean name 'controllerEntityLinks': no URL paths identified
2025-07-04 08:55:50.222 DEBUG 8292 --- [           main] o.s.w.s.h.BeanNameUrlHandlerMapping      : Rejected bean name 'delegatingEntityLinks': no URL paths identified
2025-07-04 08:55:50.222 DEBUG 8292 --- [           main] o.s.w.s.h.BeanNameUrlHandlerMapping      : Rejected bean name 'org.springframework.hateoas.config.HateoasConfiguration': no URL paths identified
2025-07-04 08:55:50.222 DEBUG 8292 --- [           main] o.s.w.s.h.BeanNameUrlHandlerMapping      : Rejected bean name 'linkRelationMessageSource': no URL paths identified
2025-07-04 08:55:50.222 DEBUG 8292 --- [           main] o.s.w.s.h.BeanNameUrlHandlerMapping      : Rejected bean name 'org.springframework.boot.autoconfigure.hateoas.HypermediaAutoConfiguration$HypermediaConfiguration': no URL paths identified
2025-07-04 08:55:50.222 DEBUG 8292 --- [           main] o.s.w.s.h.BeanNameUrlHandlerMapping      : Rejected bean name 'halObjectMapperConfigurer': no URL paths identified
2025-07-04 08:55:50.222 DEBUG 8292 --- [           main] o.s.w.s.h.BeanNameUrlHandlerMapping      : Rejected bean name 'org.springframework.hateoas.hal.HalLinkDiscoverer#0': no URL paths identified
2025-07-04 08:55:50.222 DEBUG 8292 --- [           main] o.s.w.s.h.BeanNameUrlHandlerMapping      : Rejected bean name '_halObjectMapper': no URL paths identified
2025-07-04 08:55:50.222 DEBUG 8292 --- [           main] o.s.w.s.h.BeanNameUrlHandlerMapping      : Rejected bean name 'org.springframework.hateoas.config.HypermediaSupportBeanDefinitionRegistrar$DefaultObjectMapperCustomizer#0': no URL paths identified
2025-07-04 08:55:50.222 DEBUG 8292 --- [           main] o.s.w.s.h.BeanNameUrlHandlerMapping      : Rejected bean name 'org.springframework.hateoas.config.HypermediaSupportBeanDefinitionRegistrar$Jackson2ModuleRegisteringBeanPostProcessor#0': no URL paths identified
2025-07-04 08:55:50.222 DEBUG 8292 --- [           main] o.s.w.s.h.BeanNameUrlHandlerMapping      : Rejected bean name '_linkDiscovererRegistry': no URL paths identified
2025-07-04 08:55:50.222 DEBUG 8292 --- [           main] o.s.w.s.h.BeanNameUrlHandlerMapping      : Rejected bean name 'org.springframework.hateoas.LinkDiscoverers#0': no URL paths identified
2025-07-04 08:55:50.222 DEBUG 8292 --- [           main] o.s.w.s.h.BeanNameUrlHandlerMapping      : Rejected bean name 'defaultRelProvider': no URL paths identified
2025-07-04 08:55:50.222 DEBUG 8292 --- [           main] o.s.w.s.h.BeanNameUrlHandlerMapping      : Rejected bean name 'annotationRelProvider': no URL paths identified
2025-07-04 08:55:50.222 DEBUG 8292 --- [           main] o.s.w.s.h.BeanNameUrlHandlerMapping      : Rejected bean name 'relProviderPluginRegistry': no URL paths identified
2025-07-04 08:55:50.222 DEBUG 8292 --- [           main] o.s.w.s.h.BeanNameUrlHandlerMapping      : Rejected bean name '_relProvider': no URL paths identified
2025-07-04 08:55:50.222 DEBUG 8292 --- [           main] o.s.w.s.h.BeanNameUrlHandlerMapping      : Rejected bean name 'org.springframework.boot.autoconfigure.hateoas.HypermediaHttpMessageConverterConfiguration': no URL paths identified
2025-07-04 08:55:50.222 DEBUG 8292 --- [           main] o.s.w.s.h.BeanNameUrlHandlerMapping      : Rejected bean name 'halMessageConverterSupportedMediaTypeCustomizer': no URL paths identified
2025-07-04 08:55:50.222 DEBUG 8292 --- [           main] o.s.w.s.h.BeanNameUrlHandlerMapping      : Rejected bean name 'org.springframework.boot.autoconfigure.hateoas.HypermediaAutoConfiguration': no URL paths identified
2025-07-04 08:55:50.222 DEBUG 8292 --- [           main] o.s.w.s.h.BeanNameUrlHandlerMapping      : Rejected bean name 'spring.hateoas-org.springframework.boot.autoconfigure.hateoas.HateoasProperties': no URL paths identified
2025-07-04 08:55:50.222 DEBUG 8292 --- [           main] o.s.w.s.h.BeanNameUrlHandlerMapping      : Rejected bean name 'org.springframework.boot.autoconfigure.info.ProjectInfoAutoConfiguration': no URL paths identified
2025-07-04 08:55:50.222 DEBUG 8292 --- [           main] o.s.w.s.h.BeanNameUrlHandlerMapping      : Rejected bean name 'spring.info-org.springframework.boot.autoconfigure.info.ProjectInfoProperties': no URL paths identified
2025-07-04 08:55:50.222 DEBUG 8292 --- [           main] o.s.w.s.h.BeanNameUrlHandlerMapping      : Rejected bean name 'org.springframework.boot.autoconfigure.jdbc.DataSourceTransactionManagerAutoConfiguration$DataSourceTransactionManagerConfiguration': no URL paths identified
2025-07-04 08:55:50.222 DEBUG 8292 --- [           main] o.s.w.s.h.BeanNameUrlHandlerMapping      : Rejected bean name 'org.springframework.boot.autoconfigure.jdbc.DataSourceTransactionManagerAutoConfiguration': no URL paths identified
2025-07-04 08:55:50.222 DEBUG 8292 --- [           main] o.s.w.s.h.BeanNameUrlHandlerMapping      : Rejected bean name 'org.springframework.boot.autoconfigure.jdbc.JdbcTemplateAutoConfiguration': no URL paths identified
2025-07-04 08:55:50.222 DEBUG 8292 --- [           main] o.s.w.s.h.BeanNameUrlHandlerMapping      : Rejected bean name 'jdbcTemplate': no URL paths identified
2025-07-04 08:55:50.222 DEBUG 8292 --- [           main] o.s.w.s.h.BeanNameUrlHandlerMapping      : Rejected bean name 'namedParameterJdbcTemplate': no URL paths identified
2025-07-04 08:55:50.222 DEBUG 8292 --- [           main] o.s.w.s.h.BeanNameUrlHandlerMapping      : Rejected bean name 'org.springframework.transaction.annotation.ProxyTransactionManagementConfiguration': no URL paths identified
2025-07-04 08:55:50.222 DEBUG 8292 --- [           main] o.s.w.s.h.BeanNameUrlHandlerMapping      : Rejected bean name 'org.springframework.transaction.config.internalTransactionAdvisor': no URL paths identified
2025-07-04 08:55:50.222 DEBUG 8292 --- [           main] o.s.w.s.h.BeanNameUrlHandlerMapping      : Rejected bean name 'transactionAttributeSource': no URL paths identified
2025-07-04 08:55:50.222 DEBUG 8292 --- [           main] o.s.w.s.h.BeanNameUrlHandlerMapping      : Rejected bean name 'transactionInterceptor': no URL paths identified
2025-07-04 08:55:50.222 DEBUG 8292 --- [           main] o.s.w.s.h.BeanNameUrlHandlerMapping      : Rejected bean name 'org.springframework.transaction.config.internalTransactionalEventListenerFactory': no URL paths identified
2025-07-04 08:55:50.222 DEBUG 8292 --- [           main] o.s.w.s.h.BeanNameUrlHandlerMapping      : Rejected bean name 'org.springframework.boot.autoconfigure.transaction.TransactionAutoConfiguration$EnableTransactionManagementConfiguration$CglibAutoProxyConfiguration': no URL paths identified
2025-07-04 08:55:50.222 DEBUG 8292 --- [           main] o.s.w.s.h.BeanNameUrlHandlerMapping      : Rejected bean name 'org.springframework.boot.autoconfigure.transaction.TransactionAutoConfiguration$EnableTransactionManagementConfiguration': no URL paths identified
2025-07-04 08:55:50.222 DEBUG 8292 --- [           main] o.s.w.s.h.BeanNameUrlHandlerMapping      : Rejected bean name 'org.springframework.boot.autoconfigure.transaction.TransactionAutoConfiguration$TransactionTemplateConfiguration': no URL paths identified
2025-07-04 08:55:50.222 DEBUG 8292 --- [           main] o.s.w.s.h.BeanNameUrlHandlerMapping      : Rejected bean name 'transactionTemplate': no URL paths identified
2025-07-04 08:55:50.222 DEBUG 8292 --- [           main] o.s.w.s.h.BeanNameUrlHandlerMapping      : Rejected bean name 'org.springframework.boot.autoconfigure.transaction.TransactionAutoConfiguration': no URL paths identified
2025-07-04 08:55:50.222 DEBUG 8292 --- [           main] o.s.w.s.h.BeanNameUrlHandlerMapping      : Rejected bean name 'platformTransactionManagerCustomizers': no URL paths identified
2025-07-04 08:55:50.222 DEBUG 8292 --- [           main] o.s.w.s.h.BeanNameUrlHandlerMapping      : Rejected bean name 'spring.transaction-org.springframework.boot.autoconfigure.transaction.TransactionProperties': no URL paths identified
2025-07-04 08:55:50.222 DEBUG 8292 --- [           main] o.s.w.s.h.BeanNameUrlHandlerMapping      : Rejected bean name 'org.springframework.boot.autoconfigure.web.HttpEncodingAutoConfiguration': no URL paths identified
2025-07-04 08:55:50.222 DEBUG 8292 --- [           main] o.s.w.s.h.BeanNameUrlHandlerMapping      : Rejected bean name 'characterEncodingFilter': no URL paths identified
2025-07-04 08:55:50.222 DEBUG 8292 --- [           main] o.s.w.s.h.BeanNameUrlHandlerMapping      : Rejected bean name 'localeCharsetMappingsCustomizer': no URL paths identified
2025-07-04 08:55:50.222 DEBUG 8292 --- [           main] o.s.w.s.h.BeanNameUrlHandlerMapping      : Rejected bean name 'org.springframework.boot.autoconfigure.web.MultipartAutoConfiguration': no URL paths identified
2025-07-04 08:55:50.222 DEBUG 8292 --- [           main] o.s.w.s.h.BeanNameUrlHandlerMapping      : Rejected bean name 'multipartConfigElement': no URL paths identified
2025-07-04 08:55:50.222 DEBUG 8292 --- [           main] o.s.w.s.h.BeanNameUrlHandlerMapping      : Rejected bean name 'multipartResolver': no URL paths identified
2025-07-04 08:55:50.222 DEBUG 8292 --- [           main] o.s.w.s.h.BeanNameUrlHandlerMapping      : Rejected bean name 'spring.http.multipart-org.springframework.boot.autoconfigure.web.MultipartProperties': no URL paths identified
2025-07-04 08:55:50.222 DEBUG 8292 --- [           main] o.s.w.s.h.BeanNameUrlHandlerMapping      : Rejected bean name 'org.springframework.boot.autoconfigure.web.ServerPropertiesAutoConfiguration': no URL paths identified
2025-07-04 08:55:50.222 DEBUG 8292 --- [           main] o.s.w.s.h.BeanNameUrlHandlerMapping      : Rejected bean name 'serverProperties': no URL paths identified
2025-07-04 08:55:50.222 DEBUG 8292 --- [           main] o.s.w.s.h.BeanNameUrlHandlerMapping      : Rejected bean name 'duplicateServerPropertiesDetector': no URL paths identified
2025-07-04 08:55:50.222 DEBUG 8292 --- [           main] o.s.w.s.h.BeanNameUrlHandlerMapping      : Rejected bean name 'org.springframework.boot.autoconfigure.web.WebClientAutoConfiguration$RestTemplateConfiguration': no URL paths identified
2025-07-04 08:55:50.222 DEBUG 8292 --- [           main] o.s.w.s.h.BeanNameUrlHandlerMapping      : Rejected bean name 'restTemplateBuilder': no URL paths identified
2025-07-04 08:55:50.222 DEBUG 8292 --- [           main] o.s.w.s.h.BeanNameUrlHandlerMapping      : Rejected bean name 'org.springframework.boot.autoconfigure.web.WebClientAutoConfiguration': no URL paths identified
2025-07-04 08:55:50.222 DEBUG 8292 --- [           main] o.s.w.s.h.BeanNameUrlHandlerMapping      : Rejected bean name 'org.springframework.boot.autoconfigure.websocket.WebSocketMessagingAutoConfiguration$WebSocketMessageConverterConfiguration': no URL paths identified
2025-07-04 08:55:50.222 DEBUG 8292 --- [           main] o.s.w.s.h.BeanNameUrlHandlerMapping      : Rejected bean name 'org.springframework.boot.autoconfigure.websocket.WebSocketMessagingAutoConfiguration': no URL paths identified
2025-07-04 08:55:50.222 DEBUG 8292 --- [           main] o.s.w.s.h.BeanNameUrlHandlerMapping      : Rejected bean name 'org.springframework.orm.jpa.SharedEntityManagerCreator#0': no URL paths identified
2025-07-04 08:55:50.222 DEBUG 8292 --- [           main] o.s.w.s.h.BeanNameUrlHandlerMapping      : Rejected bean name 'autoConfigurationReport': no URL paths identified
2025-07-04 08:55:50.222 DEBUG 8292 --- [           main] o.s.w.s.h.BeanNameUrlHandlerMapping      : Rejected bean name 'org.springframework.boot.test.context.filter.TestTypeExcludeFilter': no URL paths identified
2025-07-04 08:55:50.222 DEBUG 8292 --- [           main] o.s.w.s.h.BeanNameUrlHandlerMapping      : Rejected bean name 'org.springframework.boot.test.autoconfigure.properties.PropertyMappingContextCustomizer$PropertyMappingCheckBeanPostProcessor': no URL paths identified
2025-07-04 08:55:50.222 DEBUG 8292 --- [           main] o.s.w.s.h.BeanNameUrlHandlerMapping      : Rejected bean name 'springApplicationArguments': no URL paths identified
2025-07-04 08:55:50.222 DEBUG 8292 --- [           main] o.s.w.s.h.BeanNameUrlHandlerMapping      : Rejected bean name 'springBootBanner': no URL paths identified
2025-07-04 08:55:50.222 DEBUG 8292 --- [           main] o.s.w.s.h.BeanNameUrlHandlerMapping      : Rejected bean name 'springBootLoggingSystem': no URL paths identified
2025-07-04 08:55:50.222 DEBUG 8292 --- [           main] o.s.w.s.h.BeanNameUrlHandlerMapping      : Rejected bean name 'environment': no URL paths identified
2025-07-04 08:55:50.222 DEBUG 8292 --- [           main] o.s.w.s.h.BeanNameUrlHandlerMapping      : Rejected bean name 'systemProperties': no URL paths identified
2025-07-04 08:55:50.222 DEBUG 8292 --- [           main] o.s.w.s.h.BeanNameUrlHandlerMapping      : Rejected bean name 'systemEnvironment': no URL paths identified
2025-07-04 08:55:50.222 DEBUG 8292 --- [           main] o.s.w.s.h.BeanNameUrlHandlerMapping      : Rejected bean name 'servletContext': no URL paths identified
2025-07-04 08:55:50.222 DEBUG 8292 --- [           main] o.s.w.s.h.BeanNameUrlHandlerMapping      : Rejected bean name 'contextParameters': no URL paths identified
2025-07-04 08:55:50.222 DEBUG 8292 --- [           main] o.s.w.s.h.BeanNameUrlHandlerMapping      : Rejected bean name 'contextAttributes': no URL paths identified
2025-07-04 08:55:50.222 DEBUG 8292 --- [           main] o.s.w.s.h.BeanNameUrlHandlerMapping      : Rejected bean name 'org.springframework.context.annotation.ConfigurationClassPostProcessor.importRegistry': no URL paths identified
2025-07-04 08:55:50.222 DEBUG 8292 --- [           main] o.s.w.s.h.BeanNameUrlHandlerMapping      : Rejected bean name 'org.springframework.boot.test.mock.mockito.MockitoBeans': no URL paths identified
2025-07-04 08:55:50.222 DEBUG 8292 --- [           main] o.s.w.s.h.BeanNameUrlHandlerMapping      : Rejected bean name 'messageSource': no URL paths identified
2025-07-04 08:55:50.222 DEBUG 8292 --- [           main] o.s.w.s.h.BeanNameUrlHandlerMapping      : Rejected bean name 'applicationEventMulticaster': no URL paths identified
2025-07-04 08:55:50.234  INFO 8292 --- [           main] o.s.w.s.handler.SimpleUrlHandlerMapping  : Mapped URL path [/webjars/**] onto handler of type [class org.springframework.web.servlet.resource.ResourceHttpRequestHandler]
2025-07-04 08:55:50.234  INFO 8292 --- [           main] o.s.w.s.handler.SimpleUrlHandlerMapping  : Mapped URL path [/**] onto handler of type [class org.springframework.web.servlet.resource.ResourceHttpRequestHandler]
2025-07-04 08:55:50.247 DEBUG 8292 --- [           main] .m.m.a.ExceptionHandlerExceptionResolver : Looking for exception mappings: org.springframework.web.context.support.GenericWebApplicationContext@78f5c518: startup date [Fri Jul 04 08:55:45 CST 2025]; root of context hierarchy
2025-07-04 08:55:50.268  INFO 8292 --- [           main] o.s.w.s.handler.SimpleUrlHandlerMapping  : Mapped URL path [/**/favicon.ico] onto handler of type [class org.springframework.web.servlet.resource.ResourceHttpRequestHandler]
2025-07-04 08:55:50.498 DEBUG 8292 --- [           main] o.s.w.c.s.GenericWebApplicationContext   : Unable to locate LifecycleProcessor with name 'lifecycleProcessor': using default [org.springframework.context.support.DefaultLifecycleProcessor@2c9af700]
2025-07-04 08:55:50.500  INFO 8292 --- [           main] o.s.c.support.DefaultLifecycleProcessor  : Starting beans in phase 2147483647
2025-07-04 08:55:50.500  INFO 8292 --- [           main] o.s.m.s.b.SimpleBrokerMessageHandler     : Starting...
2025-07-04 08:55:50.500  INFO 8292 --- [           main] o.s.m.s.b.SimpleBrokerMessageHandler     : BrokerAvailabilityEvent[available=true, SimpleBrokerMessageHandler [DefaultSubscriptionRegistry[cache[0 destination(s)], registry[0 sessions]]]]
2025-07-04 08:55:50.500  INFO 8292 --- [           main] o.s.m.s.b.SimpleBrokerMessageHandler     : Started.
2025-07-04 08:55:50.502 DEBUG 8292 --- [           main] o.s.w.s.resource.ResourceUrlProvider     : Looking for resource handler mappings
2025-07-04 08:55:50.503 DEBUG 8292 --- [           main] o.s.w.s.resource.ResourceUrlProvider     : Found resource handler mapping: URL pattern="/**/favicon.ico", locations=[ServletContext resource [/], class path resource [META-INF/resources/], class path resource [resources/], class path resource [static/], class path resource [public/], class path resource []], resolvers=[org.springframework.web.servlet.resource.PathResourceResolver@374712f8]
2025-07-04 08:55:50.503 DEBUG 8292 --- [           main] o.s.w.s.resource.ResourceUrlProvider     : Found resource handler mapping: URL pattern="/webjars/**", locations=[class path resource [META-INF/resources/webjars/]], resolvers=[org.springframework.web.servlet.resource.PathResourceResolver@33aa4326]
2025-07-04 08:55:50.503 DEBUG 8292 --- [           main] o.s.w.s.resource.ResourceUrlProvider     : Found resource handler mapping: URL pattern="/**", locations=[ServletContext resource [/], class path resource [META-INF/resources/], class path resource [resources/], class path resource [static/], class path resource [public/]], resolvers=[org.springframework.web.servlet.resource.PathResourceResolver@125ed27]
2025-07-04 08:55:50.503  INFO 8292 --- [           main] d.s.w.p.DocumentationPluginsBootstrapper : Context refreshed
2025-07-04 08:55:50.534  INFO 8292 --- [           main] d.s.w.p.DocumentationPluginsBootstrapper : Found {0} custom documentation plugin(s)
2025-07-04 08:55:50.541  INFO 8292 --- [           main] s.d.s.w.s.ApiListingReferenceScanner     : Scanning for api listing references
2025-07-04 08:55:50.543  INFO 8292 --- [           main] s.w.ClassOrApiAnnotationResourceGrouping : Group for method collect was collect-controller
2025-07-04 08:55:50.544  INFO 8292 --- [           main] s.d.s.w.s.ApiListingReferenceScanner     : Request mapping: collect belongs to groups: [[ResourceGroup{groupName='collect-controller', position=0, controller=com.quark.rest.controller.CollectController}]] 
2025-07-04 08:55:50.545  INFO 8292 --- [           main] s.w.ClassOrApiAnnotationResourceGrouping : Group for method list was collect-controller
2025-07-04 08:55:50.546  INFO 8292 --- [           main] s.d.s.w.s.ApiListingReferenceScanner     : Request mapping: list belongs to groups: [[ResourceGroup{groupName='collect-controller', position=0, controller=com.quark.rest.controller.CollectController}]] 
2025-07-04 08:55:50.546  INFO 8292 --- [           main] s.w.ClassOrApiAnnotationResourceGrouping : Group for method cancel was collect-controller
2025-07-04 08:55:50.546  INFO 8292 --- [           main] s.d.s.w.s.ApiListingReferenceScanner     : Request mapping: cancel belongs to groups: [[ResourceGroup{groupName='collect-controller', position=0, controller=com.quark.rest.controller.CollectController}]] 
2025-07-04 08:55:50.546  INFO 8292 --- [           main] s.w.ClassOrApiAnnotationResourceGrouping : Group for method Favorite was favorite-controller
2025-07-04 08:55:50.546  INFO 8292 --- [           main] s.d.s.w.s.ApiListingReferenceScanner     : Request mapping: Favorite belongs to groups: [[ResourceGroup{groupName='favorite-controller', position=0, controller=com.quark.rest.controller.FavoriteController}]] 
2025-07-04 08:55:50.546  INFO 8292 --- [           main] s.w.ClassOrApiAnnotationResourceGrouping : Group for method cancelFavorite was favorite-controller
2025-07-04 08:55:50.546  INFO 8292 --- [           main] s.d.s.w.s.ApiListingReferenceScanner     : Request mapping: cancelFavorite belongs to groups: [[ResourceGroup{groupName='favorite-controller', position=0, controller=com.quark.rest.controller.FavoriteController}]] 
2025-07-04 08:55:50.546  INFO 8292 --- [           main] s.w.ClassOrApiAnnotationResourceGrouping : Group for method getAllLabel was 标签接口
2025-07-04 08:55:50.546  INFO 8292 --- [           main] s.d.s.w.s.ApiListingReferenceScanner     : Request mapping: getAllLabel belongs to groups: [[ResourceGroup{groupName='标签接口', position=0, controller=com.quark.rest.controller.LabelController}]] 
2025-07-04 08:55:50.547  INFO 8292 --- [           main] s.w.ClassOrApiAnnotationResourceGrouping : Group for method deleteAllNotification was 通知消息接口
2025-07-04 08:55:50.547  INFO 8292 --- [           main] s.d.s.w.s.ApiListingReferenceScanner     : Request mapping: deleteAllNotification belongs to groups: [[ResourceGroup{groupName='通知消息接口', position=0, controller=com.quark.rest.controller.NotificationController}]] 
2025-07-04 08:55:50.547  INFO 8292 --- [           main] s.w.ClassOrApiAnnotationResourceGrouping : Group for method getAllNotification was 通知消息接口
2025-07-04 08:55:50.547  INFO 8292 --- [           main] s.d.s.w.s.ApiListingReferenceScanner     : Request mapping: getAllNotification belongs to groups: [[ResourceGroup{groupName='通知消息接口', position=0, controller=com.quark.rest.controller.NotificationController}]] 
2025-07-04 08:55:50.547  INFO 8292 --- [           main] s.w.ClassOrApiAnnotationResourceGrouping : Group for method getPostsDetail was 帖子接口
2025-07-04 08:55:50.547  INFO 8292 --- [           main] s.d.s.w.s.ApiListingReferenceScanner     : Request mapping: getPostsDetail belongs to groups: [[ResourceGroup{groupName='帖子接口', position=0, controller=com.quark.rest.controller.PostsController}]] 
2025-07-04 08:55:50.547  INFO 8292 --- [           main] s.w.ClassOrApiAnnotationResourceGrouping : Group for method GetPostsByLabel was 帖子接口
2025-07-04 08:55:50.547  INFO 8292 --- [           main] s.d.s.w.s.ApiListingReferenceScanner     : Request mapping: GetPostsByLabel belongs to groups: [[ResourceGroup{groupName='帖子接口', position=0, controller=com.quark.rest.controller.PostsController}]] 
2025-07-04 08:55:50.548  INFO 8292 --- [           main] s.w.ClassOrApiAnnotationResourceGrouping : Group for method GetPosts was 帖子接口
2025-07-04 08:55:50.548  INFO 8292 --- [           main] s.d.s.w.s.ApiListingReferenceScanner     : Request mapping: GetPosts belongs to groups: [[ResourceGroup{groupName='帖子接口', position=0, controller=com.quark.rest.controller.PostsController}]] 
2025-07-04 08:55:50.548  INFO 8292 --- [           main] s.w.ClassOrApiAnnotationResourceGrouping : Group for method CreatePosts was 帖子接口
2025-07-04 08:55:50.548  INFO 8292 --- [           main] s.d.s.w.s.ApiListingReferenceScanner     : Request mapping: CreatePosts belongs to groups: [[ResourceGroup{groupName='帖子接口', position=0, controller=com.quark.rest.controller.PostsController}]] 
2025-07-04 08:55:50.548  INFO 8292 --- [           main] s.w.ClassOrApiAnnotationResourceGrouping : Group for method getNewUser was 排行榜接口
2025-07-04 08:55:50.548  INFO 8292 --- [           main] s.d.s.w.s.ApiListingReferenceScanner     : Request mapping: getNewUser belongs to groups: [[ResourceGroup{groupName='排行榜接口', position=0, controller=com.quark.rest.controller.RankController}]] 
2025-07-04 08:55:50.548  INFO 8292 --- [           main] s.w.ClassOrApiAnnotationResourceGrouping : Group for method getTotPosts was 排行榜接口
2025-07-04 08:55:50.548  INFO 8292 --- [           main] s.d.s.w.s.ApiListingReferenceScanner     : Request mapping: getTotPosts belongs to groups: [[ResourceGroup{groupName='排行榜接口', position=0, controller=com.quark.rest.controller.RankController}]] 
2025-07-04 08:55:50.548  INFO 8292 --- [           main] s.w.ClassOrApiAnnotationResourceGrouping : Group for method CreateReply was 回复接口
2025-07-04 08:55:50.548  INFO 8292 --- [           main] s.d.s.w.s.ApiListingReferenceScanner     : Request mapping: CreateReply belongs to groups: [[ResourceGroup{groupName='回复接口', position=0, controller=com.quark.rest.controller.ReplyController}]] 
2025-07-04 08:55:50.548  INFO 8292 --- [           main] s.w.ClassOrApiAnnotationResourceGrouping : Group for method upload was 文件上传接口
2025-07-04 08:55:50.548  INFO 8292 --- [           main] s.d.s.w.s.ApiListingReferenceScanner     : Request mapping: upload belongs to groups: [[ResourceGroup{groupName='文件上传接口', position=0, controller=com.quark.rest.controller.UploadController}]] 
2025-07-04 08:55:50.548  INFO 8292 --- [           main] s.w.ClassOrApiAnnotationResourceGrouping : Group for method iconUpload was 文件上传接口
2025-07-04 08:55:50.548  INFO 8292 --- [           main] s.d.s.w.s.ApiListingReferenceScanner     : Request mapping: iconUpload belongs to groups: [[ResourceGroup{groupName='文件上传接口', position=0, controller=com.quark.rest.controller.UploadController}]] 
2025-07-04 08:55:50.548  INFO 8292 --- [           main] s.w.ClassOrApiAnnotationResourceGrouping : Group for method getUserById was 用户接口
2025-07-04 08:55:50.548  INFO 8292 --- [           main] s.d.s.w.s.ApiListingReferenceScanner     : Request mapping: getUserById belongs to groups: [[ResourceGroup{groupName='用户接口', position=0, controller=com.quark.rest.controller.UserController}]] 
2025-07-04 08:55:50.548  INFO 8292 --- [           main] s.w.ClassOrApiAnnotationResourceGrouping : Group for method Login was 用户接口
2025-07-04 08:55:50.548  INFO 8292 --- [           main] s.d.s.w.s.ApiListingReferenceScanner     : Request mapping: Login belongs to groups: [[ResourceGroup{groupName='用户接口', position=0, controller=com.quark.rest.controller.UserController}]] 
2025-07-04 08:55:50.548  INFO 8292 --- [           main] s.w.ClassOrApiAnnotationResourceGrouping : Group for method logout was 用户接口
2025-07-04 08:55:50.548  INFO 8292 --- [           main] s.d.s.w.s.ApiListingReferenceScanner     : Request mapping: logout belongs to groups: [[ResourceGroup{groupName='用户接口', position=0, controller=com.quark.rest.controller.UserController}]] 
2025-07-04 08:55:50.549  INFO 8292 --- [           main] s.w.ClassOrApiAnnotationResourceGrouping : Group for method getUserAndMessageByToken was 用户接口
2025-07-04 08:55:50.549  INFO 8292 --- [           main] s.d.s.w.s.ApiListingReferenceScanner     : Request mapping: getUserAndMessageByToken belongs to groups: [[ResourceGroup{groupName='用户接口', position=0, controller=com.quark.rest.controller.UserController}]] 
2025-07-04 08:55:50.549  INFO 8292 --- [           main] s.w.ClassOrApiAnnotationResourceGrouping : Group for method updatePassword was 用户接口
2025-07-04 08:55:50.549  INFO 8292 --- [           main] s.d.s.w.s.ApiListingReferenceScanner     : Request mapping: updatePassword belongs to groups: [[ResourceGroup{groupName='用户接口', position=0, controller=com.quark.rest.controller.UserController}]] 
2025-07-04 08:55:50.549  INFO 8292 --- [           main] s.w.ClassOrApiAnnotationResourceGrouping : Group for method updateUserSchool was 用户接口
2025-07-04 08:55:50.549  INFO 8292 --- [           main] s.d.s.w.s.ApiListingReferenceScanner     : Request mapping: updateUserSchool belongs to groups: [[ResourceGroup{groupName='用户接口', position=0, controller=com.quark.rest.controller.UserController}]] 
2025-07-04 08:55:50.549  INFO 8292 --- [           main] s.w.ClassOrApiAnnotationResourceGrouping : Group for method getUserByToken was 用户接口
2025-07-04 08:55:50.549  INFO 8292 --- [           main] s.d.s.w.s.ApiListingReferenceScanner     : Request mapping: getUserByToken belongs to groups: [[ResourceGroup{groupName='用户接口', position=0, controller=com.quark.rest.controller.UserController}]] 
2025-07-04 08:55:50.549  INFO 8292 --- [           main] s.w.ClassOrApiAnnotationResourceGrouping : Group for method updateUser was 用户接口
2025-07-04 08:55:50.549  INFO 8292 --- [           main] s.d.s.w.s.ApiListingReferenceScanner     : Request mapping: updateUser belongs to groups: [[ResourceGroup{groupName='用户接口', position=0, controller=com.quark.rest.controller.UserController}]] 
2025-07-04 08:55:50.549  INFO 8292 --- [           main] s.w.ClassOrApiAnnotationResourceGrouping : Group for method checkUserName was 用户接口
2025-07-04 08:55:50.549  INFO 8292 --- [           main] s.d.s.w.s.ApiListingReferenceScanner     : Request mapping: checkUserName belongs to groups: [[ResourceGroup{groupName='用户接口', position=0, controller=com.quark.rest.controller.UserController}]] 
2025-07-04 08:55:50.554  INFO 8292 --- [           main] s.d.s.w.s.ApiListingReferenceScanner     : Created resource listing Path: /default/标签接口 Description: 标签接口 Position: 0
2025-07-04 08:55:50.555  INFO 8292 --- [           main] s.d.s.w.s.ApiListingReferenceScanner     : Created resource listing Path: /default/favorite-controller Description: favorite-controller Position: 0
2025-07-04 08:55:50.555  INFO 8292 --- [           main] s.d.s.w.s.ApiListingReferenceScanner     : Created resource listing Path: /default/通知消息接口 Description: 通知消息接口 Position: 0
2025-07-04 08:55:50.555  INFO 8292 --- [           main] s.d.s.w.s.ApiListingReferenceScanner     : Created resource listing Path: /default/回复接口 Description: 回复接口 Position: 0
2025-07-04 08:55:50.555  INFO 8292 --- [           main] s.d.s.w.s.ApiListingReferenceScanner     : Created resource listing Path: /default/collect-controller Description: collect-controller Position: 0
2025-07-04 08:55:50.555  INFO 8292 --- [           main] s.d.s.w.s.ApiListingReferenceScanner     : Created resource listing Path: /default/排行榜接口 Description: 排行榜接口 Position: 0
2025-07-04 08:55:50.555  INFO 8292 --- [           main] s.d.s.w.s.ApiListingReferenceScanner     : Created resource listing Path: /default/用户接口 Description: 用户接口 Position: 0
2025-07-04 08:55:50.555  INFO 8292 --- [           main] s.d.s.w.s.ApiListingReferenceScanner     : Created resource listing Path: /default/文件上传接口 Description: 文件上传接口 Position: 0
2025-07-04 08:55:50.555  INFO 8292 --- [           main] s.d.s.w.s.ApiListingReferenceScanner     : Created resource listing Path: /default/帖子接口 Description: 帖子接口 Position: 0
2025-07-04 08:55:50.568  INFO 8292 --- [           main] s.d.schema.ModelContextKeyGenerator      : Cache Key Generated: com.quark.common.dto.QuarkResult(true)
2025-07-04 08:55:50.568  INFO 8292 --- [           main] s.d.spring.web.caching.CachingAspect     : Caching aspect applied for cache models with key com.quark.common.dto.QuarkResult(true)
2025-07-04 08:55:50.572  INFO 8292 --- [           main] s.d.s.p.ModelPropertiesKeyGenerator      : Cache key generated: com.quark.common.dto.QuarkResult(true)
2025-07-04 08:55:50.573  INFO 8292 --- [           main] s.d.spring.web.caching.CachingAspect     : Caching aspect applied for cache modelProperties with key com.quark.common.dto.QuarkResult(true)
2025-07-04 08:55:50.585  INFO 8292 --- [           main] s.d.schema.ModelContextKeyGenerator      : Cache Key Generated: com.quark.common.dto.QuarkResult(true)
2025-07-04 08:55:50.586  INFO 8292 --- [           main] s.d.spring.web.caching.CachingAspect     : Caching aspect applied for cache modelDependencies with key com.quark.common.dto.QuarkResult(true)
2025-07-04 08:55:50.587  INFO 8292 --- [           main] s.d.s.p.ModelPropertiesKeyGenerator      : Cache key generated: com.quark.common.dto.QuarkResult(true)
2025-07-04 08:55:50.587  INFO 8292 --- [           main] s.d.spring.web.caching.CachingAspect     : Caching aspect applied for cache modelProperties with key com.quark.common.dto.QuarkResult(true)
2025-07-04 08:55:50.589  INFO 8292 --- [           main] s.d.spring.web.OperationsKeyGenerator    : Cache key generated: /collects.com.quark.rest.controller.CollectController.cancel.DefaultGenericTypeNamingStrategy
2025-07-04 08:55:50.589  INFO 8292 --- [           main] s.d.spring.web.caching.CachingAspect     : Caching aspect applied for cache operations with key /collects.com.quark.rest.controller.CollectController.cancel.DefaultGenericTypeNamingStrategy
2025-07-04 08:55:50.599  INFO 8292 --- [           main] s.w.ClassOrApiAnnotationResourceGrouping : Group for method cancel was collect-controller
2025-07-04 08:55:50.600  INFO 8292 --- [           main] s.w.ClassOrApiAnnotationResourceGrouping : Group for method cancel was collect-controller
2025-07-04 08:55:50.603  INFO 8292 --- [           main] s.d.schema.ModelContextKeyGenerator      : Cache Key Generated: com.quark.common.dto.QuarkResult(true)
2025-07-04 08:55:50.603  INFO 8292 --- [           main] s.d.spring.web.caching.CachingAspect     : Caching aspect applied for cache models with key com.quark.common.dto.QuarkResult(true)
2025-07-04 08:55:50.603  INFO 8292 --- [           main] s.d.schema.ModelContextKeyGenerator      : Cache Key Generated: com.quark.common.dto.QuarkResult(true)
2025-07-04 08:55:50.603  INFO 8292 --- [           main] s.d.spring.web.caching.CachingAspect     : Caching aspect applied for cache modelDependencies with key com.quark.common.dto.QuarkResult(true)
2025-07-04 08:55:50.603  INFO 8292 --- [           main] s.d.spring.web.OperationsKeyGenerator    : Cache key generated: /collects.com.quark.rest.controller.CollectController.collect.DefaultGenericTypeNamingStrategy
2025-07-04 08:55:50.603  INFO 8292 --- [           main] s.d.spring.web.caching.CachingAspect     : Caching aspect applied for cache operations with key /collects.com.quark.rest.controller.CollectController.collect.DefaultGenericTypeNamingStrategy
2025-07-04 08:55:50.605  INFO 8292 --- [           main] s.w.ClassOrApiAnnotationResourceGrouping : Group for method collect was collect-controller
2025-07-04 08:55:50.606  INFO 8292 --- [           main] s.w.ClassOrApiAnnotationResourceGrouping : Group for method collect was collect-controller
2025-07-04 08:55:50.606  INFO 8292 --- [           main] s.d.schema.ModelContextKeyGenerator      : Cache Key Generated: com.quark.common.dto.QuarkResult(true)
2025-07-04 08:55:50.606  INFO 8292 --- [           main] s.d.spring.web.caching.CachingAspect     : Caching aspect applied for cache models with key com.quark.common.dto.QuarkResult(true)
2025-07-04 08:55:50.606  INFO 8292 --- [           main] s.d.schema.ModelContextKeyGenerator      : Cache Key Generated: com.quark.common.dto.QuarkResult(true)
2025-07-04 08:55:50.606  INFO 8292 --- [           main] s.d.spring.web.caching.CachingAspect     : Caching aspect applied for cache modelDependencies with key com.quark.common.dto.QuarkResult(true)
2025-07-04 08:55:50.606  INFO 8292 --- [           main] s.d.spring.web.OperationsKeyGenerator    : Cache key generated: /collects.com.quark.rest.controller.CollectController.list.DefaultGenericTypeNamingStrategy
2025-07-04 08:55:50.606  INFO 8292 --- [           main] s.d.spring.web.caching.CachingAspect     : Caching aspect applied for cache operations with key /collects.com.quark.rest.controller.CollectController.list.DefaultGenericTypeNamingStrategy
2025-07-04 08:55:50.608  INFO 8292 --- [           main] s.w.ClassOrApiAnnotationResourceGrouping : Group for method list was collect-controller
2025-07-04 08:55:50.608  INFO 8292 --- [           main] s.w.ClassOrApiAnnotationResourceGrouping : Group for method list was collect-controller
2025-07-04 08:55:50.618  INFO 8292 --- [           main] s.d.schema.ModelContextKeyGenerator      : Cache Key Generated: com.quark.common.dto.QuarkResult(true)
2025-07-04 08:55:50.618  INFO 8292 --- [           main] s.d.spring.web.caching.CachingAspect     : Caching aspect applied for cache models with key com.quark.common.dto.QuarkResult(true)
2025-07-04 08:55:50.618  INFO 8292 --- [           main] s.d.schema.ModelContextKeyGenerator      : Cache Key Generated: com.quark.common.dto.QuarkResult(true)
2025-07-04 08:55:50.618  INFO 8292 --- [           main] s.d.spring.web.caching.CachingAspect     : Caching aspect applied for cache modelDependencies with key com.quark.common.dto.QuarkResult(true)
2025-07-04 08:55:50.618  INFO 8292 --- [           main] s.d.spring.web.OperationsKeyGenerator    : Cache key generated: /favorites.com.quark.rest.controller.FavoriteController.Favorite.DefaultGenericTypeNamingStrategy
2025-07-04 08:55:50.618  INFO 8292 --- [           main] s.d.spring.web.caching.CachingAspect     : Caching aspect applied for cache operations with key /favorites.com.quark.rest.controller.FavoriteController.Favorite.DefaultGenericTypeNamingStrategy
2025-07-04 08:55:50.619  INFO 8292 --- [           main] s.w.ClassOrApiAnnotationResourceGrouping : Group for method Favorite was favorite-controller
2025-07-04 08:55:50.620  INFO 8292 --- [           main] s.w.ClassOrApiAnnotationResourceGrouping : Group for method Favorite was favorite-controller
2025-07-04 08:55:50.621  INFO 8292 --- [           main] s.d.schema.ModelContextKeyGenerator      : Cache Key Generated: com.quark.common.dto.QuarkResult(true)
2025-07-04 08:55:50.621  INFO 8292 --- [           main] s.d.spring.web.caching.CachingAspect     : Caching aspect applied for cache models with key com.quark.common.dto.QuarkResult(true)
2025-07-04 08:55:50.621  INFO 8292 --- [           main] s.d.schema.ModelContextKeyGenerator      : Cache Key Generated: com.quark.common.dto.QuarkResult(true)
2025-07-04 08:55:50.621  INFO 8292 --- [           main] s.d.spring.web.caching.CachingAspect     : Caching aspect applied for cache modelDependencies with key com.quark.common.dto.QuarkResult(true)
2025-07-04 08:55:50.621  INFO 8292 --- [           main] s.d.spring.web.OperationsKeyGenerator    : Cache key generated: /favorites.com.quark.rest.controller.FavoriteController.cancelFavorite.DefaultGenericTypeNamingStrategy
2025-07-04 08:55:50.621  INFO 8292 --- [           main] s.d.spring.web.caching.CachingAspect     : Caching aspect applied for cache operations with key /favorites.com.quark.rest.controller.FavoriteController.cancelFavorite.DefaultGenericTypeNamingStrategy
2025-07-04 08:55:50.622  INFO 8292 --- [           main] s.w.ClassOrApiAnnotationResourceGrouping : Group for method cancelFavorite was favorite-controller
2025-07-04 08:55:50.623  INFO 8292 --- [           main] s.w.ClassOrApiAnnotationResourceGrouping : Group for method cancelFavorite was favorite-controller
2025-07-04 08:55:50.624  INFO 8292 --- [           main] s.d.schema.ModelContextKeyGenerator      : Cache Key Generated: com.quark.common.dto.QuarkResult(true)
2025-07-04 08:55:50.624  INFO 8292 --- [           main] s.d.spring.web.caching.CachingAspect     : Caching aspect applied for cache models with key com.quark.common.dto.QuarkResult(true)
2025-07-04 08:55:50.624  INFO 8292 --- [           main] s.d.schema.ModelContextKeyGenerator      : Cache Key Generated: com.quark.common.dto.QuarkResult(true)
2025-07-04 08:55:50.624  INFO 8292 --- [           main] s.d.spring.web.caching.CachingAspect     : Caching aspect applied for cache modelDependencies with key com.quark.common.dto.QuarkResult(true)
2025-07-04 08:55:50.624  INFO 8292 --- [           main] s.d.spring.web.OperationsKeyGenerator    : Cache key generated: /reply.com.quark.rest.controller.ReplyController.CreateReply.DefaultGenericTypeNamingStrategy
2025-07-04 08:55:50.624  INFO 8292 --- [           main] s.d.spring.web.caching.CachingAspect     : Caching aspect applied for cache operations with key /reply.com.quark.rest.controller.ReplyController.CreateReply.DefaultGenericTypeNamingStrategy
2025-07-04 08:55:50.625  INFO 8292 --- [           main] s.w.ClassOrApiAnnotationResourceGrouping : Group for method CreateReply was 回复接口
2025-07-04 08:55:50.626  INFO 8292 --- [           main] s.w.ClassOrApiAnnotationResourceGrouping : Group for method CreateReply was 回复接口
2025-07-04 08:55:50.629  INFO 8292 --- [           main] s.d.schema.ModelContextKeyGenerator      : Cache Key Generated: com.quark.common.dto.QuarkResult(true)
2025-07-04 08:55:50.629  INFO 8292 --- [           main] s.d.spring.web.caching.CachingAspect     : Caching aspect applied for cache models with key com.quark.common.dto.QuarkResult(true)
2025-07-04 08:55:50.629  INFO 8292 --- [           main] s.d.schema.ModelContextKeyGenerator      : Cache Key Generated: com.quark.common.dto.QuarkResult(true)
2025-07-04 08:55:50.629  INFO 8292 --- [           main] s.d.spring.web.caching.CachingAspect     : Caching aspect applied for cache modelDependencies with key com.quark.common.dto.QuarkResult(true)
2025-07-04 08:55:50.629  INFO 8292 --- [           main] s.d.spring.web.OperationsKeyGenerator    : Cache key generated: /posts.com.quark.rest.controller.PostsController.CreatePosts.DefaultGenericTypeNamingStrategy
2025-07-04 08:55:50.629  INFO 8292 --- [           main] s.d.spring.web.caching.CachingAspect     : Caching aspect applied for cache operations with key /posts.com.quark.rest.controller.PostsController.CreatePosts.DefaultGenericTypeNamingStrategy
2025-07-04 08:55:50.632  INFO 8292 --- [           main] s.w.ClassOrApiAnnotationResourceGrouping : Group for method CreatePosts was 帖子接口
2025-07-04 08:55:50.632  INFO 8292 --- [           main] s.w.ClassOrApiAnnotationResourceGrouping : Group for method CreatePosts was 帖子接口
2025-07-04 08:55:50.633  INFO 8292 --- [           main] s.d.schema.ModelContextKeyGenerator      : Cache Key Generated: com.quark.common.dto.QuarkResult(true)
2025-07-04 08:55:50.633  INFO 8292 --- [           main] s.d.spring.web.caching.CachingAspect     : Caching aspect applied for cache models with key com.quark.common.dto.QuarkResult(true)
2025-07-04 08:55:50.633  INFO 8292 --- [           main] s.d.schema.ModelContextKeyGenerator      : Cache Key Generated: com.quark.common.dto.QuarkResult(true)
2025-07-04 08:55:50.633  INFO 8292 --- [           main] s.d.spring.web.caching.CachingAspect     : Caching aspect applied for cache modelDependencies with key com.quark.common.dto.QuarkResult(true)
2025-07-04 08:55:50.633  INFO 8292 --- [           main] s.d.spring.web.OperationsKeyGenerator    : Cache key generated: /posts.com.quark.rest.controller.PostsController.GetPosts.DefaultGenericTypeNamingStrategy
2025-07-04 08:55:50.633  INFO 8292 --- [           main] s.d.spring.web.caching.CachingAspect     : Caching aspect applied for cache operations with key /posts.com.quark.rest.controller.PostsController.GetPosts.DefaultGenericTypeNamingStrategy
2025-07-04 08:55:50.636  INFO 8292 --- [           main] s.w.ClassOrApiAnnotationResourceGrouping : Group for method GetPosts was 帖子接口
2025-07-04 08:55:50.638  INFO 8292 --- [           main] s.w.ClassOrApiAnnotationResourceGrouping : Group for method GetPosts was 帖子接口
2025-07-04 08:55:50.638  INFO 8292 --- [           main] s.d.schema.ModelContextKeyGenerator      : Cache Key Generated: com.quark.common.dto.QuarkResult(true)
2025-07-04 08:55:50.638  INFO 8292 --- [           main] s.d.spring.web.caching.CachingAspect     : Caching aspect applied for cache models with key com.quark.common.dto.QuarkResult(true)
2025-07-04 08:55:50.638  INFO 8292 --- [           main] s.d.schema.ModelContextKeyGenerator      : Cache Key Generated: com.quark.common.dto.QuarkResult(true)
2025-07-04 08:55:50.638  INFO 8292 --- [           main] s.d.spring.web.caching.CachingAspect     : Caching aspect applied for cache modelDependencies with key com.quark.common.dto.QuarkResult(true)
2025-07-04 08:55:50.638  INFO 8292 --- [           main] s.d.spring.web.OperationsKeyGenerator    : Cache key generated: /posts/label/{labelid}.com.quark.rest.controller.PostsController.GetPostsByLabel.DefaultGenericTypeNamingStrategy
2025-07-04 08:55:50.638  INFO 8292 --- [           main] s.d.spring.web.caching.CachingAspect     : Caching aspect applied for cache operations with key /posts/label/{labelid}.com.quark.rest.controller.PostsController.GetPostsByLabel.DefaultGenericTypeNamingStrategy
2025-07-04 08:55:50.640  INFO 8292 --- [           main] s.w.ClassOrApiAnnotationResourceGrouping : Group for method GetPostsByLabel was 帖子接口
2025-07-04 08:55:50.641  INFO 8292 --- [           main] s.w.ClassOrApiAnnotationResourceGrouping : Group for method GetPostsByLabel was 帖子接口
2025-07-04 08:55:50.642  INFO 8292 --- [           main] s.d.schema.ModelContextKeyGenerator      : Cache Key Generated: com.quark.common.dto.QuarkResult(true)
2025-07-04 08:55:50.642  INFO 8292 --- [           main] s.d.spring.web.caching.CachingAspect     : Caching aspect applied for cache models with key com.quark.common.dto.QuarkResult(true)
2025-07-04 08:55:50.642  INFO 8292 --- [           main] s.d.schema.ModelContextKeyGenerator      : Cache Key Generated: com.quark.common.dto.QuarkResult(true)
2025-07-04 08:55:50.642  INFO 8292 --- [           main] s.d.spring.web.caching.CachingAspect     : Caching aspect applied for cache modelDependencies with key com.quark.common.dto.QuarkResult(true)
2025-07-04 08:55:50.642  INFO 8292 --- [           main] s.d.spring.web.OperationsKeyGenerator    : Cache key generated: /posts/detail/{postsid}.com.quark.rest.controller.PostsController.getPostsDetail.DefaultGenericTypeNamingStrategy
2025-07-04 08:55:50.642  INFO 8292 --- [           main] s.d.spring.web.caching.CachingAspect     : Caching aspect applied for cache operations with key /posts/detail/{postsid}.com.quark.rest.controller.PostsController.getPostsDetail.DefaultGenericTypeNamingStrategy
2025-07-04 08:55:50.644  INFO 8292 --- [           main] s.w.ClassOrApiAnnotationResourceGrouping : Group for method getPostsDetail was 帖子接口
2025-07-04 08:55:50.644  INFO 8292 --- [           main] s.w.ClassOrApiAnnotationResourceGrouping : Group for method getPostsDetail was 帖子接口
2025-07-04 08:55:50.645  INFO 8292 --- [           main] s.d.schema.ModelContextKeyGenerator      : Cache Key Generated: com.quark.common.dto.QuarkResult(true)
2025-07-04 08:55:50.645  INFO 8292 --- [           main] s.d.spring.web.caching.CachingAspect     : Caching aspect applied for cache models with key com.quark.common.dto.QuarkResult(true)
2025-07-04 08:55:50.645  INFO 8292 --- [           main] s.d.schema.ModelContextKeyGenerator      : Cache Key Generated: com.quark.common.dto.QuarkResult(true)
2025-07-04 08:55:50.645  INFO 8292 --- [           main] s.d.spring.web.caching.CachingAspect     : Caching aspect applied for cache modelDependencies with key com.quark.common.dto.QuarkResult(true)
2025-07-04 08:55:50.645  INFO 8292 --- [           main] s.d.spring.web.OperationsKeyGenerator    : Cache key generated: /rank/newUsers.com.quark.rest.controller.RankController.getNewUser.DefaultGenericTypeNamingStrategy
2025-07-04 08:55:50.645  INFO 8292 --- [           main] s.d.spring.web.caching.CachingAspect     : Caching aspect applied for cache operations with key /rank/newUsers.com.quark.rest.controller.RankController.getNewUser.DefaultGenericTypeNamingStrategy
2025-07-04 08:55:50.645  INFO 8292 --- [           main] s.w.ClassOrApiAnnotationResourceGrouping : Group for method getNewUser was 排行榜接口
2025-07-04 08:55:50.645  INFO 8292 --- [           main] s.w.ClassOrApiAnnotationResourceGrouping : Group for method getNewUser was 排行榜接口
2025-07-04 08:55:50.646  INFO 8292 --- [           main] s.d.schema.ModelContextKeyGenerator      : Cache Key Generated: com.quark.common.dto.QuarkResult(true)
2025-07-04 08:55:50.646  INFO 8292 --- [           main] s.d.spring.web.caching.CachingAspect     : Caching aspect applied for cache models with key com.quark.common.dto.QuarkResult(true)
2025-07-04 08:55:50.646  INFO 8292 --- [           main] s.d.schema.ModelContextKeyGenerator      : Cache Key Generated: com.quark.common.dto.QuarkResult(true)
2025-07-04 08:55:50.646  INFO 8292 --- [           main] s.d.spring.web.caching.CachingAspect     : Caching aspect applied for cache modelDependencies with key com.quark.common.dto.QuarkResult(true)
2025-07-04 08:55:50.646  INFO 8292 --- [           main] s.d.spring.web.OperationsKeyGenerator    : Cache key generated: /rank/topPosts.com.quark.rest.controller.RankController.getTotPosts.DefaultGenericTypeNamingStrategy
2025-07-04 08:55:50.646  INFO 8292 --- [           main] s.d.spring.web.caching.CachingAspect     : Caching aspect applied for cache operations with key /rank/topPosts.com.quark.rest.controller.RankController.getTotPosts.DefaultGenericTypeNamingStrategy
2025-07-04 08:55:50.646  INFO 8292 --- [           main] s.w.ClassOrApiAnnotationResourceGrouping : Group for method getTotPosts was 排行榜接口
2025-07-04 08:55:50.646  INFO 8292 --- [           main] s.w.ClassOrApiAnnotationResourceGrouping : Group for method getTotPosts was 排行榜接口
2025-07-04 08:55:50.646  INFO 8292 --- [           main] s.d.schema.ModelContextKeyGenerator      : Cache Key Generated: com.quark.common.dto.UploadResult(true)
2025-07-04 08:55:50.647  INFO 8292 --- [           main] s.d.spring.web.caching.CachingAspect     : Caching aspect applied for cache models with key com.quark.common.dto.UploadResult(true)
2025-07-04 08:55:50.647  INFO 8292 --- [           main] s.d.s.p.ModelPropertiesKeyGenerator      : Cache key generated: com.quark.common.dto.UploadResult(true)
2025-07-04 08:55:50.647  INFO 8292 --- [           main] s.d.spring.web.caching.CachingAspect     : Caching aspect applied for cache modelProperties with key com.quark.common.dto.UploadResult(true)
2025-07-04 08:55:50.647  INFO 8292 --- [           main] s.d.schema.ModelContextKeyGenerator      : Cache Key Generated: com.quark.common.dto.UploadResult(true)
2025-07-04 08:55:50.647  INFO 8292 --- [           main] s.d.spring.web.caching.CachingAspect     : Caching aspect applied for cache modelDependencies with key com.quark.common.dto.UploadResult(true)
2025-07-04 08:55:50.648  INFO 8292 --- [           main] s.d.s.p.ModelPropertiesKeyGenerator      : Cache key generated: com.quark.common.dto.UploadResult(true)
2025-07-04 08:55:50.648  INFO 8292 --- [           main] s.d.spring.web.caching.CachingAspect     : Caching aspect applied for cache modelProperties with key com.quark.common.dto.UploadResult(true)
2025-07-04 08:55:50.648  INFO 8292 --- [           main] s.d.s.p.ModelPropertiesKeyGenerator      : Cache key generated: com.quark.common.dto.UploadResult$Data(true)
2025-07-04 08:55:50.648  INFO 8292 --- [           main] s.d.spring.web.caching.CachingAspect     : Caching aspect applied for cache modelProperties with key com.quark.common.dto.UploadResult$Data(true)
2025-07-04 08:55:50.648  INFO 8292 --- [           main] s.d.s.p.ModelPropertiesKeyGenerator      : Cache key generated: com.quark.common.dto.UploadResult$Data(true)
2025-07-04 08:55:50.648  INFO 8292 --- [           main] s.d.spring.web.caching.CachingAspect     : Caching aspect applied for cache modelProperties with key com.quark.common.dto.UploadResult$Data(true)
2025-07-04 08:55:50.648  INFO 8292 --- [           main] s.d.spring.web.OperationsKeyGenerator    : Cache key generated: /upload/usericon/{token}.com.quark.rest.controller.UploadController.iconUpload.DefaultGenericTypeNamingStrategy
2025-07-04 08:55:50.648  INFO 8292 --- [           main] s.d.spring.web.caching.CachingAspect     : Caching aspect applied for cache operations with key /upload/usericon/{token}.com.quark.rest.controller.UploadController.iconUpload.DefaultGenericTypeNamingStrategy
2025-07-04 08:55:50.650  INFO 8292 --- [           main] s.w.ClassOrApiAnnotationResourceGrouping : Group for method iconUpload was 文件上传接口
2025-07-04 08:55:50.650  INFO 8292 --- [           main] s.w.ClassOrApiAnnotationResourceGrouping : Group for method iconUpload was 文件上传接口
2025-07-04 08:55:50.650  INFO 8292 --- [           main] s.d.schema.ModelContextKeyGenerator      : Cache Key Generated: com.quark.common.dto.UploadResult(true)
2025-07-04 08:55:50.651  INFO 8292 --- [           main] s.d.spring.web.caching.CachingAspect     : Caching aspect applied for cache models with key com.quark.common.dto.UploadResult(true)
2025-07-04 08:55:50.651  INFO 8292 --- [           main] s.d.schema.ModelContextKeyGenerator      : Cache Key Generated: com.quark.common.dto.UploadResult(true)
2025-07-04 08:55:50.651  INFO 8292 --- [           main] s.d.spring.web.caching.CachingAspect     : Caching aspect applied for cache modelDependencies with key com.quark.common.dto.UploadResult(true)
2025-07-04 08:55:50.651  INFO 8292 --- [           main] s.d.s.p.ModelPropertiesKeyGenerator      : Cache key generated: com.quark.common.dto.UploadResult$Data(true)
2025-07-04 08:55:50.651  INFO 8292 --- [           main] s.d.spring.web.caching.CachingAspect     : Caching aspect applied for cache modelProperties with key com.quark.common.dto.UploadResult$Data(true)
2025-07-04 08:55:50.651  INFO 8292 --- [           main] s.d.spring.web.OperationsKeyGenerator    : Cache key generated: /upload/image.com.quark.rest.controller.UploadController.upload.DefaultGenericTypeNamingStrategy
2025-07-04 08:55:50.651  INFO 8292 --- [           main] s.d.spring.web.caching.CachingAspect     : Caching aspect applied for cache operations with key /upload/image.com.quark.rest.controller.UploadController.upload.DefaultGenericTypeNamingStrategy
2025-07-04 08:55:50.652  INFO 8292 --- [           main] s.w.ClassOrApiAnnotationResourceGrouping : Group for method upload was 文件上传接口
2025-07-04 08:55:50.655  INFO 8292 --- [           main] s.w.ClassOrApiAnnotationResourceGrouping : Group for method upload was 文件上传接口
2025-07-04 08:55:50.656  INFO 8292 --- [           main] s.d.schema.ModelContextKeyGenerator      : Cache Key Generated: com.quark.common.dto.QuarkResult(true)
2025-07-04 08:55:50.656  INFO 8292 --- [           main] s.d.spring.web.caching.CachingAspect     : Caching aspect applied for cache models with key com.quark.common.dto.QuarkResult(true)
2025-07-04 08:55:50.656  INFO 8292 --- [           main] s.d.schema.ModelContextKeyGenerator      : Cache Key Generated: com.quark.common.dto.QuarkResult(true)
2025-07-04 08:55:50.656  INFO 8292 --- [           main] s.d.spring.web.caching.CachingAspect     : Caching aspect applied for cache modelDependencies with key com.quark.common.dto.QuarkResult(true)
2025-07-04 08:55:50.656  INFO 8292 --- [           main] s.d.spring.web.OperationsKeyGenerator    : Cache key generated: /label.com.quark.rest.controller.LabelController.getAllLabel.DefaultGenericTypeNamingStrategy
2025-07-04 08:55:50.656  INFO 8292 --- [           main] s.d.spring.web.caching.CachingAspect     : Caching aspect applied for cache operations with key /label.com.quark.rest.controller.LabelController.getAllLabel.DefaultGenericTypeNamingStrategy
2025-07-04 08:55:50.657  INFO 8292 --- [           main] s.w.ClassOrApiAnnotationResourceGrouping : Group for method getAllLabel was 标签接口
2025-07-04 08:55:50.657  INFO 8292 --- [           main] s.w.ClassOrApiAnnotationResourceGrouping : Group for method getAllLabel was 标签接口
2025-07-04 08:55:50.659  INFO 8292 --- [           main] s.d.schema.ModelContextKeyGenerator      : Cache Key Generated: com.quark.common.dto.QuarkResult(true)
2025-07-04 08:55:50.659  INFO 8292 --- [           main] s.d.spring.web.caching.CachingAspect     : Caching aspect applied for cache models with key com.quark.common.dto.QuarkResult(true)
2025-07-04 08:55:50.659  INFO 8292 --- [           main] s.d.schema.ModelContextKeyGenerator      : Cache Key Generated: com.quark.common.dto.QuarkResult(true)
2025-07-04 08:55:50.659  INFO 8292 --- [           main] s.d.spring.web.caching.CachingAspect     : Caching aspect applied for cache modelDependencies with key com.quark.common.dto.QuarkResult(true)
2025-07-04 08:55:50.659  INFO 8292 --- [           main] s.d.spring.web.OperationsKeyGenerator    : Cache key generated: /user/login.com.quark.rest.controller.UserController.Login.DefaultGenericTypeNamingStrategy
2025-07-04 08:55:50.659  INFO 8292 --- [           main] s.d.spring.web.caching.CachingAspect     : Caching aspect applied for cache operations with key /user/login.com.quark.rest.controller.UserController.Login.DefaultGenericTypeNamingStrategy
2025-07-04 08:55:50.661  INFO 8292 --- [           main] s.w.ClassOrApiAnnotationResourceGrouping : Group for method Login was 用户接口
2025-07-04 08:55:50.661  INFO 8292 --- [           main] s.w.ClassOrApiAnnotationResourceGrouping : Group for method Login was 用户接口
2025-07-04 08:55:50.662  INFO 8292 --- [           main] s.d.schema.ModelContextKeyGenerator      : Cache Key Generated: com.quark.common.dto.QuarkResult(true)
2025-07-04 08:55:50.662  INFO 8292 --- [           main] s.d.spring.web.caching.CachingAspect     : Caching aspect applied for cache models with key com.quark.common.dto.QuarkResult(true)
2025-07-04 08:55:50.662  INFO 8292 --- [           main] s.d.schema.ModelContextKeyGenerator      : Cache Key Generated: com.quark.common.dto.QuarkResult(true)
2025-07-04 08:55:50.662  INFO 8292 --- [           main] s.d.spring.web.caching.CachingAspect     : Caching aspect applied for cache modelDependencies with key com.quark.common.dto.QuarkResult(true)
2025-07-04 08:55:50.662  INFO 8292 --- [           main] s.d.spring.web.OperationsKeyGenerator    : Cache key generated: /user.com.quark.rest.controller.UserController.checkUserName.DefaultGenericTypeNamingStrategy
2025-07-04 08:55:50.662  INFO 8292 --- [           main] s.d.spring.web.caching.CachingAspect     : Caching aspect applied for cache operations with key /user.com.quark.rest.controller.UserController.checkUserName.DefaultGenericTypeNamingStrategy
2025-07-04 08:55:50.664  INFO 8292 --- [           main] s.w.ClassOrApiAnnotationResourceGrouping : Group for method checkUserName was 用户接口
2025-07-04 08:55:50.665  INFO 8292 --- [           main] s.w.ClassOrApiAnnotationResourceGrouping : Group for method checkUserName was 用户接口
2025-07-04 08:55:50.665  INFO 8292 --- [           main] s.d.schema.ModelContextKeyGenerator      : Cache Key Generated: com.quark.common.dto.QuarkResult(true)
2025-07-04 08:55:50.665  INFO 8292 --- [           main] s.d.spring.web.caching.CachingAspect     : Caching aspect applied for cache models with key com.quark.common.dto.QuarkResult(true)
2025-07-04 08:55:50.665  INFO 8292 --- [           main] s.d.schema.ModelContextKeyGenerator      : Cache Key Generated: com.quark.common.dto.QuarkResult(true)
2025-07-04 08:55:50.665  INFO 8292 --- [           main] s.d.spring.web.caching.CachingAspect     : Caching aspect applied for cache modelDependencies with key com.quark.common.dto.QuarkResult(true)
2025-07-04 08:55:50.665  INFO 8292 --- [           main] s.d.spring.web.OperationsKeyGenerator    : Cache key generated: /user/message/{token}.com.quark.rest.controller.UserController.getUserAndMessageByToken.DefaultGenericTypeNamingStrategy
2025-07-04 08:55:50.666  INFO 8292 --- [           main] s.d.spring.web.caching.CachingAspect     : Caching aspect applied for cache operations with key /user/message/{token}.com.quark.rest.controller.UserController.getUserAndMessageByToken.DefaultGenericTypeNamingStrategy
2025-07-04 08:55:50.667  INFO 8292 --- [           main] s.w.ClassOrApiAnnotationResourceGrouping : Group for method getUserAndMessageByToken was 用户接口
2025-07-04 08:55:50.667  INFO 8292 --- [           main] s.w.ClassOrApiAnnotationResourceGrouping : Group for method getUserAndMessageByToken was 用户接口
2025-07-04 08:55:50.667  INFO 8292 --- [           main] s.d.schema.ModelContextKeyGenerator      : Cache Key Generated: com.quark.common.dto.QuarkResult(true)
2025-07-04 08:55:50.667  INFO 8292 --- [           main] s.d.spring.web.caching.CachingAspect     : Caching aspect applied for cache models with key com.quark.common.dto.QuarkResult(true)
2025-07-04 08:55:50.667  INFO 8292 --- [           main] s.d.schema.ModelContextKeyGenerator      : Cache Key Generated: com.quark.common.dto.QuarkResult(true)
2025-07-04 08:55:50.667  INFO 8292 --- [           main] s.d.spring.web.caching.CachingAspect     : Caching aspect applied for cache modelDependencies with key com.quark.common.dto.QuarkResult(true)
2025-07-04 08:55:50.668  INFO 8292 --- [           main] s.d.spring.web.OperationsKeyGenerator    : Cache key generated: /user/detail/{userid}.com.quark.rest.controller.UserController.getUserById.DefaultGenericTypeNamingStrategy
2025-07-04 08:55:50.668  INFO 8292 --- [           main] s.d.spring.web.caching.CachingAspect     : Caching aspect applied for cache operations with key /user/detail/{userid}.com.quark.rest.controller.UserController.getUserById.DefaultGenericTypeNamingStrategy
2025-07-04 08:55:50.669  INFO 8292 --- [           main] s.w.ClassOrApiAnnotationResourceGrouping : Group for method getUserById was 用户接口
2025-07-04 08:55:50.669  INFO 8292 --- [           main] s.w.ClassOrApiAnnotationResourceGrouping : Group for method getUserById was 用户接口
2025-07-04 08:55:50.670  INFO 8292 --- [           main] s.d.schema.ModelContextKeyGenerator      : Cache Key Generated: com.quark.common.dto.QuarkResult(true)
2025-07-04 08:55:50.670  INFO 8292 --- [           main] s.d.spring.web.caching.CachingAspect     : Caching aspect applied for cache models with key com.quark.common.dto.QuarkResult(true)
2025-07-04 08:55:50.670  INFO 8292 --- [           main] s.d.schema.ModelContextKeyGenerator      : Cache Key Generated: com.quark.common.dto.QuarkResult(true)
2025-07-04 08:55:50.670  INFO 8292 --- [           main] s.d.spring.web.caching.CachingAspect     : Caching aspect applied for cache modelDependencies with key com.quark.common.dto.QuarkResult(true)
2025-07-04 08:55:50.670  INFO 8292 --- [           main] s.d.spring.web.OperationsKeyGenerator    : Cache key generated: /user/{token}.com.quark.rest.controller.UserController.getUserByToken.DefaultGenericTypeNamingStrategy
2025-07-04 08:55:50.670  INFO 8292 --- [           main] s.d.spring.web.caching.CachingAspect     : Caching aspect applied for cache operations with key /user/{token}.com.quark.rest.controller.UserController.getUserByToken.DefaultGenericTypeNamingStrategy
2025-07-04 08:55:50.671  INFO 8292 --- [           main] s.w.ClassOrApiAnnotationResourceGrouping : Group for method getUserByToken was 用户接口
2025-07-04 08:55:50.671  INFO 8292 --- [           main] s.w.ClassOrApiAnnotationResourceGrouping : Group for method getUserByToken was 用户接口
2025-07-04 08:55:50.672  INFO 8292 --- [           main] s.d.schema.ModelContextKeyGenerator      : Cache Key Generated: com.quark.common.dto.QuarkResult(true)
2025-07-04 08:55:50.672  INFO 8292 --- [           main] s.d.spring.web.caching.CachingAspect     : Caching aspect applied for cache models with key com.quark.common.dto.QuarkResult(true)
2025-07-04 08:55:50.672  INFO 8292 --- [           main] s.d.schema.ModelContextKeyGenerator      : Cache Key Generated: com.quark.common.dto.QuarkResult(true)
2025-07-04 08:55:50.672  INFO 8292 --- [           main] s.d.spring.web.caching.CachingAspect     : Caching aspect applied for cache modelDependencies with key com.quark.common.dto.QuarkResult(true)
2025-07-04 08:55:50.672  INFO 8292 --- [           main] s.d.spring.web.OperationsKeyGenerator    : Cache key generated: /user/logout.com.quark.rest.controller.UserController.logout.DefaultGenericTypeNamingStrategy
2025-07-04 08:55:50.672  INFO 8292 --- [           main] s.d.spring.web.caching.CachingAspect     : Caching aspect applied for cache operations with key /user/logout.com.quark.rest.controller.UserController.logout.DefaultGenericTypeNamingStrategy
2025-07-04 08:55:50.673  INFO 8292 --- [           main] s.w.ClassOrApiAnnotationResourceGrouping : Group for method logout was 用户接口
2025-07-04 08:55:50.673  INFO 8292 --- [           main] s.w.ClassOrApiAnnotationResourceGrouping : Group for method logout was 用户接口
2025-07-04 08:55:50.674  INFO 8292 --- [           main] s.d.schema.ModelContextKeyGenerator      : Cache Key Generated: com.quark.common.dto.QuarkResult(true)
2025-07-04 08:55:50.674  INFO 8292 --- [           main] s.d.spring.web.caching.CachingAspect     : Caching aspect applied for cache models with key com.quark.common.dto.QuarkResult(true)
2025-07-04 08:55:50.674  INFO 8292 --- [           main] s.d.schema.ModelContextKeyGenerator      : Cache Key Generated: com.quark.common.dto.QuarkResult(true)
2025-07-04 08:55:50.674  INFO 8292 --- [           main] s.d.spring.web.caching.CachingAspect     : Caching aspect applied for cache modelDependencies with key com.quark.common.dto.QuarkResult(true)
2025-07-04 08:55:50.674  INFO 8292 --- [           main] s.d.spring.web.OperationsKeyGenerator    : Cache key generated: /user/password/{token}.com.quark.rest.controller.UserController.updatePassword.DefaultGenericTypeNamingStrategy
2025-07-04 08:55:50.674  INFO 8292 --- [           main] s.d.spring.web.caching.CachingAspect     : Caching aspect applied for cache operations with key /user/password/{token}.com.quark.rest.controller.UserController.updatePassword.DefaultGenericTypeNamingStrategy
2025-07-04 08:55:50.677  INFO 8292 --- [           main] s.w.ClassOrApiAnnotationResourceGrouping : Group for method updatePassword was 用户接口
2025-07-04 08:55:50.677  INFO 8292 --- [           main] s.w.ClassOrApiAnnotationResourceGrouping : Group for method updatePassword was 用户接口
2025-07-04 08:55:50.678  INFO 8292 --- [           main] s.d.schema.ModelContextKeyGenerator      : Cache Key Generated: com.quark.common.dto.QuarkResult(true)
2025-07-04 08:55:50.678  INFO 8292 --- [           main] s.d.spring.web.caching.CachingAspect     : Caching aspect applied for cache models with key com.quark.common.dto.QuarkResult(true)
2025-07-04 08:55:50.678  INFO 8292 --- [           main] s.d.schema.ModelContextKeyGenerator      : Cache Key Generated: com.quark.common.dto.QuarkResult(true)
2025-07-04 08:55:50.678  INFO 8292 --- [           main] s.d.spring.web.caching.CachingAspect     : Caching aspect applied for cache modelDependencies with key com.quark.common.dto.QuarkResult(true)
2025-07-04 08:55:50.679  INFO 8292 --- [           main] s.d.spring.web.OperationsKeyGenerator    : Cache key generated: /user/{token}.com.quark.rest.controller.UserController.updateUser.DefaultGenericTypeNamingStrategy
2025-07-04 08:55:50.679  INFO 8292 --- [           main] s.d.spring.web.caching.CachingAspect     : Caching aspect applied for cache operations with key /user/{token}.com.quark.rest.controller.UserController.updateUser.DefaultGenericTypeNamingStrategy
2025-07-04 08:55:50.683  INFO 8292 --- [           main] s.w.ClassOrApiAnnotationResourceGrouping : Group for method updateUser was 用户接口
2025-07-04 08:55:50.684  INFO 8292 --- [           main] s.w.ClassOrApiAnnotationResourceGrouping : Group for method updateUser was 用户接口
2025-07-04 08:55:50.685  INFO 8292 --- [           main] s.d.schema.ModelContextKeyGenerator      : Cache Key Generated: com.quark.common.dto.QuarkResult(true)
2025-07-04 08:55:50.685  INFO 8292 --- [           main] s.d.spring.web.caching.CachingAspect     : Caching aspect applied for cache models with key com.quark.common.dto.QuarkResult(true)
2025-07-04 08:55:50.685  INFO 8292 --- [           main] s.d.schema.ModelContextKeyGenerator      : Cache Key Generated: com.quark.common.dto.QuarkResult(true)
2025-07-04 08:55:50.685  INFO 8292 --- [           main] s.d.spring.web.caching.CachingAspect     : Caching aspect applied for cache modelDependencies with key com.quark.common.dto.QuarkResult(true)
2025-07-04 08:55:50.685  INFO 8292 --- [           main] s.d.spring.web.OperationsKeyGenerator    : Cache key generated: /user/school/{token}.com.quark.rest.controller.UserController.updateUserSchool.DefaultGenericTypeNamingStrategy
2025-07-04 08:55:50.685  INFO 8292 --- [           main] s.d.spring.web.caching.CachingAspect     : Caching aspect applied for cache operations with key /user/school/{token}.com.quark.rest.controller.UserController.updateUserSchool.DefaultGenericTypeNamingStrategy
2025-07-04 08:55:50.688  INFO 8292 --- [           main] s.w.ClassOrApiAnnotationResourceGrouping : Group for method updateUserSchool was 用户接口
2025-07-04 08:55:50.688  INFO 8292 --- [           main] s.w.ClassOrApiAnnotationResourceGrouping : Group for method updateUserSchool was 用户接口
2025-07-04 08:55:50.690  INFO 8292 --- [           main] s.d.schema.ModelContextKeyGenerator      : Cache Key Generated: com.quark.common.dto.QuarkResult(true)
2025-07-04 08:55:50.690  INFO 8292 --- [           main] s.d.spring.web.caching.CachingAspect     : Caching aspect applied for cache models with key com.quark.common.dto.QuarkResult(true)
2025-07-04 08:55:50.691  INFO 8292 --- [           main] s.d.schema.ModelContextKeyGenerator      : Cache Key Generated: com.quark.common.dto.QuarkResult(true)
2025-07-04 08:55:50.691  INFO 8292 --- [           main] s.d.spring.web.caching.CachingAspect     : Caching aspect applied for cache modelDependencies with key com.quark.common.dto.QuarkResult(true)
2025-07-04 08:55:50.691  INFO 8292 --- [           main] s.d.spring.web.OperationsKeyGenerator    : Cache key generated: /notification/{uid}.com.quark.rest.controller.NotificationController.deleteAllNotification.DefaultGenericTypeNamingStrategy
2025-07-04 08:55:50.691  INFO 8292 --- [           main] s.d.spring.web.caching.CachingAspect     : Caching aspect applied for cache operations with key /notification/{uid}.com.quark.rest.controller.NotificationController.deleteAllNotification.DefaultGenericTypeNamingStrategy
2025-07-04 08:55:50.694  INFO 8292 --- [           main] s.w.ClassOrApiAnnotationResourceGrouping : Group for method deleteAllNotification was 通知消息接口
2025-07-04 08:55:50.696  INFO 8292 --- [           main] s.w.ClassOrApiAnnotationResourceGrouping : Group for method deleteAllNotification was 通知消息接口
2025-07-04 08:55:50.697  INFO 8292 --- [           main] s.d.schema.ModelContextKeyGenerator      : Cache Key Generated: com.quark.common.dto.QuarkResult(true)
2025-07-04 08:55:50.697  INFO 8292 --- [           main] s.d.spring.web.caching.CachingAspect     : Caching aspect applied for cache models with key com.quark.common.dto.QuarkResult(true)
2025-07-04 08:55:50.697  INFO 8292 --- [           main] s.d.schema.ModelContextKeyGenerator      : Cache Key Generated: com.quark.common.dto.QuarkResult(true)
2025-07-04 08:55:50.697  INFO 8292 --- [           main] s.d.spring.web.caching.CachingAspect     : Caching aspect applied for cache modelDependencies with key com.quark.common.dto.QuarkResult(true)
2025-07-04 08:55:50.697  INFO 8292 --- [           main] s.d.spring.web.OperationsKeyGenerator    : Cache key generated: /notification/{uid}.com.quark.rest.controller.NotificationController.getAllNotification.DefaultGenericTypeNamingStrategy
2025-07-04 08:55:50.697  INFO 8292 --- [           main] s.d.spring.web.caching.CachingAspect     : Caching aspect applied for cache operations with key /notification/{uid}.com.quark.rest.controller.NotificationController.getAllNotification.DefaultGenericTypeNamingStrategy
2025-07-04 08:55:50.698  INFO 8292 --- [           main] s.w.ClassOrApiAnnotationResourceGrouping : Group for method getAllNotification was 通知消息接口
2025-07-04 08:55:50.699  INFO 8292 --- [           main] s.w.ClassOrApiAnnotationResourceGrouping : Group for method getAllNotification was 通知消息接口
2025-07-04 08:55:50.720  INFO 8292 --- [           main] com.quark.rest.RestApplicationTest       : Started RestApplicationTest in 5.895 seconds (JVM running for 6.393)
]]></system-out>
  </testcase>
</testsuite>